This file contains any messages produced by compilers while
running configure, to aid debugging if configure makes a mistake.

It was created by configure, which was
generated by GNU Autoconf 2.59.  Invocation command line was

  $ /home/student/Documents/SanntidssalPernambuco/ex8/buildroot/output/toolchain/binutils-2.18-avr32-1.0.1/configure --prefix=/home/student/Documents/SanntidssalPernambuco/ex8/buildroot/output/staging/usr --build=x86_64-unknown-linux-gnu --host=x86_64-unknown-linux-gnu --target=avr32-unknown-linux-uclibc --with-sysroot=/home/student/Documents/SanntidssalPernambuco/ex8/buildroot/output/toolchain/uClibc_dev/ --with-sysroot=/home/student/Documents/SanntidssalPernambuco/ex8/buildroot/output/staging --disable-nls --disable-multilib --disable-werror --with-gmp=/home/student/Documents/SanntidssalPernambuco/ex8/buildroot/output/toolchain/gmp --with-mpfr=/home/student/Documents/SanntidssalPernambuco/ex8/buildroot/output/toolchain/mpfr

## --------- ##
## Platform. ##
## --------- ##

hostname = Sanntid
uname -m = x86_64
uname -r = 3.5.7-xenomai-2.6.2.1
uname -s = Linux
uname -v = #1 SMP Sat Feb 9 15:03:06 CST 2013

/usr/bin/uname -p = unknown
/bin/uname -X     = unknown

/bin/arch              = unknown
/usr/bin/arch -k       = unknown
/usr/convex/getsysinfo = unknown
hostinfo               = unknown
/bin/machine           = unknown
/usr/bin/oslevel       = unknown
/bin/universe          = unknown

PATH: /home/student/Documents/SanntidssalPernambuco/ex8/buildroot/output/host/bin
PATH: /home/student/Documents/SanntidssalPernambuco/ex8/buildroot/output/host/usr/bin
PATH: /usr/local/sbin
PATH: /usr/local/bin
PATH: /usr/sbin
PATH: /usr/bin
PATH: /sbin
PATH: /bin
PATH: /usr/games
PATH: /usr/local/go/bin


## ----------- ##
## Core tests. ##
## ----------- ##

configure:1501: checking build system type
configure:1519: result: x86_64-unknown-linux-gnu
configure:1554: checking host system type
configure:1568: result: x86_64-unknown-linux-gnu
configure:1576: checking target system type
configure:1590: result: avr32-unknown-linux-uclibc
configure:1633: checking for a BSD-compatible install
configure:1688: result: /usr/bin/install -c
configure:1699: checking whether ln works
configure:1721: result: yes
configure:1725: checking whether ln -s works
configure:1729: result: yes
configure:2782: checking for x86_64-unknown-linux-gnu-gcc
configure:2808: result: /usr/bin/gcc
configure:3090: checking for C compiler version
configure:3093: /usr/bin/gcc --version </dev/null >&5
gcc (Ubuntu/Linaro 4.6.3-1ubuntu5) 4.6.3
Copyright (C) 2011 Free Software Foundation, Inc.
This is free software; see the source for copying conditions.  There is NO
warranty; not even for MERCHANTABILITY or FITNESS FOR A PARTICULAR PURPOSE.

configure:3096: $? = 0
configure:3098: /usr/bin/gcc -v </dev/null >&5
Using built-in specs.
COLLECT_GCC=/usr/bin/gcc
COLLECT_LTO_WRAPPER=/usr/lib/gcc/x86_64-linux-gnu/4.6/lto-wrapper
Target: x86_64-linux-gnu
Configured with: ../src/configure -v --with-pkgversion='Ubuntu/Linaro 4.6.3-1ubuntu5' --with-bugurl=file:///usr/share/doc/gcc-4.6/README.Bugs --enable-languages=c,c++,fortran,objc,obj-c++ --prefix=/usr --program-suffix=-4.6 --enable-shared --enable-linker-build-id --with-system-zlib --libexecdir=/usr/lib --without-included-gettext --enable-threads=posix --with-gxx-include-dir=/usr/include/c++/4.6 --libdir=/usr/lib --enable-nls --with-sysroot=/ --enable-clocale=gnu --enable-libstdcxx-debug --enable-libstdcxx-time=yes --enable-gnu-unique-object --enable-plugin --enable-objc-gc --disable-werror --with-arch-32=i686 --with-tune=generic --enable-checking=release --build=x86_64-linux-gnu --host=x86_64-linux-gnu --target=x86_64-linux-gnu
Thread model: posix
gcc version 4.6.3 (Ubuntu/Linaro 4.6.3-1ubuntu5) 
configure:3101: $? = 0
configure:3103: /usr/bin/gcc -V </dev/null >&5
gcc: error: unrecognized option '-V'
gcc: fatal error: no input files
compilation terminated.
configure:3106: $? = 4
configure:3129: checking for C compiler default output file name
configure:3132: /usr/bin/gcc -I/home/student/Documents/SanntidssalPernambuco/ex8/buildroot/output/host/include -I/home/student/Documents/SanntidssalPernambuco/ex8/buildroot/output/host/usr/include  -L/home/student/Documents/SanntidssalPernambuco/ex8/buildroot/output/host/lib -L/home/student/Documents/SanntidssalPernambuco/ex8/buildroot/output/host/usr/lib -Wl,-rpath,/home/student/Documents/SanntidssalPernambuco/ex8/buildroot/output/host/usr/lib conftest.c  >&5
configure:3135: $? = 0
configure:3181: result: a.out
configure:3186: checking whether the C compiler works
configure:3192: ./a.out
configure:3195: $? = 0
configure:3212: result: yes
configure:3219: checking whether we are cross compiling
configure:3221: result: no
configure:3224: checking for suffix of executables
configure:3226: /usr/bin/gcc -o conftest -I/home/student/Documents/SanntidssalPernambuco/ex8/buildroot/output/host/include -I/home/student/Documents/SanntidssalPernambuco/ex8/buildroot/output/host/usr/include  -L/home/student/Documents/SanntidssalPernambuco/ex8/buildroot/output/host/lib -L/home/student/Documents/SanntidssalPernambuco/ex8/buildroot/output/host/usr/lib -Wl,-rpath,/home/student/Documents/SanntidssalPernambuco/ex8/buildroot/output/host/usr/lib conftest.c  >&5
configure:3229: $? = 0
configure:3254: result: 
configure:3260: checking for suffix of object files
configure:3281: /usr/bin/gcc -c -I/home/student/Documents/SanntidssalPernambuco/ex8/buildroot/output/host/include -I/home/student/Documents/SanntidssalPernambuco/ex8/buildroot/output/host/usr/include  conftest.c >&5
configure:3284: $? = 0
configure:3306: result: o
configure:3310: checking whether we are using the GNU C compiler
configure:3334: /usr/bin/gcc -c -I/home/student/Documents/SanntidssalPernambuco/ex8/buildroot/output/host/include -I/home/student/Documents/SanntidssalPernambuco/ex8/buildroot/output/host/usr/include  conftest.c >&5
configure:3340: $? = 0
configure:3344: test -z 
			 || test ! -s conftest.err
configure:3347: $? = 0
configure:3350: test -s conftest.o
configure:3353: $? = 0
configure:3366: result: yes
configure:3372: checking whether /usr/bin/gcc accepts -g
configure:3393: /usr/bin/gcc -c -g  conftest.c >&5
configure:3399: $? = 0
configure:3403: test -z 
			 || test ! -s conftest.err
configure:3406: $? = 0
configure:3409: test -s conftest.o
configure:3412: $? = 0
configure:3423: result: yes
configure:3440: checking for /usr/bin/gcc option to accept ANSI C
configure:3510: /usr/bin/gcc  -c -I/home/student/Documents/SanntidssalPernambuco/ex8/buildroot/output/host/include -I/home/student/Documents/SanntidssalPernambuco/ex8/buildroot/output/host/usr/include  conftest.c >&5
configure:3516: $? = 0
configure:3520: test -z 
			 || test ! -s conftest.err
configure:3523: $? = 0
configure:3526: test -s conftest.o
configure:3529: $? = 0
configure:3547: result: none needed
configure:3565: /usr/bin/gcc -c -I/home/student/Documents/SanntidssalPernambuco/ex8/buildroot/output/host/include -I/home/student/Documents/SanntidssalPernambuco/ex8/buildroot/output/host/usr/include  conftest.c >&5
conftest.c:2:3: error: unknown type name 'choke'
conftest.c:2:3: error: expected '=', ',', ';', 'asm' or '__attribute__' at end of input
configure:3571: $? = 1
configure: failed program was:
| #ifndef __cplusplus
|   choke me
| #endif
configure:3714: checking for x86_64-unknown-linux-gnu-g++
configure:3740: result: /usr/bin/g++
configure:3798: checking for C++ compiler version
configure:3801: /usr/bin/g++ --version </dev/null >&5
g++ (Ubuntu/Linaro 4.6.3-1ubuntu5) 4.6.3
Copyright (C) 2011 Free Software Foundation, Inc.
This is free software; see the source for copying conditions.  There is NO
warranty; not even for MERCHANTABILITY or FITNESS FOR A PARTICULAR PURPOSE.

configure:3804: $? = 0
configure:3806: /usr/bin/g++ -v </dev/null >&5
Using built-in specs.
COLLECT_GCC=/usr/bin/g++
COLLECT_LTO_WRAPPER=/usr/lib/gcc/x86_64-linux-gnu/4.6/lto-wrapper
Target: x86_64-linux-gnu
Configured with: ../src/configure -v --with-pkgversion='Ubuntu/Linaro 4.6.3-1ubuntu5' --with-bugurl=file:///usr/share/doc/gcc-4.6/README.Bugs --enable-languages=c,c++,fortran,objc,obj-c++ --prefix=/usr --program-suffix=-4.6 --enable-shared --enable-linker-build-id --with-system-zlib --libexecdir=/usr/lib --without-included-gettext --enable-threads=posix --with-gxx-include-dir=/usr/include/c++/4.6 --libdir=/usr/lib --enable-nls --with-sysroot=/ --enable-clocale=gnu --enable-libstdcxx-debug --enable-libstdcxx-time=yes --enable-gnu-unique-object --enable-plugin --enable-objc-gc --disable-werror --with-arch-32=i686 --with-tune=generic --enable-checking=release --build=x86_64-linux-gnu --host=x86_64-linux-gnu --target=x86_64-linux-gnu
Thread model: posix
gcc version 4.6.3 (Ubuntu/Linaro 4.6.3-1ubuntu5) 
configure:3809: $? = 0
configure:3811: /usr/bin/g++ -V </dev/null >&5
g++: error: unrecognized option '-V'
g++: fatal error: no input files
compilation terminated.
configure:3814: $? = 4
configure:3817: checking whether we are using the GNU C++ compiler
configure:3841: /usr/bin/g++ -c -I/home/student/Documents/SanntidssalPernambuco/ex8/buildroot/output/host/include -I/home/student/Documents/SanntidssalPernambuco/ex8/buildroot/output/host/usr/include  conftest.cc >&5
configure:3847: $? = 0
configure:3851: test -z 
			 || test ! -s conftest.err
configure:3854: $? = 0
configure:3857: test -s conftest.o
configure:3860: $? = 0
configure:3873: result: yes
configure:3879: checking whether /usr/bin/g++ accepts -g
configure:3900: /usr/bin/g++ -c -g  conftest.cc >&5
configure:3906: $? = 0
configure:3910: test -z 
			 || test ! -s conftest.err
configure:3913: $? = 0
configure:3916: test -s conftest.o
configure:3919: $? = 0
configure:3930: result: yes
configure:3972: /usr/bin/g++ -c -I/home/student/Documents/SanntidssalPernambuco/ex8/buildroot/output/host/include -I/home/student/Documents/SanntidssalPernambuco/ex8/buildroot/output/host/usr/include  conftest.cc >&5
configure:3978: $? = 0
configure:3982: test -z 
			 || test ! -s conftest.err
configure:3985: $? = 0
configure:3988: test -s conftest.o
configure:3991: $? = 0
configure:4017: /usr/bin/g++ -c -I/home/student/Documents/SanntidssalPernambuco/ex8/buildroot/output/host/include -I/home/student/Documents/SanntidssalPernambuco/ex8/buildroot/output/host/usr/include  conftest.cc >&5
conftest.cc: In function 'int main()':
conftest.cc:13:9: error: 'exit' was not declared in this scope
configure:4023: $? = 1
configure: failed program was:
| /* confdefs.h.  */
| 
| #define PACKAGE_NAME ""
| #define PACKAGE_TARNAME ""
| #define PACKAGE_VERSION ""
| #define PACKAGE_STRING ""
| #define PACKAGE_BUGREPORT ""
| /* end confdefs.h.  */
| 
| int
| main ()
| {
| exit (42);
|   ;
|   return 0;
| }
configure:3972: /usr/bin/g++ -c -I/home/student/Documents/SanntidssalPernambuco/ex8/buildroot/output/host/include -I/home/student/Documents/SanntidssalPernambuco/ex8/buildroot/output/host/usr/include  conftest.cc >&5
conftest.cc:9:40: error: 'void std::exit(int)' should have been declared inside 'std'
configure:3978: $? = 1
configure: failed program was:
| /* confdefs.h.  */
| 
| #define PACKAGE_NAME ""
| #define PACKAGE_TARNAME ""
| #define PACKAGE_VERSION ""
| #define PACKAGE_STRING ""
| #define PACKAGE_BUGREPORT ""
| /* end confdefs.h.  */
| extern "C" void std::exit (int) throw (); using std::exit;
| #include <stdlib.h>
| int
| main ()
| {
| exit (42);
|   ;
|   return 0;
| }
configure:3972: /usr/bin/g++ -c -I/home/student/Documents/SanntidssalPernambuco/ex8/buildroot/output/host/include -I/home/student/Documents/SanntidssalPernambuco/ex8/buildroot/output/host/usr/include  conftest.cc >&5
conftest.cc:9:31: error: 'void std::exit(int)' should have been declared inside 'std'
In file included from conftest.cc:10:0:
/usr/include/stdlib.h:544:70: error: declaration of 'void std::exit(int) throw ()' has a different exception specifier
conftest.cc:9:17: error: from previous declaration 'void std::exit(int)'
configure:3978: $? = 1
configure: failed program was:
| /* confdefs.h.  */
| 
| #define PACKAGE_NAME ""
| #define PACKAGE_TARNAME ""
| #define PACKAGE_VERSION ""
| #define PACKAGE_STRING ""
| #define PACKAGE_BUGREPORT ""
| /* end confdefs.h.  */
| extern "C" void std::exit (int); using std::exit;
| #include <stdlib.h>
| int
| main ()
| {
| exit (42);
|   ;
|   return 0;
| }
configure:3972: /usr/bin/g++ -c -I/home/student/Documents/SanntidssalPernambuco/ex8/buildroot/output/host/include -I/home/student/Documents/SanntidssalPernambuco/ex8/buildroot/output/host/usr/include  conftest.cc >&5
configure:3978: $? = 0
configure:3982: test -z 
			 || test ! -s conftest.err
configure:3985: $? = 0
configure:3988: test -s conftest.o
configure:3991: $? = 0
configure:4017: /usr/bin/g++ -c -I/home/student/Documents/SanntidssalPernambuco/ex8/buildroot/output/host/include -I/home/student/Documents/SanntidssalPernambuco/ex8/buildroot/output/host/usr/include  conftest.cc >&5
configure:4023: $? = 0
configure:4027: test -z 
			 || test ! -s conftest.err
configure:4030: $? = 0
configure:4033: test -s conftest.o
configure:4036: $? = 0
configure:4085: checking for x86_64-unknown-linux-gnu-gnatbind
configure:4114: result: no
configure:4123: checking for gnatbind
configure:4139: found /usr/bin/gnatbind
configure:4150: result: gnatbind
configure:4165: checking for x86_64-unknown-linux-gnu-gnatmake
configure:4194: result: no
configure:4203: checking for gnatmake
configure:4219: found /usr/bin/gnatmake
configure:4230: result: gnatmake
configure:4242: checking whether compiler driver understands Ada
configure:4265: result: yes
configure:4274: checking how to compare bootstrapped objects
configure:4299: result: cmp --ignore-initial=16 $$f1 $$f2
configure:5860: checking for bison
configure:5876: found /usr/bin/bison
configure:5886: result: bison -y
configure:5906: checking for bison
configure:5922: found /usr/bin/bison
configure:5932: result: bison
configure:5951: checking for gm4
configure:5980: result: no
configure:5951: checking for gnum4
configure:5980: result: no
configure:5951: checking for m4
configure:5967: found /usr/bin/m4
configure:5977: result: m4
configure:5996: checking for flex
configure:6012: found /usr/bin/flex
configure:6022: result: flex
configure:6042: checking for flex
configure:6058: found /usr/bin/flex
configure:6068: result: flex
configure:6087: checking for makeinfo
configure:6103: found /usr/bin/makeinfo
configure:6113: result: makeinfo
configure:6146: checking for expect
configure:6175: result: no
configure:6193: checking for runtest
configure:6222: result: no
configure:6255: checking for ar
configure:6281: result: /usr/bin/ar
configure:6295: checking for x86_64-unknown-linux-gnu-ar
configure:6321: result: /usr/bin/ar
configure:6390: checking for as
configure:6416: result: /usr/bin/as
configure:6430: checking for x86_64-unknown-linux-gnu-as
configure:6456: result: /usr/bin/as
configure:6565: checking for x86_64-unknown-linux-gnu-dlltool
configure:6594: result: no
configure:6602: checking for dlltool
configure:6631: result: no
configure:6660: checking for ld
configure:6686: result: /usr/bin/ld
configure:6700: checking for x86_64-unknown-linux-gnu-ld
configure:6726: result: /usr/bin/ld
configure:6835: checking for x86_64-unknown-linux-gnu-lipo
configure:6864: result: no
configure:6872: checking for lipo
configure:6901: result: no
configure:6930: checking for nm
configure:6956: result: /usr/bin/nm
configure:6970: checking for x86_64-unknown-linux-gnu-nm
configure:6996: result: /usr/bin/nm
configure:7105: checking for x86_64-unknown-linux-gnu-ranlib
configure:7134: result: no
configure:7142: checking for ranlib
configure:7158: found /usr/bin/ranlib
configure:7168: result: ranlib
configure:7235: checking for x86_64-unknown-linux-gnu-strip
configure:7264: result: no
configure:7272: checking for strip
configure:7288: found /usr/bin/strip
configure:7298: result: strip
configure:7365: checking for x86_64-unknown-linux-gnu-windres
configure:7394: result: no
configure:7402: checking for windres
configure:7431: result: no
configure:7500: checking for x86_64-unknown-linux-gnu-windmc
configure:7529: result: no
configure:7537: checking for windmc
configure:7566: result: no
configure:7635: checking for x86_64-unknown-linux-gnu-objcopy
configure:7664: result: no
configure:7672: checking for objcopy
configure:7688: found /usr/bin/objcopy
configure:7698: result: objcopy
configure:7770: checking for x86_64-unknown-linux-gnu-objdump
configure:7799: result: no
configure:7807: checking for objdump
configure:7823: found /usr/bin/objdump
configure:7833: result: objdump
configure:7945: checking for avr32-unknown-linux-uclibc-cc
configure:7974: result: no
configure:7945: checking for avr32-unknown-linux-uclibc-gcc
configure:7974: result: no
configure:8100: checking for avr32-unknown-linux-uclibc-c++
configure:8129: result: no
configure:8100: checking for avr32-unknown-linux-uclibc-g++
configure:8129: result: no
configure:8100: checking for avr32-unknown-linux-uclibc-cxx
configure:8129: result: no
configure:8100: checking for avr32-unknown-linux-uclibc-gxx
configure:8129: result: no
configure:8255: checking for avr32-unknown-linux-uclibc-gcc
configure:8284: result: no
configure:8405: checking for avr32-unknown-linux-uclibc-gcj
configure:8434: result: no
configure:8560: checking for avr32-unknown-linux-uclibc-gfortran
configure:8589: result: no
configure:8794: checking for avr32-unknown-linux-uclibc-ar
configure:8823: result: no
configure:9017: checking for avr32-unknown-linux-uclibc-as
configure:9046: result: no
configure:9240: checking for avr32-unknown-linux-uclibc-dlltool
configure:9269: result: no
configure:9463: checking for avr32-unknown-linux-uclibc-ld
configure:9492: result: no
configure:9686: checking for avr32-unknown-linux-uclibc-lipo
configure:9715: result: no
configure:9909: checking for avr32-unknown-linux-uclibc-nm
configure:9938: result: no
configure:10132: checking for avr32-unknown-linux-uclibc-objdump
configure:10161: result: no
configure:10355: checking for avr32-unknown-linux-uclibc-ranlib
configure:10384: result: no
configure:10578: checking for avr32-unknown-linux-uclibc-strip
configure:10607: result: no
configure:10801: checking for avr32-unknown-linux-uclibc-windres
configure:10830: result: no
configure:11024: checking for avr32-unknown-linux-uclibc-windmc
configure:11053: result: no
configure:11117: checking where to find the target ar
configure:11140: result: just compiled
configure:11159: checking where to find the target as
configure:11182: result: just compiled
configure:11201: checking where to find the target cc
configure:11238: result: pre-installed
configure:11243: checking where to find the target c++
configure:11283: result: pre-installed
configure:11288: checking where to find the target c++ for libstdc++
configure:11328: result: pre-installed
configure:11333: checking where to find the target dlltool
configure:11356: result: just compiled
configure:11375: checking where to find the target gcc
configure:11412: result: pre-installed
configure:11417: checking where to find the target gcj
configure:11457: result: pre-installed
configure:11462: checking where to find the target gfortran
configure:11502: result: pre-installed
configure:11507: checking where to find the target ld
configure:11530: result: just compiled
configure:11549: checking where to find the target lipo
configure:11575: result: pre-installed
configure:11580: checking where to find the target nm
configure:11603: result: just compiled
configure:11622: checking where to find the target objdump
configure:11645: result: just compiled
configure:11664: checking where to find the target ranlib
configure:11687: result: just compiled
configure:11706: checking where to find the target strip
configure:11729: result: just compiled
configure:11748: checking where to find the target windres
configure:11771: result: just compiled
configure:11790: checking where to find the target windmc
configure:11813: result: just compiled
configure:11860: checking whether to enable maintainer-specific portions of Makefiles
configure:11869: result: no
configure:11902: checking whether -fkeep-inline-functions is supported
configure:11926: /usr/bin/gcc -c -I/home/student/Documents/SanntidssalPernambuco/ex8/buildroot/output/host/include -I/home/student/Documents/SanntidssalPernambuco/ex8/buildroot/output/host/usr/include -fkeep-inline-functions  conftest.c >&5
configure:11932: $? = 0
configure:11936: test -z 
			 || test ! -s conftest.err
configure:11939: $? = 0
configure:11942: test -s conftest.o
configure:11945: $? = 0
configure:11947: result: yes
configure:12164: creating ./config.status

## ---------------------- ##
## Running config.status. ##
## ---------------------- ##

This file was extended by config.status, which was
generated by GNU Autoconf 2.59.  Invocation command line was

  CONFIG_FILES    = 
  CONFIG_HEADERS  = 
  CONFIG_LINKS    = 
  CONFIG_COMMANDS = 
  $ ./config.status 

on Sanntid

config.status:12961: creating Makefile

## ---------------- ##
## Cache variables. ##
## ---------------- ##

ac_cv_build='x86_64-unknown-linux-gnu'
ac_cv_build_alias='x86_64-unknown-linux-gnu'
ac_cv_c_compiler_gnu='yes'
ac_cv_cxx_compiler_gnu='yes'
ac_cv_env_AR_FOR_TARGET_set=''
ac_cv_env_AR_FOR_TARGET_value=''
ac_cv_env_AR_set='set'
ac_cv_env_AR_value='/usr/bin/ar'
ac_cv_env_AS_FOR_TARGET_set=''
ac_cv_env_AS_FOR_TARGET_value=''
ac_cv_env_AS_set='set'
ac_cv_env_AS_value='/usr/bin/as'
ac_cv_env_CC_FOR_TARGET_set=''
ac_cv_env_CC_FOR_TARGET_value=''
ac_cv_env_CC_set='set'
ac_cv_env_CC_value='/usr/bin/gcc'
ac_cv_env_CFLAGS_set='set'
ac_cv_env_CFLAGS_value='-I/home/student/Documents/SanntidssalPernambuco/ex8/buildroot/output/host/include -I/home/student/Documents/SanntidssalPernambuco/ex8/buildroot/output/host/usr/include'
ac_cv_env_CPPFLAGS_set=''
ac_cv_env_CPPFLAGS_value=''
ac_cv_env_CXXFLAGS_set='set'
ac_cv_env_CXXFLAGS_value='-I/home/student/Documents/SanntidssalPernambuco/ex8/buildroot/output/host/include -I/home/student/Documents/SanntidssalPernambuco/ex8/buildroot/output/host/usr/include'
ac_cv_env_CXX_FOR_TARGET_set=''
ac_cv_env_CXX_FOR_TARGET_value=''
ac_cv_env_CXX_set='set'
ac_cv_env_CXX_value='/usr/bin/g++'
ac_cv_env_DLLTOOL_FOR_TARGET_set=''
ac_cv_env_DLLTOOL_FOR_TARGET_value=''
ac_cv_env_DLLTOOL_set=''
ac_cv_env_DLLTOOL_value=''
ac_cv_env_GCC_FOR_TARGET_set=''
ac_cv_env_GCC_FOR_TARGET_value=''
ac_cv_env_GCJ_FOR_TARGET_set=''
ac_cv_env_GCJ_FOR_TARGET_value=''
ac_cv_env_GFORTRAN_FOR_TARGET_set=''
ac_cv_env_GFORTRAN_FOR_TARGET_value=''
ac_cv_env_LDFLAGS_set='set'
ac_cv_env_LDFLAGS_value='-L/home/student/Documents/SanntidssalPernambuco/ex8/buildroot/output/host/lib -L/home/student/Documents/SanntidssalPernambuco/ex8/buildroot/output/host/usr/lib -Wl,-rpath,/home/student/Documents/SanntidssalPernambuco/ex8/buildroot/output/host/usr/lib'
ac_cv_env_LD_FOR_TARGET_set=''
ac_cv_env_LD_FOR_TARGET_value=''
ac_cv_env_LD_set='set'
ac_cv_env_LD_value='/usr/bin/ld'
ac_cv_env_LIPO_FOR_TARGET_set=''
ac_cv_env_LIPO_FOR_TARGET_value=''
ac_cv_env_LIPO_set=''
ac_cv_env_LIPO_value=''
ac_cv_env_NM_FOR_TARGET_set=''
ac_cv_env_NM_FOR_TARGET_value=''
ac_cv_env_NM_set='set'
ac_cv_env_NM_value='/usr/bin/nm'
ac_cv_env_OBJCOPY_set=''
ac_cv_env_OBJCOPY_value=''
ac_cv_env_OBJDUMP_FOR_TARGET_set=''
ac_cv_env_OBJDUMP_FOR_TARGET_value=''
ac_cv_env_OBJDUMP_set=''
ac_cv_env_OBJDUMP_value=''
ac_cv_env_RANLIB_FOR_TARGET_set=''
ac_cv_env_RANLIB_FOR_TARGET_value=''
ac_cv_env_RANLIB_set=''
ac_cv_env_RANLIB_value=''
ac_cv_env_STRIP_FOR_TARGET_set=''
ac_cv_env_STRIP_FOR_TARGET_value=''
ac_cv_env_STRIP_set=''
ac_cv_env_STRIP_value=''
ac_cv_env_WINDMC_FOR_TARGET_set=''
ac_cv_env_WINDMC_FOR_TARGET_value=''
ac_cv_env_WINDMC_set=''
ac_cv_env_WINDMC_value=''
ac_cv_env_WINDRES_FOR_TARGET_set=''
ac_cv_env_WINDRES_FOR_TARGET_value=''
ac_cv_env_WINDRES_set=''
ac_cv_env_WINDRES_value=''
ac_cv_env_build_alias_set='set'
ac_cv_env_build_alias_value='x86_64-unknown-linux-gnu'
ac_cv_env_host_alias_set='set'
ac_cv_env_host_alias_value='x86_64-unknown-linux-gnu'
ac_cv_env_target_alias_set='set'
ac_cv_env_target_alias_value='avr32-unknown-linux-uclibc'
ac_cv_exeext=''
ac_cv_host='x86_64-unknown-linux-gnu'
ac_cv_host_alias='x86_64-unknown-linux-gnu'
ac_cv_objext='o'
ac_cv_path_install='/usr/bin/install -c'
ac_cv_prog_AR='/usr/bin/ar'
ac_cv_prog_AS='/usr/bin/as'
ac_cv_prog_BISON='bison'
ac_cv_prog_CC='/usr/bin/gcc'
ac_cv_prog_CXX='/usr/bin/g++'
ac_cv_prog_FLEX='flex'
ac_cv_prog_LD='/usr/bin/ld'
ac_cv_prog_LEX='flex'
ac_cv_prog_M4='m4'
ac_cv_prog_MAKEINFO='makeinfo'
ac_cv_prog_NM='/usr/bin/nm'
ac_cv_prog_OBJCOPY='objcopy'
ac_cv_prog_OBJDUMP='objdump'
ac_cv_prog_RANLIB='ranlib'
ac_cv_prog_STRIP='strip'
ac_cv_prog_YACC='bison -y'
ac_cv_prog_ac_ct_GNATBIND='gnatbind'
ac_cv_prog_ac_ct_GNATMAKE='gnatmake'
ac_cv_prog_cc_g='yes'
ac_cv_prog_cc_stdc=''
ac_cv_prog_cxx_g='yes'
ac_cv_target='avr32-unknown-linux-uclibc'
ac_cv_target_alias='avr32-unknown-linux-uclibc'
acx_cv_cc_gcc_supports_ada='yes'
acx_cv_prog_LN='ln'
gcc_cv_prog_cmp_skip='cmp --ignore-initial=16 $$f1 $$f2'
gcc_cv_tool_dirs=''
gcc_cv_tool_prefix='/home/student/Documents/SanntidssalPernambuco/ex8/buildroot/output/staging/usr'

## ----------------- ##
## Output variables. ##
## ----------------- ##

AR='/usr/bin/ar'
AR_FOR_TARGET='$$r/$(HOST_SUBDIR)/binutils/ar'
AS='/usr/bin/as'
AS_FOR_TARGET='$$r/$(HOST_SUBDIR)/gas/as-new'
BISON='bison'
CC='/usr/bin/gcc'
CC_FOR_BUILD='$(CC)'
CC_FOR_TARGET='avr32-unknown-linux-uclibc-cc'
CFLAGS='-I/home/student/Documents/SanntidssalPernambuco/ex8/buildroot/output/host/include -I/home/student/Documents/SanntidssalPernambuco/ex8/buildroot/output/host/usr/include'
CFLAGS_FOR_BUILD='-I/home/student/Documents/SanntidssalPernambuco/ex8/buildroot/output/host/include -I/home/student/Documents/SanntidssalPernambuco/ex8/buildroot/output/host/usr/include'
COMPILER_AS_FOR_TARGET='$(AS_FOR_TARGET)'
COMPILER_LD_FOR_TARGET='$(LD_FOR_TARGET)'
COMPILER_NM_FOR_TARGET='$(NM_FOR_TARGET)'
CONFIGURE_GDB_TK=''
CPPFLAGS=''
CXX='/usr/bin/g++'
CXXFLAGS='-I/home/student/Documents/SanntidssalPernambuco/ex8/buildroot/output/host/include -I/home/student/Documents/SanntidssalPernambuco/ex8/buildroot/output/host/usr/include'
CXX_FOR_TARGET='avr32-unknown-linux-uclibc-c++'
DEFS='-DPACKAGE_NAME=\"\" -DPACKAGE_TARNAME=\"\" -DPACKAGE_VERSION=\"\" -DPACKAGE_STRING=\"\" -DPACKAGE_BUGREPORT=\"\" '
DLLTOOL='dlltool'
DLLTOOL_FOR_TARGET='$$r/$(HOST_SUBDIR)/binutils/dlltool'
ECHO_C='ECHO_N=''
ECHO_T=''
EXEEXT=''
EXPECT='expect'
FLAGS_FOR_TARGET=' -L$$r/$(HOST_SUBDIR)/ld'
FLEX='flex'
GCC_FOR_TARGET='avr32-unknown-linux-uclibc-gcc'
GCJ_FOR_TARGET='avr32-unknown-linux-uclibc-gcj'
GDB_TK=''
GFORTRAN_FOR_TARGET='avr32-unknown-linux-uclibc-gfortran'
GNATBIND='gnatbind'
GNATMAKE='gnatmake'
INSTALL_DATA='${INSTALL} -m 644'
INSTALL_GDB_TK=''
INSTALL_PROGRAM='${INSTALL}'
INSTALL_SCRIPT='${INSTALL}'
LD='/usr/bin/ld'
LDFLAGS='-L/home/student/Documents/SanntidssalPernambuco/ex8/buildroot/output/host/lib -L/home/student/Documents/SanntidssalPernambuco/ex8/buildroot/output/host/usr/lib -Wl,-rpath,/home/student/Documents/SanntidssalPernambuco/ex8/buildroot/output/host/usr/lib'
LD_FOR_TARGET='$$r/$(HOST_SUBDIR)/ld/ld-new'
LEX='flex'
LIBOBJS=''
LIBS=''
LIPO='lipo'
LIPO_FOR_TARGET='avr32-unknown-linux-uclibc-lipo'
LN='ln'
LN_S='ln -s'
LTLIBOBJS=''
M4='m4'
MAINT='#'
MAINTAINER_MODE_FALSE=''
MAINTAINER_MODE_TRUE='#'
MAKEINFO='makeinfo'
NM='/usr/bin/nm'
NM_FOR_TARGET='$$r/$(HOST_SUBDIR)/binutils/nm-new'
OBJCOPY='objcopy'
OBJDUMP='objdump'
OBJDUMP_FOR_TARGET='$$r/$(HOST_SUBDIR)/binutils/objdump'
OBJEXT='o'
PACKAGE_BUGREPORT=''
PACKAGE_NAME=''
PACKAGE_STRING=''
PACKAGE_TARNAME=''
PACKAGE_VERSION=''
PATH_SEPARATOR=':'
RANLIB='ranlib'
RANLIB_FOR_TARGET='$$r/$(HOST_SUBDIR)/binutils/ranlib'
RAW_CXX_FOR_TARGET='avr32-unknown-linux-uclibc-c++'
RPATH_ENVVAR='LD_LIBRARY_PATH'
RUNTEST='runtest'
SHELL='/bin/bash'
STRIP='strip'
STRIP_FOR_TARGET='$$r/$(HOST_SUBDIR)/binutils/strip'
SYSROOT_CFLAGS_FOR_TARGET=''
TOPLEVEL_CONFIGURE_ARGUMENTS='/home/student/Documents/SanntidssalPernambuco/ex8/buildroot/output/toolchain/binutils-2.18-avr32-1.0.1/configure --prefix=/home/student/Documents/SanntidssalPernambuco/ex8/buildroot/output/staging/usr --build=x86_64-unknown-linux-gnu --host=x86_64-unknown-linux-gnu --target=avr32-unknown-linux-uclibc --with-sysroot=/home/student/Documents/SanntidssalPernambuco/ex8/buildroot/output/toolchain/uClibc_dev/ --with-sysroot=/home/student/Documents/SanntidssalPernambuco/ex8/buildroot/output/staging --disable-nls --disable-multilib --disable-werror --with-gmp=/home/student/Documents/SanntidssalPernambuco/ex8/buildroot/output/toolchain/gmp --with-mpfr=/home/student/Documents/SanntidssalPernambuco/ex8/buildroot/output/toolchain/mpfr'
WINDMC='windmc'
WINDMC_FOR_TARGET='$$r/$(HOST_SUBDIR)/binutils/windmc'
WINDRES='windres'
WINDRES_FOR_TARGET='$$r/$(HOST_SUBDIR)/binutils/windres'
YACC='bison -y'
ac_ct_CC=''
ac_ct_CXX=''
ac_ct_GNATBIND='gnatbind'
ac_ct_GNATMAKE='gnatmake'
bindir='${exec_prefix}/bin'
build='x86_64-unknown-linux-gnu'
build_alias='x86_64-unknown-linux-gnu'
build_configargs='--cache-file=../config.cache '--prefix=/home/student/Documents/SanntidssalPernambuco/ex8/buildroot/output/staging/usr' '--with-sysroot=/home/student/Documents/SanntidssalPernambuco/ex8/buildroot/output/toolchain/uClibc_dev/' '--with-sysroot=/home/student/Documents/SanntidssalPernambuco/ex8/buildroot/output/staging' '--disable-nls' '--disable-multilib' '--disable-werror' '--with-gmp=/home/student/Documents/SanntidssalPernambuco/ex8/buildroot/output/toolchain/gmp' '--with-mpfr=/home/student/Documents/SanntidssalPernambuco/ex8/buildroot/output/toolchain/mpfr' --program-transform-name='s,^,avr32-unknown-linux-uclibc-,''
build_configdirs=' libiberty'
build_cpu='x86_64'
build_libsubdir='build-x86_64-unknown-linux-gnu'
build_noncanonical='x86_64-unknown-linux-gnu'
build_os='linux-gnu'
build_subdir='build-x86_64-unknown-linux-gnu'
build_tooldir='${exec_prefix}/avr32-unknown-linux-uclibc'
build_vendor='unknown'
config_shell='/bin/bash'
configdirs=' intl libiberty opcodes bfd binutils gas ld gprof etc'
datadir='${prefix}/share'
datarootdir='${prefix}/share'
do_compare='cmp --ignore-initial=16 $$f1 $$f2'
docdir='${datarootdir}/doc'
exec_prefix='${prefix}'
gmpinc='-I/home/student/Documents/SanntidssalPernambuco/ex8/buildroot/output/toolchain/gmp/include -I/home/student/Documents/SanntidssalPernambuco/ex8/buildroot/output/toolchain/mpfr/include'
gmplibs='-L/home/student/Documents/SanntidssalPernambuco/ex8/buildroot/output/toolchain/gmp/lib -L/home/student/Documents/SanntidssalPernambuco/ex8/buildroot/output/toolchain/mpfr/lib -lmpfr -lgmp'
host='x86_64-unknown-linux-gnu'
host_alias='x86_64-unknown-linux-gnu'
host_configargs='--cache-file=./config.cache  --with-gnu-as --with-gnu-ld '--prefix=/home/student/Documents/SanntidssalPernambuco/ex8/buildroot/output/staging/usr' '--with-sysroot=/home/student/Documents/SanntidssalPernambuco/ex8/buildroot/output/toolchain/uClibc_dev/' '--with-sysroot=/home/student/Documents/SanntidssalPernambuco/ex8/buildroot/output/staging' '--disable-nls' '--disable-multilib' '--disable-werror' '--with-gmp=/home/student/Documents/SanntidssalPernambuco/ex8/buildroot/output/toolchain/gmp' '--with-mpfr=/home/student/Documents/SanntidssalPernambuco/ex8/buildroot/output/toolchain/mpfr' --program-transform-name='s,^,avr32-unknown-linux-uclibc-,''
host_cpu='x86_64'
host_noncanonical='x86_64-unknown-linux-gnu'
host_os='linux-gnu'
host_subdir='.'
host_vendor='unknown'
htmldir='${docdir}'
includedir='${prefix}/include'
infodir='${prefix}/info'
libdir='${exec_prefix}/lib'
libexecdir='${exec_prefix}/libexec'
localstatedir='${prefix}/var'
mandir='${prefix}/man'
oldincludedir='/usr/include'
pdfdir='${docdir}'
prefix='/home/student/Documents/SanntidssalPernambuco/ex8/buildroot/output/staging/usr'
program_transform_name='s,^,avr32-unknown-linux-uclibc-,'
sbindir='${exec_prefix}/sbin'
sharedstatedir='${prefix}/com'
stage1_cflags='-g -fkeep-inline-functions'
stage1_checking='--enable-checking'
stage1_languages=',c,'
stage2_werror_flag=''
sysconfdir='${prefix}/etc'
target='avr32-unknown-linux-uclibc'
target_alias='avr32-unknown-linux-uclibc'
target_configargs='--cache-file=./config.cache --with-cross-host=x86_64-unknown-linux-gnu '--prefix=/home/student/Documents/SanntidssalPernambuco/ex8/buildroot/output/staging/usr' '--with-sysroot=/home/student/Documents/SanntidssalPernambuco/ex8/buildroot/output/toolchain/uClibc_dev/' '--with-sysroot=/home/student/Documents/SanntidssalPernambuco/ex8/buildroot/output/staging' '--disable-nls' '--disable-multilib' '--disable-werror' '--with-gmp=/home/student/Documents/SanntidssalPernambuco/ex8/buildroot/output/toolchain/gmp' '--with-mpfr=/home/student/Documents/SanntidssalPernambuco/ex8/buildroot/output/toolchain/mpfr' --program-transform-name='s,^,avr32-unknown-linux-uclibc-,''
target_cpu='avr32'
target_noncanonical='avr32-unknown-linux-uclibc'
target_os='linux-uclibc'
target_subdir='avr32-unknown-linux-uclibc'
target_vendor='unknown'
tooldir='${exec_prefix}/avr32-unknown-linux-uclibc'

## ------------- ##
## Output files. ##
## ------------- ##

alphaieee_frag='/dev/null'
host_makefile_frag='/dev/null'
ospace_frag='/dev/null'
serialization_dependencies='serdep.tmp'
target_makefile_frag='/home/student/Documents/SanntidssalPernambuco/ex8/buildroot/output/toolchain/binutils-2.18-avr32-1.0.1/config/mt-gnu'

## ----------- ##
## confdefs.h. ##
## ----------- ##

#define PACKAGE_BUGREPORT ""
#define PACKAGE_NAME ""
#define PACKAGE_STRING ""
#define PACKAGE_TARNAME ""
#define PACKAGE_VERSION ""
#endif
#ifdef __cplusplus
extern "C" void exit (int) throw ();

configure: exit 0
