This file contains any messages produced by compilers while
running configure, to aid debugging if configure makes a mistake.

It was created by GNU Autoconf configure 2.65, which was
generated by GNU Autoconf 2.68.  Invocation command line was

  $ ./configure --prefix=/home/student/Documents/SanntidssalPernambuco/ex8/buildroot/output/host/usr --sysconfdir=/home/student/Documents/SanntidssalPernambuco/ex8/buildroot/output/host/etc --no-create --no-recursion

## --------- ##
## Platform. ##
## --------- ##

hostname = Sanntid
uname -m = x86_64
uname -r = 3.5.7-xenomai-2.6.2.1
uname -s = Linux
uname -v = #1 SMP Sat Feb 9 15:03:06 CST 2013

/usr/bin/uname -p = unknown
/bin/uname -X     = unknown

/bin/arch              = unknown
/usr/bin/arch -k       = unknown
/usr/convex/getsysinfo = unknown
/usr/bin/hostinfo      = unknown
/bin/machine           = unknown
/usr/bin/oslevel       = unknown
/bin/universe          = unknown

PATH: /home/student/Documents/SanntidssalPernambuco/ex8/buildroot/output/build/host-autoconf-2.65/tests
PATH: /home/student/Documents/SanntidssalPernambuco/ex8/buildroot/output/host/bin
PATH: /home/student/Documents/SanntidssalPernambuco/ex8/buildroot/output/host/usr/bin
PATH: /usr/local/sbin
PATH: /usr/local/bin
PATH: /usr/sbin
PATH: /usr/bin
PATH: /sbin
PATH: /bin
PATH: /usr/games
PATH: /usr/local/go/bin


## ----------- ##
## Core tests. ##
## ----------- ##

configure:1766: checking for a BSD-compatible install
configure:1834: result: /usr/bin/install -c
configure:1845: checking whether build environment is sane
configure:1895: result: yes
configure:2036: checking for a thread-safe mkdir -p
configure:2075: result: /bin/mkdir -p
configure:2088: checking for gawk
configure:2104: found /usr/bin/gawk
configure:2115: result: gawk
configure:2126: checking whether make sets $(MAKE)
configure:2148: result: yes
configure:2252: checking whether /bin/sh -n is known to work
configure:2271: result: no
configure:2275: checking for characters that cannot appear in file names
configure:2295: result: none
configure:2301: checking whether directories can have trailing spaces
configure:2315: result: yes
configure:2326: checking for expr
configure:2344: found /usr/bin/expr
configure:2356: result: /usr/bin/expr
configure:2375: checking for GNU M4 that supports accurate traces
configure:2417: result: /home/student/Documents/SanntidssalPernambuco/ex8/buildroot/output/host/usr/bin/m4
configure:2420: checking whether /home/student/Documents/SanntidssalPernambuco/ex8/buildroot/output/host/usr/bin/m4 accepts --gnu
configure:2430: result: no
configure:2441: WARNING: The version of M4 that was found does not support -g.
configure:2443: WARNING: Using it with POSIXLY_CORRECT set may cause problems.
configure:2447: checking how m4 supports trace files
configure:2457: result: --debugfile
configure:2481: checking for perl
configure:2499: found /usr/bin/perl
configure:2512: result: /usr/bin/perl
configure:2531: checking whether /usr/bin/perl Fcntl::flock is implemented
configure:2545: result: yes
configure:2563: checking for emacs
configure:2579: found /usr/bin/emacs
configure:2590: result: emacs
configure:2608: checking whether emacs is sufficiently recent
configure:2618: $TEST_EMACS -batch -q -f batch-byte-compile conftest.el 1>&2
Loading 00debian-vars...
Loading /etc/emacs/site-start.d/50autoconf.el (source)...
Loading /etc/emacs/site-start.d/50cmake-data.el (source)...
Loading /etc/emacs/site-start.d/50dictionaries-common.el (source)...
Loading debian-ispell...
Loading /etc/emacs/site-start.d/50gtk-doc-tools.el (source)...
Loading /etc/emacs/site-start.d/50psvn.el (source)...

In broken-mode:
conftest.el:2:35:Warning: assignment to free variable `broken-defaults'
Wrote /home/student/Documents/SanntidssalPernambuco/ex8/buildroot/output/build/host-autoconf-2.65/conftest.elc
configure:2621: $? = 0
configure:2629: result: yes
configure:2646: checking for emacs
configure:2673: result: emacs
configure:2697: checking where .elc files should go
configure:2710: $EMACS -batch -q -eval '(while load-path (princ (concat (car load-path) "\n")) (setq load-path (cdr load-path)))' </dev/null >conftest.out
Loading 00debian-vars...
Loading /etc/emacs/site-start.d/50autoconf.el (source)...
Loading /etc/emacs/site-start.d/50cmake-data.el (source)...
Loading /etc/emacs/site-start.d/50dictionaries-common.el (source)...
Loading debian-ispell...
Loading /etc/emacs/site-start.d/50gtk-doc-tools.el (source)...
Loading /etc/emacs/site-start.d/50psvn.el (source)...
configure:2713: $? = 0
configure:2726: result: ${datarootdir}/emacs/site-lisp
configure:2739: checking for grep that handles long lines and -e
configure:2797: result: /bin/grep
configure:2802: checking for egrep
configure:2864: result: /bin/grep -E
configure:2869: checking for a sed that does not truncate output
configure:2933: result: /bin/sed
configure:2943: checking whether make is case sensitive
configure:2958: result: yes
configure:3137: creating ./config.status

## ---------------- ##
## Cache variables. ##
## ---------------- ##

ac_cv_dir_trailing_space=yes
ac_cv_env_EMACSLOADPATH_set=
ac_cv_env_EMACSLOADPATH_value=
ac_cv_env_EMACS_set=
ac_cv_env_EMACS_value=
ac_cv_env_M4_set=
ac_cv_env_M4_value=
ac_cv_env_build_alias_set=
ac_cv_env_build_alias_value=
ac_cv_env_host_alias_set=
ac_cv_env_host_alias_value=
ac_cv_env_target_alias_set=
ac_cv_env_target_alias_value=
ac_cv_path_EGREP='/bin/grep -E'
ac_cv_path_EXPR=/usr/bin/expr
ac_cv_path_GREP=/bin/grep
ac_cv_path_M4=/home/student/Documents/SanntidssalPernambuco/ex8/buildroot/output/host/usr/bin/m4
ac_cv_path_PERL=/usr/bin/perl
ac_cv_path_SED=/bin/sed
ac_cv_path_install='/usr/bin/install -c'
ac_cv_path_mkdir=/bin/mkdir
ac_cv_perl_flock_implemented=yes
ac_cv_prog_AWK=gawk
ac_cv_prog_EMACS=emacs
ac_cv_prog_TEST_EMACS=emacs
ac_cv_prog_emacs_ok=yes
ac_cv_prog_gnu_m4_debugfile=--debugfile
ac_cv_prog_gnu_m4_gnu=no
ac_cv_prog_make_make_case=yes
ac_cv_prog_make_make_set=yes
ac_cv_sh_n_works=no
ac_cv_unsupported_fs_chars=
am_cv_lispdir='${datarootdir}/emacs/site-lisp'

## ----------------- ##
## Output variables. ##
## ----------------- ##

ACLOCAL='${SHELL} /home/student/Documents/SanntidssalPernambuco/ex8/buildroot/output/build/host-autoconf-2.65/build-aux/missing --run aclocal-1.11'
AMTAR='$${TAR-tar}'
AUTOCONF='${SHELL} /home/student/Documents/SanntidssalPernambuco/ex8/buildroot/output/build/host-autoconf-2.65/build-aux/missing --run autoconf'
AUTOHEADER='${SHELL} /home/student/Documents/SanntidssalPernambuco/ex8/buildroot/output/build/host-autoconf-2.65/build-aux/missing --run autoheader'
AUTOMAKE='${SHELL} /home/student/Documents/SanntidssalPernambuco/ex8/buildroot/output/build/host-autoconf-2.65/build-aux/missing --run automake-1.11'
AWK='gawk'
CYGPATH_W='echo'
DEFS='-DPACKAGE_NAME=\"GNU\ Autoconf\" -DPACKAGE_TARNAME=\"autoconf\" -DPACKAGE_VERSION=\"2.65\" -DPACKAGE_STRING=\"GNU\ Autoconf\ 2.65\" -DPACKAGE_BUGREPORT=\"bug-autoconf@gnu.org\" -DPACKAGE_URL=\"http://www.gnu.org/software/autoconf/\" -DPACKAGE=\"autoconf\" -DVERSION=\"2.65\"'
ECHO_C=''
ECHO_N='-n'
ECHO_T=''
EGREP='/bin/grep -E'
EMACS='emacs'
EMACSLOADPATH=''
EXPR='/usr/bin/expr'
GREP='/bin/grep'
HELP2MAN='${SHELL} /home/student/Documents/SanntidssalPernambuco/ex8/buildroot/output/build/host-autoconf-2.65/build-aux/missing --run help2man'
INSTALL_DATA='${INSTALL} -m 644'
INSTALL_PROGRAM='${INSTALL}'
INSTALL_SCRIPT='${INSTALL}'
INSTALL_STRIP_PROGRAM='$(install_sh) -c -s'
LIBOBJS=''
LIBS=''
LTLIBOBJS=''
M4='/home/student/Documents/SanntidssalPernambuco/ex8/buildroot/output/host/usr/bin/m4'
M4_DEBUGFILE='--debugfile'
M4_GNU=''
MAKEINFO='${SHELL} /home/student/Documents/SanntidssalPernambuco/ex8/buildroot/output/build/host-autoconf-2.65/build-aux/missing --run makeinfo'
MAKE_CASE_SENSITIVE_FALSE='#'
MAKE_CASE_SENSITIVE_TRUE=''
MKDIR_P='/bin/mkdir -p'
PACKAGE='autoconf'
PACKAGE_BUGREPORT='bug-autoconf@gnu.org'
PACKAGE_NAME='GNU Autoconf'
PACKAGE_STRING='GNU Autoconf 2.65'
PACKAGE_TARNAME='autoconf'
PACKAGE_URL='http://www.gnu.org/software/autoconf/'
PACKAGE_VERSION='2.65'
PATH_SEPARATOR=':'
PERL='/usr/bin/perl'
PERL_FLOCK='yes'
SED='/bin/sed'
SET_MAKE=''
SHELL='/bin/bash'
STRIP=''
TEST_EMACS='emacs'
VERSION='2.65'
ac_cv_dir_trailing_space='yes'
ac_cv_sh_n_works='no'
ac_cv_unsupported_fs_chars=''
am__isrc=''
am__leading_dot='.'
am__tar='$${TAR-tar} chof - "$$tardir"'
am__untar='$${TAR-tar} xf -'
bindir='${exec_prefix}/bin'
build_alias=''
datadir='${datarootdir}'
datarootdir='${prefix}/share'
docdir='${datarootdir}/doc/${PACKAGE_TARNAME}'
dvidir='${docdir}'
exec_prefix='${prefix}'
host_alias=''
htmldir='${docdir}'
includedir='${prefix}/include'
infodir='${datarootdir}/info'
install_sh='${SHELL} /home/student/Documents/SanntidssalPernambuco/ex8/buildroot/output/build/host-autoconf-2.65/build-aux/install-sh'
libdir='${exec_prefix}/lib'
libexecdir='${exec_prefix}/libexec'
lispdir='${datarootdir}/emacs/site-lisp'
localedir='${datarootdir}/locale'
localstatedir='${prefix}/var'
mandir='${datarootdir}/man'
mkdir_p='/bin/mkdir -p'
oldincludedir='/usr/include'
pdfdir='${docdir}'
prefix='/home/student/Documents/SanntidssalPernambuco/ex8/buildroot/output/host/usr'
program_transform_name='s,x,x,'
psdir='${docdir}'
sbindir='${exec_prefix}/sbin'
sharedstatedir='${prefix}/com'
sysconfdir='/home/student/Documents/SanntidssalPernambuco/ex8/buildroot/output/host/etc'
target_alias=''

## ----------- ##
## confdefs.h. ##
## ----------- ##

/* confdefs.h */
#define PACKAGE_NAME "GNU Autoconf"
#define PACKAGE_TARNAME "autoconf"
#define PACKAGE_VERSION "2.65"
#define PACKAGE_STRING "GNU Autoconf 2.65"
#define PACKAGE_BUGREPORT "bug-autoconf@gnu.org"
#define PACKAGE_URL "http://www.gnu.org/software/autoconf/"
#define PACKAGE "autoconf"
#define VERSION "2.65"

configure: exit 0

## ---------------------- ##
## Running config.status. ##
## ---------------------- ##

This file was extended by GNU Autoconf config.status 2.65, which was
generated by GNU Autoconf 2.68.  Invocation command line was

  CONFIG_FILES    = 
  CONFIG_HEADERS  = 
  CONFIG_LINKS    = 
  CONFIG_COMMANDS = 
  $ ./config.status 

on Sanntid

config.status:801: creating tests/Makefile
config.status:801: creating tests/atlocal
config.status:801: creating man/Makefile
config.status:801: creating lib/emacs/Makefile
config.status:801: creating Makefile
config.status:801: creating doc/Makefile
config.status:801: creating lib/Makefile
config.status:801: creating lib/Autom4te/Makefile
config.status:801: creating lib/autoscan/Makefile
config.status:801: creating lib/m4sugar/Makefile
config.status:801: creating lib/autoconf/Makefile
config.status:801: creating lib/autotest/Makefile
config.status:801: creating bin/Makefile
config.status:1004: executing tests/atconfig commands
