This file contains any messages produced by compilers while
running configure, to aid debugging if configure makes a mistake.

It was created by ifplugd configure 0.28, which was
generated by GNU Autoconf 2.65.  Invocation command line was

  $ ./configure --target=avr32-linux --host=avr32-linux --build=x86_64-unknown-linux-gnu --prefix=/usr --exec-prefix=/usr --sysconfdir=/etc --disable-gtk-doc --disable-nls --disable-lynx

## --------- ##
## Platform. ##
## --------- ##

hostname = Sanntid
uname -m = x86_64
uname -r = 3.5.7-xenomai-2.6.2.1
uname -s = Linux
uname -v = #1 SMP Sat Feb 9 15:03:06 CST 2013

/usr/bin/uname -p = unknown
/bin/uname -X     = unknown

/bin/arch              = unknown
/usr/bin/arch -k       = unknown
/usr/convex/getsysinfo = unknown
/usr/bin/hostinfo      = unknown
/bin/machine           = unknown
/usr/bin/oslevel       = unknown
/bin/universe          = unknown

PATH: /home/student/Documents/SanntidssalPernambuco/ex8/buildroot/output/host/bin
PATH: /home/student/Documents/SanntidssalPernambuco/ex8/buildroot/output/host/usr/bin
PATH: /home/student/Documents/SanntidssalPernambuco/ex8/buildroot/output/host/usr/sbin/
PATH: /usr/local/sbin
PATH: /usr/local/bin
PATH: /usr/sbin
PATH: /usr/bin
PATH: /sbin
PATH: /bin
PATH: /usr/games
PATH: /usr/local/go/bin


## ----------- ##
## Core tests. ##
## ----------- ##

configure:2236: checking for a BSD-compatible install
configure:2304: result: /usr/bin/install -c
configure:2315: checking whether build environment is sane
configure:2352: result: yes
configure:2377: checking for a thread-safe mkdir -p
configure:2416: result: /bin/mkdir -p
configure:2429: checking for gawk
configure:2445: found /usr/bin/gawk
configure:2456: result: gawk
configure:2467: checking whether make sets $(MAKE)
configure:2489: result: yes
configure:2567: checking for avr32-linux-strip
configure:2594: result: /home/student/Documents/SanntidssalPernambuco/ex8/buildroot/output/staging/usr/bin/avr32-unknown-linux-uclibc-strip
configure:2690: checking for avr32-linux-gcc
configure:2717: result: /home/student/Documents/SanntidssalPernambuco/ex8/buildroot/output/staging/usr/bin/avr32-unknown-linux-uclibc-gcc --sysroot=/home/student/Documents/SanntidssalPernambuco/ex8/buildroot/output/staging
configure:2986: checking for C compiler version
configure:2995: /home/student/Documents/SanntidssalPernambuco/ex8/buildroot/output/staging/usr/bin/avr32-unknown-linux-uclibc-gcc --sysroot=/home/student/Documents/SanntidssalPernambuco/ex8/buildroot/output/staging --version >&5
avr32-unknown-linux-uclibc-gcc (GCC) 4.2.4-atmel.1.1.3.avr32linux.1
Copyright (C) 2007 Free Software Foundation, Inc.
This is free software; see the source for copying conditions.  There is NO
warranty; not even for MERCHANTABILITY or FITNESS FOR A PARTICULAR PURPOSE.

configure:3006: $? = 0
configure:2995: /home/student/Documents/SanntidssalPernambuco/ex8/buildroot/output/staging/usr/bin/avr32-unknown-linux-uclibc-gcc --sysroot=/home/student/Documents/SanntidssalPernambuco/ex8/buildroot/output/staging -v >&5
Using built-in specs.
Target: avr32-unknown-linux-uclibc
Configured with: /home/student/Documents/SanntidssalPernambuco/ex8/buildroot/output/toolchain/gcc-4.2.4/configure --prefix=/home/student/Documents/SanntidssalPernambuco/ex8/buildroot/output/staging/usr --build=x86_64-unknown-linux-gnu --host=x86_64-unknown-linux-gnu --target=avr32-unknown-linux-uclibc --enable-languages=c --with-sysroot=/home/student/Documents/SanntidssalPernambuco/ex8/buildroot/output/staging --with-build-time-tools=/home/student/Documents/SanntidssalPernambuco/ex8/buildroot/output/staging/usr/avr32-unknown-linux-uclibc/bin --disable-__cxa_atexit --enable-target-optspace --with-gnu-ld --disable-libssp --disable-multilib --disable-tls --enable-shared --with-gmp=/home/student/Documents/SanntidssalPernambuco/ex8/buildroot/output/toolchain/gmp --with-mpfr=/home/student/Documents/SanntidssalPernambuco/ex8/buildroot/output/toolchain/mpfr --disable-nls --enable-threads --disable-libmudflap
Thread model: posix
gcc version 4.2.4-atmel.1.1.3.avr32linux.1
configure:3006: $? = 0
configure:2995: /home/student/Documents/SanntidssalPernambuco/ex8/buildroot/output/staging/usr/bin/avr32-unknown-linux-uclibc-gcc --sysroot=/home/student/Documents/SanntidssalPernambuco/ex8/buildroot/output/staging -V >&5
avr32-unknown-linux-uclibc-gcc: '-V' must come at the start of the command line
configure:3006: $? = 1
configure:2995: /home/student/Documents/SanntidssalPernambuco/ex8/buildroot/output/staging/usr/bin/avr32-unknown-linux-uclibc-gcc --sysroot=/home/student/Documents/SanntidssalPernambuco/ex8/buildroot/output/staging -qversion >&5
avr32-unknown-linux-uclibc-gcc: unrecognized option '-qversion'
avr32-unknown-linux-uclibc-gcc: no input files
configure:3006: $? = 1
configure:3026: checking whether the C compiler works
configure:3048: /home/student/Documents/SanntidssalPernambuco/ex8/buildroot/output/staging/usr/bin/avr32-unknown-linux-uclibc-gcc --sysroot=/home/student/Documents/SanntidssalPernambuco/ex8/buildroot/output/staging -Os -pipe -Os  -msoft-float -D_LARGEFILE_SOURCE -D_LARGEFILE64_SOURCE -D_FILE_OFFSET_BITS=64 -I/home/student/Documents/SanntidssalPernambuco/ex8/buildroot/output/staging/usr/include -I/home/student/Documents/SanntidssalPernambuco/ex8/buildroot/output/staging/include  -L/home/student/Documents/SanntidssalPernambuco/ex8/buildroot/output/staging/lib -L/home/student/Documents/SanntidssalPernambuco/ex8/buildroot/output/staging/usr/lib conftest.c  >&5
configure:3052: $? = 0
configure:3101: result: yes
configure:3104: checking for C compiler default output file name
configure:3106: result: a.out
configure:3112: checking for suffix of executables
configure:3119: /home/student/Documents/SanntidssalPernambuco/ex8/buildroot/output/staging/usr/bin/avr32-unknown-linux-uclibc-gcc --sysroot=/home/student/Documents/SanntidssalPernambuco/ex8/buildroot/output/staging -o conftest -Os -pipe -Os  -msoft-float -D_LARGEFILE_SOURCE -D_LARGEFILE64_SOURCE -D_FILE_OFFSET_BITS=64 -I/home/student/Documents/SanntidssalPernambuco/ex8/buildroot/output/staging/usr/include -I/home/student/Documents/SanntidssalPernambuco/ex8/buildroot/output/staging/include  -L/home/student/Documents/SanntidssalPernambuco/ex8/buildroot/output/staging/lib -L/home/student/Documents/SanntidssalPernambuco/ex8/buildroot/output/staging/usr/lib conftest.c  >&5
configure:3123: $? = 0
configure:3145: result: 
configure:3167: checking whether we are cross compiling
configure:3205: result: yes
configure:3210: checking for suffix of object files
configure:3232: /home/student/Documents/SanntidssalPernambuco/ex8/buildroot/output/staging/usr/bin/avr32-unknown-linux-uclibc-gcc --sysroot=/home/student/Documents/SanntidssalPernambuco/ex8/buildroot/output/staging -c -Os -pipe -Os  -msoft-float -D_LARGEFILE_SOURCE -D_LARGEFILE64_SOURCE -D_FILE_OFFSET_BITS=64 -I/home/student/Documents/SanntidssalPernambuco/ex8/buildroot/output/staging/usr/include -I/home/student/Documents/SanntidssalPernambuco/ex8/buildroot/output/staging/include  conftest.c >&5
configure:3236: $? = 0
configure:3257: result: o
configure:3261: checking whether we are using the GNU C compiler
configure:3280: /home/student/Documents/SanntidssalPernambuco/ex8/buildroot/output/staging/usr/bin/avr32-unknown-linux-uclibc-gcc --sysroot=/home/student/Documents/SanntidssalPernambuco/ex8/buildroot/output/staging -c -Os -pipe -Os  -msoft-float -D_LARGEFILE_SOURCE -D_LARGEFILE64_SOURCE -D_FILE_OFFSET_BITS=64 -I/home/student/Documents/SanntidssalPernambuco/ex8/buildroot/output/staging/usr/include -I/home/student/Documents/SanntidssalPernambuco/ex8/buildroot/output/staging/include  conftest.c >&5
configure:3280: $? = 0
configure:3289: result: yes
configure:3298: checking whether /home/student/Documents/SanntidssalPernambuco/ex8/buildroot/output/staging/usr/bin/avr32-unknown-linux-uclibc-gcc --sysroot=/home/student/Documents/SanntidssalPernambuco/ex8/buildroot/output/staging accepts -g
configure:3318: /home/student/Documents/SanntidssalPernambuco/ex8/buildroot/output/staging/usr/bin/avr32-unknown-linux-uclibc-gcc --sysroot=/home/student/Documents/SanntidssalPernambuco/ex8/buildroot/output/staging -c -g  conftest.c >&5
configure:3318: $? = 0
configure:3359: result: yes
configure:3376: checking for /home/student/Documents/SanntidssalPernambuco/ex8/buildroot/output/staging/usr/bin/avr32-unknown-linux-uclibc-gcc --sysroot=/home/student/Documents/SanntidssalPernambuco/ex8/buildroot/output/staging option to accept ISO C89
configure:3440: /home/student/Documents/SanntidssalPernambuco/ex8/buildroot/output/staging/usr/bin/avr32-unknown-linux-uclibc-gcc --sysroot=/home/student/Documents/SanntidssalPernambuco/ex8/buildroot/output/staging  -c -Os -pipe -Os  -msoft-float -D_LARGEFILE_SOURCE -D_LARGEFILE64_SOURCE -D_FILE_OFFSET_BITS=64 -I/home/student/Documents/SanntidssalPernambuco/ex8/buildroot/output/staging/usr/include -I/home/student/Documents/SanntidssalPernambuco/ex8/buildroot/output/staging/include  conftest.c >&5
configure:3440: $? = 0
configure:3453: result: none needed
configure:3484: checking for style of include used by make
configure:3512: result: GNU
configure:3537: checking dependency style of /home/student/Documents/SanntidssalPernambuco/ex8/buildroot/output/staging/usr/bin/avr32-unknown-linux-uclibc-gcc --sysroot=/home/student/Documents/SanntidssalPernambuco/ex8/buildroot/output/staging
configure:3628: result: gcc3
configure:3648: checking how to run the C preprocessor
configure:3718: result: /home/student/Documents/SanntidssalPernambuco/ex8/buildroot/output/staging/usr/bin/avr32-unknown-linux-uclibc-cpp --sysroot=/home/student/Documents/SanntidssalPernambuco/ex8/buildroot/output/staging
configure:3738: /home/student/Documents/SanntidssalPernambuco/ex8/buildroot/output/staging/usr/bin/avr32-unknown-linux-uclibc-cpp --sysroot=/home/student/Documents/SanntidssalPernambuco/ex8/buildroot/output/staging  conftest.c
configure:3738: $? = 0
configure:3752: /home/student/Documents/SanntidssalPernambuco/ex8/buildroot/output/staging/usr/bin/avr32-unknown-linux-uclibc-cpp --sysroot=/home/student/Documents/SanntidssalPernambuco/ex8/buildroot/output/staging  conftest.c
conftest.c:11:28: error: ac_nonexistent.h: No such file or directory
configure:3752: $? = 1
configure: failed program was:
| /* confdefs.h */
| #define PACKAGE_NAME "ifplugd"
| #define PACKAGE_TARNAME "ifplugd"
| #define PACKAGE_VERSION "0.28"
| #define PACKAGE_STRING "ifplugd 0.28"
| #define PACKAGE_BUGREPORT "mzvscyhtq (at) 0pointer (dot) de"
| #define PACKAGE_URL ""
| #define PACKAGE "ifplugd"
| #define VERSION "0.28"
| /* end confdefs.h.  */
| #include <ac_nonexistent.h>
configure:3781: checking whether ln -s works
configure:3785: result: yes
configure:3792: checking whether make sets $(MAKE)
configure:3814: result: yes
configure:3839: checking for grep that handles long lines and -e
configure:3897: result: /bin/grep
configure:3902: checking for egrep
configure:3964: result: /bin/grep -E
configure:3969: checking for ANSI C header files
configure:3989: /home/student/Documents/SanntidssalPernambuco/ex8/buildroot/output/staging/usr/bin/avr32-unknown-linux-uclibc-gcc --sysroot=/home/student/Documents/SanntidssalPernambuco/ex8/buildroot/output/staging -c -Os -pipe -Os  -msoft-float -D_LARGEFILE_SOURCE -D_LARGEFILE64_SOURCE -D_FILE_OFFSET_BITS=64 -I/home/student/Documents/SanntidssalPernambuco/ex8/buildroot/output/staging/usr/include -I/home/student/Documents/SanntidssalPernambuco/ex8/buildroot/output/staging/include -pipe -W -Wall -Wno-unused-parameter  conftest.c >&5
configure:3989: $? = 0
configure:4073: result: yes
configure:4081: checking for sys/wait.h that is POSIX.1 compatible
configure:4107: /home/student/Documents/SanntidssalPernambuco/ex8/buildroot/output/staging/usr/bin/avr32-unknown-linux-uclibc-gcc --sysroot=/home/student/Documents/SanntidssalPernambuco/ex8/buildroot/output/staging -c -Os -pipe -Os  -msoft-float -D_LARGEFILE_SOURCE -D_LARGEFILE64_SOURCE -D_FILE_OFFSET_BITS=64 -I/home/student/Documents/SanntidssalPernambuco/ex8/buildroot/output/staging/usr/include -I/home/student/Documents/SanntidssalPernambuco/ex8/buildroot/output/staging/include -pipe -W -Wall -Wno-unused-parameter  conftest.c >&5
configure:4107: $? = 0
configure:4114: result: yes
configure:4127: checking for sys/types.h
configure:4127: /home/student/Documents/SanntidssalPernambuco/ex8/buildroot/output/staging/usr/bin/avr32-unknown-linux-uclibc-gcc --sysroot=/home/student/Documents/SanntidssalPernambuco/ex8/buildroot/output/staging -c -Os -pipe -Os  -msoft-float -D_LARGEFILE_SOURCE -D_LARGEFILE64_SOURCE -D_FILE_OFFSET_BITS=64 -I/home/student/Documents/SanntidssalPernambuco/ex8/buildroot/output/staging/usr/include -I/home/student/Documents/SanntidssalPernambuco/ex8/buildroot/output/staging/include -pipe -W -Wall -Wno-unused-parameter  conftest.c >&5
configure:4127: $? = 0
configure:4127: result: yes
configure:4127: checking for sys/stat.h
configure:4127: /home/student/Documents/SanntidssalPernambuco/ex8/buildroot/output/staging/usr/bin/avr32-unknown-linux-uclibc-gcc --sysroot=/home/student/Documents/SanntidssalPernambuco/ex8/buildroot/output/staging -c -Os -pipe -Os  -msoft-float -D_LARGEFILE_SOURCE -D_LARGEFILE64_SOURCE -D_FILE_OFFSET_BITS=64 -I/home/student/Documents/SanntidssalPernambuco/ex8/buildroot/output/staging/usr/include -I/home/student/Documents/SanntidssalPernambuco/ex8/buildroot/output/staging/include -pipe -W -Wall -Wno-unused-parameter  conftest.c >&5
configure:4127: $? = 0
configure:4127: result: yes
configure:4127: checking for stdlib.h
configure:4127: /home/student/Documents/SanntidssalPernambuco/ex8/buildroot/output/staging/usr/bin/avr32-unknown-linux-uclibc-gcc --sysroot=/home/student/Documents/SanntidssalPernambuco/ex8/buildroot/output/staging -c -Os -pipe -Os  -msoft-float -D_LARGEFILE_SOURCE -D_LARGEFILE64_SOURCE -D_FILE_OFFSET_BITS=64 -I/home/student/Documents/SanntidssalPernambuco/ex8/buildroot/output/staging/usr/include -I/home/student/Documents/SanntidssalPernambuco/ex8/buildroot/output/staging/include -pipe -W -Wall -Wno-unused-parameter  conftest.c >&5
configure:4127: $? = 0
configure:4127: result: yes
configure:4127: checking for string.h
configure:4127: /home/student/Documents/SanntidssalPernambuco/ex8/buildroot/output/staging/usr/bin/avr32-unknown-linux-uclibc-gcc --sysroot=/home/student/Documents/SanntidssalPernambuco/ex8/buildroot/output/staging -c -Os -pipe -Os  -msoft-float -D_LARGEFILE_SOURCE -D_LARGEFILE64_SOURCE -D_FILE_OFFSET_BITS=64 -I/home/student/Documents/SanntidssalPernambuco/ex8/buildroot/output/staging/usr/include -I/home/student/Documents/SanntidssalPernambuco/ex8/buildroot/output/staging/include -pipe -W -Wall -Wno-unused-parameter  conftest.c >&5
configure:4127: $? = 0
configure:4127: result: yes
configure:4127: checking for memory.h
configure:4127: /home/student/Documents/SanntidssalPernambuco/ex8/buildroot/output/staging/usr/bin/avr32-unknown-linux-uclibc-gcc --sysroot=/home/student/Documents/SanntidssalPernambuco/ex8/buildroot/output/staging -c -Os -pipe -Os  -msoft-float -D_LARGEFILE_SOURCE -D_LARGEFILE64_SOURCE -D_FILE_OFFSET_BITS=64 -I/home/student/Documents/SanntidssalPernambuco/ex8/buildroot/output/staging/usr/include -I/home/student/Documents/SanntidssalPernambuco/ex8/buildroot/output/staging/include -pipe -W -Wall -Wno-unused-parameter  conftest.c >&5
configure:4127: $? = 0
configure:4127: result: yes
configure:4127: checking for strings.h
configure:4127: /home/student/Documents/SanntidssalPernambuco/ex8/buildroot/output/staging/usr/bin/avr32-unknown-linux-uclibc-gcc --sysroot=/home/student/Documents/SanntidssalPernambuco/ex8/buildroot/output/staging -c -Os -pipe -Os  -msoft-float -D_LARGEFILE_SOURCE -D_LARGEFILE64_SOURCE -D_FILE_OFFSET_BITS=64 -I/home/student/Documents/SanntidssalPernambuco/ex8/buildroot/output/staging/usr/include -I/home/student/Documents/SanntidssalPernambuco/ex8/buildroot/output/staging/include -pipe -W -Wall -Wno-unused-parameter  conftest.c >&5
configure:4127: $? = 0
configure:4127: result: yes
configure:4127: checking for inttypes.h
configure:4127: /home/student/Documents/SanntidssalPernambuco/ex8/buildroot/output/staging/usr/bin/avr32-unknown-linux-uclibc-gcc --sysroot=/home/student/Documents/SanntidssalPernambuco/ex8/buildroot/output/staging -c -Os -pipe -Os  -msoft-float -D_LARGEFILE_SOURCE -D_LARGEFILE64_SOURCE -D_FILE_OFFSET_BITS=64 -I/home/student/Documents/SanntidssalPernambuco/ex8/buildroot/output/staging/usr/include -I/home/student/Documents/SanntidssalPernambuco/ex8/buildroot/output/staging/include -pipe -W -Wall -Wno-unused-parameter  conftest.c >&5
configure:4127: $? = 0
configure:4127: result: yes
configure:4127: checking for stdint.h
configure:4127: /home/student/Documents/SanntidssalPernambuco/ex8/buildroot/output/staging/usr/bin/avr32-unknown-linux-uclibc-gcc --sysroot=/home/student/Documents/SanntidssalPernambuco/ex8/buildroot/output/staging -c -Os -pipe -Os  -msoft-float -D_LARGEFILE_SOURCE -D_LARGEFILE64_SOURCE -D_FILE_OFFSET_BITS=64 -I/home/student/Documents/SanntidssalPernambuco/ex8/buildroot/output/staging/usr/include -I/home/student/Documents/SanntidssalPernambuco/ex8/buildroot/output/staging/include -pipe -W -Wall -Wno-unused-parameter  conftest.c >&5
configure:4127: $? = 0
configure:4127: result: yes
configure:4127: checking for unistd.h
configure:4127: /home/student/Documents/SanntidssalPernambuco/ex8/buildroot/output/staging/usr/bin/avr32-unknown-linux-uclibc-gcc --sysroot=/home/student/Documents/SanntidssalPernambuco/ex8/buildroot/output/staging -c -Os -pipe -Os  -msoft-float -D_LARGEFILE_SOURCE -D_LARGEFILE64_SOURCE -D_FILE_OFFSET_BITS=64 -I/home/student/Documents/SanntidssalPernambuco/ex8/buildroot/output/staging/usr/include -I/home/student/Documents/SanntidssalPernambuco/ex8/buildroot/output/staging/include -pipe -W -Wall -Wno-unused-parameter  conftest.c >&5
configure:4127: $? = 0
configure:4127: result: yes
configure:4143: checking fcntl.h usability
configure:4143: /home/student/Documents/SanntidssalPernambuco/ex8/buildroot/output/staging/usr/bin/avr32-unknown-linux-uclibc-gcc --sysroot=/home/student/Documents/SanntidssalPernambuco/ex8/buildroot/output/staging -c -Os -pipe -Os  -msoft-float -D_LARGEFILE_SOURCE -D_LARGEFILE64_SOURCE -D_FILE_OFFSET_BITS=64 -I/home/student/Documents/SanntidssalPernambuco/ex8/buildroot/output/staging/usr/include -I/home/student/Documents/SanntidssalPernambuco/ex8/buildroot/output/staging/include -pipe -W -Wall -Wno-unused-parameter  conftest.c >&5
configure:4143: $? = 0
configure:4143: result: yes
configure:4143: checking fcntl.h presence
configure:4143: /home/student/Documents/SanntidssalPernambuco/ex8/buildroot/output/staging/usr/bin/avr32-unknown-linux-uclibc-cpp --sysroot=/home/student/Documents/SanntidssalPernambuco/ex8/buildroot/output/staging  conftest.c
configure:4143: $? = 0
configure:4143: result: yes
configure:4143: checking for fcntl.h
configure:4143: result: yes
configure:4143: checking limits.h usability
configure:4143: /home/student/Documents/SanntidssalPernambuco/ex8/buildroot/output/staging/usr/bin/avr32-unknown-linux-uclibc-gcc --sysroot=/home/student/Documents/SanntidssalPernambuco/ex8/buildroot/output/staging -c -Os -pipe -Os  -msoft-float -D_LARGEFILE_SOURCE -D_LARGEFILE64_SOURCE -D_FILE_OFFSET_BITS=64 -I/home/student/Documents/SanntidssalPernambuco/ex8/buildroot/output/staging/usr/include -I/home/student/Documents/SanntidssalPernambuco/ex8/buildroot/output/staging/include -pipe -W -Wall -Wno-unused-parameter  conftest.c >&5
configure:4143: $? = 0
configure:4143: result: yes
configure:4143: checking limits.h presence
configure:4143: /home/student/Documents/SanntidssalPernambuco/ex8/buildroot/output/staging/usr/bin/avr32-unknown-linux-uclibc-cpp --sysroot=/home/student/Documents/SanntidssalPernambuco/ex8/buildroot/output/staging  conftest.c
configure:4143: $? = 0
configure:4143: result: yes
configure:4143: checking for limits.h
configure:4143: result: yes
configure:4143: checking netinet/in.h usability
configure:4143: /home/student/Documents/SanntidssalPernambuco/ex8/buildroot/output/staging/usr/bin/avr32-unknown-linux-uclibc-gcc --sysroot=/home/student/Documents/SanntidssalPernambuco/ex8/buildroot/output/staging -c -Os -pipe -Os  -msoft-float -D_LARGEFILE_SOURCE -D_LARGEFILE64_SOURCE -D_FILE_OFFSET_BITS=64 -I/home/student/Documents/SanntidssalPernambuco/ex8/buildroot/output/staging/usr/include -I/home/student/Documents/SanntidssalPernambuco/ex8/buildroot/output/staging/include -pipe -W -Wall -Wno-unused-parameter  conftest.c >&5
configure:4143: $? = 0
configure:4143: result: yes
configure:4143: checking netinet/in.h presence
configure:4143: /home/student/Documents/SanntidssalPernambuco/ex8/buildroot/output/staging/usr/bin/avr32-unknown-linux-uclibc-cpp --sysroot=/home/student/Documents/SanntidssalPernambuco/ex8/buildroot/output/staging  conftest.c
configure:4143: $? = 0
configure:4143: result: yes
configure:4143: checking for netinet/in.h
configure:4143: result: yes
configure:4143: checking for stdlib.h
configure:4143: result: yes
configure:4143: checking for string.h
configure:4143: result: yes
configure:4143: checking sys/ioctl.h usability
configure:4143: /home/student/Documents/SanntidssalPernambuco/ex8/buildroot/output/staging/usr/bin/avr32-unknown-linux-uclibc-gcc --sysroot=/home/student/Documents/SanntidssalPernambuco/ex8/buildroot/output/staging -c -Os -pipe -Os  -msoft-float -D_LARGEFILE_SOURCE -D_LARGEFILE64_SOURCE -D_FILE_OFFSET_BITS=64 -I/home/student/Documents/SanntidssalPernambuco/ex8/buildroot/output/staging/usr/include -I/home/student/Documents/SanntidssalPernambuco/ex8/buildroot/output/staging/include -pipe -W -Wall -Wno-unused-parameter  conftest.c >&5
configure:4143: $? = 0
configure:4143: result: yes
configure:4143: checking sys/ioctl.h presence
configure:4143: /home/student/Documents/SanntidssalPernambuco/ex8/buildroot/output/staging/usr/bin/avr32-unknown-linux-uclibc-cpp --sysroot=/home/student/Documents/SanntidssalPernambuco/ex8/buildroot/output/staging  conftest.c
configure:4143: $? = 0
configure:4143: result: yes
configure:4143: checking for sys/ioctl.h
configure:4143: result: yes
configure:4143: checking sys/time.h usability
configure:4143: /home/student/Documents/SanntidssalPernambuco/ex8/buildroot/output/staging/usr/bin/avr32-unknown-linux-uclibc-gcc --sysroot=/home/student/Documents/SanntidssalPernambuco/ex8/buildroot/output/staging -c -Os -pipe -Os  -msoft-float -D_LARGEFILE_SOURCE -D_LARGEFILE64_SOURCE -D_FILE_OFFSET_BITS=64 -I/home/student/Documents/SanntidssalPernambuco/ex8/buildroot/output/staging/usr/include -I/home/student/Documents/SanntidssalPernambuco/ex8/buildroot/output/staging/include -pipe -W -Wall -Wno-unused-parameter  conftest.c >&5
configure:4143: $? = 0
configure:4143: result: yes
configure:4143: checking sys/time.h presence
configure:4143: /home/student/Documents/SanntidssalPernambuco/ex8/buildroot/output/staging/usr/bin/avr32-unknown-linux-uclibc-cpp --sysroot=/home/student/Documents/SanntidssalPernambuco/ex8/buildroot/output/staging  conftest.c
configure:4143: $? = 0
configure:4143: result: yes
configure:4143: checking for sys/time.h
configure:4143: result: yes
configure:4143: checking syslog.h usability
configure:4143: /home/student/Documents/SanntidssalPernambuco/ex8/buildroot/output/staging/usr/bin/avr32-unknown-linux-uclibc-gcc --sysroot=/home/student/Documents/SanntidssalPernambuco/ex8/buildroot/output/staging -c -Os -pipe -Os  -msoft-float -D_LARGEFILE_SOURCE -D_LARGEFILE64_SOURCE -D_FILE_OFFSET_BITS=64 -I/home/student/Documents/SanntidssalPernambuco/ex8/buildroot/output/staging/usr/include -I/home/student/Documents/SanntidssalPernambuco/ex8/buildroot/output/staging/include -pipe -W -Wall -Wno-unused-parameter  conftest.c >&5
configure:4143: $? = 0
configure:4143: result: yes
configure:4143: checking syslog.h presence
configure:4143: /home/student/Documents/SanntidssalPernambuco/ex8/buildroot/output/staging/usr/bin/avr32-unknown-linux-uclibc-cpp --sysroot=/home/student/Documents/SanntidssalPernambuco/ex8/buildroot/output/staging  conftest.c
configure:4143: $? = 0
configure:4143: result: yes
configure:4143: checking for syslog.h
configure:4143: result: yes
configure:4143: checking for unistd.h
configure:4143: result: yes
configure:4156: checking for an ANSI C-conforming const
configure:4221: /home/student/Documents/SanntidssalPernambuco/ex8/buildroot/output/staging/usr/bin/avr32-unknown-linux-uclibc-gcc --sysroot=/home/student/Documents/SanntidssalPernambuco/ex8/buildroot/output/staging -c -Os -pipe -Os  -msoft-float -D_LARGEFILE_SOURCE -D_LARGEFILE64_SOURCE -D_FILE_OFFSET_BITS=64 -I/home/student/Documents/SanntidssalPernambuco/ex8/buildroot/output/staging/usr/include -I/home/student/Documents/SanntidssalPernambuco/ex8/buildroot/output/staging/include -pipe -W -Wall -Wno-unused-parameter  conftest.c >&5
conftest.c: In function 'main':
conftest.c:60: warning: 't' is used uninitialized in this function
conftest.c:76: warning: 'b' is used uninitialized in this function
conftest.c:82: warning: 'cs[0]' is used uninitialized in this function
configure:4221: $? = 0
configure:4228: result: yes
configure:4236: checking for pid_t
configure:4236: /home/student/Documents/SanntidssalPernambuco/ex8/buildroot/output/staging/usr/bin/avr32-unknown-linux-uclibc-gcc --sysroot=/home/student/Documents/SanntidssalPernambuco/ex8/buildroot/output/staging -c -Os -pipe -Os  -msoft-float -D_LARGEFILE_SOURCE -D_LARGEFILE64_SOURCE -D_FILE_OFFSET_BITS=64 -I/home/student/Documents/SanntidssalPernambuco/ex8/buildroot/output/staging/usr/include -I/home/student/Documents/SanntidssalPernambuco/ex8/buildroot/output/staging/include -pipe -W -Wall -Wno-unused-parameter  conftest.c >&5
configure:4236: $? = 0
configure:4236: /home/student/Documents/SanntidssalPernambuco/ex8/buildroot/output/staging/usr/bin/avr32-unknown-linux-uclibc-gcc --sysroot=/home/student/Documents/SanntidssalPernambuco/ex8/buildroot/output/staging -c -Os -pipe -Os  -msoft-float -D_LARGEFILE_SOURCE -D_LARGEFILE64_SOURCE -D_FILE_OFFSET_BITS=64 -I/home/student/Documents/SanntidssalPernambuco/ex8/buildroot/output/staging/usr/include -I/home/student/Documents/SanntidssalPernambuco/ex8/buildroot/output/staging/include -pipe -W -Wall -Wno-unused-parameter  conftest.c >&5
conftest.c: In function 'main':
conftest.c:67: error: expected expression before ')' token
configure:4236: $? = 1
configure: failed program was:
| /* confdefs.h */
| #define PACKAGE_NAME "ifplugd"
| #define PACKAGE_TARNAME "ifplugd"
| #define PACKAGE_VERSION "0.28"
| #define PACKAGE_STRING "ifplugd 0.28"
| #define PACKAGE_BUGREPORT "mzvscyhtq (at) 0pointer (dot) de"
| #define PACKAGE_URL ""
| #define PACKAGE "ifplugd"
| #define VERSION "0.28"
| #define STDC_HEADERS 1
| #define HAVE_SYS_WAIT_H 1
| #define HAVE_SYS_TYPES_H 1
| #define HAVE_SYS_STAT_H 1
| #define HAVE_STDLIB_H 1
| #define HAVE_STRING_H 1
| #define HAVE_MEMORY_H 1
| #define HAVE_STRINGS_H 1
| #define HAVE_INTTYPES_H 1
| #define HAVE_STDINT_H 1
| #define HAVE_UNISTD_H 1
| #define HAVE_FCNTL_H 1
| #define HAVE_LIMITS_H 1
| #define HAVE_NETINET_IN_H 1
| #define HAVE_STDLIB_H 1
| #define HAVE_STRING_H 1
| #define HAVE_SYS_IOCTL_H 1
| #define HAVE_SYS_TIME_H 1
| #define HAVE_SYSLOG_H 1
| #define HAVE_UNISTD_H 1
| /* end confdefs.h.  */
| #include <stdio.h>
| #ifdef HAVE_SYS_TYPES_H
| # include <sys/types.h>
| #endif
| #ifdef HAVE_SYS_STAT_H
| # include <sys/stat.h>
| #endif
| #ifdef STDC_HEADERS
| # include <stdlib.h>
| # include <stddef.h>
| #else
| # ifdef HAVE_STDLIB_H
| #  include <stdlib.h>
| # endif
| #endif
| #ifdef HAVE_STRING_H
| # if !defined STDC_HEADERS && defined HAVE_MEMORY_H
| #  include <memory.h>
| # endif
| # include <string.h>
| #endif
| #ifdef HAVE_STRINGS_H
| # include <strings.h>
| #endif
| #ifdef HAVE_INTTYPES_H
| # include <inttypes.h>
| #endif
| #ifdef HAVE_STDINT_H
| # include <stdint.h>
| #endif
| #ifdef HAVE_UNISTD_H
| # include <unistd.h>
| #endif
| int
| main ()
| {
| if (sizeof ((pid_t)))
| 	    return 0;
|   ;
|   return 0;
| }
configure:4236: result: yes
configure:4247: checking whether time.h and sys/time.h may both be included
configure:4267: /home/student/Documents/SanntidssalPernambuco/ex8/buildroot/output/staging/usr/bin/avr32-unknown-linux-uclibc-gcc --sysroot=/home/student/Documents/SanntidssalPernambuco/ex8/buildroot/output/staging -c -Os -pipe -Os  -msoft-float -D_LARGEFILE_SOURCE -D_LARGEFILE64_SOURCE -D_FILE_OFFSET_BITS=64 -I/home/student/Documents/SanntidssalPernambuco/ex8/buildroot/output/staging/usr/include -I/home/student/Documents/SanntidssalPernambuco/ex8/buildroot/output/staging/include -pipe -W -Wall -Wno-unused-parameter  conftest.c >&5
configure:4267: $? = 0
configure:4274: result: yes
configure:4282: checking for working volatile
configure:4301: /home/student/Documents/SanntidssalPernambuco/ex8/buildroot/output/staging/usr/bin/avr32-unknown-linux-uclibc-gcc --sysroot=/home/student/Documents/SanntidssalPernambuco/ex8/buildroot/output/staging -c -Os -pipe -Os  -msoft-float -D_LARGEFILE_SOURCE -D_LARGEFILE64_SOURCE -D_FILE_OFFSET_BITS=64 -I/home/student/Documents/SanntidssalPernambuco/ex8/buildroot/output/staging/usr/include -I/home/student/Documents/SanntidssalPernambuco/ex8/buildroot/output/staging/include -pipe -W -Wall -Wno-unused-parameter  conftest.c >&5
configure:4301: $? = 0
configure:4308: result: yes
configure:4320: checking vfork.h usability
configure:4320: /home/student/Documents/SanntidssalPernambuco/ex8/buildroot/output/staging/usr/bin/avr32-unknown-linux-uclibc-gcc --sysroot=/home/student/Documents/SanntidssalPernambuco/ex8/buildroot/output/staging -c -Os -pipe -Os  -msoft-float -D_LARGEFILE_SOURCE -D_LARGEFILE64_SOURCE -D_FILE_OFFSET_BITS=64 -I/home/student/Documents/SanntidssalPernambuco/ex8/buildroot/output/staging/usr/include -I/home/student/Documents/SanntidssalPernambuco/ex8/buildroot/output/staging/include -pipe -W -Wall -Wno-unused-parameter  conftest.c >&5
conftest.c:65:19: error: vfork.h: No such file or directory
configure:4320: $? = 1
configure: failed program was:
| /* confdefs.h */
| #define PACKAGE_NAME "ifplugd"
| #define PACKAGE_TARNAME "ifplugd"
| #define PACKAGE_VERSION "0.28"
| #define PACKAGE_STRING "ifplugd 0.28"
| #define PACKAGE_BUGREPORT "mzvscyhtq (at) 0pointer (dot) de"
| #define PACKAGE_URL ""
| #define PACKAGE "ifplugd"
| #define VERSION "0.28"
| #define STDC_HEADERS 1
| #define HAVE_SYS_WAIT_H 1
| #define HAVE_SYS_TYPES_H 1
| #define HAVE_SYS_STAT_H 1
| #define HAVE_STDLIB_H 1
| #define HAVE_STRING_H 1
| #define HAVE_MEMORY_H 1
| #define HAVE_STRINGS_H 1
| #define HAVE_INTTYPES_H 1
| #define HAVE_STDINT_H 1
| #define HAVE_UNISTD_H 1
| #define HAVE_FCNTL_H 1
| #define HAVE_LIMITS_H 1
| #define HAVE_NETINET_IN_H 1
| #define HAVE_STDLIB_H 1
| #define HAVE_STRING_H 1
| #define HAVE_SYS_IOCTL_H 1
| #define HAVE_SYS_TIME_H 1
| #define HAVE_SYSLOG_H 1
| #define HAVE_UNISTD_H 1
| #define TIME_WITH_SYS_TIME 1
| /* end confdefs.h.  */
| #include <stdio.h>
| #ifdef HAVE_SYS_TYPES_H
| # include <sys/types.h>
| #endif
| #ifdef HAVE_SYS_STAT_H
| # include <sys/stat.h>
| #endif
| #ifdef STDC_HEADERS
| # include <stdlib.h>
| # include <stddef.h>
| #else
| # ifdef HAVE_STDLIB_H
| #  include <stdlib.h>
| # endif
| #endif
| #ifdef HAVE_STRING_H
| # if !defined STDC_HEADERS && defined HAVE_MEMORY_H
| #  include <memory.h>
| # endif
| # include <string.h>
| #endif
| #ifdef HAVE_STRINGS_H
| # include <strings.h>
| #endif
| #ifdef HAVE_INTTYPES_H
| # include <inttypes.h>
| #endif
| #ifdef HAVE_STDINT_H
| # include <stdint.h>
| #endif
| #ifdef HAVE_UNISTD_H
| # include <unistd.h>
| #endif
| #include <vfork.h>
configure:4320: result: no
configure:4320: checking vfork.h presence
configure:4320: /home/student/Documents/SanntidssalPernambuco/ex8/buildroot/output/staging/usr/bin/avr32-unknown-linux-uclibc-cpp --sysroot=/home/student/Documents/SanntidssalPernambuco/ex8/buildroot/output/staging  conftest.c
conftest.c:32:19: error: vfork.h: No such file or directory
configure:4320: $? = 1
configure: failed program was:
| /* confdefs.h */
| #define PACKAGE_NAME "ifplugd"
| #define PACKAGE_TARNAME "ifplugd"
| #define PACKAGE_VERSION "0.28"
| #define PACKAGE_STRING "ifplugd 0.28"
| #define PACKAGE_BUGREPORT "mzvscyhtq (at) 0pointer (dot) de"
| #define PACKAGE_URL ""
| #define PACKAGE "ifplugd"
| #define VERSION "0.28"
| #define STDC_HEADERS 1
| #define HAVE_SYS_WAIT_H 1
| #define HAVE_SYS_TYPES_H 1
| #define HAVE_SYS_STAT_H 1
| #define HAVE_STDLIB_H 1
| #define HAVE_STRING_H 1
| #define HAVE_MEMORY_H 1
| #define HAVE_STRINGS_H 1
| #define HAVE_INTTYPES_H 1
| #define HAVE_STDINT_H 1
| #define HAVE_UNISTD_H 1
| #define HAVE_FCNTL_H 1
| #define HAVE_LIMITS_H 1
| #define HAVE_NETINET_IN_H 1
| #define HAVE_STDLIB_H 1
| #define HAVE_STRING_H 1
| #define HAVE_SYS_IOCTL_H 1
| #define HAVE_SYS_TIME_H 1
| #define HAVE_SYSLOG_H 1
| #define HAVE_UNISTD_H 1
| #define TIME_WITH_SYS_TIME 1
| /* end confdefs.h.  */
| #include <vfork.h>
configure:4320: result: no
configure:4320: checking for vfork.h
configure:4320: result: no
configure:4333: checking for fork
configure:4333: /home/student/Documents/SanntidssalPernambuco/ex8/buildroot/output/staging/usr/bin/avr32-unknown-linux-uclibc-gcc --sysroot=/home/student/Documents/SanntidssalPernambuco/ex8/buildroot/output/staging -o conftest -Os -pipe -Os  -msoft-float -D_LARGEFILE_SOURCE -D_LARGEFILE64_SOURCE -D_FILE_OFFSET_BITS=64 -I/home/student/Documents/SanntidssalPernambuco/ex8/buildroot/output/staging/usr/include -I/home/student/Documents/SanntidssalPernambuco/ex8/buildroot/output/staging/include -pipe -W -Wall -Wno-unused-parameter  -L/home/student/Documents/SanntidssalPernambuco/ex8/buildroot/output/staging/lib -L/home/student/Documents/SanntidssalPernambuco/ex8/buildroot/output/staging/usr/lib conftest.c  >&5
conftest.c:55: warning: conflicting types for built-in function 'fork'
configure:4333: $? = 0
configure:4333: result: yes
configure:4333: checking for vfork
configure:4333: /home/student/Documents/SanntidssalPernambuco/ex8/buildroot/output/staging/usr/bin/avr32-unknown-linux-uclibc-gcc --sysroot=/home/student/Documents/SanntidssalPernambuco/ex8/buildroot/output/staging -o conftest -Os -pipe -Os  -msoft-float -D_LARGEFILE_SOURCE -D_LARGEFILE64_SOURCE -D_FILE_OFFSET_BITS=64 -I/home/student/Documents/SanntidssalPernambuco/ex8/buildroot/output/staging/usr/include -I/home/student/Documents/SanntidssalPernambuco/ex8/buildroot/output/staging/include -pipe -W -Wall -Wno-unused-parameter  -L/home/student/Documents/SanntidssalPernambuco/ex8/buildroot/output/staging/lib -L/home/student/Documents/SanntidssalPernambuco/ex8/buildroot/output/staging/usr/lib conftest.c  >&5
configure:4333: $? = 0
configure:4333: result: yes
configure:4344: checking for working fork
configure:4376: result: cross
configure:4392: WARNING: result yes guessed because of cross compilation
configure:4397: checking for working vfork
configure:4507: result: yes
configure:4533: checking whether /home/student/Documents/SanntidssalPernambuco/ex8/buildroot/output/staging/usr/bin/avr32-unknown-linux-uclibc-gcc --sysroot=/home/student/Documents/SanntidssalPernambuco/ex8/buildroot/output/staging needs -traditional
conftest.c:36:19: error: sgtty.h: No such file or directory
configure:4567: result: no
configure:4577: checking sys/select.h usability
configure:4577: /home/student/Documents/SanntidssalPernambuco/ex8/buildroot/output/staging/usr/bin/avr32-unknown-linux-uclibc-gcc --sysroot=/home/student/Documents/SanntidssalPernambuco/ex8/buildroot/output/staging -c -Os -pipe -Os  -msoft-float -D_LARGEFILE_SOURCE -D_LARGEFILE64_SOURCE -D_FILE_OFFSET_BITS=64 -I/home/student/Documents/SanntidssalPernambuco/ex8/buildroot/output/staging/usr/include -I/home/student/Documents/SanntidssalPernambuco/ex8/buildroot/output/staging/include -pipe -W -Wall -Wno-unused-parameter  conftest.c >&5
configure:4577: $? = 0
configure:4577: result: yes
configure:4577: checking sys/select.h presence
configure:4577: /home/student/Documents/SanntidssalPernambuco/ex8/buildroot/output/staging/usr/bin/avr32-unknown-linux-uclibc-cpp --sysroot=/home/student/Documents/SanntidssalPernambuco/ex8/buildroot/output/staging  conftest.c
configure:4577: $? = 0
configure:4577: result: yes
configure:4577: checking for sys/select.h
configure:4577: result: yes
configure:4577: checking sys/socket.h usability
configure:4577: /home/student/Documents/SanntidssalPernambuco/ex8/buildroot/output/staging/usr/bin/avr32-unknown-linux-uclibc-gcc --sysroot=/home/student/Documents/SanntidssalPernambuco/ex8/buildroot/output/staging -c -Os -pipe -Os  -msoft-float -D_LARGEFILE_SOURCE -D_LARGEFILE64_SOURCE -D_FILE_OFFSET_BITS=64 -I/home/student/Documents/SanntidssalPernambuco/ex8/buildroot/output/staging/usr/include -I/home/student/Documents/SanntidssalPernambuco/ex8/buildroot/output/staging/include -pipe -W -Wall -Wno-unused-parameter  conftest.c >&5
configure:4577: $? = 0
configure:4577: result: yes
configure:4577: checking sys/socket.h presence
configure:4577: /home/student/Documents/SanntidssalPernambuco/ex8/buildroot/output/staging/usr/bin/avr32-unknown-linux-uclibc-cpp --sysroot=/home/student/Documents/SanntidssalPernambuco/ex8/buildroot/output/staging  conftest.c
configure:4577: $? = 0
configure:4577: result: yes
configure:4577: checking for sys/socket.h
configure:4577: result: yes
configure:4588: checking types of arguments for select
configure:4616: /home/student/Documents/SanntidssalPernambuco/ex8/buildroot/output/staging/usr/bin/avr32-unknown-linux-uclibc-gcc --sysroot=/home/student/Documents/SanntidssalPernambuco/ex8/buildroot/output/staging -c -Os -pipe -Os  -msoft-float -D_LARGEFILE_SOURCE -D_LARGEFILE64_SOURCE -D_FILE_OFFSET_BITS=64 -I/home/student/Documents/SanntidssalPernambuco/ex8/buildroot/output/staging/usr/include -I/home/student/Documents/SanntidssalPernambuco/ex8/buildroot/output/staging/include -pipe -W -Wall -Wno-unused-parameter  conftest.c >&5
configure:4616: $? = 0
configure:4627: result: int,fd_set *,struct timeval *
configure:4652: checking for stdlib.h
configure:4652: result: yes
configure:4662: checking for GNU libc compatible malloc
configure:4696: result: yes
configure:4717: checking return type of signal handlers
configure:4735: /home/student/Documents/SanntidssalPernambuco/ex8/buildroot/output/staging/usr/bin/avr32-unknown-linux-uclibc-gcc --sysroot=/home/student/Documents/SanntidssalPernambuco/ex8/buildroot/output/staging -c -Os -pipe -Os  -msoft-float -D_LARGEFILE_SOURCE -D_LARGEFILE64_SOURCE -D_FILE_OFFSET_BITS=64 -I/home/student/Documents/SanntidssalPernambuco/ex8/buildroot/output/staging/usr/include -I/home/student/Documents/SanntidssalPernambuco/ex8/buildroot/output/staging/include -pipe -W -Wall -Wno-unused-parameter  conftest.c >&5
conftest.c: In function 'main':
conftest.c:49: error: void value not ignored as it ought to be
configure:4735: $? = 1
configure: failed program was:
| /* confdefs.h */
| #define PACKAGE_NAME "ifplugd"
| #define PACKAGE_TARNAME "ifplugd"
| #define PACKAGE_VERSION "0.28"
| #define PACKAGE_STRING "ifplugd 0.28"
| #define PACKAGE_BUGREPORT "mzvscyhtq (at) 0pointer (dot) de"
| #define PACKAGE_URL ""
| #define PACKAGE "ifplugd"
| #define VERSION "0.28"
| #define STDC_HEADERS 1
| #define HAVE_SYS_WAIT_H 1
| #define HAVE_SYS_TYPES_H 1
| #define HAVE_SYS_STAT_H 1
| #define HAVE_STDLIB_H 1
| #define HAVE_STRING_H 1
| #define HAVE_MEMORY_H 1
| #define HAVE_STRINGS_H 1
| #define HAVE_INTTYPES_H 1
| #define HAVE_STDINT_H 1
| #define HAVE_UNISTD_H 1
| #define HAVE_FCNTL_H 1
| #define HAVE_LIMITS_H 1
| #define HAVE_NETINET_IN_H 1
| #define HAVE_STDLIB_H 1
| #define HAVE_STRING_H 1
| #define HAVE_SYS_IOCTL_H 1
| #define HAVE_SYS_TIME_H 1
| #define HAVE_SYSLOG_H 1
| #define HAVE_UNISTD_H 1
| #define TIME_WITH_SYS_TIME 1
| #define HAVE_FORK 1
| #define HAVE_VFORK 1
| #define HAVE_WORKING_VFORK 1
| #define HAVE_WORKING_FORK 1
| #define HAVE_SYS_SELECT_H 1
| #define HAVE_SYS_SOCKET_H 1
| #define SELECT_TYPE_ARG1 int
| #define SELECT_TYPE_ARG234 (fd_set *)
| #define SELECT_TYPE_ARG5 (struct timeval *)
| #define HAVE_STDLIB_H 1
| #define HAVE_MALLOC 1
| /* end confdefs.h.  */
| #include <sys/types.h>
| #include <signal.h>
| 
| int
| main ()
| {
| return *(signal (0, 0)) (0) == 1;
|   ;
|   return 0;
| }
configure:4742: result: void
configure:4752: checking for vprintf
configure:4752: /home/student/Documents/SanntidssalPernambuco/ex8/buildroot/output/staging/usr/bin/avr32-unknown-linux-uclibc-gcc --sysroot=/home/student/Documents/SanntidssalPernambuco/ex8/buildroot/output/staging -o conftest -Os -pipe -Os  -msoft-float -D_LARGEFILE_SOURCE -D_LARGEFILE64_SOURCE -D_FILE_OFFSET_BITS=64 -I/home/student/Documents/SanntidssalPernambuco/ex8/buildroot/output/staging/usr/include -I/home/student/Documents/SanntidssalPernambuco/ex8/buildroot/output/staging/include -pipe -W -Wall -Wno-unused-parameter  -L/home/student/Documents/SanntidssalPernambuco/ex8/buildroot/output/staging/lib -L/home/student/Documents/SanntidssalPernambuco/ex8/buildroot/output/staging/usr/lib conftest.c  >&5
conftest.c:67: warning: conflicting types for built-in function 'vprintf'
configure:4752: $? = 0
configure:4752: result: yes
configure:4758: checking for _doprnt
configure:4758: /home/student/Documents/SanntidssalPernambuco/ex8/buildroot/output/staging/usr/bin/avr32-unknown-linux-uclibc-gcc --sysroot=/home/student/Documents/SanntidssalPernambuco/ex8/buildroot/output/staging -o conftest -Os -pipe -Os  -msoft-float -D_LARGEFILE_SOURCE -D_LARGEFILE64_SOURCE -D_FILE_OFFSET_BITS=64 -I/home/student/Documents/SanntidssalPernambuco/ex8/buildroot/output/staging/usr/include -I/home/student/Documents/SanntidssalPernambuco/ex8/buildroot/output/staging/include -pipe -W -Wall -Wno-unused-parameter  -L/home/student/Documents/SanntidssalPernambuco/ex8/buildroot/output/staging/lib -L/home/student/Documents/SanntidssalPernambuco/ex8/buildroot/output/staging/usr/lib conftest.c  >&5
/tmp/ccofEU4a.o: In function `main':
conftest.c:(.text+0x6): undefined reference to `_doprnt'
collect2: ld returned 1 exit status
configure:4758: $? = 1
configure: failed program was:
| /* confdefs.h */
| #define PACKAGE_NAME "ifplugd"
| #define PACKAGE_TARNAME "ifplugd"
| #define PACKAGE_VERSION "0.28"
| #define PACKAGE_STRING "ifplugd 0.28"
| #define PACKAGE_BUGREPORT "mzvscyhtq (at) 0pointer (dot) de"
| #define PACKAGE_URL ""
| #define PACKAGE "ifplugd"
| #define VERSION "0.28"
| #define STDC_HEADERS 1
| #define HAVE_SYS_WAIT_H 1
| #define HAVE_SYS_TYPES_H 1
| #define HAVE_SYS_STAT_H 1
| #define HAVE_STDLIB_H 1
| #define HAVE_STRING_H 1
| #define HAVE_MEMORY_H 1
| #define HAVE_STRINGS_H 1
| #define HAVE_INTTYPES_H 1
| #define HAVE_STDINT_H 1
| #define HAVE_UNISTD_H 1
| #define HAVE_FCNTL_H 1
| #define HAVE_LIMITS_H 1
| #define HAVE_NETINET_IN_H 1
| #define HAVE_STDLIB_H 1
| #define HAVE_STRING_H 1
| #define HAVE_SYS_IOCTL_H 1
| #define HAVE_SYS_TIME_H 1
| #define HAVE_SYSLOG_H 1
| #define HAVE_UNISTD_H 1
| #define TIME_WITH_SYS_TIME 1
| #define HAVE_FORK 1
| #define HAVE_VFORK 1
| #define HAVE_WORKING_VFORK 1
| #define HAVE_WORKING_FORK 1
| #define HAVE_SYS_SELECT_H 1
| #define HAVE_SYS_SOCKET_H 1
| #define SELECT_TYPE_ARG1 int
| #define SELECT_TYPE_ARG234 (fd_set *)
| #define SELECT_TYPE_ARG5 (struct timeval *)
| #define HAVE_STDLIB_H 1
| #define HAVE_MALLOC 1
| #define RETSIGTYPE void
| #define HAVE_VPRINTF 1
| /* end confdefs.h.  */
| /* Define _doprnt to an innocuous variant, in case <limits.h> declares _doprnt.
|    For example, HP-UX 11i <limits.h> declares gettimeofday.  */
| #define _doprnt innocuous__doprnt
| 
| /* System header to define __stub macros and hopefully few prototypes,
|     which can conflict with char _doprnt (); below.
|     Prefer <limits.h> to <assert.h> if __STDC__ is defined, since
|     <limits.h> exists even on freestanding compilers.  */
| 
| #ifdef __STDC__
| # include <limits.h>
| #else
| # include <assert.h>
| #endif
| 
| #undef _doprnt
| 
| /* Override any GCC internal prototype to avoid an error.
|    Use char because int might match the return type of a GCC
|    builtin and then its argument prototype would still apply.  */
| #ifdef __cplusplus
| extern "C"
| #endif
| char _doprnt ();
| /* The GNU C library defines this for functions which it implements
|     to always fail with ENOSYS.  Some functions are actually named
|     something starting with __ and the normal name is an alias.  */
| #if defined __stub__doprnt || defined __stub____doprnt
| choke me
| #endif
| 
| int
| main ()
| {
| return _doprnt ();
|   ;
|   return 0;
| }
configure:4758: result: no
configure:4772: checking for alarm
configure:4772: /home/student/Documents/SanntidssalPernambuco/ex8/buildroot/output/staging/usr/bin/avr32-unknown-linux-uclibc-gcc --sysroot=/home/student/Documents/SanntidssalPernambuco/ex8/buildroot/output/staging -o conftest -Os -pipe -Os  -msoft-float -D_LARGEFILE_SOURCE -D_LARGEFILE64_SOURCE -D_FILE_OFFSET_BITS=64 -I/home/student/Documents/SanntidssalPernambuco/ex8/buildroot/output/staging/usr/include -I/home/student/Documents/SanntidssalPernambuco/ex8/buildroot/output/staging/include -pipe -W -Wall -Wno-unused-parameter  -L/home/student/Documents/SanntidssalPernambuco/ex8/buildroot/output/staging/lib -L/home/student/Documents/SanntidssalPernambuco/ex8/buildroot/output/staging/usr/lib conftest.c  >&5
configure:4772: $? = 0
configure:4772: result: yes
configure:4772: checking for dup2
configure:4772: /home/student/Documents/SanntidssalPernambuco/ex8/buildroot/output/staging/usr/bin/avr32-unknown-linux-uclibc-gcc --sysroot=/home/student/Documents/SanntidssalPernambuco/ex8/buildroot/output/staging -o conftest -Os -pipe -Os  -msoft-float -D_LARGEFILE_SOURCE -D_LARGEFILE64_SOURCE -D_FILE_OFFSET_BITS=64 -I/home/student/Documents/SanntidssalPernambuco/ex8/buildroot/output/staging/usr/include -I/home/student/Documents/SanntidssalPernambuco/ex8/buildroot/output/staging/include -pipe -W -Wall -Wno-unused-parameter  -L/home/student/Documents/SanntidssalPernambuco/ex8/buildroot/output/staging/lib -L/home/student/Documents/SanntidssalPernambuco/ex8/buildroot/output/staging/usr/lib conftest.c  >&5
configure:4772: $? = 0
configure:4772: result: yes
configure:4772: checking for memset
configure:4772: /home/student/Documents/SanntidssalPernambuco/ex8/buildroot/output/staging/usr/bin/avr32-unknown-linux-uclibc-gcc --sysroot=/home/student/Documents/SanntidssalPernambuco/ex8/buildroot/output/staging -o conftest -Os -pipe -Os  -msoft-float -D_LARGEFILE_SOURCE -D_LARGEFILE64_SOURCE -D_FILE_OFFSET_BITS=64 -I/home/student/Documents/SanntidssalPernambuco/ex8/buildroot/output/staging/usr/include -I/home/student/Documents/SanntidssalPernambuco/ex8/buildroot/output/staging/include -pipe -W -Wall -Wno-unused-parameter  -L/home/student/Documents/SanntidssalPernambuco/ex8/buildroot/output/staging/lib -L/home/student/Documents/SanntidssalPernambuco/ex8/buildroot/output/staging/usr/lib conftest.c  >&5
conftest.c:70: warning: conflicting types for built-in function 'memset'
configure:4772: $? = 0
configure:4772: result: yes
configure:4772: checking for select
configure:4772: /home/student/Documents/SanntidssalPernambuco/ex8/buildroot/output/staging/usr/bin/avr32-unknown-linux-uclibc-gcc --sysroot=/home/student/Documents/SanntidssalPernambuco/ex8/buildroot/output/staging -o conftest -Os -pipe -Os  -msoft-float -D_LARGEFILE_SOURCE -D_LARGEFILE64_SOURCE -D_FILE_OFFSET_BITS=64 -I/home/student/Documents/SanntidssalPernambuco/ex8/buildroot/output/staging/usr/include -I/home/student/Documents/SanntidssalPernambuco/ex8/buildroot/output/staging/include -pipe -W -Wall -Wno-unused-parameter  -L/home/student/Documents/SanntidssalPernambuco/ex8/buildroot/output/staging/lib -L/home/student/Documents/SanntidssalPernambuco/ex8/buildroot/output/staging/usr/lib conftest.c  >&5
configure:4772: $? = 0
configure:4772: result: yes
configure:4772: checking for setenv
configure:4772: /home/student/Documents/SanntidssalPernambuco/ex8/buildroot/output/staging/usr/bin/avr32-unknown-linux-uclibc-gcc --sysroot=/home/student/Documents/SanntidssalPernambuco/ex8/buildroot/output/staging -o conftest -Os -pipe -Os  -msoft-float -D_LARGEFILE_SOURCE -D_LARGEFILE64_SOURCE -D_FILE_OFFSET_BITS=64 -I/home/student/Documents/SanntidssalPernambuco/ex8/buildroot/output/staging/usr/include -I/home/student/Documents/SanntidssalPernambuco/ex8/buildroot/output/staging/include -pipe -W -Wall -Wno-unused-parameter  -L/home/student/Documents/SanntidssalPernambuco/ex8/buildroot/output/staging/lib -L/home/student/Documents/SanntidssalPernambuco/ex8/buildroot/output/staging/usr/lib conftest.c  >&5
configure:4772: $? = 0
configure:4772: result: yes
configure:4772: checking for socket
configure:4772: /home/student/Documents/SanntidssalPernambuco/ex8/buildroot/output/staging/usr/bin/avr32-unknown-linux-uclibc-gcc --sysroot=/home/student/Documents/SanntidssalPernambuco/ex8/buildroot/output/staging -o conftest -Os -pipe -Os  -msoft-float -D_LARGEFILE_SOURCE -D_LARGEFILE64_SOURCE -D_FILE_OFFSET_BITS=64 -I/home/student/Documents/SanntidssalPernambuco/ex8/buildroot/output/staging/usr/include -I/home/student/Documents/SanntidssalPernambuco/ex8/buildroot/output/staging/include -pipe -W -Wall -Wno-unused-parameter  -L/home/student/Documents/SanntidssalPernambuco/ex8/buildroot/output/staging/lib -L/home/student/Documents/SanntidssalPernambuco/ex8/buildroot/output/staging/usr/lib conftest.c  >&5
configure:4772: $? = 0
configure:4772: result: yes
configure:4772: checking for strchr
configure:4772: /home/student/Documents/SanntidssalPernambuco/ex8/buildroot/output/staging/usr/bin/avr32-unknown-linux-uclibc-gcc --sysroot=/home/student/Documents/SanntidssalPernambuco/ex8/buildroot/output/staging -o conftest -Os -pipe -Os  -msoft-float -D_LARGEFILE_SOURCE -D_LARGEFILE64_SOURCE -D_FILE_OFFSET_BITS=64 -I/home/student/Documents/SanntidssalPernambuco/ex8/buildroot/output/staging/usr/include -I/home/student/Documents/SanntidssalPernambuco/ex8/buildroot/output/staging/include -pipe -W -Wall -Wno-unused-parameter  -L/home/student/Documents/SanntidssalPernambuco/ex8/buildroot/output/staging/lib -L/home/student/Documents/SanntidssalPernambuco/ex8/buildroot/output/staging/usr/lib conftest.c  >&5
conftest.c:74: warning: conflicting types for built-in function 'strchr'
configure:4772: $? = 0
configure:4772: result: yes
configure:4772: checking for strdup
configure:4772: /home/student/Documents/SanntidssalPernambuco/ex8/buildroot/output/staging/usr/bin/avr32-unknown-linux-uclibc-gcc --sysroot=/home/student/Documents/SanntidssalPernambuco/ex8/buildroot/output/staging -o conftest -Os -pipe -Os  -msoft-float -D_LARGEFILE_SOURCE -D_LARGEFILE64_SOURCE -D_FILE_OFFSET_BITS=64 -I/home/student/Documents/SanntidssalPernambuco/ex8/buildroot/output/staging/usr/include -I/home/student/Documents/SanntidssalPernambuco/ex8/buildroot/output/staging/include -pipe -W -Wall -Wno-unused-parameter  -L/home/student/Documents/SanntidssalPernambuco/ex8/buildroot/output/staging/lib -L/home/student/Documents/SanntidssalPernambuco/ex8/buildroot/output/staging/usr/lib conftest.c  >&5
conftest.c:75: warning: conflicting types for built-in function 'strdup'
configure:4772: $? = 0
configure:4772: result: yes
configure:4772: checking for strerror
configure:4772: /home/student/Documents/SanntidssalPernambuco/ex8/buildroot/output/staging/usr/bin/avr32-unknown-linux-uclibc-gcc --sysroot=/home/student/Documents/SanntidssalPernambuco/ex8/buildroot/output/staging -o conftest -Os -pipe -Os  -msoft-float -D_LARGEFILE_SOURCE -D_LARGEFILE64_SOURCE -D_FILE_OFFSET_BITS=64 -I/home/student/Documents/SanntidssalPernambuco/ex8/buildroot/output/staging/usr/include -I/home/student/Documents/SanntidssalPernambuco/ex8/buildroot/output/staging/include -pipe -W -Wall -Wno-unused-parameter  -L/home/student/Documents/SanntidssalPernambuco/ex8/buildroot/output/staging/lib -L/home/student/Documents/SanntidssalPernambuco/ex8/buildroot/output/staging/usr/lib conftest.c  >&5
configure:4772: $? = 0
configure:4772: result: yes
configure:4772: checking for strrchr
configure:4772: /home/student/Documents/SanntidssalPernambuco/ex8/buildroot/output/staging/usr/bin/avr32-unknown-linux-uclibc-gcc --sysroot=/home/student/Documents/SanntidssalPernambuco/ex8/buildroot/output/staging -o conftest -Os -pipe -Os  -msoft-float -D_LARGEFILE_SOURCE -D_LARGEFILE64_SOURCE -D_FILE_OFFSET_BITS=64 -I/home/student/Documents/SanntidssalPernambuco/ex8/buildroot/output/staging/usr/include -I/home/student/Documents/SanntidssalPernambuco/ex8/buildroot/output/staging/include -pipe -W -Wall -Wno-unused-parameter  -L/home/student/Documents/SanntidssalPernambuco/ex8/buildroot/output/staging/lib -L/home/student/Documents/SanntidssalPernambuco/ex8/buildroot/output/staging/usr/lib conftest.c  >&5
conftest.c:77: warning: conflicting types for built-in function 'strrchr'
configure:4772: $? = 0
configure:4772: result: yes
configure:4772: checking for strspn
configure:4772: /home/student/Documents/SanntidssalPernambuco/ex8/buildroot/output/staging/usr/bin/avr32-unknown-linux-uclibc-gcc --sysroot=/home/student/Documents/SanntidssalPernambuco/ex8/buildroot/output/staging -o conftest -Os -pipe -Os  -msoft-float -D_LARGEFILE_SOURCE -D_LARGEFILE64_SOURCE -D_FILE_OFFSET_BITS=64 -I/home/student/Documents/SanntidssalPernambuco/ex8/buildroot/output/staging/usr/include -I/home/student/Documents/SanntidssalPernambuco/ex8/buildroot/output/staging/include -pipe -W -Wall -Wno-unused-parameter  -L/home/student/Documents/SanntidssalPernambuco/ex8/buildroot/output/staging/lib -L/home/student/Documents/SanntidssalPernambuco/ex8/buildroot/output/staging/usr/lib conftest.c  >&5
conftest.c:78: warning: conflicting types for built-in function 'strspn'
configure:4772: $? = 0
configure:4772: result: yes
configure:4887: checking pkg-config is at least version 0.9.0
configure:4890: result: yes
configure:4901: checking for LIBDAEMON
configure:4908: $PKG_CONFIG --exists --print-errors " libdaemon >= 0.5 "
configure:4911: $? = 0
configure:4924: $PKG_CONFIG --exists --print-errors " libdaemon >= 0.5 "
configure:4927: $? = 0
configure:4981: result: yes
configure:5012: *** Init sript will be installed in /etc/init.d ***
configure:5099: checking for xmltoman
configure:5127: result: no
configure:5137: WARNING: *** Not rebuilding man pages as xmltoman is not found ***
configure:5168: checking for svn
configure:5184: found /usr/bin/svn
configure:5196: result: yes
configure:5345: creating ./config.status

## ---------------------- ##
## Running config.status. ##
## ---------------------- ##

This file was extended by ifplugd config.status 0.28, which was
generated by GNU Autoconf 2.65.  Invocation command line was

  CONFIG_FILES    = 
  CONFIG_HEADERS  = 
  CONFIG_LINKS    = 
  CONFIG_COMMANDS = 
  $ ./config.status 

on Sanntid

config.status:6298: creating src/Makefile
config.status:6298: creating Makefile
config.status:6298: creating man/Makefile
config.status:6298: creating conf/Makefile
config.status:6298: creating doc/Makefile
config.status:6298: creating doc/README.html
config.status:6298: creating patches/Makefile
config.status:6298: creating ifplugd.spec
config.status:6298: creating config.h
config.status:6523: executing depfiles commands
configure:6648: WARNING: unrecognized options: --disable-gtk-doc, --disable-nls

## ---------------- ##
## Cache variables. ##
## ---------------- ##

ac_cv_c_bigendian='yes'
ac_cv_c_compiler_gnu='yes'
ac_cv_c_const='yes'
ac_cv_c_volatile='yes'
ac_cv_env_CC_set='set'
ac_cv_env_CC_value='/home/student/Documents/SanntidssalPernambuco/ex8/buildroot/output/staging/usr/bin/avr32-unknown-linux-uclibc-gcc --sysroot=/home/student/Documents/SanntidssalPernambuco/ex8/buildroot/output/staging'
ac_cv_env_CFLAGS_set='set'
ac_cv_env_CFLAGS_value='-Os -pipe -Os  -msoft-float -D_LARGEFILE_SOURCE -D_LARGEFILE64_SOURCE -D_FILE_OFFSET_BITS=64 -I/home/student/Documents/SanntidssalPernambuco/ex8/buildroot/output/staging/usr/include -I/home/student/Documents/SanntidssalPernambuco/ex8/buildroot/output/staging/include'
ac_cv_env_CPPFLAGS_set=''
ac_cv_env_CPPFLAGS_value=''
ac_cv_env_CPP_set='set'
ac_cv_env_CPP_value='/home/student/Documents/SanntidssalPernambuco/ex8/buildroot/output/staging/usr/bin/avr32-unknown-linux-uclibc-cpp --sysroot=/home/student/Documents/SanntidssalPernambuco/ex8/buildroot/output/staging'
ac_cv_env_LDFLAGS_set='set'
ac_cv_env_LDFLAGS_value='-L/home/student/Documents/SanntidssalPernambuco/ex8/buildroot/output/staging/lib -L/home/student/Documents/SanntidssalPernambuco/ex8/buildroot/output/staging/usr/lib'
ac_cv_env_LIBDAEMON_CFLAGS_set=''
ac_cv_env_LIBDAEMON_CFLAGS_value=''
ac_cv_env_LIBDAEMON_LIBS_set=''
ac_cv_env_LIBDAEMON_LIBS_value=''
ac_cv_env_LIBS_set=''
ac_cv_env_LIBS_value=''
ac_cv_env_PKG_CONFIG_set='set'
ac_cv_env_PKG_CONFIG_value='/home/student/Documents/SanntidssalPernambuco/ex8/buildroot/output/host/usr/bin/pkg-config'
ac_cv_env_build_alias_set='set'
ac_cv_env_build_alias_value='x86_64-unknown-linux-gnu'
ac_cv_env_host_alias_set='set'
ac_cv_env_host_alias_value='avr32-linux'
ac_cv_env_target_alias_set='set'
ac_cv_env_target_alias_value='avr32-linux'
ac_cv_func__doprnt='no'
ac_cv_func_alarm='yes'
ac_cv_func_calloc_0_nonnull='yes'
ac_cv_func_dup2='yes'
ac_cv_func_fork='yes'
ac_cv_func_fork_works='yes'
ac_cv_func_malloc_0_nonnull='yes'
ac_cv_func_memcmp_working='yes'
ac_cv_func_memset='yes'
ac_cv_func_mmap_fixed_mapped='yes'
ac_cv_func_realloc_0_nonnull='yes'
ac_cv_func_select='yes'
ac_cv_func_select_args='int,fd_set *,struct timeval *'
ac_cv_func_setenv='yes'
ac_cv_func_socket='yes'
ac_cv_func_strchr='yes'
ac_cv_func_strdup='yes'
ac_cv_func_strerror='yes'
ac_cv_func_strrchr='yes'
ac_cv_func_strspn='yes'
ac_cv_func_vfork='yes'
ac_cv_func_vfork_works='yes'
ac_cv_func_vprintf='yes'
ac_cv_have_decl_malloc='yes'
ac_cv_header_fcntl_h='yes'
ac_cv_header_inttypes_h='yes'
ac_cv_header_limits_h='yes'
ac_cv_header_memory_h='yes'
ac_cv_header_netinet_in_h='yes'
ac_cv_header_stdc='yes'
ac_cv_header_stdint_h='yes'
ac_cv_header_stdlib_h='yes'
ac_cv_header_string_h='yes'
ac_cv_header_strings_h='yes'
ac_cv_header_sys_ioctl_h='yes'
ac_cv_header_sys_select_h='yes'
ac_cv_header_sys_socket_h='yes'
ac_cv_header_sys_stat_h='yes'
ac_cv_header_sys_time_h='yes'
ac_cv_header_sys_types_h='yes'
ac_cv_header_sys_wait_h='yes'
ac_cv_header_syslog_h='yes'
ac_cv_header_time='yes'
ac_cv_header_unistd_h='yes'
ac_cv_header_vfork_h='no'
ac_cv_lbl_unaligned_fail='yes'
ac_cv_objext='o'
ac_cv_path_EGREP='/bin/grep -E'
ac_cv_path_GREP='/bin/grep'
ac_cv_path_install='/usr/bin/install -c'
ac_cv_path_mkdir='/bin/mkdir'
ac_cv_prog_AWK='gawk'
ac_cv_prog_CC='/home/student/Documents/SanntidssalPernambuco/ex8/buildroot/output/staging/usr/bin/avr32-unknown-linux-uclibc-gcc --sysroot=/home/student/Documents/SanntidssalPernambuco/ex8/buildroot/output/staging'
ac_cv_prog_CPP='/home/student/Documents/SanntidssalPernambuco/ex8/buildroot/output/staging/usr/bin/avr32-unknown-linux-uclibc-cpp --sysroot=/home/student/Documents/SanntidssalPernambuco/ex8/buildroot/output/staging'
ac_cv_prog_STRIP='/home/student/Documents/SanntidssalPernambuco/ex8/buildroot/output/staging/usr/bin/avr32-unknown-linux-uclibc-strip'
ac_cv_prog_cc_c89=''
ac_cv_prog_cc_g='yes'
ac_cv_prog_gcc_traditional='no'
ac_cv_prog_have_subversion='yes'
ac_cv_prog_have_xmltoman='no'
ac_cv_prog_make_make_set='yes'
ac_cv_type_pid_t='yes'
ac_cv_type_signal='void'
am_cv_CC_dependencies_compiler_type='gcc3'
gl_cv_func_malloc_0_nonnull='yes'
pkg_cv_LIBDAEMON_CFLAGS='-D_REENTRANT  '
pkg_cv_LIBDAEMON_LIBS='-ldaemon  '

## ----------------- ##
## Output variables. ##
## ----------------- ##

ACLOCAL='${SHELL} /home/student/Documents/SanntidssalPernambuco/ex8/buildroot/output/build/ifplugd-0.28/missing --run aclocal-1.10'
AMDEPBACKSLASH='\'
AMDEP_FALSE='#'
AMDEP_TRUE=''
AMTAR='${SHELL} /home/student/Documents/SanntidssalPernambuco/ex8/buildroot/output/build/ifplugd-0.28/missing --run tar'
AUTOCONF='${SHELL} /home/student/Documents/SanntidssalPernambuco/ex8/buildroot/output/build/ifplugd-0.28/missing --run autoconf'
AUTOHEADER='${SHELL} /home/student/Documents/SanntidssalPernambuco/ex8/buildroot/output/build/ifplugd-0.28/missing --run autoheader'
AUTOMAKE='${SHELL} /home/student/Documents/SanntidssalPernambuco/ex8/buildroot/output/build/ifplugd-0.28/missing --run automake-1.10'
AWK='gawk'
CC='/home/student/Documents/SanntidssalPernambuco/ex8/buildroot/output/staging/usr/bin/avr32-unknown-linux-uclibc-gcc --sysroot=/home/student/Documents/SanntidssalPernambuco/ex8/buildroot/output/staging'
CCDEPMODE='depmode=gcc3'
CFLAGS='-Os -pipe -Os  -msoft-float -D_LARGEFILE_SOURCE -D_LARGEFILE64_SOURCE -D_FILE_OFFSET_BITS=64 -I/home/student/Documents/SanntidssalPernambuco/ex8/buildroot/output/staging/usr/include -I/home/student/Documents/SanntidssalPernambuco/ex8/buildroot/output/staging/include -pipe -W -Wall -Wno-unused-parameter'
CPP='/home/student/Documents/SanntidssalPernambuco/ex8/buildroot/output/staging/usr/bin/avr32-unknown-linux-uclibc-cpp --sysroot=/home/student/Documents/SanntidssalPernambuco/ex8/buildroot/output/staging'
CPPFLAGS=''
CYGPATH_W='echo'
DEFS='-DHAVE_CONFIG_H'
DEPDIR='.deps'
ECHO_C=''
ECHO_N='-n'
ECHO_T=''
EGREP='/bin/grep -E'
EXEEXT=''
GREP='/bin/grep'
INSTALL_DATA='${INSTALL} -m 644'
INSTALL_PROGRAM='${INSTALL}'
INSTALL_SCRIPT='${INSTALL}'
INSTALL_STRIP_PROGRAM='$(install_sh) -c -s'
LDFLAGS='-L/home/student/Documents/SanntidssalPernambuco/ex8/buildroot/output/staging/lib -L/home/student/Documents/SanntidssalPernambuco/ex8/buildroot/output/staging/usr/lib'
LIBDAEMON_CFLAGS='-D_REENTRANT  '
LIBDAEMON_LIBS='-ldaemon  '
LIBOBJS=''
LIBS=''
LN_S='ln -s'
LTLIBOBJS=''
MAKEINFO='${SHELL} /home/student/Documents/SanntidssalPernambuco/ex8/buildroot/output/build/ifplugd-0.28/missing --run makeinfo'
MKDIR_P='/bin/mkdir -p'
OBJEXT='o'
PACKAGE='ifplugd'
PACKAGE_BUGREPORT='mzvscyhtq (at) 0pointer (dot) de'
PACKAGE_NAME='ifplugd'
PACKAGE_STRING='ifplugd 0.28'
PACKAGE_TARNAME='ifplugd'
PACKAGE_URL='http://0pointer.de/lennart/projects/ifplugd/'
PACKAGE_VERSION='0.28'
PATH_SEPARATOR=':'
PKG_CONFIG='/home/student/Documents/SanntidssalPernambuco/ex8/buildroot/output/host/usr/bin/pkg-config'
SET_MAKE=''
SHELL='/bin/bash'
STRIP='/home/student/Documents/SanntidssalPernambuco/ex8/buildroot/output/staging/usr/bin/avr32-unknown-linux-uclibc-strip'
SYSINITDIR='/etc/init.d'
USE_LYNX_FALSE=''
USE_LYNX_TRUE='#'
USE_SUBVERSION_FALSE='#'
USE_SUBVERSION_TRUE=''
USE_XMLTOMAN_FALSE=''
USE_XMLTOMAN_TRUE='#'
VERSION='0.28'
ac_ct_CC=''
am__fastdepCC_FALSE='#'
am__fastdepCC_TRUE=''
am__include='include'
am__isrc=''
am__leading_dot='.'
am__quote=''
am__tar='${AMTAR} chof - "$$tardir"'
am__untar='${AMTAR} xf -'
bindir='${exec_prefix}/bin'
build_alias='x86_64-unknown-linux-gnu'
datadir='${datarootdir}'
datarootdir='${prefix}/share'
docdir='${datarootdir}/doc/${PACKAGE_TARNAME}'
dvidir='${docdir}'
exec_prefix='/usr'
have_lynx=''
have_subversion='yes'
have_xmltoman='no'
host_alias='avr32-linux'
htmldir='${docdir}'
includedir='${prefix}/include'
infodir='${datarootdir}/info'
install_sh='$(SHELL) /home/student/Documents/SanntidssalPernambuco/ex8/buildroot/output/build/ifplugd-0.28/install-sh'
libdir='${exec_prefix}/lib'
libexecdir='${exec_prefix}/libexec'
localedir='${datarootdir}/locale'
localstatedir='${prefix}/var'
mandir='${datarootdir}/man'
mkdir_p='/bin/mkdir -p'
oldincludedir='/usr/include'
pdfdir='${docdir}'
prefix='/usr'
program_transform_name='s,x,x,'
psdir='${docdir}'
sbindir='${exec_prefix}/sbin'
sharedstatedir='${prefix}/com'
sysconfdir='/etc'
target_alias='avr32-linux'

## ----------- ##
## confdefs.h. ##
## ----------- ##

/* confdefs.h */
#define PACKAGE_NAME "ifplugd"
#define PACKAGE_TARNAME "ifplugd"
#define PACKAGE_VERSION "0.28"
#define PACKAGE_STRING "ifplugd 0.28"
#define PACKAGE_BUGREPORT "mzvscyhtq (at) 0pointer (dot) de"
#define PACKAGE_URL ""
#define PACKAGE "ifplugd"
#define VERSION "0.28"
#define STDC_HEADERS 1
#define HAVE_SYS_WAIT_H 1
#define HAVE_SYS_TYPES_H 1
#define HAVE_SYS_STAT_H 1
#define HAVE_STDLIB_H 1
#define HAVE_STRING_H 1
#define HAVE_MEMORY_H 1
#define HAVE_STRINGS_H 1
#define HAVE_INTTYPES_H 1
#define HAVE_STDINT_H 1
#define HAVE_UNISTD_H 1
#define HAVE_FCNTL_H 1
#define HAVE_LIMITS_H 1
#define HAVE_NETINET_IN_H 1
#define HAVE_STDLIB_H 1
#define HAVE_STRING_H 1
#define HAVE_SYS_IOCTL_H 1
#define HAVE_SYS_TIME_H 1
#define HAVE_SYSLOG_H 1
#define HAVE_UNISTD_H 1
#define TIME_WITH_SYS_TIME 1
#define HAVE_FORK 1
#define HAVE_VFORK 1
#define HAVE_WORKING_VFORK 1
#define HAVE_WORKING_FORK 1
#define HAVE_SYS_SELECT_H 1
#define HAVE_SYS_SOCKET_H 1
#define SELECT_TYPE_ARG1 int
#define SELECT_TYPE_ARG234 (fd_set *)
#define SELECT_TYPE_ARG5 (struct timeval *)
#define HAVE_STDLIB_H 1
#define HAVE_MALLOC 1
#define RETSIGTYPE void
#define HAVE_VPRINTF 1
#define HAVE_ALARM 1
#define HAVE_DUP2 1
#define HAVE_MEMSET 1
#define HAVE_SELECT 1
#define HAVE_SETENV 1
#define HAVE_SOCKET 1
#define HAVE_STRCHR 1
#define HAVE_STRDUP 1
#define HAVE_STRERROR 1
#define HAVE_STRRCHR 1
#define HAVE_STRSPN 1

configure: exit 0
