This file contains any messages produced by compilers while
running configure, to aid debugging if configure makes a mistake.

It was created by configure, which was
generated by GNU Autoconf 2.59.  Invocation command line was

  $ /home/student/Documents/SanntidssalPernambuco/ex8/buildroot/output/toolchain/binutils-2.18-avr32-1.0.1/opcodes/configure --cache-file=./config.cache --with-gnu-as --with-gnu-ld --prefix=/home/student/Documents/SanntidssalPernambuco/ex8/buildroot/output/staging/usr --with-sysroot=/home/student/Documents/SanntidssalPernambuco/ex8/buildroot/output/toolchain/uClibc_dev/ --with-sysroot=/home/student/Documents/SanntidssalPernambuco/ex8/buildroot/output/staging --disable-nls --disable-multilib --disable-werror --with-gmp=/home/student/Documents/SanntidssalPernambuco/ex8/buildroot/output/toolchain/gmp --with-mpfr=/home/student/Documents/SanntidssalPernambuco/ex8/buildroot/output/toolchain/mpfr --program-transform-name=s,^,avr32-unknown-linux-uclibc-, --build=x86_64-unknown-linux-gnu --host=x86_64-unknown-linux-gnu --target=avr32-unknown-linux-uclibc --srcdir=/home/student/Documents/SanntidssalPernambuco/ex8/buildroot/output/toolchain/binutils-2.18-avr32-1.0.1/opcodes

## --------- ##
## Platform. ##
## --------- ##

hostname = Sanntid
uname -m = x86_64
uname -r = 3.5.7-xenomai-2.6.2.1
uname -s = Linux
uname -v = #1 SMP Sat Feb 9 15:03:06 CST 2013

/usr/bin/uname -p = unknown
/bin/uname -X     = unknown

/bin/arch              = unknown
/usr/bin/arch -k       = unknown
/usr/convex/getsysinfo = unknown
hostinfo               = unknown
/bin/machine           = unknown
/usr/bin/oslevel       = unknown
/bin/universe          = unknown

PATH: /usr/local/sbin
PATH: /usr/local/bin
PATH: /usr/sbin
PATH: /usr/bin
PATH: /sbin
PATH: /bin
PATH: /usr/games
PATH: /usr/local/go/bin


## ----------- ##
## Core tests. ##
## ----------- ##

configure:1395: creating cache ./config.cache
configure:1508: checking build system type
configure:1526: result: x86_64-unknown-linux-gnu
configure:1534: checking host system type
configure:1548: result: x86_64-unknown-linux-gnu
configure:1556: checking target system type
configure:1570: result: avr32-unknown-linux-uclibc
configure:1592: checking for x86_64-unknown-linux-gnu-gcc
configure:1618: result: /usr/bin/gcc
configure:1900: checking for C compiler version
configure:1903: /usr/bin/gcc --version </dev/null >&5
gcc (Ubuntu/Linaro 4.6.3-1ubuntu5) 4.6.3
Copyright (C) 2011 Free Software Foundation, Inc.
This is free software; see the source for copying conditions.  There is NO
warranty; not even for MERCHANTABILITY or FITNESS FOR A PARTICULAR PURPOSE.

configure:1906: $? = 0
configure:1908: /usr/bin/gcc -v </dev/null >&5
Using built-in specs.
COLLECT_GCC=/usr/bin/gcc
COLLECT_LTO_WRAPPER=/usr/lib/gcc/x86_64-linux-gnu/4.6/lto-wrapper
Target: x86_64-linux-gnu
Configured with: ../src/configure -v --with-pkgversion='Ubuntu/Linaro 4.6.3-1ubuntu5' --with-bugurl=file:///usr/share/doc/gcc-4.6/README.Bugs --enable-languages=c,c++,fortran,objc,obj-c++ --prefix=/usr --program-suffix=-4.6 --enable-shared --enable-linker-build-id --with-system-zlib --libexecdir=/usr/lib --without-included-gettext --enable-threads=posix --with-gxx-include-dir=/usr/include/c++/4.6 --libdir=/usr/lib --enable-nls --with-sysroot=/ --enable-clocale=gnu --enable-libstdcxx-debug --enable-libstdcxx-time=yes --enable-gnu-unique-object --enable-plugin --enable-objc-gc --disable-werror --with-arch-32=i686 --with-tune=generic --enable-checking=release --build=x86_64-linux-gnu --host=x86_64-linux-gnu --target=x86_64-linux-gnu
Thread model: posix
gcc version 4.6.3 (Ubuntu/Linaro 4.6.3-1ubuntu5) 
configure:1911: $? = 0
configure:1913: /usr/bin/gcc -V </dev/null >&5
gcc: error: unrecognized option '-V'
gcc: fatal error: no input files
compilation terminated.
configure:1916: $? = 4
configure:1939: checking for C compiler default output file name
configure:1942: /usr/bin/gcc -I/home/student/Documents/SanntidssalPernambuco/ex8/buildroot/output/host/include -I/home/student/Documents/SanntidssalPernambuco/ex8/buildroot/output/host/usr/include  -L/home/student/Documents/SanntidssalPernambuco/ex8/buildroot/output/host/lib -L/home/student/Documents/SanntidssalPernambuco/ex8/buildroot/output/host/usr/lib -Wl,-rpath,/home/student/Documents/SanntidssalPernambuco/ex8/buildroot/output/host/usr/lib conftest.c  >&5
configure:1945: $? = 0
configure:1991: result: a.out
configure:1996: checking whether the C compiler works
configure:2002: ./a.out
configure:2005: $? = 0
configure:2022: result: yes
configure:2029: checking whether we are cross compiling
configure:2031: result: no
configure:2034: checking for suffix of executables
configure:2036: /usr/bin/gcc -o conftest -I/home/student/Documents/SanntidssalPernambuco/ex8/buildroot/output/host/include -I/home/student/Documents/SanntidssalPernambuco/ex8/buildroot/output/host/usr/include  -L/home/student/Documents/SanntidssalPernambuco/ex8/buildroot/output/host/lib -L/home/student/Documents/SanntidssalPernambuco/ex8/buildroot/output/host/usr/lib -Wl,-rpath,/home/student/Documents/SanntidssalPernambuco/ex8/buildroot/output/host/usr/lib conftest.c  >&5
configure:2039: $? = 0
configure:2064: result: 
configure:2070: checking for suffix of object files
configure:2091: /usr/bin/gcc -c -I/home/student/Documents/SanntidssalPernambuco/ex8/buildroot/output/host/include -I/home/student/Documents/SanntidssalPernambuco/ex8/buildroot/output/host/usr/include  conftest.c >&5
configure:2094: $? = 0
configure:2116: result: o
configure:2120: checking whether we are using the GNU C compiler
configure:2144: /usr/bin/gcc -c -I/home/student/Documents/SanntidssalPernambuco/ex8/buildroot/output/host/include -I/home/student/Documents/SanntidssalPernambuco/ex8/buildroot/output/host/usr/include  conftest.c >&5
configure:2150: $? = 0
configure:2154: test -z 
			 || test ! -s conftest.err
configure:2157: $? = 0
configure:2160: test -s conftest.o
configure:2163: $? = 0
configure:2176: result: yes
configure:2182: checking whether /usr/bin/gcc accepts -g
configure:2203: /usr/bin/gcc -c -g  conftest.c >&5
configure:2209: $? = 0
configure:2213: test -z 
			 || test ! -s conftest.err
configure:2216: $? = 0
configure:2219: test -s conftest.o
configure:2222: $? = 0
configure:2233: result: yes
configure:2250: checking for /usr/bin/gcc option to accept ANSI C
configure:2320: /usr/bin/gcc  -c -I/home/student/Documents/SanntidssalPernambuco/ex8/buildroot/output/host/include -I/home/student/Documents/SanntidssalPernambuco/ex8/buildroot/output/host/usr/include  conftest.c >&5
configure:2326: $? = 0
configure:2330: test -z 
			 || test ! -s conftest.err
configure:2333: $? = 0
configure:2336: test -s conftest.o
configure:2339: $? = 0
configure:2357: result: none needed
configure:2375: /usr/bin/gcc -c -I/home/student/Documents/SanntidssalPernambuco/ex8/buildroot/output/host/include -I/home/student/Documents/SanntidssalPernambuco/ex8/buildroot/output/host/usr/include  conftest.c >&5
conftest.c:2:3: error: unknown type name 'choke'
conftest.c:2:3: error: expected '=', ',', ';', 'asm' or '__attribute__' at end of input
configure:2381: $? = 1
configure: failed program was:
| #ifndef __cplusplus
|   choke me
| #endif
configure:2515: checking for library containing strerror
configure:2545: /usr/bin/gcc -o conftest -I/home/student/Documents/SanntidssalPernambuco/ex8/buildroot/output/host/include -I/home/student/Documents/SanntidssalPernambuco/ex8/buildroot/output/host/usr/include  -L/home/student/Documents/SanntidssalPernambuco/ex8/buildroot/output/host/lib -L/home/student/Documents/SanntidssalPernambuco/ex8/buildroot/output/host/usr/lib -Wl,-rpath,/home/student/Documents/SanntidssalPernambuco/ex8/buildroot/output/host/usr/lib conftest.c  >&5
configure:2551: $? = 0
configure:2555: test -z 
			 || test ! -s conftest.err
configure:2558: $? = 0
configure:2561: test -s conftest
configure:2564: $? = 0
configure:2634: result: none required
configure:2661: checking for a BSD-compatible install
configure:2716: result: /usr/bin/install -c
configure:2727: checking whether build environment is sane
configure:2770: result: yes
configure:2835: checking for gawk
configure:2851: found /usr/bin/gawk
configure:2861: result: gawk
configure:2871: checking whether /usr/bin/make sets $(MAKE)
configure:2891: result: yes
configure:2921: checking for style of include used by /usr/bin/make
configure:2949: result: GNU
configure:3125: checking dependency style of /usr/bin/gcc
configure:3215: result: none
configure:3237: checking for x86_64-unknown-linux-gnu-ar
configure:3263: result: /usr/bin/ar
configure:3316: checking for x86_64-unknown-linux-gnu-ranlib
configure:3342: result: ranlib
configure:3532: checking for a sed that does not truncate output
configure:3588: result: /bin/sed
configure:3604: checking for egrep
configure:3614: result: grep -E
configure:3619: checking for fgrep
configure:3629: result: grep -F
configure:3664: checking for ld used by /usr/bin/gcc
configure:3731: result: /usr/bin/ld
configure:3740: checking if the linker (/usr/bin/ld) is GNU ld
configure:3755: result: yes
configure:3768: checking for BSD- or MS-compatible name lister (nm)
configure:3817: result: /usr/bin/nm
configure:3922: checking the name lister (/usr/bin/nm) interface
configure:3929: /usr/bin/gcc -c -I/home/student/Documents/SanntidssalPernambuco/ex8/buildroot/output/host/include -I/home/student/Documents/SanntidssalPernambuco/ex8/buildroot/output/host/usr/include  conftest.c >&5
configure:3932: /usr/bin/nm "conftest.o"
configure:3935: output
0000000000000000 B some_variable
configure:3942: result: BSD nm
configure:3945: checking whether ln -s works
configure:3949: result: yes
configure:3957: checking the maximum length of command line arguments
configure:4077: result: 3458764513820540925
configure:4095: checking whether the shell understands some XSI constructs
configure:4103: result: yes
configure:4107: checking whether the shell understands "+="
configure:4113: result: yes
configure:4148: checking for /usr/bin/ld option to reload object files
configure:4155: result: -r
configure:4182: checking how to recognize dependent libraries
configure:4372: result: pass_all
configure:4392: checking for x86_64-unknown-linux-gnu-ar
configure:4418: result: /usr/bin/ar
configure:4485: checking for x86_64-unknown-linux-gnu-strip
configure:4514: result: no
configure:4523: checking for strip
configure:4539: found /usr/bin/strip
configure:4550: result: strip
configure:4572: checking for x86_64-unknown-linux-gnu-ranlib
configure:4598: result: ranlib
configure:4717: checking command to parse /usr/bin/nm output from /usr/bin/gcc object
configure:4834: /usr/bin/gcc -c -I/home/student/Documents/SanntidssalPernambuco/ex8/buildroot/output/host/include -I/home/student/Documents/SanntidssalPernambuco/ex8/buildroot/output/host/usr/include  conftest.c >&5
configure:4837: $? = 0
configure:4841: /usr/bin/nm conftest.o \| sed -n -e 's/^.*[	 ]\([ABCDGIRSTW][ABCDGIRSTW]*\)[	 ][	 ]*\([_A-Za-z][_A-Za-z0-9]*\)$/\1 \2 \2/p' \> conftest.nm
configure:4844: $? = 0
configure:4898: /usr/bin/gcc -o conftest -I/home/student/Documents/SanntidssalPernambuco/ex8/buildroot/output/host/include -I/home/student/Documents/SanntidssalPernambuco/ex8/buildroot/output/host/usr/include  -L/home/student/Documents/SanntidssalPernambuco/ex8/buildroot/output/host/lib -L/home/student/Documents/SanntidssalPernambuco/ex8/buildroot/output/host/usr/lib -Wl,-rpath,/home/student/Documents/SanntidssalPernambuco/ex8/buildroot/output/host/usr/lib conftest.c conftstm.o >&5
configure:4901: $? = 0
configure:4939: result: ok
configure:5029: /usr/bin/gcc -c -I/home/student/Documents/SanntidssalPernambuco/ex8/buildroot/output/host/include -I/home/student/Documents/SanntidssalPernambuco/ex8/buildroot/output/host/usr/include  conftest.c >&5
configure:5032: $? = 0
configure:5181: checking how to run the C preprocessor
configure:5216: /usr/bin/gcc -E  conftest.c
configure:5222: $? = 0
configure:5254: /usr/bin/gcc -E  conftest.c
conftest.c:11:28: fatal error: ac_nonexistent.h: No such file or directory
compilation terminated.
configure:5260: $? = 1
configure: failed program was:
| /* confdefs.h.  */
| 
| #define PACKAGE_NAME ""
| #define PACKAGE_TARNAME ""
| #define PACKAGE_VERSION ""
| #define PACKAGE_STRING ""
| #define PACKAGE_BUGREPORT ""
| #define PACKAGE "opcodes"
| #define VERSION "2.18.atmel.1.0.1.avr32linux.1"
| /* end confdefs.h.  */
| #include <ac_nonexistent.h>
configure:5299: result: /usr/bin/gcc -E
configure:5323: /usr/bin/gcc -E  conftest.c
configure:5329: $? = 0
configure:5361: /usr/bin/gcc -E  conftest.c
conftest.c:11:28: fatal error: ac_nonexistent.h: No such file or directory
compilation terminated.
configure:5367: $? = 1
configure: failed program was:
| /* confdefs.h.  */
| 
| #define PACKAGE_NAME ""
| #define PACKAGE_TARNAME ""
| #define PACKAGE_VERSION ""
| #define PACKAGE_STRING ""
| #define PACKAGE_BUGREPORT ""
| #define PACKAGE "opcodes"
| #define VERSION "2.18.atmel.1.0.1.avr32linux.1"
| /* end confdefs.h.  */
| #include <ac_nonexistent.h>
configure:5411: checking for ANSI C header files
configure:5436: /usr/bin/gcc -c -I/home/student/Documents/SanntidssalPernambuco/ex8/buildroot/output/host/include -I/home/student/Documents/SanntidssalPernambuco/ex8/buildroot/output/host/usr/include  conftest.c >&5
configure:5442: $? = 0
configure:5446: test -z 
			 || test ! -s conftest.err
configure:5449: $? = 0
configure:5452: test -s conftest.o
configure:5455: $? = 0
configure:5544: /usr/bin/gcc -o conftest -I/home/student/Documents/SanntidssalPernambuco/ex8/buildroot/output/host/include -I/home/student/Documents/SanntidssalPernambuco/ex8/buildroot/output/host/usr/include  -L/home/student/Documents/SanntidssalPernambuco/ex8/buildroot/output/host/lib -L/home/student/Documents/SanntidssalPernambuco/ex8/buildroot/output/host/usr/lib -Wl,-rpath,/home/student/Documents/SanntidssalPernambuco/ex8/buildroot/output/host/usr/lib conftest.c  >&5
conftest.c: In function 'main':
conftest.c:28:7: warning: incompatible implicit declaration of built-in function 'exit' [enabled by default]
configure:5547: $? = 0
configure:5549: ./conftest
configure:5552: $? = 0
configure:5567: result: yes
configure:5591: checking for sys/types.h
configure:5607: /usr/bin/gcc -c -I/home/student/Documents/SanntidssalPernambuco/ex8/buildroot/output/host/include -I/home/student/Documents/SanntidssalPernambuco/ex8/buildroot/output/host/usr/include  conftest.c >&5
configure:5613: $? = 0
configure:5617: test -z 
			 || test ! -s conftest.err
configure:5620: $? = 0
configure:5623: test -s conftest.o
configure:5626: $? = 0
configure:5637: result: yes
configure:5591: checking for sys/stat.h
configure:5607: /usr/bin/gcc -c -I/home/student/Documents/SanntidssalPernambuco/ex8/buildroot/output/host/include -I/home/student/Documents/SanntidssalPernambuco/ex8/buildroot/output/host/usr/include  conftest.c >&5
configure:5613: $? = 0
configure:5617: test -z 
			 || test ! -s conftest.err
configure:5620: $? = 0
configure:5623: test -s conftest.o
configure:5626: $? = 0
configure:5637: result: yes
configure:5591: checking for stdlib.h
configure:5607: /usr/bin/gcc -c -I/home/student/Documents/SanntidssalPernambuco/ex8/buildroot/output/host/include -I/home/student/Documents/SanntidssalPernambuco/ex8/buildroot/output/host/usr/include  conftest.c >&5
configure:5613: $? = 0
configure:5617: test -z 
			 || test ! -s conftest.err
configure:5620: $? = 0
configure:5623: test -s conftest.o
configure:5626: $? = 0
configure:5637: result: yes
configure:5591: checking for string.h
configure:5607: /usr/bin/gcc -c -I/home/student/Documents/SanntidssalPernambuco/ex8/buildroot/output/host/include -I/home/student/Documents/SanntidssalPernambuco/ex8/buildroot/output/host/usr/include  conftest.c >&5
configure:5613: $? = 0
configure:5617: test -z 
			 || test ! -s conftest.err
configure:5620: $? = 0
configure:5623: test -s conftest.o
configure:5626: $? = 0
configure:5637: result: yes
configure:5591: checking for memory.h
configure:5607: /usr/bin/gcc -c -I/home/student/Documents/SanntidssalPernambuco/ex8/buildroot/output/host/include -I/home/student/Documents/SanntidssalPernambuco/ex8/buildroot/output/host/usr/include  conftest.c >&5
configure:5613: $? = 0
configure:5617: test -z 
			 || test ! -s conftest.err
configure:5620: $? = 0
configure:5623: test -s conftest.o
configure:5626: $? = 0
configure:5637: result: yes
configure:5591: checking for strings.h
configure:5607: /usr/bin/gcc -c -I/home/student/Documents/SanntidssalPernambuco/ex8/buildroot/output/host/include -I/home/student/Documents/SanntidssalPernambuco/ex8/buildroot/output/host/usr/include  conftest.c >&5
configure:5613: $? = 0
configure:5617: test -z 
			 || test ! -s conftest.err
configure:5620: $? = 0
configure:5623: test -s conftest.o
configure:5626: $? = 0
configure:5637: result: yes
configure:5591: checking for inttypes.h
configure:5607: /usr/bin/gcc -c -I/home/student/Documents/SanntidssalPernambuco/ex8/buildroot/output/host/include -I/home/student/Documents/SanntidssalPernambuco/ex8/buildroot/output/host/usr/include  conftest.c >&5
configure:5613: $? = 0
configure:5617: test -z 
			 || test ! -s conftest.err
configure:5620: $? = 0
configure:5623: test -s conftest.o
configure:5626: $? = 0
configure:5637: result: yes
configure:5591: checking for stdint.h
configure:5607: /usr/bin/gcc -c -I/home/student/Documents/SanntidssalPernambuco/ex8/buildroot/output/host/include -I/home/student/Documents/SanntidssalPernambuco/ex8/buildroot/output/host/usr/include  conftest.c >&5
configure:5613: $? = 0
configure:5617: test -z 
			 || test ! -s conftest.err
configure:5620: $? = 0
configure:5623: test -s conftest.o
configure:5626: $? = 0
configure:5637: result: yes
configure:5591: checking for unistd.h
configure:5607: /usr/bin/gcc -c -I/home/student/Documents/SanntidssalPernambuco/ex8/buildroot/output/host/include -I/home/student/Documents/SanntidssalPernambuco/ex8/buildroot/output/host/usr/include  conftest.c >&5
configure:5613: $? = 0
configure:5617: test -z 
			 || test ! -s conftest.err
configure:5620: $? = 0
configure:5623: test -s conftest.o
configure:5626: $? = 0
configure:5637: result: yes
configure:5653: checking for dlfcn.h
configure:5669: /usr/bin/gcc -c -I/home/student/Documents/SanntidssalPernambuco/ex8/buildroot/output/host/include -I/home/student/Documents/SanntidssalPernambuco/ex8/buildroot/output/host/usr/include  conftest.c >&5
configure:5675: $? = 0
configure:5679: test -z 
			 || test ! -s conftest.err
configure:5682: $? = 0
configure:5685: test -s conftest.o
configure:5688: $? = 0
configure:5699: result: yes
configure:5761: checking for objdir
configure:5776: result: .libs
configure:6072: checking if /usr/bin/gcc supports -fno-rtti -fno-exceptions
configure:6090: /usr/bin/gcc -c -I/home/student/Documents/SanntidssalPernambuco/ex8/buildroot/output/host/include -I/home/student/Documents/SanntidssalPernambuco/ex8/buildroot/output/host/usr/include  -fno-rtti -fno-exceptions conftest.c >&5
cc1: warning: command line option '-fno-rtti' is valid for C++/ObjC++ but not for C [enabled by default]
configure:6094: $? = 0
configure:6107: result: no
configure:6127: checking for /usr/bin/gcc option to produce PIC
configure:6382: result: -fPIC -DPIC
configure:6394: checking if /usr/bin/gcc PIC flag -fPIC -DPIC works
configure:6412: /usr/bin/gcc -c -I/home/student/Documents/SanntidssalPernambuco/ex8/buildroot/output/host/include -I/home/student/Documents/SanntidssalPernambuco/ex8/buildroot/output/host/usr/include  -fPIC -DPIC -DPIC conftest.c >&5
configure:6416: $? = 0
configure:6429: result: yes
configure:6453: checking if /usr/bin/gcc static flag -static works
configure:6481: result: yes
configure:6496: checking if /usr/bin/gcc supports -c -o file.o
configure:6517: /usr/bin/gcc -c -I/home/student/Documents/SanntidssalPernambuco/ex8/buildroot/output/host/include -I/home/student/Documents/SanntidssalPernambuco/ex8/buildroot/output/host/usr/include  -o out/conftest2.o conftest.c >&5
configure:6521: $? = 0
configure:6543: result: yes
configure:6551: checking if /usr/bin/gcc supports -c -o file.o
configure:6598: result: yes
configure:6631: checking whether the /usr/bin/gcc linker (/usr/bin/ld -m elf_x86_64) supports shared libraries
configure:7711: result: yes
configure:7950: checking dynamic linker characteristics
configure:8383: /usr/bin/gcc -o conftest -I/home/student/Documents/SanntidssalPernambuco/ex8/buildroot/output/host/include -I/home/student/Documents/SanntidssalPernambuco/ex8/buildroot/output/host/usr/include  -L/home/student/Documents/SanntidssalPernambuco/ex8/buildroot/output/host/lib -L/home/student/Documents/SanntidssalPernambuco/ex8/buildroot/output/host/usr/lib -Wl,-rpath,/home/student/Documents/SanntidssalPernambuco/ex8/buildroot/output/host/usr/lib -Wl,-rpath -Wl,/foo conftest.c  >&5
configure:8389: $? = 0
configure:8393: test -z 
			 || test ! -s conftest.err
configure:8396: $? = 0
configure:8399: test -s conftest
configure:8402: $? = 0
configure:8626: result: GNU/Linux ld.so
configure:8721: checking how to hardcode library paths into programs
configure:8746: result: immediate
configure:9592: checking whether stripping libraries is possible
configure:9597: result: yes
configure:9632: checking if libtool supports shared libraries
configure:9634: result: yes
configure:9637: checking whether to build shared libraries
configure:9658: result: no
configure:9661: checking whether to build static libraries
configure:9665: result: yes
configure:9786: checking whether to enable maintainer-specific portions of Makefiles
configure:9795: result: no
configure:9825: checking whether to install libbfd
configure:9838: result: no
configure:9878: checking for x86_64-unknown-linux-gnu-gcc
configure:9904: result: /usr/bin/gcc
configure:10186: checking for C compiler version
configure:10189: /usr/bin/gcc --version </dev/null >&5
gcc (Ubuntu/Linaro 4.6.3-1ubuntu5) 4.6.3
Copyright (C) 2011 Free Software Foundation, Inc.
This is free software; see the source for copying conditions.  There is NO
warranty; not even for MERCHANTABILITY or FITNESS FOR A PARTICULAR PURPOSE.

configure:10192: $? = 0
configure:10194: /usr/bin/gcc -v </dev/null >&5
Using built-in specs.
COLLECT_GCC=/usr/bin/gcc
COLLECT_LTO_WRAPPER=/usr/lib/gcc/x86_64-linux-gnu/4.6/lto-wrapper
Target: x86_64-linux-gnu
Configured with: ../src/configure -v --with-pkgversion='Ubuntu/Linaro 4.6.3-1ubuntu5' --with-bugurl=file:///usr/share/doc/gcc-4.6/README.Bugs --enable-languages=c,c++,fortran,objc,obj-c++ --prefix=/usr --program-suffix=-4.6 --enable-shared --enable-linker-build-id --with-system-zlib --libexecdir=/usr/lib --without-included-gettext --enable-threads=posix --with-gxx-include-dir=/usr/include/c++/4.6 --libdir=/usr/lib --enable-nls --with-sysroot=/ --enable-clocale=gnu --enable-libstdcxx-debug --enable-libstdcxx-time=yes --enable-gnu-unique-object --enable-plugin --enable-objc-gc --disable-werror --with-arch-32=i686 --with-tune=generic --enable-checking=release --build=x86_64-linux-gnu --host=x86_64-linux-gnu --target=x86_64-linux-gnu
Thread model: posix
gcc version 4.6.3 (Ubuntu/Linaro 4.6.3-1ubuntu5) 
configure:10197: $? = 0
configure:10199: /usr/bin/gcc -V </dev/null >&5
gcc: error: unrecognized option '-V'
gcc: fatal error: no input files
compilation terminated.
configure:10202: $? = 4
configure:10205: checking whether we are using the GNU C compiler
configure:10261: result: yes
configure:10267: checking whether /usr/bin/gcc accepts -g
configure:10318: result: yes
configure:10335: checking for /usr/bin/gcc option to accept ANSI C
configure:10442: result: none needed
configure:10460: /usr/bin/gcc -c -I/home/student/Documents/SanntidssalPernambuco/ex8/buildroot/output/host/include -I/home/student/Documents/SanntidssalPernambuco/ex8/buildroot/output/host/usr/include  conftest.c >&5
conftest.c:2:3: error: unknown type name 'choke'
conftest.c:2:3: error: expected '=', ',', ';', 'asm' or '__attribute__' at end of input
configure:10466: $? = 1
configure: failed program was:
| #ifndef __cplusplus
|   choke me
| #endif
configure:10614: checking whether NLS is requested
configure:10617: result: no
configure:10687: checking whether NLS is requested
configure:10696: result: no
configure:10734: checking for msgfmt
configure:10765: result: /usr/bin/msgfmt
configure:10774: checking for gmsgfmt
configure:10805: result: /usr/bin/msgfmt
configure:10844: checking for xgettext
configure:10875: result: /usr/bin/xgettext
configure:10915: checking for msgmerge
configure:10945: result: /usr/bin/msgmerge
configure:11035: checking for a BSD-compatible install
configure:11090: result: /usr/bin/install -c
configure:11109: checking for string.h
configure:11114: result: yes
configure:11109: checking for strings.h
configure:11114: result: yes
configure:11109: checking for stdlib.h
configure:11114: result: yes
configure:11255: checking whether basename is declared
configure:11279: /usr/bin/gcc -c -I/home/student/Documents/SanntidssalPernambuco/ex8/buildroot/output/host/include -I/home/student/Documents/SanntidssalPernambuco/ex8/buildroot/output/host/usr/include  conftest.c >&5
conftest.c: In function 'main':
conftest.c:64:22: error: 'basename' undeclared (first use in this function)
conftest.c:64:22: note: each undeclared identifier is reported only once for each function it appears in
configure:11285: $? = 1
configure: failed program was:
| /* confdefs.h.  */
| 
| #define PACKAGE_NAME ""
| #define PACKAGE_TARNAME ""
| #define PACKAGE_VERSION ""
| #define PACKAGE_STRING ""
| #define PACKAGE_BUGREPORT ""
| #define PACKAGE "opcodes"
| #define VERSION "2.18.atmel.1.0.1.avr32linux.1"
| #define STDC_HEADERS 1
| #define HAVE_SYS_TYPES_H 1
| #define HAVE_SYS_STAT_H 1
| #define HAVE_STDLIB_H 1
| #define HAVE_STRING_H 1
| #define HAVE_MEMORY_H 1
| #define HAVE_STRINGS_H 1
| #define HAVE_INTTYPES_H 1
| #define HAVE_STDINT_H 1
| #define HAVE_UNISTD_H 1
| #define HAVE_DLFCN_H 1
| #define LT_OBJDIR ".libs/"
| #define HAVE_STRING_H 1
| #define HAVE_STRINGS_H 1
| #define HAVE_STDLIB_H 1
| /* end confdefs.h.  */
| #include <stdio.h>
| #if HAVE_SYS_TYPES_H
| # include <sys/types.h>
| #endif
| #if HAVE_SYS_STAT_H
| # include <sys/stat.h>
| #endif
| #if STDC_HEADERS
| # include <stdlib.h>
| # include <stddef.h>
| #else
| # if HAVE_STDLIB_H
| #  include <stdlib.h>
| # endif
| #endif
| #if HAVE_STRING_H
| # if !STDC_HEADERS && HAVE_MEMORY_H
| #  include <memory.h>
| # endif
| # include <string.h>
| #endif
| #if HAVE_STRINGS_H
| # include <strings.h>
| #endif
| #if HAVE_INTTYPES_H
| # include <inttypes.h>
| #else
| # if HAVE_STDINT_H
| #  include <stdint.h>
| # endif
| #endif
| #if HAVE_UNISTD_H
| # include <unistd.h>
| #endif
| int
| main ()
| {
| #ifndef basename
|   char *p = (char *) basename;
| #endif
| 
|   ;
|   return 0;
| }
configure:11309: result: no
configure:11675: creating ./config.status

## ---------------------- ##
## Running config.status. ##
## ---------------------- ##

This file was extended by config.status, which was
generated by GNU Autoconf 2.59.  Invocation command line was

  CONFIG_FILES    = 
  CONFIG_HEADERS  = 
  CONFIG_LINKS    = 
  CONFIG_COMMANDS = 
  $ ./config.status 

on Sanntid

config.status:938: creating Makefile
config.status:938: creating po/Makefile.in
config.status:1035: creating config.h
config.status:1333: executing depfiles commands
config.status:1333: executing libtool commands
config.status:1333: executing default-1 commands

## ---------------- ##
## Cache variables. ##
## ---------------- ##

ac_cv_build=x86_64-unknown-linux-gnu
ac_cv_build_alias=x86_64-unknown-linux-gnu
ac_cv_c_compiler_gnu=yes
ac_cv_env_CC_set=set
ac_cv_env_CC_value=/usr/bin/gcc
ac_cv_env_CFLAGS_set=set
ac_cv_env_CFLAGS_value='-I/home/student/Documents/SanntidssalPernambuco/ex8/buildroot/output/host/include -I/home/student/Documents/SanntidssalPernambuco/ex8/buildroot/output/host/usr/include'
ac_cv_env_CPPFLAGS_set=
ac_cv_env_CPPFLAGS_value=
ac_cv_env_CPP_set=
ac_cv_env_CPP_value=
ac_cv_env_LDFLAGS_set=set
ac_cv_env_LDFLAGS_value='-L/home/student/Documents/SanntidssalPernambuco/ex8/buildroot/output/host/lib -L/home/student/Documents/SanntidssalPernambuco/ex8/buildroot/output/host/usr/lib -Wl,-rpath,/home/student/Documents/SanntidssalPernambuco/ex8/buildroot/output/host/usr/lib'
ac_cv_env_build_alias_set=set
ac_cv_env_build_alias_value=x86_64-unknown-linux-gnu
ac_cv_env_host_alias_set=set
ac_cv_env_host_alias_value=x86_64-unknown-linux-gnu
ac_cv_env_target_alias_set=set
ac_cv_env_target_alias_value=avr32-unknown-linux-uclibc
ac_cv_exeext=
ac_cv_have_decl_basename=no
ac_cv_header_dlfcn_h=yes
ac_cv_header_inttypes_h=yes
ac_cv_header_memory_h=yes
ac_cv_header_stdc=yes
ac_cv_header_stdint_h=yes
ac_cv_header_stdlib_h=yes
ac_cv_header_string_h=yes
ac_cv_header_strings_h=yes
ac_cv_header_sys_stat_h=yes
ac_cv_header_sys_types_h=yes
ac_cv_header_unistd_h=yes
ac_cv_host=x86_64-unknown-linux-gnu
ac_cv_host_alias=x86_64-unknown-linux-gnu
ac_cv_objext=o
ac_cv_path_GMSGFMT=/usr/bin/msgfmt
ac_cv_path_MSGFMT=/usr/bin/msgfmt
ac_cv_path_MSGMERGE=/usr/bin/msgmerge
ac_cv_path_XGETTEXT=/usr/bin/xgettext
ac_cv_prog_AR=/usr/bin/ar
ac_cv_prog_AWK=gawk
ac_cv_prog_CC=/usr/bin/gcc
ac_cv_prog_CPP='/usr/bin/gcc -E'
ac_cv_prog_RANLIB=ranlib
ac_cv_prog_ac_ct_STRIP=strip
ac_cv_prog_cc_g=yes
ac_cv_prog_cc_stdc=
ac_cv_prog_egrep='grep -E'
ac_cv_prog_fgrep='grep -F'
ac_cv_prog_make__usr_bin_make_set=yes
ac_cv_search_strerror='none required'
ac_cv_target=avr32-unknown-linux-uclibc
ac_cv_target_alias=avr32-unknown-linux-uclibc
am_cv_CC_dependencies_compiler_type=none
lt_cv_deplibs_check_method=pass_all
lt_cv_file_magic_cmd='$MAGIC_CMD'
lt_cv_file_magic_test_file=
lt_cv_ld_reload_flag=-r
lt_cv_nm_interface='BSD nm'
lt_cv_objdir=.libs
lt_cv_path_LD=/usr/bin/ld
lt_cv_path_NM=/usr/bin/nm
lt_cv_path_SED=/bin/sed
lt_cv_prog_compiler_c_o=yes
lt_cv_prog_compiler_rtti_exceptions=no
lt_cv_prog_gnu_ld=yes
lt_cv_sys_global_symbol_pipe='sed -n -e '\''s/^.*[	 ]\([ABCDGIRSTW][ABCDGIRSTW]*\)[	 ][	 ]*\([_A-Za-z][_A-Za-z0-9]*\)$/\1 \2 \2/p'\'''
lt_cv_sys_global_symbol_to_c_name_address='sed -n -e '\''s/^: \([^ ]*\) $/  {\"\1\", (void *) 0},/p'\'' -e '\''s/^[ABCDGIRSTW]* \([^ ]*\) \([^ ]*\)$/  {"\2", (void *) \&\2},/p'\'''
lt_cv_sys_global_symbol_to_cdecl='sed -n -e '\''s/^T .* \(.*\)$/extern int \1();/p'\'' -e '\''s/^[ABCDGIRSTW]* .* \(.*\)$/extern char \1;/p'\'''
lt_cv_sys_max_cmd_len=3458764513820540925

## ----------------- ##
## Output variables. ##
## ----------------- ##

ACLOCAL='${SHELL} /home/student/Documents/SanntidssalPernambuco/ex8/buildroot/output/toolchain/binutils-2.18-avr32-1.0.1/missing --run aclocal-1.9'
AMDEPBACKSLASH='\'
AMDEP_FALSE='#'
AMDEP_TRUE=''
AMTAR='${SHELL} /home/student/Documents/SanntidssalPernambuco/ex8/buildroot/output/toolchain/binutils-2.18-avr32-1.0.1/missing --run tar'
AR='/usr/bin/ar'
AUTOCONF='${SHELL} /home/student/Documents/SanntidssalPernambuco/ex8/buildroot/output/toolchain/binutils-2.18-avr32-1.0.1/missing --run autoconf'
AUTOHEADER='${SHELL} /home/student/Documents/SanntidssalPernambuco/ex8/buildroot/output/toolchain/binutils-2.18-avr32-1.0.1/missing --run autoheader'
AUTOMAKE='${SHELL} /home/student/Documents/SanntidssalPernambuco/ex8/buildroot/output/toolchain/binutils-2.18-avr32-1.0.1/missing --run automake-1.9'
AWK='gawk'
BFD_MACHINES=' avr32-asm.lo avr32-dis.lo avr32-opc.lo'
CATALOGS=''
CATOBJEXT=''
CC='/usr/bin/gcc'
CCDEPMODE='depmode=none'
CC_FOR_BUILD='/usr/bin/gcc'
CFLAGS='-I/home/student/Documents/SanntidssalPernambuco/ex8/buildroot/output/host/include -I/home/student/Documents/SanntidssalPernambuco/ex8/buildroot/output/host/usr/include'
CGEN_MAINT_FALSE=''
CGEN_MAINT_TRUE='#'
CPP='/usr/bin/gcc -E'
CPPFLAGS=''
CYGPATH_W='echo'
DATADIRNAME=''
DEFS='-DHAVE_CONFIG_H'
DEPDIR='.deps'
DUMPBIN=''
ECHO_C=''
ECHO_N='-n'
ECHO_T=''
EGREP='grep -E'
EXEEXT=''
EXEEXT_FOR_BUILD='$(EXEEXT)'
FGREP='grep -F'
GENCAT=''
GMSGFMT='/usr/bin/msgfmt'
GREP='grep'
HDEFINES=''
INCINTL=''
INSTALL_DATA='/usr/bin/install -c -m 644'
INSTALL_LIBBFD_FALSE=''
INSTALL_LIBBFD_TRUE='#'
INSTALL_PROGRAM='/usr/bin/install -c'
INSTALL_SCRIPT='/usr/bin/install -c'
INSTALL_STRIP_PROGRAM='${SHELL} $(install_sh) -c -s'
INSTOBJEXT=''
LD='/usr/bin/ld -m elf_x86_64'
LDFLAGS='-L/home/student/Documents/SanntidssalPernambuco/ex8/buildroot/output/host/lib -L/home/student/Documents/SanntidssalPernambuco/ex8/buildroot/output/host/usr/lib -Wl,-rpath,/home/student/Documents/SanntidssalPernambuco/ex8/buildroot/output/host/usr/lib'
LIBINTL=''
LIBINTL_DEP=''
LIBOBJS=''
LIBS=''
LIBTOOL='$(SHELL) $(top_builddir)/libtool'
LN_S='ln -s'
LTLIBOBJS=''
MAINT='#'
MAINTAINER_MODE_FALSE=''
MAINTAINER_MODE_TRUE='#'
MAKEINFO='makeinfo --split-size=5000000'
MKINSTALLDIRS='/home/student/Documents/SanntidssalPernambuco/ex8/buildroot/output/toolchain/binutils-2.18-avr32-1.0.1/opcodes/../mkinstalldirs'
MSGFMT='/usr/bin/msgfmt'
MSGMERGE='/usr/bin/msgmerge'
NM='/usr/bin/nm'
NO_WERROR=''
OBJEXT='o'
PACKAGE='opcodes'
PACKAGE_BUGREPORT=''
PACKAGE_NAME=''
PACKAGE_STRING=''
PACKAGE_TARNAME=''
PACKAGE_VERSION=''
PATH_SEPARATOR=':'
POSUB=''
RANLIB='ranlib'
SED='/bin/sed'
SET_MAKE=''
SHELL='/bin/bash'
STRIP='strip'
USE_NLS='no'
VERSION='2.18.atmel.1.0.1.avr32linux.1'
WARN_CFLAGS='-W -Wall -Wstrict-prototypes -Wmissing-prototypes'
WIN32LDFLAGS=''
WIN32LIBADD=''
XGETTEXT='/usr/bin/xgettext'
ac_ct_AR=''
ac_ct_CC=''
ac_ct_DUMPBIN=''
ac_ct_RANLIB=''
ac_ct_STRIP='strip'
am__fastdepCC_FALSE=''
am__fastdepCC_TRUE='#'
am__include='include'
am__leading_dot='.'
am__quote=''
am__tar='${AMTAR} chof - "$$tardir"'
am__untar='${AMTAR} xf -'
archdefs=' -DARCH_avr32'
bfdincludedir='$(exec_prefix)/$(host_noncanonical)/$(target_noncanonical)/include'
bfdlibdir='$(exec_prefix)/$(host_noncanonical)/$(target_noncanonical)/lib'
bindir='${exec_prefix}/bin'
build='x86_64-unknown-linux-gnu'
build_alias='x86_64-unknown-linux-gnu'
build_cpu='x86_64'
build_os='linux-gnu'
build_vendor='unknown'
cgendir='$(srcdir)/../cgen'
datadir='${prefix}/share'
exec_prefix='${prefix}'
host='x86_64-unknown-linux-gnu'
host_alias='x86_64-unknown-linux-gnu'
host_cpu='x86_64'
host_noncanonical='x86_64-unknown-linux-gnu'
host_os='linux-gnu'
host_vendor='unknown'
includedir='${prefix}/include'
infodir='${prefix}/info'
install_sh='/home/student/Documents/SanntidssalPernambuco/ex8/buildroot/output/toolchain/binutils-2.18-avr32-1.0.1/install-sh'
libdir='${exec_prefix}/lib'
libexecdir='${exec_prefix}/libexec'
localstatedir='${prefix}/var'
lt_ECHO='echo'
mandir='${prefix}/man'
mkdir_p='mkdir -p --'
oldincludedir='/usr/include'
prefix='/home/student/Documents/SanntidssalPernambuco/ex8/buildroot/output/staging/usr'
program_transform_name='s,^,avr32-unknown-linux-uclibc-,'
sbindir='${exec_prefix}/sbin'
sharedstatedir='${prefix}/com'
sysconfdir='${prefix}/etc'
target='avr32-unknown-linux-uclibc'
target_alias='avr32-unknown-linux-uclibc'
target_cpu='avr32'
target_noncanonical='avr32-unknown-linux-uclibc'
target_os='linux-uclibc'
target_vendor='unknown'

## ----------- ##
## confdefs.h. ##
## ----------- ##

#define HAVE_DECL_BASENAME 0
#define HAVE_DLFCN_H 1
#define HAVE_INTTYPES_H 1
#define HAVE_MEMORY_H 1
#define HAVE_STDINT_H 1
#define HAVE_STDLIB_H 1
#define HAVE_STDLIB_H 1
#define HAVE_STRINGS_H 1
#define HAVE_STRINGS_H 1
#define HAVE_STRING_H 1
#define HAVE_STRING_H 1
#define HAVE_SYS_STAT_H 1
#define HAVE_SYS_TYPES_H 1
#define HAVE_UNISTD_H 1
#define LT_OBJDIR ".libs/"
#define PACKAGE "opcodes"
#define PACKAGE_BUGREPORT ""
#define PACKAGE_NAME ""
#define PACKAGE_STRING ""
#define PACKAGE_TARNAME ""
#define PACKAGE_VERSION ""
#define STDC_HEADERS 1
#define VERSION "2.18.atmel.1.0.1.avr32linux.1"

configure: exit 0
