This file contains any messages produced by compilers while
running configure, to aid debugging if configure makes a mistake.

It was created by configure, which was
generated by GNU Autoconf 2.59.  Invocation command line was

  $ /home/student/Documents/SanntidssalPernambuco/ex8/buildroot/output/toolchain/binutils-2.18-avr32-1.0.1/binutils/configure --cache-file=./config.cache --with-gnu-as --with-gnu-ld --prefix=/home/student/Documents/SanntidssalPernambuco/ex8/buildroot/output/staging/usr --with-sysroot=/home/student/Documents/SanntidssalPernambuco/ex8/buildroot/output/toolchain/uClibc_dev/ --with-sysroot=/home/student/Documents/SanntidssalPernambuco/ex8/buildroot/output/staging --disable-nls --disable-multilib --disable-werror --with-gmp=/home/student/Documents/SanntidssalPernambuco/ex8/buildroot/output/toolchain/gmp --with-mpfr=/home/student/Documents/SanntidssalPernambuco/ex8/buildroot/output/toolchain/mpfr --program-transform-name=s,^,avr32-unknown-linux-uclibc-, --build=x86_64-unknown-linux-gnu --host=x86_64-unknown-linux-gnu --target=avr32-unknown-linux-uclibc --srcdir=/home/student/Documents/SanntidssalPernambuco/ex8/buildroot/output/toolchain/binutils-2.18-avr32-1.0.1/binutils

## --------- ##
## Platform. ##
## --------- ##

hostname = Sanntid
uname -m = x86_64
uname -r = 3.5.7-xenomai-2.6.2.1
uname -s = Linux
uname -v = #1 SMP Sat Feb 9 15:03:06 CST 2013

/usr/bin/uname -p = unknown
/bin/uname -X     = unknown

/bin/arch              = unknown
/usr/bin/arch -k       = unknown
/usr/convex/getsysinfo = unknown
hostinfo               = unknown
/bin/machine           = unknown
/usr/bin/oslevel       = unknown
/bin/universe          = unknown

PATH: /usr/local/sbin
PATH: /usr/local/bin
PATH: /usr/sbin
PATH: /usr/bin
PATH: /sbin
PATH: /bin
PATH: /usr/games
PATH: /usr/local/go/bin


## ----------- ##
## Core tests. ##
## ----------- ##

configure:1397: creating cache ./config.cache
configure:1509: checking build system type
configure:1527: result: x86_64-unknown-linux-gnu
configure:1535: checking host system type
configure:1549: result: x86_64-unknown-linux-gnu
configure:1557: checking target system type
configure:1571: result: avr32-unknown-linux-uclibc
configure:1593: checking for x86_64-unknown-linux-gnu-gcc
configure:1619: result: /usr/bin/gcc
configure:1901: checking for C compiler version
configure:1904: /usr/bin/gcc --version </dev/null >&5
gcc (Ubuntu/Linaro 4.6.3-1ubuntu5) 4.6.3
Copyright (C) 2011 Free Software Foundation, Inc.
This is free software; see the source for copying conditions.  There is NO
warranty; not even for MERCHANTABILITY or FITNESS FOR A PARTICULAR PURPOSE.

configure:1907: $? = 0
configure:1909: /usr/bin/gcc -v </dev/null >&5
Using built-in specs.
COLLECT_GCC=/usr/bin/gcc
COLLECT_LTO_WRAPPER=/usr/lib/gcc/x86_64-linux-gnu/4.6/lto-wrapper
Target: x86_64-linux-gnu
Configured with: ../src/configure -v --with-pkgversion='Ubuntu/Linaro 4.6.3-1ubuntu5' --with-bugurl=file:///usr/share/doc/gcc-4.6/README.Bugs --enable-languages=c,c++,fortran,objc,obj-c++ --prefix=/usr --program-suffix=-4.6 --enable-shared --enable-linker-build-id --with-system-zlib --libexecdir=/usr/lib --without-included-gettext --enable-threads=posix --with-gxx-include-dir=/usr/include/c++/4.6 --libdir=/usr/lib --enable-nls --with-sysroot=/ --enable-clocale=gnu --enable-libstdcxx-debug --enable-libstdcxx-time=yes --enable-gnu-unique-object --enable-plugin --enable-objc-gc --disable-werror --with-arch-32=i686 --with-tune=generic --enable-checking=release --build=x86_64-linux-gnu --host=x86_64-linux-gnu --target=x86_64-linux-gnu
Thread model: posix
gcc version 4.6.3 (Ubuntu/Linaro 4.6.3-1ubuntu5) 
configure:1912: $? = 0
configure:1914: /usr/bin/gcc -V </dev/null >&5
gcc: error: unrecognized option '-V'
gcc: fatal error: no input files
compilation terminated.
configure:1917: $? = 4
configure:1940: checking for C compiler default output file name
configure:1943: /usr/bin/gcc -I/home/student/Documents/SanntidssalPernambuco/ex8/buildroot/output/host/include -I/home/student/Documents/SanntidssalPernambuco/ex8/buildroot/output/host/usr/include  -L/home/student/Documents/SanntidssalPernambuco/ex8/buildroot/output/host/lib -L/home/student/Documents/SanntidssalPernambuco/ex8/buildroot/output/host/usr/lib -Wl,-rpath,/home/student/Documents/SanntidssalPernambuco/ex8/buildroot/output/host/usr/lib conftest.c  >&5
configure:1946: $? = 0
configure:1992: result: a.out
configure:1997: checking whether the C compiler works
configure:2003: ./a.out
configure:2006: $? = 0
configure:2023: result: yes
configure:2030: checking whether we are cross compiling
configure:2032: result: no
configure:2035: checking for suffix of executables
configure:2037: /usr/bin/gcc -o conftest -I/home/student/Documents/SanntidssalPernambuco/ex8/buildroot/output/host/include -I/home/student/Documents/SanntidssalPernambuco/ex8/buildroot/output/host/usr/include  -L/home/student/Documents/SanntidssalPernambuco/ex8/buildroot/output/host/lib -L/home/student/Documents/SanntidssalPernambuco/ex8/buildroot/output/host/usr/lib -Wl,-rpath,/home/student/Documents/SanntidssalPernambuco/ex8/buildroot/output/host/usr/lib conftest.c  >&5
configure:2040: $? = 0
configure:2065: result: 
configure:2071: checking for suffix of object files
configure:2092: /usr/bin/gcc -c -I/home/student/Documents/SanntidssalPernambuco/ex8/buildroot/output/host/include -I/home/student/Documents/SanntidssalPernambuco/ex8/buildroot/output/host/usr/include  conftest.c >&5
configure:2095: $? = 0
configure:2117: result: o
configure:2121: checking whether we are using the GNU C compiler
configure:2145: /usr/bin/gcc -c -I/home/student/Documents/SanntidssalPernambuco/ex8/buildroot/output/host/include -I/home/student/Documents/SanntidssalPernambuco/ex8/buildroot/output/host/usr/include  conftest.c >&5
configure:2151: $? = 0
configure:2155: test -z 
			 || test ! -s conftest.err
configure:2158: $? = 0
configure:2161: test -s conftest.o
configure:2164: $? = 0
configure:2177: result: yes
configure:2183: checking whether /usr/bin/gcc accepts -g
configure:2204: /usr/bin/gcc -c -g  conftest.c >&5
configure:2210: $? = 0
configure:2214: test -z 
			 || test ! -s conftest.err
configure:2217: $? = 0
configure:2220: test -s conftest.o
configure:2223: $? = 0
configure:2234: result: yes
configure:2251: checking for /usr/bin/gcc option to accept ANSI C
configure:2321: /usr/bin/gcc  -c -I/home/student/Documents/SanntidssalPernambuco/ex8/buildroot/output/host/include -I/home/student/Documents/SanntidssalPernambuco/ex8/buildroot/output/host/usr/include  conftest.c >&5
configure:2327: $? = 0
configure:2331: test -z 
			 || test ! -s conftest.err
configure:2334: $? = 0
configure:2337: test -s conftest.o
configure:2340: $? = 0
configure:2358: result: none needed
configure:2376: /usr/bin/gcc -c -I/home/student/Documents/SanntidssalPernambuco/ex8/buildroot/output/host/include -I/home/student/Documents/SanntidssalPernambuco/ex8/buildroot/output/host/usr/include  conftest.c >&5
conftest.c:2:3: error: unknown type name 'choke'
conftest.c:2:3: error: expected '=', ',', ';', 'asm' or '__attribute__' at end of input
configure:2382: $? = 1
configure: failed program was:
| #ifndef __cplusplus
|   choke me
| #endif
configure:2516: checking for library containing strerror
configure:2546: /usr/bin/gcc -o conftest -I/home/student/Documents/SanntidssalPernambuco/ex8/buildroot/output/host/include -I/home/student/Documents/SanntidssalPernambuco/ex8/buildroot/output/host/usr/include  -L/home/student/Documents/SanntidssalPernambuco/ex8/buildroot/output/host/lib -L/home/student/Documents/SanntidssalPernambuco/ex8/buildroot/output/host/usr/lib -Wl,-rpath,/home/student/Documents/SanntidssalPernambuco/ex8/buildroot/output/host/usr/lib conftest.c  >&5
configure:2552: $? = 0
configure:2556: test -z 
			 || test ! -s conftest.err
configure:2559: $? = 0
configure:2562: test -s conftest
configure:2565: $? = 0
configure:2635: result: none required
configure:2658: checking for a BSD-compatible install
configure:2713: result: /usr/bin/install -c
configure:2724: checking whether build environment is sane
configure:2767: result: yes
configure:2832: checking for gawk
configure:2848: found /usr/bin/gawk
configure:2858: result: gawk
configure:2868: checking whether /usr/bin/make sets $(MAKE)
configure:2888: result: yes
configure:2918: checking for style of include used by /usr/bin/make
configure:2946: result: GNU
configure:3122: checking dependency style of /usr/bin/gcc
configure:3212: result: none
configure:3239: checking for x86_64-unknown-linux-gnu-gcc
configure:3265: result: /usr/bin/gcc
configure:3547: checking for C compiler version
configure:3550: /usr/bin/gcc --version </dev/null >&5
gcc (Ubuntu/Linaro 4.6.3-1ubuntu5) 4.6.3
Copyright (C) 2011 Free Software Foundation, Inc.
This is free software; see the source for copying conditions.  There is NO
warranty; not even for MERCHANTABILITY or FITNESS FOR A PARTICULAR PURPOSE.

configure:3553: $? = 0
configure:3555: /usr/bin/gcc -v </dev/null >&5
Using built-in specs.
COLLECT_GCC=/usr/bin/gcc
COLLECT_LTO_WRAPPER=/usr/lib/gcc/x86_64-linux-gnu/4.6/lto-wrapper
Target: x86_64-linux-gnu
Configured with: ../src/configure -v --with-pkgversion='Ubuntu/Linaro 4.6.3-1ubuntu5' --with-bugurl=file:///usr/share/doc/gcc-4.6/README.Bugs --enable-languages=c,c++,fortran,objc,obj-c++ --prefix=/usr --program-suffix=-4.6 --enable-shared --enable-linker-build-id --with-system-zlib --libexecdir=/usr/lib --without-included-gettext --enable-threads=posix --with-gxx-include-dir=/usr/include/c++/4.6 --libdir=/usr/lib --enable-nls --with-sysroot=/ --enable-clocale=gnu --enable-libstdcxx-debug --enable-libstdcxx-time=yes --enable-gnu-unique-object --enable-plugin --enable-objc-gc --disable-werror --with-arch-32=i686 --with-tune=generic --enable-checking=release --build=x86_64-linux-gnu --host=x86_64-linux-gnu --target=x86_64-linux-gnu
Thread model: posix
gcc version 4.6.3 (Ubuntu/Linaro 4.6.3-1ubuntu5) 
configure:3558: $? = 0
configure:3560: /usr/bin/gcc -V </dev/null >&5
gcc: error: unrecognized option '-V'
gcc: fatal error: no input files
compilation terminated.
configure:3563: $? = 4
configure:3566: checking whether we are using the GNU C compiler
configure:3622: result: yes
configure:3628: checking whether /usr/bin/gcc accepts -g
configure:3679: result: yes
configure:3696: checking for /usr/bin/gcc option to accept ANSI C
configure:3803: result: none needed
configure:3821: /usr/bin/gcc -c -I/home/student/Documents/SanntidssalPernambuco/ex8/buildroot/output/host/include -I/home/student/Documents/SanntidssalPernambuco/ex8/buildroot/output/host/usr/include  conftest.c >&5
conftest.c:2:3: error: unknown type name 'choke'
conftest.c:2:3: error: expected '=', ',', ';', 'asm' or '__attribute__' at end of input
configure:3827: $? = 1
configure: failed program was:
| #ifndef __cplusplus
|   choke me
| #endif
configure:4102: checking for a sed that does not truncate output
configure:4158: result: /bin/sed
configure:4174: checking for egrep
configure:4184: result: grep -E
configure:4189: checking for fgrep
configure:4199: result: grep -F
configure:4234: checking for ld used by /usr/bin/gcc
configure:4301: result: /usr/bin/ld
configure:4310: checking if the linker (/usr/bin/ld) is GNU ld
configure:4325: result: yes
configure:4338: checking for BSD- or MS-compatible name lister (nm)
configure:4387: result: /usr/bin/nm
configure:4492: checking the name lister (/usr/bin/nm) interface
configure:4499: /usr/bin/gcc -c -I/home/student/Documents/SanntidssalPernambuco/ex8/buildroot/output/host/include -I/home/student/Documents/SanntidssalPernambuco/ex8/buildroot/output/host/usr/include  conftest.c >&5
configure:4502: /usr/bin/nm "conftest.o"
configure:4505: output
0000000000000000 B some_variable
configure:4512: result: BSD nm
configure:4515: checking whether ln -s works
configure:4519: result: yes
configure:4527: checking the maximum length of command line arguments
configure:4647: result: 3458764513820540925
configure:4665: checking whether the shell understands some XSI constructs
configure:4673: result: yes
configure:4677: checking whether the shell understands "+="
configure:4683: result: yes
configure:4718: checking for /usr/bin/ld option to reload object files
configure:4725: result: -r
configure:4752: checking how to recognize dependent libraries
configure:4942: result: pass_all
configure:4962: checking for x86_64-unknown-linux-gnu-ar
configure:4988: result: /usr/bin/ar
configure:5055: checking for x86_64-unknown-linux-gnu-strip
configure:5084: result: no
configure:5093: checking for strip
configure:5109: found /usr/bin/strip
configure:5120: result: strip
configure:5142: checking for x86_64-unknown-linux-gnu-ranlib
configure:5168: result: ranlib
configure:5287: checking command to parse /usr/bin/nm output from /usr/bin/gcc object
configure:5404: /usr/bin/gcc -c -I/home/student/Documents/SanntidssalPernambuco/ex8/buildroot/output/host/include -I/home/student/Documents/SanntidssalPernambuco/ex8/buildroot/output/host/usr/include  conftest.c >&5
configure:5407: $? = 0
configure:5411: /usr/bin/nm conftest.o \| sed -n -e 's/^.*[	 ]\([ABCDGIRSTW][ABCDGIRSTW]*\)[	 ][	 ]*\([_A-Za-z][_A-Za-z0-9]*\)$/\1 \2 \2/p' \> conftest.nm
configure:5414: $? = 0
configure:5468: /usr/bin/gcc -o conftest -I/home/student/Documents/SanntidssalPernambuco/ex8/buildroot/output/host/include -I/home/student/Documents/SanntidssalPernambuco/ex8/buildroot/output/host/usr/include  -L/home/student/Documents/SanntidssalPernambuco/ex8/buildroot/output/host/lib -L/home/student/Documents/SanntidssalPernambuco/ex8/buildroot/output/host/usr/lib -Wl,-rpath,/home/student/Documents/SanntidssalPernambuco/ex8/buildroot/output/host/usr/lib conftest.c conftstm.o >&5
configure:5471: $? = 0
configure:5509: result: ok
configure:5599: /usr/bin/gcc -c -I/home/student/Documents/SanntidssalPernambuco/ex8/buildroot/output/host/include -I/home/student/Documents/SanntidssalPernambuco/ex8/buildroot/output/host/usr/include  conftest.c >&5
configure:5602: $? = 0
configure:5751: checking how to run the C preprocessor
configure:5786: /usr/bin/gcc -E  conftest.c
configure:5792: $? = 0
configure:5824: /usr/bin/gcc -E  conftest.c
conftest.c:12:28: fatal error: ac_nonexistent.h: No such file or directory
compilation terminated.
configure:5830: $? = 1
configure: failed program was:
| /* confdefs.h.  */
| 
| #define PACKAGE_NAME ""
| #define PACKAGE_TARNAME ""
| #define PACKAGE_VERSION ""
| #define PACKAGE_STRING ""
| #define PACKAGE_BUGREPORT ""
| #define PACKAGE "binutils"
| #define VERSION "2.18.atmel.1.0.1.avr32linux.1"
| #define _GNU_SOURCE 1
| /* end confdefs.h.  */
| #include <ac_nonexistent.h>
configure:5869: result: /usr/bin/gcc -E
configure:5893: /usr/bin/gcc -E  conftest.c
configure:5899: $? = 0
configure:5931: /usr/bin/gcc -E  conftest.c
conftest.c:12:28: fatal error: ac_nonexistent.h: No such file or directory
compilation terminated.
configure:5937: $? = 1
configure: failed program was:
| /* confdefs.h.  */
| 
| #define PACKAGE_NAME ""
| #define PACKAGE_TARNAME ""
| #define PACKAGE_VERSION ""
| #define PACKAGE_STRING ""
| #define PACKAGE_BUGREPORT ""
| #define PACKAGE "binutils"
| #define VERSION "2.18.atmel.1.0.1.avr32linux.1"
| #define _GNU_SOURCE 1
| /* end confdefs.h.  */
| #include <ac_nonexistent.h>
configure:5981: checking for ANSI C header files
configure:6006: /usr/bin/gcc -c -I/home/student/Documents/SanntidssalPernambuco/ex8/buildroot/output/host/include -I/home/student/Documents/SanntidssalPernambuco/ex8/buildroot/output/host/usr/include  conftest.c >&5
configure:6012: $? = 0
configure:6016: test -z 
			 || test ! -s conftest.err
configure:6019: $? = 0
configure:6022: test -s conftest.o
configure:6025: $? = 0
configure:6114: /usr/bin/gcc -o conftest -I/home/student/Documents/SanntidssalPernambuco/ex8/buildroot/output/host/include -I/home/student/Documents/SanntidssalPernambuco/ex8/buildroot/output/host/usr/include  -L/home/student/Documents/SanntidssalPernambuco/ex8/buildroot/output/host/lib -L/home/student/Documents/SanntidssalPernambuco/ex8/buildroot/output/host/usr/lib -Wl,-rpath,/home/student/Documents/SanntidssalPernambuco/ex8/buildroot/output/host/usr/lib conftest.c  >&5
conftest.c: In function 'main':
conftest.c:29:7: warning: incompatible implicit declaration of built-in function 'exit' [enabled by default]
configure:6117: $? = 0
configure:6119: ./conftest
configure:6122: $? = 0
configure:6137: result: yes
configure:6161: checking for sys/types.h
configure:6177: /usr/bin/gcc -c -I/home/student/Documents/SanntidssalPernambuco/ex8/buildroot/output/host/include -I/home/student/Documents/SanntidssalPernambuco/ex8/buildroot/output/host/usr/include  conftest.c >&5
configure:6183: $? = 0
configure:6187: test -z 
			 || test ! -s conftest.err
configure:6190: $? = 0
configure:6193: test -s conftest.o
configure:6196: $? = 0
configure:6207: result: yes
configure:6161: checking for sys/stat.h
configure:6177: /usr/bin/gcc -c -I/home/student/Documents/SanntidssalPernambuco/ex8/buildroot/output/host/include -I/home/student/Documents/SanntidssalPernambuco/ex8/buildroot/output/host/usr/include  conftest.c >&5
configure:6183: $? = 0
configure:6187: test -z 
			 || test ! -s conftest.err
configure:6190: $? = 0
configure:6193: test -s conftest.o
configure:6196: $? = 0
configure:6207: result: yes
configure:6161: checking for stdlib.h
configure:6177: /usr/bin/gcc -c -I/home/student/Documents/SanntidssalPernambuco/ex8/buildroot/output/host/include -I/home/student/Documents/SanntidssalPernambuco/ex8/buildroot/output/host/usr/include  conftest.c >&5
configure:6183: $? = 0
configure:6187: test -z 
			 || test ! -s conftest.err
configure:6190: $? = 0
configure:6193: test -s conftest.o
configure:6196: $? = 0
configure:6207: result: yes
configure:6161: checking for string.h
configure:6177: /usr/bin/gcc -c -I/home/student/Documents/SanntidssalPernambuco/ex8/buildroot/output/host/include -I/home/student/Documents/SanntidssalPernambuco/ex8/buildroot/output/host/usr/include  conftest.c >&5
configure:6183: $? = 0
configure:6187: test -z 
			 || test ! -s conftest.err
configure:6190: $? = 0
configure:6193: test -s conftest.o
configure:6196: $? = 0
configure:6207: result: yes
configure:6161: checking for memory.h
configure:6177: /usr/bin/gcc -c -I/home/student/Documents/SanntidssalPernambuco/ex8/buildroot/output/host/include -I/home/student/Documents/SanntidssalPernambuco/ex8/buildroot/output/host/usr/include  conftest.c >&5
configure:6183: $? = 0
configure:6187: test -z 
			 || test ! -s conftest.err
configure:6190: $? = 0
configure:6193: test -s conftest.o
configure:6196: $? = 0
configure:6207: result: yes
configure:6161: checking for strings.h
configure:6177: /usr/bin/gcc -c -I/home/student/Documents/SanntidssalPernambuco/ex8/buildroot/output/host/include -I/home/student/Documents/SanntidssalPernambuco/ex8/buildroot/output/host/usr/include  conftest.c >&5
configure:6183: $? = 0
configure:6187: test -z 
			 || test ! -s conftest.err
configure:6190: $? = 0
configure:6193: test -s conftest.o
configure:6196: $? = 0
configure:6207: result: yes
configure:6161: checking for inttypes.h
configure:6177: /usr/bin/gcc -c -I/home/student/Documents/SanntidssalPernambuco/ex8/buildroot/output/host/include -I/home/student/Documents/SanntidssalPernambuco/ex8/buildroot/output/host/usr/include  conftest.c >&5
configure:6183: $? = 0
configure:6187: test -z 
			 || test ! -s conftest.err
configure:6190: $? = 0
configure:6193: test -s conftest.o
configure:6196: $? = 0
configure:6207: result: yes
configure:6161: checking for stdint.h
configure:6177: /usr/bin/gcc -c -I/home/student/Documents/SanntidssalPernambuco/ex8/buildroot/output/host/include -I/home/student/Documents/SanntidssalPernambuco/ex8/buildroot/output/host/usr/include  conftest.c >&5
configure:6183: $? = 0
configure:6187: test -z 
			 || test ! -s conftest.err
configure:6190: $? = 0
configure:6193: test -s conftest.o
configure:6196: $? = 0
configure:6207: result: yes
configure:6161: checking for unistd.h
configure:6177: /usr/bin/gcc -c -I/home/student/Documents/SanntidssalPernambuco/ex8/buildroot/output/host/include -I/home/student/Documents/SanntidssalPernambuco/ex8/buildroot/output/host/usr/include  conftest.c >&5
configure:6183: $? = 0
configure:6187: test -z 
			 || test ! -s conftest.err
configure:6190: $? = 0
configure:6193: test -s conftest.o
configure:6196: $? = 0
configure:6207: result: yes
configure:6223: checking for dlfcn.h
configure:6239: /usr/bin/gcc -c -I/home/student/Documents/SanntidssalPernambuco/ex8/buildroot/output/host/include -I/home/student/Documents/SanntidssalPernambuco/ex8/buildroot/output/host/usr/include  conftest.c >&5
configure:6245: $? = 0
configure:6249: test -z 
			 || test ! -s conftest.err
configure:6252: $? = 0
configure:6255: test -s conftest.o
configure:6258: $? = 0
configure:6269: result: yes
configure:6331: checking for objdir
configure:6346: result: .libs
configure:6642: checking if /usr/bin/gcc supports -fno-rtti -fno-exceptions
configure:6660: /usr/bin/gcc -c -I/home/student/Documents/SanntidssalPernambuco/ex8/buildroot/output/host/include -I/home/student/Documents/SanntidssalPernambuco/ex8/buildroot/output/host/usr/include  -fno-rtti -fno-exceptions conftest.c >&5
cc1: warning: command line option '-fno-rtti' is valid for C++/ObjC++ but not for C [enabled by default]
configure:6664: $? = 0
configure:6677: result: no
configure:6697: checking for /usr/bin/gcc option to produce PIC
configure:6952: result: -fPIC -DPIC
configure:6964: checking if /usr/bin/gcc PIC flag -fPIC -DPIC works
configure:6982: /usr/bin/gcc -c -I/home/student/Documents/SanntidssalPernambuco/ex8/buildroot/output/host/include -I/home/student/Documents/SanntidssalPernambuco/ex8/buildroot/output/host/usr/include  -fPIC -DPIC -DPIC conftest.c >&5
configure:6986: $? = 0
configure:6999: result: yes
configure:7023: checking if /usr/bin/gcc static flag -static works
configure:7051: result: yes
configure:7066: checking if /usr/bin/gcc supports -c -o file.o
configure:7087: /usr/bin/gcc -c -I/home/student/Documents/SanntidssalPernambuco/ex8/buildroot/output/host/include -I/home/student/Documents/SanntidssalPernambuco/ex8/buildroot/output/host/usr/include  -o out/conftest2.o conftest.c >&5
configure:7091: $? = 0
configure:7113: result: yes
configure:7121: checking if /usr/bin/gcc supports -c -o file.o
configure:7168: result: yes
configure:7201: checking whether the /usr/bin/gcc linker (/usr/bin/ld -m elf_x86_64) supports shared libraries
configure:8281: result: yes
configure:8318: checking whether -lc should be explicitly linked in
configure:8323: /usr/bin/gcc -c -I/home/student/Documents/SanntidssalPernambuco/ex8/buildroot/output/host/include -I/home/student/Documents/SanntidssalPernambuco/ex8/buildroot/output/host/usr/include  conftest.c >&5
configure:8326: $? = 0
configure:8341: /usr/bin/gcc -shared conftest.o  -v -Wl,-soname -Wl,conftest -o conftest 2\>\&1 \| grep  -lc  \>/dev/null 2\>\&1
configure:8344: $? = 0
configure:8356: result: no
configure:8520: checking dynamic linker characteristics
configure:8953: /usr/bin/gcc -o conftest -I/home/student/Documents/SanntidssalPernambuco/ex8/buildroot/output/host/include -I/home/student/Documents/SanntidssalPernambuco/ex8/buildroot/output/host/usr/include  -L/home/student/Documents/SanntidssalPernambuco/ex8/buildroot/output/host/lib -L/home/student/Documents/SanntidssalPernambuco/ex8/buildroot/output/host/usr/lib -Wl,-rpath,/home/student/Documents/SanntidssalPernambuco/ex8/buildroot/output/host/usr/lib -Wl,-rpath -Wl,/foo conftest.c  >&5
configure:8959: $? = 0
configure:8963: test -z 
			 || test ! -s conftest.err
configure:8966: $? = 0
configure:8969: test -s conftest
configure:8972: $? = 0
configure:9196: result: GNU/Linux ld.so
configure:9291: checking how to hardcode library paths into programs
configure:9316: result: immediate
configure:10162: checking whether stripping libraries is possible
configure:10167: result: yes
configure:10202: checking if libtool supports shared libraries
configure:10204: result: yes
configure:10207: checking whether to build shared libraries
configure:10228: result: yes
configure:10231: checking whether to build static libraries
configure:10235: result: yes
configure:10365: checking for bison
configure:10391: result: bison -y
configure:10406: checking for flex
configure:10432: result: flex
configure:10445: checking for yywrap in -lfl
configure:10475: /usr/bin/gcc -o conftest -I/home/student/Documents/SanntidssalPernambuco/ex8/buildroot/output/host/include -I/home/student/Documents/SanntidssalPernambuco/ex8/buildroot/output/host/usr/include  -L/home/student/Documents/SanntidssalPernambuco/ex8/buildroot/output/host/lib -L/home/student/Documents/SanntidssalPernambuco/ex8/buildroot/output/host/usr/lib -Wl,-rpath,/home/student/Documents/SanntidssalPernambuco/ex8/buildroot/output/host/usr/lib conftest.c -lfl   >&5
configure:10481: $? = 0
configure:10485: test -z 
			 || test ! -s conftest.err
configure:10488: $? = 0
configure:10491: test -s conftest
configure:10494: $? = 0
configure:10507: result: yes
configure:10585: checking lex output file root
configure:10596: flex conftest.l
configure:10599: $? = 0
configure:10611: result: lex.yy
configure:10616: checking whether yytext is a pointer
configure:10632: /usr/bin/gcc -o conftest -I/home/student/Documents/SanntidssalPernambuco/ex8/buildroot/output/host/include -I/home/student/Documents/SanntidssalPernambuco/ex8/buildroot/output/host/usr/include  -L/home/student/Documents/SanntidssalPernambuco/ex8/buildroot/output/host/lib -L/home/student/Documents/SanntidssalPernambuco/ex8/buildroot/output/host/usr/lib -Wl,-rpath,/home/student/Documents/SanntidssalPernambuco/ex8/buildroot/output/host/usr/lib conftest.c  -lfl >&5
configure:10638: $? = 0
configure:10642: test -z 
			 || test ! -s conftest.err
configure:10645: $? = 0
configure:10648: test -s conftest
configure:10651: $? = 0
configure:10665: result: yes
configure:10694: checking whether NLS is requested
configure:10697: result: no
configure:10767: checking whether NLS is requested
configure:10776: result: no
configure:10814: checking for msgfmt
configure:10845: result: /usr/bin/msgfmt
configure:10854: checking for gmsgfmt
configure:10885: result: /usr/bin/msgfmt
configure:10924: checking for xgettext
configure:10955: result: /usr/bin/xgettext
configure:10995: checking for msgmerge
configure:11025: result: /usr/bin/msgmerge
configure:11061: checking whether to enable maintainer-specific portions of Makefiles
configure:11070: result: no
configure:11121: checking for x86_64-unknown-linux-gnu-ranlib
configure:11147: result: ranlib
configure:11211: checking for a BSD-compatible install
configure:11266: result: /usr/bin/install -c
configure:11335: checking for string.h
configure:11340: result: yes
configure:11335: checking for strings.h
configure:11340: result: yes
configure:11335: checking for stdlib.h
configure:11340: result: yes
configure:11335: checking for unistd.h
configure:11340: result: yes
configure:11344: checking fcntl.h usability
configure:11356: /usr/bin/gcc -c -I/home/student/Documents/SanntidssalPernambuco/ex8/buildroot/output/host/include -I/home/student/Documents/SanntidssalPernambuco/ex8/buildroot/output/host/usr/include  conftest.c >&5
configure:11362: $? = 0
configure:11366: test -z 
			 || test ! -s conftest.err
configure:11369: $? = 0
configure:11372: test -s conftest.o
configure:11375: $? = 0
configure:11385: result: yes
configure:11389: checking fcntl.h presence
configure:11399: /usr/bin/gcc -E  conftest.c
configure:11405: $? = 0
configure:11425: result: yes
configure:11460: checking for fcntl.h
configure:11467: result: yes
configure:11344: checking sys/file.h usability
configure:11356: /usr/bin/gcc -c -I/home/student/Documents/SanntidssalPernambuco/ex8/buildroot/output/host/include -I/home/student/Documents/SanntidssalPernambuco/ex8/buildroot/output/host/usr/include  conftest.c >&5
configure:11362: $? = 0
configure:11366: test -z 
			 || test ! -s conftest.err
configure:11369: $? = 0
configure:11372: test -s conftest.o
configure:11375: $? = 0
configure:11385: result: yes
configure:11389: checking sys/file.h presence
configure:11399: /usr/bin/gcc -E  conftest.c
configure:11405: $? = 0
configure:11425: result: yes
configure:11460: checking for sys/file.h
configure:11467: result: yes
configure:11344: checking limits.h usability
configure:11356: /usr/bin/gcc -c -I/home/student/Documents/SanntidssalPernambuco/ex8/buildroot/output/host/include -I/home/student/Documents/SanntidssalPernambuco/ex8/buildroot/output/host/usr/include  conftest.c >&5
configure:11362: $? = 0
configure:11366: test -z 
			 || test ! -s conftest.err
configure:11369: $? = 0
configure:11372: test -s conftest.o
configure:11375: $? = 0
configure:11385: result: yes
configure:11389: checking limits.h presence
configure:11399: /usr/bin/gcc -E  conftest.c
configure:11405: $? = 0
configure:11425: result: yes
configure:11460: checking for limits.h
configure:11467: result: yes
configure:11344: checking sys/param.h usability
configure:11356: /usr/bin/gcc -c -I/home/student/Documents/SanntidssalPernambuco/ex8/buildroot/output/host/include -I/home/student/Documents/SanntidssalPernambuco/ex8/buildroot/output/host/usr/include  conftest.c >&5
configure:11362: $? = 0
configure:11366: test -z 
			 || test ! -s conftest.err
configure:11369: $? = 0
configure:11372: test -s conftest.o
configure:11375: $? = 0
configure:11385: result: yes
configure:11389: checking sys/param.h presence
configure:11399: /usr/bin/gcc -E  conftest.c
configure:11405: $? = 0
configure:11425: result: yes
configure:11460: checking for sys/param.h
configure:11467: result: yes
configure:11480: checking for sys/wait.h that is POSIX.1 compatible
configure:11511: /usr/bin/gcc -c -I/home/student/Documents/SanntidssalPernambuco/ex8/buildroot/output/host/include -I/home/student/Documents/SanntidssalPernambuco/ex8/buildroot/output/host/usr/include  conftest.c >&5
configure:11517: $? = 0
configure:11521: test -z 
			 || test ! -s conftest.err
configure:11524: $? = 0
configure:11527: test -s conftest.o
configure:11530: $? = 0
configure:11541: result: yes
configure:11553: checking for working alloca.h
configure:11574: /usr/bin/gcc -o conftest -I/home/student/Documents/SanntidssalPernambuco/ex8/buildroot/output/host/include -I/home/student/Documents/SanntidssalPernambuco/ex8/buildroot/output/host/usr/include  -L/home/student/Documents/SanntidssalPernambuco/ex8/buildroot/output/host/lib -L/home/student/Documents/SanntidssalPernambuco/ex8/buildroot/output/host/usr/lib -Wl,-rpath,/home/student/Documents/SanntidssalPernambuco/ex8/buildroot/output/host/usr/lib conftest.c  >&5
configure:11580: $? = 0
configure:11584: test -z 
			 || test ! -s conftest.err
configure:11587: $? = 0
configure:11590: test -s conftest
configure:11593: $? = 0
configure:11605: result: yes
configure:11615: checking for alloca
configure:11656: /usr/bin/gcc -o conftest -I/home/student/Documents/SanntidssalPernambuco/ex8/buildroot/output/host/include -I/home/student/Documents/SanntidssalPernambuco/ex8/buildroot/output/host/usr/include  -L/home/student/Documents/SanntidssalPernambuco/ex8/buildroot/output/host/lib -L/home/student/Documents/SanntidssalPernambuco/ex8/buildroot/output/host/usr/lib -Wl,-rpath,/home/student/Documents/SanntidssalPernambuco/ex8/buildroot/output/host/usr/lib conftest.c  >&5
configure:11662: $? = 0
configure:11666: test -z 
			 || test ! -s conftest.err
configure:11669: $? = 0
configure:11672: test -s conftest
configure:11675: $? = 0
configure:11687: result: yes
configure:11918: checking for sbrk
configure:11975: /usr/bin/gcc -o conftest -I/home/student/Documents/SanntidssalPernambuco/ex8/buildroot/output/host/include -I/home/student/Documents/SanntidssalPernambuco/ex8/buildroot/output/host/usr/include  -L/home/student/Documents/SanntidssalPernambuco/ex8/buildroot/output/host/lib -L/home/student/Documents/SanntidssalPernambuco/ex8/buildroot/output/host/usr/lib -Wl,-rpath,/home/student/Documents/SanntidssalPernambuco/ex8/buildroot/output/host/usr/lib conftest.c  >&5
configure:11981: $? = 0
configure:11985: test -z 
			 || test ! -s conftest.err
configure:11988: $? = 0
configure:11991: test -s conftest
configure:11994: $? = 0
configure:12006: result: yes
configure:11918: checking for utimes
configure:11975: /usr/bin/gcc -o conftest -I/home/student/Documents/SanntidssalPernambuco/ex8/buildroot/output/host/include -I/home/student/Documents/SanntidssalPernambuco/ex8/buildroot/output/host/usr/include  -L/home/student/Documents/SanntidssalPernambuco/ex8/buildroot/output/host/lib -L/home/student/Documents/SanntidssalPernambuco/ex8/buildroot/output/host/usr/lib -Wl,-rpath,/home/student/Documents/SanntidssalPernambuco/ex8/buildroot/output/host/usr/lib conftest.c  >&5
configure:11981: $? = 0
configure:11985: test -z 
			 || test ! -s conftest.err
configure:11988: $? = 0
configure:11991: test -s conftest
configure:11994: $? = 0
configure:12006: result: yes
configure:11918: checking for setmode
configure:11975: /usr/bin/gcc -o conftest -I/home/student/Documents/SanntidssalPernambuco/ex8/buildroot/output/host/include -I/home/student/Documents/SanntidssalPernambuco/ex8/buildroot/output/host/usr/include  -L/home/student/Documents/SanntidssalPernambuco/ex8/buildroot/output/host/lib -L/home/student/Documents/SanntidssalPernambuco/ex8/buildroot/output/host/usr/lib -Wl,-rpath,/home/student/Documents/SanntidssalPernambuco/ex8/buildroot/output/host/usr/lib conftest.c  >&5
/tmp/ccODeSbk.o: In function `main':
conftest.c:(.text+0xd): undefined reference to `setmode'
/tmp/ccODeSbk.o:(.data+0x0): undefined reference to `setmode'
collect2: ld returned 1 exit status
configure:11981: $? = 1
configure: failed program was:
| /* confdefs.h.  */
| 
| #define PACKAGE_NAME ""
| #define PACKAGE_TARNAME ""
| #define PACKAGE_VERSION ""
| #define PACKAGE_STRING ""
| #define PACKAGE_BUGREPORT ""
| #define PACKAGE "binutils"
| #define VERSION "2.18.atmel.1.0.1.avr32linux.1"
| #define _GNU_SOURCE 1
| #define STDC_HEADERS 1
| #define HAVE_SYS_TYPES_H 1
| #define HAVE_SYS_STAT_H 1
| #define HAVE_STDLIB_H 1
| #define HAVE_STRING_H 1
| #define HAVE_MEMORY_H 1
| #define HAVE_STRINGS_H 1
| #define HAVE_INTTYPES_H 1
| #define HAVE_STDINT_H 1
| #define HAVE_UNISTD_H 1
| #define HAVE_DLFCN_H 1
| #define LT_OBJDIR ".libs/"
| #define YYTEXT_POINTER 1
| #define EXECUTABLE_SUFFIX ""
| #define HAVE_STRING_H 1
| #define HAVE_STRINGS_H 1
| #define HAVE_STDLIB_H 1
| #define HAVE_UNISTD_H 1
| #define HAVE_FCNTL_H 1
| #define HAVE_SYS_FILE_H 1
| #define HAVE_LIMITS_H 1
| #define HAVE_SYS_PARAM_H 1
| #define HAVE_SYS_WAIT_H 1
| #define HAVE_ALLOCA_H 1
| #define HAVE_ALLOCA 1
| #define HAVE_SBRK 1
| #define HAVE_UTIMES 1
| /* end confdefs.h.  */
| /* Define setmode to an innocuous variant, in case <limits.h> declares setmode.
|    For example, HP-UX 11i <limits.h> declares gettimeofday.  */
| #define setmode innocuous_setmode
| 
| /* System header to define __stub macros and hopefully few prototypes,
|     which can conflict with char setmode (); below.
|     Prefer <limits.h> to <assert.h> if __STDC__ is defined, since
|     <limits.h> exists even on freestanding compilers.  */
| 
| #ifdef __STDC__
| # include <limits.h>
| #else
| # include <assert.h>
| #endif
| 
| #undef setmode
| 
| /* Override any gcc2 internal prototype to avoid an error.  */
| #ifdef __cplusplus
| extern "C"
| {
| #endif
| /* We use char because int might match the return type of a gcc2
|    builtin and then its argument prototype would still apply.  */
| char setmode ();
| /* The GNU C library defines this for functions which it implements
|     to always fail with ENOSYS.  Some functions are actually named
|     something starting with __ and the normal name is an alias.  */
| #if defined (__stub_setmode) || defined (__stub___setmode)
| choke me
| #else
| char (*f) () = setmode;
| #endif
| #ifdef __cplusplus
| }
| #endif
| 
| int
| main ()
| {
| return f != setmode;
|   ;
|   return 0;
| }
configure:12006: result: no
configure:11918: checking for getc_unlocked
configure:11975: /usr/bin/gcc -o conftest -I/home/student/Documents/SanntidssalPernambuco/ex8/buildroot/output/host/include -I/home/student/Documents/SanntidssalPernambuco/ex8/buildroot/output/host/usr/include  -L/home/student/Documents/SanntidssalPernambuco/ex8/buildroot/output/host/lib -L/home/student/Documents/SanntidssalPernambuco/ex8/buildroot/output/host/usr/lib -Wl,-rpath,/home/student/Documents/SanntidssalPernambuco/ex8/buildroot/output/host/usr/lib conftest.c  >&5
configure:11981: $? = 0
configure:11985: test -z 
			 || test ! -s conftest.err
configure:11988: $? = 0
configure:11991: test -s conftest
configure:11994: $? = 0
configure:12006: result: yes
configure:11918: checking for strcoll
configure:11975: /usr/bin/gcc -o conftest -I/home/student/Documents/SanntidssalPernambuco/ex8/buildroot/output/host/include -I/home/student/Documents/SanntidssalPernambuco/ex8/buildroot/output/host/usr/include  -L/home/student/Documents/SanntidssalPernambuco/ex8/buildroot/output/host/lib -L/home/student/Documents/SanntidssalPernambuco/ex8/buildroot/output/host/usr/lib -Wl,-rpath,/home/student/Documents/SanntidssalPernambuco/ex8/buildroot/output/host/usr/lib conftest.c  >&5
configure:11981: $? = 0
configure:11985: test -z 
			 || test ! -s conftest.err
configure:11988: $? = 0
configure:11991: test -s conftest
configure:11994: $? = 0
configure:12006: result: yes
configure:12016: checking for mkstemp
configure:12073: /usr/bin/gcc -o conftest -I/home/student/Documents/SanntidssalPernambuco/ex8/buildroot/output/host/include -I/home/student/Documents/SanntidssalPernambuco/ex8/buildroot/output/host/usr/include  -L/home/student/Documents/SanntidssalPernambuco/ex8/buildroot/output/host/lib -L/home/student/Documents/SanntidssalPernambuco/ex8/buildroot/output/host/usr/lib -Wl,-rpath,/home/student/Documents/SanntidssalPernambuco/ex8/buildroot/output/host/usr/lib conftest.c  >&5
configure:12079: $? = 0
configure:12083: test -z 
			 || test ! -s conftest.err
configure:12086: $? = 0
configure:12089: test -s conftest
configure:12092: $? = 0
configure:12104: result: yes
configure:12114: checking for mkdtemp
configure:12171: /usr/bin/gcc -o conftest -I/home/student/Documents/SanntidssalPernambuco/ex8/buildroot/output/host/include -I/home/student/Documents/SanntidssalPernambuco/ex8/buildroot/output/host/usr/include  -L/home/student/Documents/SanntidssalPernambuco/ex8/buildroot/output/host/lib -L/home/student/Documents/SanntidssalPernambuco/ex8/buildroot/output/host/usr/lib -Wl,-rpath,/home/student/Documents/SanntidssalPernambuco/ex8/buildroot/output/host/usr/lib conftest.c  >&5
configure:12177: $? = 0
configure:12181: test -z 
			 || test ! -s conftest.err
configure:12184: $? = 0
configure:12187: test -s conftest
configure:12190: $? = 0
configure:12202: result: yes
configure:12215: checking for fopen64
configure:12236: /usr/bin/gcc -o conftest -I/home/student/Documents/SanntidssalPernambuco/ex8/buildroot/output/host/include -I/home/student/Documents/SanntidssalPernambuco/ex8/buildroot/output/host/usr/include  -L/home/student/Documents/SanntidssalPernambuco/ex8/buildroot/output/host/lib -L/home/student/Documents/SanntidssalPernambuco/ex8/buildroot/output/host/usr/lib -Wl,-rpath,/home/student/Documents/SanntidssalPernambuco/ex8/buildroot/output/host/usr/lib conftest.c  >&5
configure:12242: $? = 0
configure:12246: test -z 
			 || test ! -s conftest.err
configure:12249: $? = 0
configure:12252: test -s conftest
configure:12255: $? = 0
configure:12316: result: yes
configure:12325: checking for stat64
configure:12346: /usr/bin/gcc -o conftest -I/home/student/Documents/SanntidssalPernambuco/ex8/buildroot/output/host/include -I/home/student/Documents/SanntidssalPernambuco/ex8/buildroot/output/host/usr/include  -L/home/student/Documents/SanntidssalPernambuco/ex8/buildroot/output/host/lib -L/home/student/Documents/SanntidssalPernambuco/ex8/buildroot/output/host/usr/lib -Wl,-rpath,/home/student/Documents/SanntidssalPernambuco/ex8/buildroot/output/host/usr/lib conftest.c  >&5
configure:12352: $? = 0
configure:12356: test -z 
			 || test ! -s conftest.err
configure:12359: $? = 0
configure:12362: test -s conftest
configure:12365: $? = 0
configure:12426: result: yes
configure:12446: checking for library containing frexp
configure:12476: /usr/bin/gcc -o conftest -I/home/student/Documents/SanntidssalPernambuco/ex8/buildroot/output/host/include -I/home/student/Documents/SanntidssalPernambuco/ex8/buildroot/output/host/usr/include  -L/home/student/Documents/SanntidssalPernambuco/ex8/buildroot/output/host/lib -L/home/student/Documents/SanntidssalPernambuco/ex8/buildroot/output/host/usr/lib -Wl,-rpath,/home/student/Documents/SanntidssalPernambuco/ex8/buildroot/output/host/usr/lib conftest.c  >&5
conftest.c:52:6: warning: conflicting types for built-in function 'frexp' [enabled by default]
configure:12482: $? = 0
configure:12486: test -z 
			 || test ! -s conftest.err
configure:12489: $? = 0
configure:12492: test -s conftest
configure:12495: $? = 0
configure:12565: result: none required
configure:12573: checking for time_t in time.h
configure:12594: /usr/bin/gcc -c -I/home/student/Documents/SanntidssalPernambuco/ex8/buildroot/output/host/include -I/home/student/Documents/SanntidssalPernambuco/ex8/buildroot/output/host/usr/include  conftest.c >&5
configure:12600: $? = 0
configure:12604: test -z 
			 || test ! -s conftest.err
configure:12607: $? = 0
configure:12610: test -s conftest.o
configure:12613: $? = 0
configure:12625: result: yes
configure:12635: checking for time_t in sys/types.h
configure:12656: /usr/bin/gcc -c -I/home/student/Documents/SanntidssalPernambuco/ex8/buildroot/output/host/include -I/home/student/Documents/SanntidssalPernambuco/ex8/buildroot/output/host/usr/include  conftest.c >&5
configure:12662: $? = 0
configure:12666: test -z 
			 || test ! -s conftest.err
configure:12669: $? = 0
configure:12672: test -s conftest.o
configure:12675: $? = 0
configure:12687: result: yes
configure:12697: checking for a known getopt prototype in unistd.h
configure:12718: /usr/bin/gcc -c -I/home/student/Documents/SanntidssalPernambuco/ex8/buildroot/output/host/include -I/home/student/Documents/SanntidssalPernambuco/ex8/buildroot/output/host/usr/include  conftest.c >&5
configure:12724: $? = 0
configure:12728: test -z 
			 || test ! -s conftest.err
configure:12731: $? = 0
configure:12734: test -s conftest.o
configure:12737: $? = 0
configure:12749: result: yes
configure:12761: checking for utime.h
configure:12786: /usr/bin/gcc -c -I/home/student/Documents/SanntidssalPernambuco/ex8/buildroot/output/host/include -I/home/student/Documents/SanntidssalPernambuco/ex8/buildroot/output/host/usr/include  conftest.c >&5
configure:12792: $? = 0
configure:12796: test -z 
			 || test ! -s conftest.err
configure:12799: $? = 0
configure:12802: test -s conftest.o
configure:12805: $? = 0
configure:12817: result: yes
configure:12827: checking whether fprintf is declared
configure:12851: /usr/bin/gcc -c -I/home/student/Documents/SanntidssalPernambuco/ex8/buildroot/output/host/include -I/home/student/Documents/SanntidssalPernambuco/ex8/buildroot/output/host/usr/include  conftest.c >&5
configure:12857: $? = 0
configure:12861: test -z 
			 || test ! -s conftest.err
configure:12864: $? = 0
configure:12867: test -s conftest.o
configure:12870: $? = 0
configure:12881: result: yes
configure:12897: checking whether stpcpy is declared
configure:12921: /usr/bin/gcc -c -I/home/student/Documents/SanntidssalPernambuco/ex8/buildroot/output/host/include -I/home/student/Documents/SanntidssalPernambuco/ex8/buildroot/output/host/usr/include  conftest.c >&5
configure:12927: $? = 0
configure:12931: test -z 
			 || test ! -s conftest.err
configure:12934: $? = 0
configure:12937: test -s conftest.o
configure:12940: $? = 0
configure:12951: result: yes
configure:12967: checking whether strstr is declared
configure:12991: /usr/bin/gcc -c -I/home/student/Documents/SanntidssalPernambuco/ex8/buildroot/output/host/include -I/home/student/Documents/SanntidssalPernambuco/ex8/buildroot/output/host/usr/include  conftest.c >&5
configure:12997: $? = 0
configure:13001: test -z 
			 || test ! -s conftest.err
configure:13004: $? = 0
configure:13007: test -s conftest.o
configure:13010: $? = 0
configure:13021: result: yes
configure:13037: checking whether sbrk is declared
configure:13061: /usr/bin/gcc -c -I/home/student/Documents/SanntidssalPernambuco/ex8/buildroot/output/host/include -I/home/student/Documents/SanntidssalPernambuco/ex8/buildroot/output/host/usr/include  conftest.c >&5
configure:13067: $? = 0
configure:13071: test -z 
			 || test ! -s conftest.err
configure:13074: $? = 0
configure:13077: test -s conftest.o
configure:13080: $? = 0
configure:13091: result: yes
configure:13107: checking whether getenv is declared
configure:13131: /usr/bin/gcc -c -I/home/student/Documents/SanntidssalPernambuco/ex8/buildroot/output/host/include -I/home/student/Documents/SanntidssalPernambuco/ex8/buildroot/output/host/usr/include  conftest.c >&5
configure:13137: $? = 0
configure:13141: test -z 
			 || test ! -s conftest.err
configure:13144: $? = 0
configure:13147: test -s conftest.o
configure:13150: $? = 0
configure:13161: result: yes
configure:13177: checking whether environ is declared
configure:13201: /usr/bin/gcc -c -I/home/student/Documents/SanntidssalPernambuco/ex8/buildroot/output/host/include -I/home/student/Documents/SanntidssalPernambuco/ex8/buildroot/output/host/usr/include  conftest.c >&5
configure:13207: $? = 0
configure:13211: test -z 
			 || test ! -s conftest.err
configure:13214: $? = 0
configure:13217: test -s conftest.o
configure:13220: $? = 0
configure:13231: result: yes
configure:13247: checking whether getc_unlocked is declared
configure:13271: /usr/bin/gcc -c -I/home/student/Documents/SanntidssalPernambuco/ex8/buildroot/output/host/include -I/home/student/Documents/SanntidssalPernambuco/ex8/buildroot/output/host/usr/include  conftest.c >&5
configure:13277: $? = 0
configure:13281: test -z 
			 || test ! -s conftest.err
configure:13284: $? = 0
configure:13287: test -s conftest.o
configure:13290: $? = 0
configure:13301: result: yes
configure:13317: checking whether snprintf is declared
configure:13341: /usr/bin/gcc -c -I/home/student/Documents/SanntidssalPernambuco/ex8/buildroot/output/host/include -I/home/student/Documents/SanntidssalPernambuco/ex8/buildroot/output/host/usr/include  conftest.c >&5
configure:13347: $? = 0
configure:13351: test -z 
			 || test ! -s conftest.err
configure:13354: $? = 0
configure:13357: test -s conftest.o
configure:13360: $? = 0
configure:13371: result: yes
configure:13387: checking whether vsnprintf is declared
configure:13411: /usr/bin/gcc -c -I/home/student/Documents/SanntidssalPernambuco/ex8/buildroot/output/host/include -I/home/student/Documents/SanntidssalPernambuco/ex8/buildroot/output/host/usr/include  conftest.c >&5
configure:13417: $? = 0
configure:13421: test -z 
			 || test ! -s conftest.err
configure:13424: $? = 0
configure:13427: test -s conftest.o
configure:13430: $? = 0
configure:13441: result: yes
configure:13496: checking iconv.h usability
configure:13508: /usr/bin/gcc -c -I/home/student/Documents/SanntidssalPernambuco/ex8/buildroot/output/host/include -I/home/student/Documents/SanntidssalPernambuco/ex8/buildroot/output/host/usr/include  conftest.c >&5
configure:13514: $? = 0
configure:13518: test -z 
			 || test ! -s conftest.err
configure:13521: $? = 0
configure:13524: test -s conftest.o
configure:13527: $? = 0
configure:13537: result: yes
configure:13541: checking iconv.h presence
configure:13551: /usr/bin/gcc -E  conftest.c
configure:13557: $? = 0
configure:13577: result: yes
configure:13612: checking for iconv.h
configure:13619: result: yes
configure:13665: checking for ld used by GCC
configure:13728: result: /usr/bin/ld -m elf_x86_64
configure:13737: checking if the linker (/usr/bin/ld -m elf_x86_64) is GNU ld
GNU ld (GNU Binutils for Ubuntu) 2.22
configure:13749: result: yes
configure:13755: checking for shared library run path origin
configure:13768: result: done
configure:14198: checking for iconv
configure:14225: /usr/bin/gcc -o conftest -I/home/student/Documents/SanntidssalPernambuco/ex8/buildroot/output/host/include -I/home/student/Documents/SanntidssalPernambuco/ex8/buildroot/output/host/usr/include  -L/home/student/Documents/SanntidssalPernambuco/ex8/buildroot/output/host/lib -L/home/student/Documents/SanntidssalPernambuco/ex8/buildroot/output/host/usr/lib -Wl,-rpath,/home/student/Documents/SanntidssalPernambuco/ex8/buildroot/output/host/usr/lib conftest.c  >&5
configure:14231: $? = 0
configure:14235: test -z 
			 || test ! -s conftest.err
configure:14238: $? = 0
configure:14241: test -s conftest
configure:14244: $? = 0
configure:14310: result: yes
configure:14333: checking for iconv declaration
configure:14367: /usr/bin/gcc -c -I/home/student/Documents/SanntidssalPernambuco/ex8/buildroot/output/host/include -I/home/student/Documents/SanntidssalPernambuco/ex8/buildroot/output/host/usr/include  conftest.c >&5
configure:14373: $? = 0
configure:14377: test -z 
			 || test ! -s conftest.err
configure:14380: $? = 0
configure:14383: test -s conftest.o
configure:14386: $? = 0
configure:14401: result: 
         extern size_t iconv (iconv_t cd, char * *inbuf, size_t *inbytesleft, char * *outbuf, size_t *outbytesleft);
configure:14771: creating ./config.status

## ---------------------- ##
## Running config.status. ##
## ---------------------- ##

This file was extended by config.status, which was
generated by GNU Autoconf 2.59.  Invocation command line was

  CONFIG_FILES    = 
  CONFIG_HEADERS  = 
  CONFIG_LINKS    = 
  CONFIG_COMMANDS = 
  $ ./config.status 

on Sanntid

config.status:952: creating Makefile
config.status:952: creating doc/Makefile
config.status:952: creating po/Makefile.in
config.status:1049: creating config.h
config.status:1435: executing depfiles commands
config.status:1435: executing libtool commands
config.status:1435: executing default-1 commands

## ---------------- ##
## Cache variables. ##
## ---------------- ##

ac_cv_build=x86_64-unknown-linux-gnu
ac_cv_build_alias=x86_64-unknown-linux-gnu
ac_cv_c_compiler_gnu=yes
ac_cv_env_CC_set=set
ac_cv_env_CC_value=/usr/bin/gcc
ac_cv_env_CFLAGS_set=set
ac_cv_env_CFLAGS_value='-I/home/student/Documents/SanntidssalPernambuco/ex8/buildroot/output/host/include -I/home/student/Documents/SanntidssalPernambuco/ex8/buildroot/output/host/usr/include'
ac_cv_env_CPPFLAGS_set=
ac_cv_env_CPPFLAGS_value=
ac_cv_env_CPP_set=
ac_cv_env_CPP_value=
ac_cv_env_LDFLAGS_set=set
ac_cv_env_LDFLAGS_value='-L/home/student/Documents/SanntidssalPernambuco/ex8/buildroot/output/host/lib -L/home/student/Documents/SanntidssalPernambuco/ex8/buildroot/output/host/usr/lib -Wl,-rpath,/home/student/Documents/SanntidssalPernambuco/ex8/buildroot/output/host/usr/lib'
ac_cv_env_build_alias_set=set
ac_cv_env_build_alias_value=x86_64-unknown-linux-gnu
ac_cv_env_host_alias_set=set
ac_cv_env_host_alias_value=x86_64-unknown-linux-gnu
ac_cv_env_target_alias_set=set
ac_cv_env_target_alias_value=avr32-unknown-linux-uclibc
ac_cv_exeext=
ac_cv_func_alloca_works=yes
ac_cv_func_getc_unlocked=yes
ac_cv_func_mkdtemp=yes
ac_cv_func_mkstemp=yes
ac_cv_func_sbrk=yes
ac_cv_func_setmode=no
ac_cv_func_strcoll=yes
ac_cv_func_utimes=yes
ac_cv_have_decl_environ=yes
ac_cv_have_decl_fprintf=yes
ac_cv_have_decl_getc_unlocked=yes
ac_cv_have_decl_getenv=yes
ac_cv_have_decl_sbrk=yes
ac_cv_have_decl_snprintf=yes
ac_cv_have_decl_stpcpy=yes
ac_cv_have_decl_strstr=yes
ac_cv_have_decl_vsnprintf=yes
ac_cv_header_dlfcn_h=yes
ac_cv_header_fcntl_h=yes
ac_cv_header_iconv_h=yes
ac_cv_header_inttypes_h=yes
ac_cv_header_limits_h=yes
ac_cv_header_memory_h=yes
ac_cv_header_stdc=yes
ac_cv_header_stdint_h=yes
ac_cv_header_stdlib_h=yes
ac_cv_header_string_h=yes
ac_cv_header_strings_h=yes
ac_cv_header_sys_file_h=yes
ac_cv_header_sys_param_h=yes
ac_cv_header_sys_stat_h=yes
ac_cv_header_sys_types_h=yes
ac_cv_header_sys_wait_h=yes
ac_cv_header_unistd_h=yes
ac_cv_host=x86_64-unknown-linux-gnu
ac_cv_host_alias=x86_64-unknown-linux-gnu
ac_cv_lib_fl_yywrap=yes
ac_cv_objext=o
ac_cv_path_GMSGFMT=/usr/bin/msgfmt
ac_cv_path_MSGFMT=/usr/bin/msgfmt
ac_cv_path_MSGMERGE=/usr/bin/msgmerge
ac_cv_path_XGETTEXT=/usr/bin/xgettext
ac_cv_prog_AR=/usr/bin/ar
ac_cv_prog_AWK=gawk
ac_cv_prog_CC=/usr/bin/gcc
ac_cv_prog_CPP='/usr/bin/gcc -E'
ac_cv_prog_LEX=flex
ac_cv_prog_RANLIB=ranlib
ac_cv_prog_YACC='bison -y'
ac_cv_prog_ac_ct_STRIP=strip
ac_cv_prog_cc_g=yes
ac_cv_prog_cc_stdc=
ac_cv_prog_egrep='grep -E'
ac_cv_prog_fgrep='grep -F'
ac_cv_prog_lex_root=lex.yy
ac_cv_prog_lex_yytext_pointer=yes
ac_cv_prog_make__usr_bin_make_set=yes
ac_cv_search_frexp='none required'
ac_cv_search_strerror='none required'
ac_cv_target=avr32-unknown-linux-uclibc
ac_cv_target_alias=avr32-unknown-linux-uclibc
ac_cv_working_alloca_h=yes
acl_cv_hardcode_direct=no
acl_cv_hardcode_libdir_flag_spec='${wl}-rpath ${wl}$libdir'
acl_cv_hardcode_libdir_separator=
acl_cv_hardcode_minus_L=no
acl_cv_libext=a
acl_cv_path_LD='/usr/bin/ld -m elf_x86_64'
acl_cv_prog_gnu_ld=yes
acl_cv_rpath=done
acl_cv_shlibext=so
acl_cv_wl=-Wl,
am_cv_CC_dependencies_compiler_type=none
am_cv_func_iconv=yes
am_cv_lib_iconv=no
am_cv_proto_iconv='extern size_t iconv (iconv_t cd, char * *inbuf, size_t *inbytesleft, char * *outbuf, size_t *outbytesleft);'
am_cv_proto_iconv_arg1=
bu_cv_decl_getopt_unistd_h=yes
bu_cv_decl_time_t_time_h=yes
bu_cv_decl_time_t_types_h=yes
bu_cv_have_fopen64=yes
bu_cv_have_stat64=yes
bu_cv_header_utime_h=yes
lt_cv_deplibs_check_method=pass_all
lt_cv_file_magic_cmd='$MAGIC_CMD'
lt_cv_file_magic_test_file=
lt_cv_ld_reload_flag=-r
lt_cv_nm_interface='BSD nm'
lt_cv_objdir=.libs
lt_cv_path_LD=/usr/bin/ld
lt_cv_path_NM=/usr/bin/nm
lt_cv_path_SED=/bin/sed
lt_cv_prog_compiler_c_o=yes
lt_cv_prog_compiler_rtti_exceptions=no
lt_cv_prog_gnu_ld=yes
lt_cv_sys_global_symbol_pipe='sed -n -e '\''s/^.*[	 ]\([ABCDGIRSTW][ABCDGIRSTW]*\)[	 ][	 ]*\([_A-Za-z][_A-Za-z0-9]*\)$/\1 \2 \2/p'\'''
lt_cv_sys_global_symbol_to_c_name_address='sed -n -e '\''s/^: \([^ ]*\) $/  {\"\1\", (void *) 0},/p'\'' -e '\''s/^[ABCDGIRSTW]* \([^ ]*\) \([^ ]*\)$/  {"\2", (void *) \&\2},/p'\'''
lt_cv_sys_global_symbol_to_cdecl='sed -n -e '\''s/^T .* \(.*\)$/extern int \1();/p'\'' -e '\''s/^[ABCDGIRSTW]* .* \(.*\)$/extern char \1;/p'\'''
lt_cv_sys_max_cmd_len=3458764513820540925

## ----------------- ##
## Output variables. ##
## ----------------- ##

ACLOCAL='${SHELL} /home/student/Documents/SanntidssalPernambuco/ex8/buildroot/output/toolchain/binutils-2.18-avr32-1.0.1/missing --run aclocal-1.9'
ALLOCA=''
AMDEPBACKSLASH='\'
AMDEP_FALSE='#'
AMDEP_TRUE=''
AMTAR='${SHELL} /home/student/Documents/SanntidssalPernambuco/ex8/buildroot/output/toolchain/binutils-2.18-avr32-1.0.1/missing --run tar'
AR='/usr/bin/ar'
AUTOCONF='${SHELL} /home/student/Documents/SanntidssalPernambuco/ex8/buildroot/output/toolchain/binutils-2.18-avr32-1.0.1/missing --run autoconf'
AUTOHEADER='${SHELL} /home/student/Documents/SanntidssalPernambuco/ex8/buildroot/output/toolchain/binutils-2.18-avr32-1.0.1/missing --run autoheader'
AUTOMAKE='${SHELL} /home/student/Documents/SanntidssalPernambuco/ex8/buildroot/output/toolchain/binutils-2.18-avr32-1.0.1/missing --run automake-1.9'
AWK='gawk'
BUILD_DLLTOOL=''
BUILD_DLLWRAP=''
BUILD_INSTALL_MISC=''
BUILD_MISC=''
BUILD_NLMCONV=''
BUILD_SRCONV=''
BUILD_WINDMC=''
BUILD_WINDRES=''
CATALOGS=''
CATOBJEXT=''
CC='/usr/bin/gcc'
CCDEPMODE='depmode=none'
CC_FOR_BUILD='/usr/bin/gcc'
CFLAGS='-I/home/student/Documents/SanntidssalPernambuco/ex8/buildroot/output/host/include -I/home/student/Documents/SanntidssalPernambuco/ex8/buildroot/output/host/usr/include'
CPP='/usr/bin/gcc -E'
CPPFLAGS=''
CYGPATH_W='echo'
DATADIRNAME=''
DEFS='-DHAVE_CONFIG_H'
DEMANGLER_NAME='c++filt'
DEPDIR='.deps'
DLLTOOL_DEFS=' '
DUMPBIN=''
ECHO_C=''
ECHO_N='-n'
ECHO_T=''
EGREP='grep -E'
EMULATION='vanilla'
EMULATION_VECTOR='bin_vanilla_emulation'
EXEEXT=''
EXEEXT_FOR_BUILD='$(EXEEXT)'
FGREP='grep -F'
GENCAT=''
GENINSRC_NEVER_FALSE=''
GENINSRC_NEVER_TRUE='#'
GMSGFMT='/usr/bin/msgfmt'
GREP='grep'
HDEFINES=''
INCINTL=''
INSTALL_DATA='/usr/bin/install -c -m 644'
INSTALL_PROGRAM='/usr/bin/install -c'
INSTALL_SCRIPT='/usr/bin/install -c'
INSTALL_STRIP_PROGRAM='${SHELL} $(install_sh) -c -s'
INSTOBJEXT=''
LD='/usr/bin/ld -m elf_x86_64'
LDFLAGS='-L/home/student/Documents/SanntidssalPernambuco/ex8/buildroot/output/host/lib -L/home/student/Documents/SanntidssalPernambuco/ex8/buildroot/output/host/usr/lib -Wl,-rpath,/home/student/Documents/SanntidssalPernambuco/ex8/buildroot/output/host/usr/lib'
LEX='flex'
LEXLIB='-lfl'
LEX_OUTPUT_ROOT='lex.yy'
LIBICONV=''
LIBINTL=''
LIBINTL_DEP=''
LIBOBJS=''
LIBS=''
LIBTOOL='$(SHELL) $(top_builddir)/libtool'
LN_S='ln -s'
LTLIBICONV=''
LTLIBOBJS=''
MAINT='#'
MAINTAINER_MODE_FALSE=''
MAINTAINER_MODE_TRUE='#'
MAKEINFO='makeinfo --split-size=5000000'
MKINSTALLDIRS='/home/student/Documents/SanntidssalPernambuco/ex8/buildroot/output/toolchain/binutils-2.18-avr32-1.0.1/binutils/../mkinstalldirs'
MSGFMT='/usr/bin/msgfmt'
MSGMERGE='/usr/bin/msgmerge'
NLMCONV_DEFS=''
NM='/usr/bin/nm'
NO_WERROR=''
OBJDUMP_DEFS=''
OBJEXT='o'
PACKAGE='binutils'
PACKAGE_BUGREPORT=''
PACKAGE_NAME=''
PACKAGE_STRING=''
PACKAGE_TARNAME=''
PACKAGE_VERSION=''
PATH_SEPARATOR=':'
POSUB=''
RANLIB='ranlib'
SED='/bin/sed'
SET_MAKE=''
SHELL='/bin/bash'
STRIP='strip'
USE_NLS='no'
VERSION='2.18.atmel.1.0.1.avr32linux.1'
WARN_CFLAGS='-W -Wall -Wstrict-prototypes -Wmissing-prototypes'
XGETTEXT='/usr/bin/xgettext'
YACC='bison -y'
ac_ct_AR=''
ac_ct_CC=''
ac_ct_DUMPBIN=''
ac_ct_RANLIB=''
ac_ct_STRIP='strip'
am__fastdepCC_FALSE=''
am__fastdepCC_TRUE='#'
am__include='include'
am__leading_dot='.'
am__quote=''
am__tar='${AMTAR} chof - "$$tardir"'
am__untar='${AMTAR} xf -'
bindir='${exec_prefix}/bin'
build='x86_64-unknown-linux-gnu'
build_alias='x86_64-unknown-linux-gnu'
build_cpu='x86_64'
build_os='linux-gnu'
build_vendor='unknown'
datadir='${prefix}/share'
datarootdir='/home/student/Documents/SanntidssalPernambuco/ex8/buildroot/output/staging/usr/share'
docdir='/home/student/Documents/SanntidssalPernambuco/ex8/buildroot/output/staging/usr/share/doc'
exec_prefix='${prefix}'
host='x86_64-unknown-linux-gnu'
host_alias='x86_64-unknown-linux-gnu'
host_cpu='x86_64'
host_os='linux-gnu'
host_vendor='unknown'
htmldir='/home/student/Documents/SanntidssalPernambuco/ex8/buildroot/output/staging/usr/share/doc'
includedir='${prefix}/include'
infodir='${prefix}/info'
install_sh='/home/student/Documents/SanntidssalPernambuco/ex8/buildroot/output/toolchain/binutils-2.18-avr32-1.0.1/install-sh'
libdir='${exec_prefix}/lib'
libexecdir='${exec_prefix}/libexec'
localstatedir='${prefix}/var'
lt_ECHO='echo'
mandir='${prefix}/man'
mkdir_p='mkdir -p --'
oldincludedir='/usr/include'
prefix='/home/student/Documents/SanntidssalPernambuco/ex8/buildroot/output/staging/usr'
program_transform_name='s,^,avr32-unknown-linux-uclibc-,'
sbindir='${exec_prefix}/sbin'
sharedstatedir='${prefix}/com'
sysconfdir='${prefix}/etc'
target='avr32-unknown-linux-uclibc'
target_alias='avr32-unknown-linux-uclibc'
target_cpu='avr32'
target_os='linux-uclibc'
target_vendor='unknown'

## ----------- ##
## confdefs.h. ##
## ----------- ##

#define EXECUTABLE_SUFFIX ""
#define HAVE_ALLOCA 1
#define HAVE_ALLOCA_H 1
#define HAVE_DECL_ENVIRON 1
#define HAVE_DECL_FPRINTF 1
#define HAVE_DECL_GETC_UNLOCKED 1
#define HAVE_DECL_GETENV 1
#define HAVE_DECL_GETOPT 1
#define HAVE_DECL_SBRK 1
#define HAVE_DECL_SNPRINTF 1
#define HAVE_DECL_STPCPY 1
#define HAVE_DECL_STRSTR 1
#define HAVE_DECL_VSNPRINTF 1
#define HAVE_DLFCN_H 1
#define HAVE_FCNTL_H 1
#define HAVE_FOPEN64 1
#define HAVE_GETC_UNLOCKED 1
#define HAVE_GOOD_UTIME_H 1
#define HAVE_ICONV 1
#define HAVE_INTTYPES_H 1
#define HAVE_LIMITS_H 1
#define HAVE_MEMORY_H 1
#define HAVE_MKDTEMP 1
#define HAVE_MKSTEMP 1
#define HAVE_SBRK 1
#define HAVE_STAT64 1
#define HAVE_STDINT_H 1
#define HAVE_STDLIB_H 1
#define HAVE_STDLIB_H 1
#define HAVE_STRCOLL 1
#define HAVE_STRINGS_H 1
#define HAVE_STRINGS_H 1
#define HAVE_STRING_H 1
#define HAVE_STRING_H 1
#define HAVE_SYS_FILE_H 1
#define HAVE_SYS_PARAM_H 1
#define HAVE_SYS_STAT_H 1
#define HAVE_SYS_TYPES_H 1
#define HAVE_SYS_WAIT_H 1
#define HAVE_TIME_T_IN_TIME_H 1
#define HAVE_TIME_T_IN_TYPES_H 1
#define HAVE_UNISTD_H 1
#define HAVE_UNISTD_H 1
#define HAVE_UTIMES 1
#define ICONV_CONST 
#define LT_OBJDIR ".libs/"
#define PACKAGE "binutils"
#define PACKAGE_BUGREPORT ""
#define PACKAGE_NAME ""
#define PACKAGE_STRING ""
#define PACKAGE_TARNAME ""
#define PACKAGE_VERSION ""
#define STDC_HEADERS 1
#define TARGET "avr32-unknown-linux-uclibc"
#define TARGET_PREPENDS_UNDERSCORE 0
#define VERSION "2.18.atmel.1.0.1.avr32linux.1"
#define YYTEXT_POINTER 1
#define _GNU_SOURCE 1

configure: exit 0
