This file contains any messages produced by compilers while
running configure, to aid debugging if configure makes a mistake.

It was created by configure, which was
generated by GNU Autoconf 2.59.  Invocation command line was

  $ /home/student/Documents/SanntidssalPernambuco/ex8/buildroot/output/toolchain/gcc-4.2.4/gcc/configure --cache-file=./config.cache --build=x86_64-unknown-linux-gnu --host=x86_64-unknown-linux-gnu --target=avr32-unknown-linux-uclibc --prefix=/home/student/Documents/SanntidssalPernambuco/ex8/buildroot/output/staging/usr --with-sysroot=/home/student/Documents/SanntidssalPernambuco/ex8/buildroot/output/staging --with-build-time-tools=/home/student/Documents/SanntidssalPernambuco/ex8/buildroot/output/staging/usr/avr32-unknown-linux-uclibc/bin --disable-__cxa_atexit --enable-target-optspace --with-gnu-ld --disable-libssp --disable-multilib --disable-tls --enable-shared --with-gmp=/home/student/Documents/SanntidssalPernambuco/ex8/buildroot/output/toolchain/gmp --with-mpfr=/home/student/Documents/SanntidssalPernambuco/ex8/buildroot/output/toolchain/mpfr --disable-nls --enable-threads --disable-libmudflap --enable-languages=c --program-transform-name=s,^,avr32-unknown-linux-uclibc-,;  --srcdir=/home/student/Documents/SanntidssalPernambuco/ex8/buildroot/output/toolchain/gcc-4.2.4/gcc

## --------- ##
## Platform. ##
## --------- ##

hostname = Sanntid
uname -m = x86_64
uname -r = 3.5.7-xenomai-2.6.2.1
uname -s = Linux
uname -v = #1 SMP Sat Feb 9 15:03:06 CST 2013

/usr/bin/uname -p = unknown
/bin/uname -X     = unknown

/bin/arch              = unknown
/usr/bin/arch -k       = unknown
/usr/convex/getsysinfo = unknown
hostinfo               = unknown
/bin/machine           = unknown
/usr/bin/oslevel       = unknown
/bin/universe          = unknown

PATH: /usr/local/sbin
PATH: /usr/local/bin
PATH: /usr/sbin
PATH: /usr/bin
PATH: /sbin
PATH: /bin
PATH: /usr/games
PATH: /usr/local/go/bin


## ----------- ##
## Core tests. ##
## ----------- ##

configure:1306: loading cache ./config.cache
configure:1432: checking build system type
configure:1450: result: x86_64-unknown-linux-gnu
configure:1458: checking host system type
configure:1472: result: x86_64-unknown-linux-gnu
configure:1480: checking target system type
configure:1494: result: avr32-unknown-linux-uclibc
configure:1583: checking LIBRARY_PATH variable
configure:1593: result: ok
configure:1614: checking GCC_EXEC_PREFIX variable
configure:1624: result: ok
configure:1712: checking whether to place generated files in the source directory
configure:1722: result: no
configure:1768: checking whether a default linker was specified
configure:1779: result: no
configure:1828: checking whether a default assembler was specified
configure:1839: result: no
configure:1865: checking for x86_64-unknown-linux-gnu-gcc
configure:1891: result: /usr/bin/gcc
configure:2173: checking for C compiler version
configure:2176: /usr/bin/gcc --version </dev/null >&5
gcc (Ubuntu/Linaro 4.6.3-1ubuntu5) 4.6.3
Copyright (C) 2011 Free Software Foundation, Inc.
This is free software; see the source for copying conditions.  There is NO
warranty; not even for MERCHANTABILITY or FITNESS FOR A PARTICULAR PURPOSE.

configure:2179: $? = 0
configure:2181: /usr/bin/gcc -v </dev/null >&5
Using built-in specs.
COLLECT_GCC=/usr/bin/gcc
COLLECT_LTO_WRAPPER=/usr/lib/gcc/x86_64-linux-gnu/4.6/lto-wrapper
Target: x86_64-linux-gnu
Configured with: ../src/configure -v --with-pkgversion='Ubuntu/Linaro 4.6.3-1ubuntu5' --with-bugurl=file:///usr/share/doc/gcc-4.6/README.Bugs --enable-languages=c,c++,fortran,objc,obj-c++ --prefix=/usr --program-suffix=-4.6 --enable-shared --enable-linker-build-id --with-system-zlib --libexecdir=/usr/lib --without-included-gettext --enable-threads=posix --with-gxx-include-dir=/usr/include/c++/4.6 --libdir=/usr/lib --enable-nls --with-sysroot=/ --enable-clocale=gnu --enable-libstdcxx-debug --enable-libstdcxx-time=yes --enable-gnu-unique-object --enable-plugin --enable-objc-gc --disable-werror --with-arch-32=i686 --with-tune=generic --enable-checking=release --build=x86_64-linux-gnu --host=x86_64-linux-gnu --target=x86_64-linux-gnu
Thread model: posix
gcc version 4.6.3 (Ubuntu/Linaro 4.6.3-1ubuntu5) 
configure:2184: $? = 0
configure:2186: /usr/bin/gcc -V </dev/null >&5
gcc: error: unrecognized option '-V'
gcc: fatal error: no input files
compilation terminated.
configure:2189: $? = 4
configure:2212: checking for C compiler default output file name
configure:2215: /usr/bin/gcc -I/home/student/Documents/SanntidssalPernambuco/ex8/buildroot/output/host/include -I/home/student/Documents/SanntidssalPernambuco/ex8/buildroot/output/host/usr/include   conftest.c  >&5
configure:2218: $? = 0
configure:2264: result: a.out
configure:2269: checking whether the C compiler works
configure:2275: ./a.out
configure:2278: $? = 0
configure:2295: result: yes
configure:2302: checking whether we are cross compiling
configure:2304: result: no
configure:2307: checking for suffix of executables
configure:2309: /usr/bin/gcc -o conftest -I/home/student/Documents/SanntidssalPernambuco/ex8/buildroot/output/host/include -I/home/student/Documents/SanntidssalPernambuco/ex8/buildroot/output/host/usr/include   conftest.c  >&5
configure:2312: $? = 0
configure:2337: result: 
configure:2343: checking for suffix of object files
configure:2389: result: o
configure:2393: checking whether we are using the GNU C compiler
configure:2449: result: yes
configure:2455: checking whether /usr/bin/gcc accepts -g
configure:2506: result: yes
configure:2523: checking for /usr/bin/gcc option to accept ANSI C
configure:2630: result: none needed
configure:2648: /usr/bin/gcc -c -I/home/student/Documents/SanntidssalPernambuco/ex8/buildroot/output/host/include -I/home/student/Documents/SanntidssalPernambuco/ex8/buildroot/output/host/usr/include  conftest.c >&5
conftest.c:2:3: error: unknown type name 'choke'
conftest.c:2:3: error: expected '=', ',', ';', 'asm' or '__attribute__' at end of input
configure:2654: $? = 1
configure: failed program was:
| #ifndef __cplusplus
|   choke me
| #endif
configure:2788: checking whether /usr/bin/gcc and cc understand -c and -o together
configure:2865: result: yes
configure:2919: checking how to run the C preprocessor
configure:3037: result: /usr/bin/gcc -E
configure:3061: /usr/bin/gcc -E  conftest.c
configure:3067: $? = 0
configure:3099: /usr/bin/gcc -E  conftest.c
conftest.c:9:28: fatal error: ac_nonexistent.h: No such file or directory
compilation terminated.
configure:3105: $? = 1
configure: failed program was:
| /* confdefs.h.  */
| 
| #define PACKAGE_NAME ""
| #define PACKAGE_TARNAME ""
| #define PACKAGE_VERSION ""
| #define PACKAGE_STRING ""
| #define PACKAGE_BUGREPORT ""
| /* end confdefs.h.  */
| #include <ac_nonexistent.h>
configure:3149: checking for inline
configure:3201: result: inline
configure:3223: checking for egrep
configure:3233: result: grep -E
configure:3238: checking for ANSI C header files
configure:3394: result: yes
configure:3418: checking for sys/types.h
configure:3464: result: yes
configure:3418: checking for sys/stat.h
configure:3464: result: yes
configure:3418: checking for stdlib.h
configure:3464: result: yes
configure:3418: checking for string.h
configure:3464: result: yes
configure:3418: checking for memory.h
configure:3464: result: yes
configure:3418: checking for strings.h
configure:3464: result: yes
configure:3418: checking for inttypes.h
configure:3464: result: yes
configure:3418: checking for stdint.h
configure:3464: result: yes
configure:3418: checking for unistd.h
configure:3464: result: yes
configure:3476: checking for void *
configure:3530: result: yes
configure:3533: checking size of void *
configure:3883: result: 8
configure:3890: checking for short
configure:3944: result: yes
configure:3947: checking size of short
configure:4297: result: 2
configure:4304: checking for int
configure:4358: result: yes
configure:4361: checking size of int
configure:4711: result: 4
configure:4718: checking for long
configure:4772: result: yes
configure:4775: checking size of long
configure:5125: result: 8
configure:5132: checking for long long
configure:5186: result: yes
configure:5194: checking for long long
configure:5248: result: yes
configure:5251: checking size of long long
configure:5601: result: 8
configure:5610: checking for __int64
configure:5664: result: no
configure:6100: checking whether /usr/bin/gcc accepts -Wno-long-long
configure:6148: result: yes
configure:6151: checking whether /usr/bin/gcc accepts -Wno-variadic-macros
configure:6199: result: yes
configure:6202: checking whether /usr/bin/gcc accepts -Wno-overlength-strings
configure:6250: result: yes
configure:6261: checking whether /usr/bin/gcc accepts -Wold-style-definition
configure:6309: result: yes
configure:6316: checking whether /usr/bin/gcc accepts -Wmissing-format-attribute
configure:6364: result: yes
configure:6386: checking whether /usr/bin/gcc accepts -Wc++-compat
configure:6434: result: yes
configure:6614: checking for valgrind.h
configure:6619: result: no
configure:7231: checking whether /usr/bin/make sets $(MAKE)
configure:7251: result: yes
configure:7266: checking for gawk
configure:7292: result: gawk
configure:7310: checking whether ln -s works
configure:7338: result: yes
configure:7350: checking whether ln works
configure:7372: result: yes
configure:7379: checking for x86_64-unknown-linux-gnu-ranlib
configure:7405: result: ranlib
configure:7479: checking for a BSD compatible install
configure:7521: result: /usr/bin/install -c
configure:7532: checking for cmp's capabilities
configure:7559: result: gnucompare
configure:7568: checking for mktemp
configure:7595: result: yes
configure:7612: checking for makeinfo
configure:7638: result: makeinfo --split-size=5000000
configure:7647: checking for modern makeinfo
configure:7663: result: yes
configure:7684: checking for recent Pod::Man
configure:7687: result: yes
configure:7702: checking for flex
configure:7728: result: flex
configure:7745: checking for bison
configure:7771: result: bison
configure:7793: checking for nm
configure:7820: result: /usr/bin/nm
configure:7836: checking for ar
configure:7863: result: /usr/bin/ar
configure:7877: checking for GNU C library
configure:7932: result: yes
configure:7947: checking for ANSI C header files
configure:8103: result: yes
configure:8113: checking whether time.h and sys/time.h may both be included
configure:8168: result: yes
configure:8178: checking whether string.h and strings.h may both be included
configure:8230: result: yes
configure:8240: checking for sys/wait.h that is POSIX.1 compatible
configure:8301: result: yes
configure:8339: checking for limits.h
configure:8379: result: yes
configure:8339: checking for stddef.h
configure:8379: result: yes
configure:8339: checking for string.h
configure:8379: result: yes
configure:8339: checking for strings.h
configure:8379: result: yes
configure:8339: checking for stdlib.h
configure:8379: result: yes
configure:8339: checking for time.h
configure:8379: result: yes
configure:8339: checking for iconv.h
configure:8379: result: yes
configure:8339: checking for fcntl.h
configure:8379: result: yes
configure:8339: checking for unistd.h
configure:8379: result: yes
configure:8339: checking for sys/file.h
configure:8379: result: yes
configure:8339: checking for sys/time.h
configure:8379: result: yes
configure:8339: checking for sys/mman.h
configure:8379: result: yes
configure:8339: checking for sys/resource.h
configure:8379: result: yes
configure:8339: checking for sys/param.h
configure:8379: result: yes
configure:8339: checking for sys/times.h
configure:8379: result: yes
configure:8339: checking for sys/stat.h
configure:8379: result: yes
configure:8339: checking for direct.h
configure:8379: result: no
configure:8339: checking for malloc.h
configure:8379: result: yes
configure:8339: checking for langinfo.h
configure:8379: result: yes
configure:8339: checking for ldfcn.h
configure:8379: result: no
configure:8339: checking for locale.h
configure:8379: result: yes
configure:8339: checking for wchar.h
configure:8379: result: yes
configure:8391: checking for thread.h
configure:8431: result: no
configure:8439: checking for pthread.h
configure:8479: result: yes
configure:8489: checking for CHAR_BIT
configure:8517: result: yes
configure:8594: checking whether byte ordering is bigendian
configure:8805: result: no
configure:8845: checking for collect2 libraries
configure:8912: result: none required
configure:8924: checking for library containing exc_resume
configure:9043: result: no
configure:9058: checking for library containing ldexp
configure:9177: result: none required
configure:9190: checking for inttypes.h
configure:9243: result: yes
configure:9296: checking for times
configure:9384: result: yes
configure:9296: checking for clock
configure:9384: result: yes
configure:9296: checking for kill
configure:9384: result: yes
configure:9296: checking for getrlimit
configure:9384: result: yes
configure:9296: checking for setrlimit
configure:9384: result: yes
configure:9296: checking for atoll
configure:9384: result: yes
configure:9296: checking for atoq
configure:9384: result: no
configure:9296: checking for sysconf
configure:9384: result: yes
configure:9296: checking for strsignal
configure:9384: result: yes
configure:9296: checking for getrusage
configure:9384: result: yes
configure:9296: checking for nl_langinfo
configure:9384: result: yes
configure:9296: checking for scandir
configure:9384: result: yes
configure:9296: checking for alphasort
configure:9384: result: yes
configure:9296: checking for gettimeofday
configure:9384: result: yes
configure:9296: checking for mbstowcs
configure:9384: result: yes
configure:9296: checking for wcswidth
configure:9384: result: yes
configure:9296: checking for mmap
configure:9384: result: yes
configure:9296: checking for mincore
configure:9384: result: yes
configure:9296: checking for setlocale
configure:9384: result: yes
configure:9296: checking for clearerr_unlocked
configure:9384: result: yes
configure:9296: checking for feof_unlocked
configure:9384: result: yes
configure:9296: checking for ferror_unlocked
configure:9384: result: yes
configure:9296: checking for fflush_unlocked
configure:9384: result: yes
configure:9296: checking for fgetc_unlocked
configure:9384: result: yes
configure:9296: checking for fgets_unlocked
configure:9384: result: yes
configure:9296: checking for fileno_unlocked
configure:9384: result: yes
configure:9296: checking for fprintf_unlocked
configure:9384: result: no
configure:9296: checking for fputc_unlocked
configure:9384: result: yes
configure:9296: checking for fputs_unlocked
configure:9384: result: yes
configure:9296: checking for fread_unlocked
configure:9384: result: yes
configure:9296: checking for fwrite_unlocked
configure:9384: result: yes
configure:9296: checking for getchar_unlocked
configure:9384: result: yes
configure:9296: checking for getc_unlocked
configure:9384: result: yes
configure:9296: checking for putchar_unlocked
configure:9384: result: yes
configure:9296: checking for putc_unlocked
configure:9384: result: yes
configure:9396: checking whether mbstowcs works
configure:9440: result: yes
configure:9451: checking for ssize_t
configure:9505: result: yes
configure:9520: checking for uid_t in sys/types.h
configure:9543: result: yes
configure:9558: checking type of array argument to getgroups
configure:9637: result: gid_t
configure:9663: checking for sys/mman.h
configure:9703: result: yes
configure:9711: checking for mmap
configure:9799: result: yes
configure:9813: checking whether read-only mmap of a plain file works
configure:9830: result: yes
configure:9832: checking whether mmap from /dev/zero works
configure:9854: result: yes
configure:9858: checking for MAP_ANON(YMOUS)
configure:9916: result: yes
configure:9922: checking whether mmap with MAP_ANON(YMOUS) works
configure:9939: result: yes
configure:9975: checking for pid_t
configure:10029: result: yes
configure:10046: checking for unistd.h
configure:10086: result: yes
configure:10046: checking for vfork.h
configure:10086: result: no
configure:10101: checking for fork
configure:10189: result: yes
configure:10101: checking for vfork
configure:10189: result: yes
configure:10200: checking for working fork
configure:10245: result: yes
configure:10266: checking for working vfork
configure:10399: result: yes
configure:10471: checking for ld used by GCC
configure:10534: result: /usr/bin/ld
configure:10543: checking if the linker (/usr/bin/ld) is GNU ld
configure:10555: result: yes
configure:10561: checking for shared library run path origin
configure:10574: result: done
configure:11004: checking for iconv
configure:11116: result: yes
configure:11139: checking for iconv declaration
configure:11207: result: 
         extern size_t iconv (iconv_t cd, char * *inbuf, size_t *inbytesleft, char * *outbuf, size_t *outbytesleft);
configure:11222: checking for LC_MESSAGES
configure:11274: result: yes
configure:11286: checking for nl_langinfo and CODESET
configure:11339: result: yes
configure:11398: checking whether getenv is declared
configure:11458: result: yes
configure:11398: checking whether atol is declared
configure:11458: result: yes
configure:11398: checking whether asprintf is declared
configure:11458: result: yes
configure:11398: checking whether sbrk is declared
configure:11458: result: yes
configure:11398: checking whether abort is declared
configure:11458: result: yes
configure:11398: checking whether atof is declared
configure:11458: result: yes
configure:11398: checking whether getcwd is declared
configure:11458: result: yes
configure:11398: checking whether getwd is declared
configure:11458: result: yes
configure:11398: checking whether strsignal is declared
configure:11458: result: yes
configure:11398: checking whether strstr is declared
configure:11458: result: yes
configure:11398: checking whether strverscmp is declared
configure:11458: result: yes
configure:11398: checking whether errno is declared
configure:11458: result: yes
configure:11398: checking whether snprintf is declared
configure:11458: result: yes
configure:11398: checking whether vsnprintf is declared
configure:11458: result: yes
configure:11398: checking whether vasprintf is declared
configure:11458: result: yes
configure:11398: checking whether malloc is declared
configure:11458: result: yes
configure:11398: checking whether realloc is declared
configure:11458: result: yes
configure:11398: checking whether calloc is declared
configure:11458: result: yes
configure:11398: checking whether free is declared
configure:11458: result: yes
configure:11398: checking whether basename is declared
configure:11458: result: yes
configure:11398: checking whether getopt is declared
configure:11464: result: no
configure:11398: checking whether clock is declared
configure:11458: result: yes
configure:11398: checking whether getpagesize is declared
configure:11458: result: yes
configure:11398: checking whether clearerr_unlocked is declared
configure:11458: result: yes
configure:11398: checking whether feof_unlocked is declared
configure:11458: result: yes
configure:11398: checking whether ferror_unlocked is declared
configure:11458: result: yes
configure:11398: checking whether fflush_unlocked is declared
configure:11458: result: yes
configure:11398: checking whether fgetc_unlocked is declared
configure:11458: result: yes
configure:11398: checking whether fgets_unlocked is declared
configure:11458: result: yes
configure:11398: checking whether fileno_unlocked is declared
configure:11458: result: yes
configure:11398: checking whether fprintf_unlocked is declared
configure:11464: result: no
configure:11398: checking whether fputc_unlocked is declared
configure:11458: result: yes
configure:11398: checking whether fputs_unlocked is declared
configure:11458: result: yes
configure:11398: checking whether fread_unlocked is declared
configure:11458: result: yes
configure:11398: checking whether fwrite_unlocked is declared
configure:11458: result: yes
configure:11398: checking whether getchar_unlocked is declared
configure:11458: result: yes
configure:11398: checking whether getc_unlocked is declared
configure:11458: result: yes
configure:11398: checking whether putchar_unlocked is declared
configure:11458: result: yes
configure:11398: checking whether putc_unlocked is declared
configure:11458: result: yes
configure:11480: checking whether getrlimit is declared
configure:11544: result: yes
configure:11480: checking whether setrlimit is declared
configure:11544: result: yes
configure:11480: checking whether getrusage is declared
configure:11544: result: yes
configure:11582: /usr/bin/gcc -c -I/home/student/Documents/SanntidssalPernambuco/ex8/buildroot/output/host/include -I/home/student/Documents/SanntidssalPernambuco/ex8/buildroot/output/host/usr/include -I/home/student/Documents/SanntidssalPernambuco/ex8/buildroot/output/toolchain/gcc-4.2.4/gcc -I/home/student/Documents/SanntidssalPernambuco/ex8/buildroot/output/toolchain/gcc-4.2.4/gcc/../include  conftest.c >&5
configure:11588: $? = 0
configure:11592: test -z 
			 || test ! -s conftest.err
configure:11595: $? = 0
configure:11598: test -s conftest.o
configure:11601: $? = 0
configure:11624: checking whether ldgetname is declared
configure:11696: result: no
configure:11710: checking whether times is declared
configure:11774: result: yes
configure:11794: checking whether sigaltstack is declared
configure:11856: result: yes
configure:11873: checking for struct tms
configure:11931: result: yes
configure:11943: checking for clock_t
configure:11998: result: yes
configure:12017: checking for .preinit_array/.init_array/.fini_array support
configure:12060: result: yes
configure:12074: checking if mkdir takes one argument
configure:12135: result: no
configure:12808: checking whether NLS is requested
configure:12811: result: no
configure:13377: checking what assembler to use
configure:13414: result: /home/student/Documents/SanntidssalPernambuco/ex8/buildroot/output/staging/usr/avr32-unknown-linux-uclibc/bin/as
configure:13493: checking what linker to use
configure:13518: result: /home/student/Documents/SanntidssalPernambuco/ex8/buildroot/output/staging/usr/avr32-unknown-linux-uclibc/bin/ld
configure:13581: checking what nm to use
configure:13589: result: /home/student/Documents/SanntidssalPernambuco/ex8/buildroot/output/staging/usr/avr32-unknown-linux-uclibc/bin/nm
configure:13655: checking what objdump to use
configure:13665: result: /home/student/Documents/SanntidssalPernambuco/ex8/buildroot/output/staging/usr/avr32-unknown-linux-uclibc/bin/objdump
configure:13670: checking assembler for .balign and .p2align
configure:13698: result: yes
configure:13708: checking assembler for .p2align with maximum skip
configure:13735: result: yes
configure:13745: checking assembler for working .subsection -1
configure:13784: result: yes
configure:13794: checking assembler for .weak
configure:13821: result: yes
configure:13831: checking assembler for .weakref
configure:13858: result: yes
configure:13868: checking assembler for .nsubspa comdat
configure:13896: result: no
configure:13913: checking assembler for .hidden
configure:13942: result: yes
configure:13946: checking linker for .hidden support
configure:14001: result: yes
configure:14016: checking assembler for .sleb128 and .uleb128
configure:14063: result: yes
configure:14075: checking assembler for eh_frame optimization
configure:14166: result: yes
configure:14178: checking assembler for section merging support
configure:14206: result: yes
configure:14248: checking assembler for COMDAT group support
configure:14276: result: yes
configure:14724: checking linker -Bstatic/-Bdynamic option
configure:14745: result: yes
configure:15650: checking assembler for dwarf2 debug_line support
configure:15682: result: yes
configure:15690: checking assembler for buggy dwarf2 .file directive
configure:15714: result: no
configure:15727: checking assembler for --gdwarf2 option
configure:15755: result: yes
configure:15765: checking assembler for --gstabs option
configure:15804: result: yes
configure:15815: checking linker read-only and read-write section mixing
configure:15853: result: read-write
configure:15856: checking linker PT_GNU_EH_FRAME support
configure:15878: result: yes
configure:15881: checking linker position independent executable support
configure:15902: result: yes
configure:15909: checking linker --as-needed support
configure:15928: result: yes
configure:15988: checking linker --sysroot support
configure:16004: result: yes
configure:16026: checking __stack_chk_fail in target GNU C library
configure:16059: result: no
configure:16156: checking whether to enable maintainer-specific portions of Makefiles
configure:16166: result: no
configure:16633: creating ./config.status

## ---------------------- ##
## Running config.status. ##
## ---------------------- ##

This file was extended by config.status, which was
generated by GNU Autoconf 2.59.  Invocation command line was

  CONFIG_FILES    = 
  CONFIG_HEADERS  = 
  CONFIG_LINKS    = 
  CONFIG_COMMANDS = 
  $ ./config.status 

on Sanntid

config.status:828: creating Makefile
config.status:828: creating gccbug
config.status:828: creating mklibgcc
config.status:828: creating libada-mk
config.status:828: creating ada/Makefile
config.status:924: creating auto-host.h
config.status:1556: executing default commands

## ---------------- ##
## Cache variables. ##
## ---------------- ##

ac_cv_build=x86_64-unknown-linux-gnu
ac_cv_build_alias=x86_64-unknown-linux-gnu
ac_cv_c_bigendian=no
ac_cv_c_compiler_gnu=yes
ac_cv_c_inline=inline
ac_cv_env_CC_set=set
ac_cv_env_CC_value=/usr/bin/gcc
ac_cv_env_CFLAGS_set=set
ac_cv_env_CFLAGS_value='-I/home/student/Documents/SanntidssalPernambuco/ex8/buildroot/output/host/include -I/home/student/Documents/SanntidssalPernambuco/ex8/buildroot/output/host/usr/include'
ac_cv_env_CPPFLAGS_set=
ac_cv_env_CPPFLAGS_value=
ac_cv_env_CPP_set=
ac_cv_env_CPP_value=
ac_cv_env_GMPINC_set=set
ac_cv_env_GMPINC_value='-I/home/student/Documents/SanntidssalPernambuco/ex8/buildroot/output/toolchain/gmp/include -I/home/student/Documents/SanntidssalPernambuco/ex8/buildroot/output/toolchain/mpfr/include'
ac_cv_env_GMPLIBS_set=set
ac_cv_env_GMPLIBS_value='-L/home/student/Documents/SanntidssalPernambuco/ex8/buildroot/output/toolchain/gmp/lib -L/home/student/Documents/SanntidssalPernambuco/ex8/buildroot/output/toolchain/mpfr/lib -lmpfr -lgmp'
ac_cv_env_LDFLAGS_set=set
ac_cv_env_LDFLAGS_value=
ac_cv_env_build_alias_set=set
ac_cv_env_build_alias_value=x86_64-unknown-linux-gnu
ac_cv_env_host_alias_set=set
ac_cv_env_host_alias_value=x86_64-unknown-linux-gnu
ac_cv_env_target_alias_set=set
ac_cv_env_target_alias_value=avr32-unknown-linux-uclibc
ac_cv_exeext=
ac_cv_func_alphasort=yes
ac_cv_func_atoll=yes
ac_cv_func_atoq=no
ac_cv_func_clearerr_unlocked=yes
ac_cv_func_clock=yes
ac_cv_func_feof_unlocked=yes
ac_cv_func_ferror_unlocked=yes
ac_cv_func_fflush_unlocked=yes
ac_cv_func_fgetc_unlocked=yes
ac_cv_func_fgets_unlocked=yes
ac_cv_func_fileno_unlocked=yes
ac_cv_func_fork=yes
ac_cv_func_fork_works=yes
ac_cv_func_fprintf_unlocked=no
ac_cv_func_fputc_unlocked=yes
ac_cv_func_fputs_unlocked=yes
ac_cv_func_fread_unlocked=yes
ac_cv_func_fwrite_unlocked=yes
ac_cv_func_getc_unlocked=yes
ac_cv_func_getchar_unlocked=yes
ac_cv_func_getrlimit=yes
ac_cv_func_getrusage=yes
ac_cv_func_gettimeofday=yes
ac_cv_func_kill=yes
ac_cv_func_mbstowcs=yes
ac_cv_func_mincore=yes
ac_cv_func_mmap=yes
ac_cv_func_nl_langinfo=yes
ac_cv_func_putc_unlocked=yes
ac_cv_func_putchar_unlocked=yes
ac_cv_func_scandir=yes
ac_cv_func_setlocale=yes
ac_cv_func_setrlimit=yes
ac_cv_func_strsignal=yes
ac_cv_func_sysconf=yes
ac_cv_func_times=yes
ac_cv_func_vfork=yes
ac_cv_func_vfork_works=yes
ac_cv_func_wcswidth=yes
ac_cv_header_direct_h=no
ac_cv_header_fcntl_h=yes
ac_cv_header_iconv_h=yes
ac_cv_header_inttypes_h=yes
ac_cv_header_langinfo_h=yes
ac_cv_header_ldfcn_h=no
ac_cv_header_limits_h=yes
ac_cv_header_locale_h=yes
ac_cv_header_malloc_h=yes
ac_cv_header_memory_h=yes
ac_cv_header_pthread_h=yes
ac_cv_header_stdc=yes
ac_cv_header_stddef_h=yes
ac_cv_header_stdint_h=yes
ac_cv_header_stdlib_h=yes
ac_cv_header_string_h=yes
ac_cv_header_strings_h=yes
ac_cv_header_sys_file_h=yes
ac_cv_header_sys_mman_h=yes
ac_cv_header_sys_param_h=yes
ac_cv_header_sys_resource_h=yes
ac_cv_header_sys_stat_h=yes
ac_cv_header_sys_time_h=yes
ac_cv_header_sys_times_h=yes
ac_cv_header_sys_types_h=yes
ac_cv_header_sys_wait_h=yes
ac_cv_header_thread_h=no
ac_cv_header_time=yes
ac_cv_header_time_h=yes
ac_cv_header_unistd_h=yes
ac_cv_header_valgrind_h=no
ac_cv_header_vfork_h=no
ac_cv_header_wchar_h=yes
ac_cv_host=x86_64-unknown-linux-gnu
ac_cv_host_alias=x86_64-unknown-linux-gnu
ac_cv_objext=o
ac_cv_prog_AR=/usr/bin/ar
ac_cv_prog_AWK=gawk
ac_cv_prog_BISON=bison
ac_cv_prog_CC=/usr/bin/gcc
ac_cv_prog_CPP='/usr/bin/gcc -E'
ac_cv_prog_FLEX=flex
ac_cv_prog_MAKEINFO='makeinfo --split-size=5000000'
ac_cv_prog_NM=/usr/bin/nm
ac_cv_prog_RANLIB=ranlib
ac_cv_prog_cc__usr_bin_gcc_c_o=yes
ac_cv_prog_cc_g=yes
ac_cv_prog_cc_stdc=
ac_cv_prog_cc_w_cxx_compat=yes
ac_cv_prog_cc_w_missing_format_attribute=yes
ac_cv_prog_cc_w_no_long_long=yes
ac_cv_prog_cc_w_no_overlength_strings=yes
ac_cv_prog_cc_w_no_variadic_macros=yes
ac_cv_prog_cc_w_old_style_definition=yes
ac_cv_prog_egrep='grep -E'
ac_cv_prog_have_mktemp_command=yes
ac_cv_prog_make__usr_bin_make_set=yes
ac_cv_search_exc_resume=no
ac_cv_search_ldexp='none required'
ac_cv_sizeof_int=4
ac_cv_sizeof_long=8
ac_cv_sizeof_long_long=8
ac_cv_sizeof_short=2
ac_cv_sizeof_void_p=8
ac_cv_struct_tms=yes
ac_cv_target=avr32-unknown-linux-uclibc
ac_cv_target_alias=avr32-unknown-linux-uclibc
ac_cv_type___int64=no
ac_cv_type_getgroups=gid_t
ac_cv_type_int=yes
ac_cv_type_long=yes
ac_cv_type_long_long=yes
ac_cv_type_pid_t=yes
ac_cv_type_short=yes
ac_cv_type_ssize_t=yes
ac_cv_type_uid_t=yes
ac_cv_type_void_p=yes
acl_cv_hardcode_direct=no
acl_cv_hardcode_libdir_flag_spec='${wl}-rpath ${wl}$libdir'
acl_cv_hardcode_libdir_separator=
acl_cv_hardcode_minus_L=no
acl_cv_libext=a
acl_cv_path_LD=/usr/bin/ld
acl_cv_prog_gnu_ld=yes
acl_cv_rpath=done
acl_cv_shlibext=so
acl_cv_wl=-Wl,
acx_cv_prog_LN=ln
am_cv_func_iconv=yes
am_cv_langinfo_codeset=yes
am_cv_lib_iconv=no
am_cv_proto_iconv='extern size_t iconv (iconv_t cd, char * *inbuf, size_t *inbytesleft, char * *outbuf, size_t *outbytesleft);'
am_cv_proto_iconv_arg1=
am_cv_val_LC_MESSAGES=yes
gcc_cv_as=/home/student/Documents/SanntidssalPernambuco/ex8/buildroot/output/staging/usr/avr32-unknown-linux-uclibc/bin/as
gcc_cv_as_balign_and_p2align=yes
gcc_cv_as_comdat_group=no
gcc_cv_as_comdat_group_percent=no
gcc_cv_as_dwarf2_debug_line=yes
gcc_cv_as_dwarf2_file_buggy=no
gcc_cv_as_eh_frame=yes
gcc_cv_as_gas_srcdir=/home/student/Documents/SanntidssalPernambuco/ex8/buildroot/output/toolchain/gcc-4.2.4/gas
gcc_cv_as_gdwarf2_flag=yes
gcc_cv_as_gstabs_flag=yes
gcc_cv_as_hidden=yes
gcc_cv_as_leb128=yes
gcc_cv_as_max_skip_p2align=yes
gcc_cv_as_nsubspa_comdat=no
gcc_cv_as_shf_merge=yes
gcc_cv_as_subsection_m1=yes
gcc_cv_as_weak=yes
gcc_cv_as_weakref=yes
gcc_cv_binutils_srcdir=/home/student/Documents/SanntidssalPernambuco/ex8/buildroot/output/toolchain/gcc-4.2.4/binutils
gcc_cv_collect2_libs='none required'
gcc_cv_decl_char_bit=yes
gcc_cv_decl_map_anon=yes
gcc_cv_func_mbstowcs_works=yes
gcc_cv_func_mmap_anon=yes
gcc_cv_func_mmap_dev_zero=yes
gcc_cv_func_mmap_file=yes
gcc_cv_gas_major_version=
gcc_cv_gas_minor_version=
gcc_cv_gld_major_version=
gcc_cv_gld_minor_version=
gcc_cv_glibc=yes
gcc_cv_have_decl_abort=yes
gcc_cv_have_decl_asprintf=yes
gcc_cv_have_decl_atof=yes
gcc_cv_have_decl_atol=yes
gcc_cv_have_decl_basename=yes
gcc_cv_have_decl_calloc=yes
gcc_cv_have_decl_clearerr_unlocked=yes
gcc_cv_have_decl_clock=yes
gcc_cv_have_decl_errno=yes
gcc_cv_have_decl_feof_unlocked=yes
gcc_cv_have_decl_ferror_unlocked=yes
gcc_cv_have_decl_fflush_unlocked=yes
gcc_cv_have_decl_fgetc_unlocked=yes
gcc_cv_have_decl_fgets_unlocked=yes
gcc_cv_have_decl_fileno_unlocked=yes
gcc_cv_have_decl_fprintf_unlocked=no
gcc_cv_have_decl_fputc_unlocked=yes
gcc_cv_have_decl_fputs_unlocked=yes
gcc_cv_have_decl_fread_unlocked=yes
gcc_cv_have_decl_free=yes
gcc_cv_have_decl_fwrite_unlocked=yes
gcc_cv_have_decl_getc_unlocked=yes
gcc_cv_have_decl_getchar_unlocked=yes
gcc_cv_have_decl_getcwd=yes
gcc_cv_have_decl_getenv=yes
gcc_cv_have_decl_getopt=no
gcc_cv_have_decl_getpagesize=yes
gcc_cv_have_decl_getrlimit=yes
gcc_cv_have_decl_getrusage=yes
gcc_cv_have_decl_getwd=yes
gcc_cv_have_decl_ldgetname=no
gcc_cv_have_decl_malloc=yes
gcc_cv_have_decl_putc_unlocked=yes
gcc_cv_have_decl_putchar_unlocked=yes
gcc_cv_have_decl_realloc=yes
gcc_cv_have_decl_sbrk=yes
gcc_cv_have_decl_setrlimit=yes
gcc_cv_have_decl_sigaltstack=yes
gcc_cv_have_decl_snprintf=yes
gcc_cv_have_decl_strsignal=yes
gcc_cv_have_decl_strstr=yes
gcc_cv_have_decl_strverscmp=yes
gcc_cv_have_decl_times=yes
gcc_cv_have_decl_vasprintf=yes
gcc_cv_have_decl_vsnprintf=yes
gcc_cv_header_inttypes_h=yes
gcc_cv_header_string=yes
gcc_cv_initfini_array=yes
gcc_cv_ld=/home/student/Documents/SanntidssalPernambuco/ex8/buildroot/output/staging/usr/avr32-unknown-linux-uclibc/bin/ld
gcc_cv_ld_as_needed=yes
gcc_cv_ld_bfd_srcdir=/home/student/Documents/SanntidssalPernambuco/ex8/buildroot/output/toolchain/gcc-4.2.4/bfd
gcc_cv_ld_eh_frame_hdr=yes
gcc_cv_ld_gld_srcdir=/home/student/Documents/SanntidssalPernambuco/ex8/buildroot/output/toolchain/gcc-4.2.4/ld
gcc_cv_ld_hidden=yes
gcc_cv_ld_pie=yes
gcc_cv_ld_ro_rw_mix=read-write
gcc_cv_ld_static_dynamic=yes
gcc_cv_ld_sysroot=yes
gcc_cv_libc_provides_ssp=no
gcc_cv_mkdir_takes_one_arg=no
gcc_cv_nm=/home/student/Documents/SanntidssalPernambuco/ex8/buildroot/output/staging/usr/avr32-unknown-linux-uclibc/bin/nm
gcc_cv_objdump=/home/student/Documents/SanntidssalPernambuco/ex8/buildroot/output/staging/usr/avr32-unknown-linux-uclibc/bin/objdump
gcc_cv_prog_LN_S='ln -s'
gcc_cv_prog_cmp_skip=gnucompare
gcc_cv_prog_makeinfo_modern=yes
gcc_cv_type_clock_t=yes

## ----------------- ##
## Output variables. ##
## ----------------- ##

ALL='all.cross'
AR='/usr/bin/ar'
AWK='gawk'
BISON='bison'
BUILD_CFLAGS='$(ALL_CFLAGS)'
BUILD_INFO='info'
CATALOGS=''
CATOBJEXT=''
CC='/usr/bin/gcc'
CC_FOR_BUILD='$(CC)'
CFLAGS='-I/home/student/Documents/SanntidssalPernambuco/ex8/buildroot/output/host/include -I/home/student/Documents/SanntidssalPernambuco/ex8/buildroot/output/host/usr/include'
COLLECT2_LIBS=''
CPP='/usr/bin/gcc -E'
CPPFLAGS=''
CROSS='-DCROSS_COMPILE'
CROSS_SYSTEM_HEADER_DIR='$(TARGET_SYSTEM_ROOT)$(NATIVE_SYSTEM_HEADER_DIR)'
DATADIRNAME=''
DEFS='-DHAVE_CONFIG_H'
ECHO_C=''
ECHO_N='-n'
ECHO_T=''
EGREP='grep -E'
EXEEXT=''
FLEX='flex'
GENCAT=''
GENERATED_MANPAGES='generated-manpages'
GENINSRC='#'
GGC='ggc-page'
GMPINC='-I/home/student/Documents/SanntidssalPernambuco/ex8/buildroot/output/toolchain/gmp/include -I/home/student/Documents/SanntidssalPernambuco/ex8/buildroot/output/toolchain/mpfr/include'
GMPLIBS='-L/home/student/Documents/SanntidssalPernambuco/ex8/buildroot/output/toolchain/gmp/lib -L/home/student/Documents/SanntidssalPernambuco/ex8/buildroot/output/toolchain/mpfr/lib -lmpfr -lgmp'
GMSGFMT='/usr/bin/msgfmt'
GNAT_LIBEXC=''
INCINTL=''
INSTALL='/usr/bin/install -c'
INSTALL_DATA='/usr/bin/install -c -m 644'
INSTALL_PROGRAM='/usr/bin/install -c'
INSTOBJEXT=''
LDEXP_LIB=''
LDFLAGS=''
LIBICONV=''
LIBICONV_DEP=''
LIBINTL=''
LIBINTL_DEP=''
LIBOBJS=''
LIBS=''
LN='ln'
LN_S='ln -s'
LTLIBICONV=''
LTLIBOBJS=''
MAINT='#'
MAKEINFO='makeinfo --split-size=5000000'
NM='/usr/bin/nm'
NO_MINUS_C_MINUS_O=''
OBJEXT='o'
ORIGINAL_AS_FOR_TARGET='/home/student/Documents/SanntidssalPernambuco/ex8/buildroot/output/staging/usr/avr32-unknown-linux-uclibc/bin/as'
ORIGINAL_LD_FOR_TARGET='/home/student/Documents/SanntidssalPernambuco/ex8/buildroot/output/staging/usr/avr32-unknown-linux-uclibc/bin/ld'
ORIGINAL_NM_FOR_TARGET='/home/student/Documents/SanntidssalPernambuco/ex8/buildroot/output/staging/usr/avr32-unknown-linux-uclibc/bin/nm'
OUTPUT_OPTION='-o $@'
PACKAGE_BUGREPORT=''
PACKAGE_NAME=''
PACKAGE_STRING=''
PACKAGE_TARNAME=''
PACKAGE_VERSION=''
PATH_SEPARATOR=':'
POSUB=''
RANLIB='ranlib'
SET_MAKE=''
SHELL='/bin/bash'
STMP_FIXINC='stmp-fixinc'
STMP_FIXPROTO=''
SYSTEM_HEADER_DIR='$(CROSS_SYSTEM_HEADER_DIR)'
TARGET_GETGROUPS_T='gid_t'
TARGET_SYSTEM_ROOT='/home/student/Documents/SanntidssalPernambuco/ex8/buildroot/output/staging'
TARGET_SYSTEM_ROOT_DEFINE='-DTARGET_SYSTEM_ROOT=\"$(TARGET_SYSTEM_ROOT)\"'
TREEBROWSER=''
USE_NLS='no'
WERROR=''
XGETTEXT='/usr/bin/xgettext'
ac_ct_CC=''
ac_ct_RANLIB=''
all_boot_languages=' ada'
all_compilers=' gnat1$(exeext) cc1plus$(exeext) f951$(exeext) jc1$(exeext) jvgenmain$(exeext) cc1obj$(exeext) cc1objplus$(exeext) tree1$(exeext)'
all_gtfiles=' $(srcdir)/ada/ada-tree.h $(srcdir)/ada/gigi.h $(srcdir)/ada/decl.c $(srcdir)/ada/trans.c $(srcdir)/ada/utils.c $(srcdir)/cp/rtti.c $(srcdir)/cp/mangle.c $(srcdir)/cp/name-lookup.h $(srcdir)/cp/name-lookup.c $(srcdir)/cp/cp-tree.h $(srcdir)/cp/decl.h $(srcdir)/cp/call.c $(srcdir)/cp/decl.c $(srcdir)/cp/decl2.c $(srcdir)/cp/pt.c $(srcdir)/cp/repo.c $(srcdir)/cp/semantics.c $(srcdir)/cp/tree.c $(srcdir)/cp/parser.c $(srcdir)/cp/method.c $(srcdir)/cp/typeck2.c $(srcdir)/c-common.c $(srcdir)/c-common.h $(srcdir)/c-lex.c $(srcdir)/c-pragma.c $(srcdir)/cp/class.c $(srcdir)/cp/cp-objcp-common.c $(srcdir)/fortran/f95-lang.c $(srcdir)/fortran/trans-decl.c $(srcdir)/fortran/trans-intrinsic.c $(srcdir)/fortran/trans-io.c $(srcdir)/fortran/trans-types.c $(srcdir)/fortran/trans-types.h $(srcdir)/fortran/trans.h $(srcdir)/fortran/trans-const.h $(srcdir)/java/java-tree.h $(srcdir)/java/jcf.h $(srcdir)/java/lex.h $(srcdir)/java/parse.h $(srcdir)/java/builtins.c $(srcdir)/java/class.c $(srcdir)/java/constants.c $(srcdir)/java/decl.c $(srcdir)/java/expr.c $(srcdir)/java/jcf-parse.c $(srcdir)/java/jcf-write.c $(srcdir)/java/lang.c $(srcdir)/java/mangle.c $(srcdir)/java/parse.y $(srcdir)/java/resource.c $(srcdir)/objc/objc-act.h $(srcdir)/c-parser.c $(srcdir)/c-tree.h $(srcdir)/c-decl.c $(srcdir)/c-objc-common.c $(srcdir)/c-common.c $(srcdir)/c-common.h $(srcdir)/c-pragma.c $(srcdir)/objc/objc-act.c $(srcdir)/objcp/objcp-decl.c $(srcdir)/objc/objc-act.c $(srcdir)/objc/objc-act.h $(srcdir)/cp/rtti.c $(srcdir)/cp/mangle.c $(srcdir)/cp/name-lookup.h $(srcdir)/cp/name-lookup.c $(srcdir)/cp/cp-tree.h $(srcdir)/cp/decl.h $(srcdir)/cp/call.c $(srcdir)/cp/decl.c $(srcdir)/cp/decl2.c $(srcdir)/cp/pt.c $(srcdir)/cp/repo.c $(srcdir)/cp/semantics.c $(srcdir)/cp/tree.c $(srcdir)/cp/parser.c $(srcdir)/cp/method.c $(srcdir)/cp/typeck2.c $(srcdir)/c-common.c $(srcdir)/c-common.h $(srcdir)/c-lex.c $(srcdir)/c-pragma.c $(srcdir)/cp/cp-objcp-common.c $(srcdir)/treelang/tree1.c $(srcdir)/treelang/treetree.c $(srcdir)/treelang/treelang.h $(srcdir)/c-lang.c $(srcdir)/c-tree.h $(srcdir)/c-decl.c $(srcdir)/c-common.c $(srcdir)/c-common.h $(srcdir)/c-pragma.c $(srcdir)/c-objc-common.c $(srcdir)/c-parser.c'
all_gtfiles_files_files=' $(srcdir)/ada/ada-tree.h  $(srcdir)/ada/gigi.h  $(srcdir)/ada/decl.c  $(srcdir)/ada/trans.c  $(srcdir)/ada/utils.c  $(srcdir)/cp/rtti.c  $(srcdir)/cp/mangle.c  $(srcdir)/cp/name-lookup.h  $(srcdir)/cp/name-lookup.c  $(srcdir)/cp/cp-tree.h  $(srcdir)/cp/decl.h  $(srcdir)/cp/call.c  $(srcdir)/cp/decl.c  $(srcdir)/cp/decl2.c  $(srcdir)/cp/pt.c  $(srcdir)/cp/repo.c  $(srcdir)/cp/semantics.c  $(srcdir)/cp/tree.c  $(srcdir)/cp/parser.c  $(srcdir)/cp/method.c  $(srcdir)/cp/typeck2.c  $(srcdir)/c-common.c  $(srcdir)/c-common.h  $(srcdir)/c-lex.c  $(srcdir)/c-pragma.c  $(srcdir)/cp/class.c  $(srcdir)/cp/cp-objcp-common.c  $(srcdir)/fortran/f95-lang.c  $(srcdir)/fortran/trans-decl.c  $(srcdir)/fortran/trans-intrinsic.c  $(srcdir)/fortran/trans-io.c  $(srcdir)/fortran/trans-types.c  $(srcdir)/fortran/trans-types.h  $(srcdir)/fortran/trans.h  $(srcdir)/fortran/trans-const.h  $(srcdir)/java/java-tree.h  $(srcdir)/java/jcf.h  $(srcdir)/java/lex.h  $(srcdir)/java/parse.h  $(srcdir)/java/builtins.c  $(srcdir)/java/class.c  $(srcdir)/java/constants.c  $(srcdir)/java/decl.c  $(srcdir)/java/expr.c  $(srcdir)/java/jcf-parse.c  $(srcdir)/java/jcf-write.c  $(srcdir)/java/lang.c  $(srcdir)/java/mangle.c  $(srcdir)/java/parse.y  $(srcdir)/java/resource.c  $(srcdir)/objc/objc-act.h  $(srcdir)/c-parser.c  $(srcdir)/c-tree.h  $(srcdir)/c-decl.c  $(srcdir)/c-objc-common.c  $(srcdir)/c-common.c  $(srcdir)/c-common.h  $(srcdir)/c-pragma.c  $(srcdir)/objc/objc-act.c  $(srcdir)/objcp/objcp-decl.c  $(srcdir)/objc/objc-act.c  $(srcdir)/objc/objc-act.h  $(srcdir)/cp/rtti.c  $(srcdir)/cp/mangle.c  $(srcdir)/cp/name-lookup.h  $(srcdir)/cp/name-lookup.c  $(srcdir)/cp/cp-tree.h  $(srcdir)/cp/decl.h  $(srcdir)/cp/call.c  $(srcdir)/cp/decl.c  $(srcdir)/cp/decl2.c  $(srcdir)/cp/pt.c  $(srcdir)/cp/repo.c  $(srcdir)/cp/semantics.c  $(srcdir)/cp/tree.c  $(srcdir)/cp/parser.c  $(srcdir)/cp/method.c  $(srcdir)/cp/typeck2.c  $(srcdir)/c-common.c  $(srcdir)/c-common.h  $(srcdir)/c-lex.c  $(srcdir)/c-pragma.c  $(srcdir)/cp/cp-objcp-common.c  $(srcdir)/treelang/tree1.c  $(srcdir)/treelang/treetree.c  $(srcdir)/treelang/treelang.h  $(srcdir)/c-lang.c  $(srcdir)/c-tree.h  $(srcdir)/c-decl.c  $(srcdir)/c-common.c  $(srcdir)/c-common.h  $(srcdir)/c-pragma.c  $(srcdir)/c-objc-common.c  $(srcdir)/c-parser.c '
all_gtfiles_files_langs=' ada  ada  ada  ada  ada  cp  cp  cp  cp  cp  cp  cp  cp  cp  cp  cp  cp  cp  cp  cp  cp  cp  cp  cp  cp  cp  cp  fortran  fortran  fortran  fortran  fortran  fortran  fortran  fortran  java  java  java  java  java  java  java  java  java  java  java  java  java  java  java  objc  objc  objc  objc  objc  objc  objc  objc  objc  objcp  objcp  objcp  objcp  objcp  objcp  objcp  objcp  objcp  objcp  objcp  objcp  objcp  objcp  objcp  objcp  objcp  objcp  objcp  objcp  objcp  objcp  objcp  objcp  treelang  treelang  treelang  c  c  c  c  c  c  c  c '
all_lang_makefiles='ada/Makefile'
all_lang_makefrags=' $(srcdir)/ada/Make-lang.in $(srcdir)/cp/Make-lang.in $(srcdir)/fortran/Make-lang.in $(srcdir)/java/Make-lang.in $(srcdir)/objc/Make-lang.in $(srcdir)/objcp/Make-lang.in $(srcdir)/treelang/Make-lang.in'
all_languages=' ada c++ fortran java objc obj-c++ treelang'
all_selected_languages=''
all_stagestuff=' gnatbind$(exeext) gnat1$(exeext) g++$(exeext) g++-cross$(exeext) cc1plus$(exeext) gfortran$(exeext) f951$(exeext) jc1$(exeext) gcj$(exeext) jvgenmain$(exeext) gcjh$(exeext) gjnih$(exeext) jv-scan$(exeext) jcf-dump$(exeext) cc1obj$(exeext)  '
bindir='${exec_prefix}/bin'
build='x86_64-unknown-linux-gnu'
build_alias='x86_64-unknown-linux-gnu'
build_cpu='x86_64'
build_exeext=''
build_file_translate=''
build_install_headers_dir='install-headers-tar'
build_libsubdir='build-x86_64-unknown-linux-gnu'
build_os='linux-gnu'
build_subdir='build-x86_64-unknown-linux-gnu'
build_vendor='unknown'
build_xm_defines=''
build_xm_file_list=' auto-host.h $(srcdir)/../include/ansidecl.h'
build_xm_include_list=' auto-host.h ansidecl.h'
c_target_objs=''
cc_set_by_configure='$(CC)'
check_languages=''
collect2='collect2$(exeext)'
coverage_flags=''
cpp_install_dir=''
cxx_compat_warn='-Wc++-compat'
cxx_target_objs=''
datadir='${prefix}/share'
datarootdir='$(prefix)/share'
docdir='$(datarootdir)'
dollar=''
enable_decimal_float='no'
enable_multilib='no'
enable_shared='yes'
exec_prefix='${prefix}'
extra_gcc_objs=' '
extra_headers_list=''
extra_modes_file='$(srcdir)/config/avr32/avr32-modes.def'
extra_objs=' '
extra_opt_files=' $(srcdir)/config/avr32/avr32.opt $(srcdir)/config/linux.opt'
extra_parts='crtbegin.o crtbeginS.o crtend.o crtendS.o'
extra_passes=''
extra_programs=''
float_h_file=''
gcc_config_arguments='/home/student/Documents/SanntidssalPernambuco/ex8/buildroot/output/toolchain/gcc-4.2.4/configure --prefix=/home/student/Documents/SanntidssalPernambuco/ex8/buildroot/output/staging/usr --build=x86_64-unknown-linux-gnu --host=x86_64-unknown-linux-gnu --target=avr32-unknown-linux-uclibc --enable-languages=c --with-sysroot=/home/student/Documents/SanntidssalPernambuco/ex8/buildroot/output/staging --with-build-time-tools=/home/student/Documents/SanntidssalPernambuco/ex8/buildroot/output/staging/usr/avr32-unknown-linux-uclibc/bin --disable-__cxa_atexit --enable-target-optspace --with-gnu-ld --disable-libssp --disable-multilib --disable-tls --enable-shared --with-gmp=/home/student/Documents/SanntidssalPernambuco/ex8/buildroot/output/toolchain/gmp --with-mpfr=/home/student/Documents/SanntidssalPernambuco/ex8/buildroot/output/toolchain/mpfr --disable-nls --enable-threads --disable-libmudflap : (reconfigured) /home/student/Documents/SanntidssalPernambuco/ex8/buildroot/output/toolchain/gcc-4.2.4/configure --prefix=/home/student/Documents/SanntidssalPernambuco/ex8/buildroot/output/staging/usr --build=x86_64-unknown-linux-gnu --host=x86_64-unknown-linux-gnu --target=avr32-unknown-linux-uclibc --enable-languages=c --with-sysroot=/home/student/Documents/SanntidssalPernambuco/ex8/buildroot/output/staging --with-build-time-tools=/home/student/Documents/SanntidssalPernambuco/ex8/buildroot/output/staging/usr/avr32-unknown-linux-uclibc/bin --disable-__cxa_atexit --enable-target-optspace --with-gnu-ld --disable-libssp --disable-multilib --disable-tls --enable-shared --with-gmp=/home/student/Documents/SanntidssalPernambuco/ex8/buildroot/output/toolchain/gmp --with-mpfr=/home/student/Documents/SanntidssalPernambuco/ex8/buildroot/output/toolchain/mpfr --disable-nls --enable-threads --disable-libmudflap'
gcc_cv_as='/home/student/Documents/SanntidssalPernambuco/ex8/buildroot/output/staging/usr/avr32-unknown-linux-uclibc/bin/as'
gcc_cv_ld='/home/student/Documents/SanntidssalPernambuco/ex8/buildroot/output/staging/usr/avr32-unknown-linux-uclibc/bin/ld'
gcc_cv_nm='/home/student/Documents/SanntidssalPernambuco/ex8/buildroot/output/staging/usr/avr32-unknown-linux-uclibc/bin/nm'
gcc_cv_objdump='/home/student/Documents/SanntidssalPernambuco/ex8/buildroot/output/staging/usr/avr32-unknown-linux-uclibc/bin/objdump'
gcc_gxx_include_dir='$(libsubdir)/$(unlibsubdir)/..`echo $(exec_prefix) | sed -e 's|^$(prefix)||' -e 's|/[^/]*|/..|g'`/avr32-unknown-linux-uclibc/include/c++/$(version)'
gcc_tooldir='$(libsubdir)/$(unlibsubdir)/../$(target_noncanonical)'
gthread_flags='-DHAVE_GTHR_DEFAULT'
have_mktemp_command='yes'
host='x86_64-unknown-linux-gnu'
host_alias='x86_64-unknown-linux-gnu'
host_cc_for_libada='/usr/bin/gcc'
host_cpu='x86_64'
host_exeext=''
host_os='linux-gnu'
host_subdir='.'
host_vendor='unknown'
host_xm_defines=''
host_xm_file_list=' auto-host.h $(srcdir)/../include/ansidecl.h'
host_xm_include_list=' auto-host.h ansidecl.h'
htmldir='$(docdir)'
includedir='${prefix}/include'
infodir='${prefix}/info'
inhibit_libc='false'
install=''
lang_opt_files=' /home/student/Documents/SanntidssalPernambuco/ex8/buildroot/output/toolchain/gcc-4.2.4/gcc/ada/lang.opt /home/student/Documents/SanntidssalPernambuco/ex8/buildroot/output/toolchain/gcc-4.2.4/gcc/fortran/lang.opt /home/student/Documents/SanntidssalPernambuco/ex8/buildroot/output/toolchain/gcc-4.2.4/gcc/java/lang.opt /home/student/Documents/SanntidssalPernambuco/ex8/buildroot/output/toolchain/gcc-4.2.4/gcc/treelang/lang.opt'
lang_specs_files=''
lang_tree_files=' /home/student/Documents/SanntidssalPernambuco/ex8/buildroot/output/toolchain/gcc-4.2.4/gcc/ada/ada-tree.def /home/student/Documents/SanntidssalPernambuco/ex8/buildroot/output/toolchain/gcc-4.2.4/gcc/cp/cp-tree.def /home/student/Documents/SanntidssalPernambuco/ex8/buildroot/output/toolchain/gcc-4.2.4/gcc/java/java-tree.def /home/student/Documents/SanntidssalPernambuco/ex8/buildroot/output/toolchain/gcc-4.2.4/gcc/objc/objc-tree.def'
libdir='${exec_prefix}/lib'
libexecdir='${exec_prefix}/libexec'
libgcc_visibility='yes'
local_prefix='/usr/local'
localstatedir='${prefix}/var'
make_compare_target='gnucompare'
mandir='${prefix}/man'
manext='.1'
md_file='avr32/avr32.md'
nocommon_flag=''
objc_boehm_gc=''
objdir='/home/student/Documents/SanntidssalPernambuco/ex8/buildroot/output/toolchain/gcc-4.2.4-final/gcc'
objext='.o'
oldincludedir='/usr/include'
onestep=''
out_file='avr32/avr32.c'
out_host_hook_obj='host-linux.o'
out_object_file='avr32.o'
prefix='/home/student/Documents/SanntidssalPernambuco/ex8/buildroot/output/staging/usr'
program_transform_name='s,^,avr32-unknown-linux-uclibc-,;'
quoted_cc_set_by_configure='$(CC)'
quoted_stage_prefix_set_by_configure='$(STAGE_PREFIX)'
ranlib_flags=''
sbindir='${exec_prefix}/sbin'
sharedstatedir='${prefix}/com'
slibdir='$(build_tooldir)/lib'
srcdir='/home/student/Documents/SanntidssalPernambuco/ex8/buildroot/output/toolchain/gcc-4.2.4/gcc'
stage1_cflags=''
stage_prefix_set_by_configure='$(STAGE_PREFIX)'
strict1_warn='-pedantic -Wno-long-long -Wno-variadic-macros -Wno-overlength-strings -Wold-style-definition -Wmissing-format-attribute'
subdirs=' ada cp fortran java objc objcp treelang'
sysconfdir='${prefix}/etc'
target='avr32-unknown-linux-uclibc'
target_alias='avr32-unknown-linux-uclibc'
target_cpu='avr32'
target_cpu_default=''
target_noncanonical='avr32-unknown-linux-uclibc'
target_os='linux-uclibc'
target_subdir='avr32-unknown-linux-uclibc'
target_vendor='unknown'
thread_file='posix'
tm_defines=' UCLIBC_DEFAULT=1'
tm_file_list='options.h $(srcdir)/config/dbxelf.h $(srcdir)/config/elfos.h $(srcdir)/config/linux.h $(srcdir)/config/avr32/linux-elf.h $(srcdir)/config/avr32/avr32.h $(srcdir)/defaults.h'
tm_include_list='options.h config/dbxelf.h config/elfos.h config/linux.h config/avr32/linux-elf.h config/avr32/avr32.h defaults.h'
tm_p_file_list=' $(srcdir)/config/avr32/avr32-protos.h tm-preds.h'
tm_p_include_list=' config/avr32/avr32-protos.h tm-preds.h'
tmake_file=' $(srcdir)/config/t-linux $(srcdir)/config/avr32/t-avr32 $(srcdir)/config/avr32/t-elf'
valgrind_command=''
valgrind_path=''
valgrind_path_defines=''
warn_cflags='$(GCC_WARN_CFLAGS)'
xm_defines=''
xm_file_list=' auto-host.h $(srcdir)/../include/ansidecl.h'
xm_include_list=' auto-host.h ansidecl.h'
xmake_file=' $(srcdir)/config/x-linux'
zlibdir='-L../zlib'
zlibinc='-I$(srcdir)/../zlib'

## ------------- ##
## Output files. ##
## ------------- ##

language_hooks='Make-hooks'

## ----------- ##
## confdefs.h. ##
## ----------- ##

#define ENABLE_ASSERT_CHECKING 1
#define ENABLE_DECIMAL_FLOAT 0
#define ENABLE_RUNTIME_CHECKING 1
#define EXTRA_MODES_FILE "config/avr32/avr32-modes.def"
#define GETGROUPS_T gid_t
#define HAVE_ALPHASORT 1
#define HAVE_AS_DWARF2_DEBUG_LINE 1
#define HAVE_AS_GDWARF2_DEBUG_FLAG 1
#define HAVE_AS_GSTABS_DEBUG_FLAG 1
#define HAVE_AS_LEB128 1
#define HAVE_ATOLL 1
#define HAVE_CLEARERR_UNLOCKED 1
#define HAVE_CLOCK 1
#define HAVE_CLOCK_T 1
#define HAVE_COMDAT_GROUP 0
#define HAVE_DECL_ABORT 1
#define HAVE_DECL_ASPRINTF 1
#define HAVE_DECL_ATOF 1
#define HAVE_DECL_ATOL 1
#define HAVE_DECL_BASENAME 1
#define HAVE_DECL_CALLOC 1
#define HAVE_DECL_CLEARERR_UNLOCKED 1
#define HAVE_DECL_CLOCK 1
#define HAVE_DECL_ERRNO 1
#define HAVE_DECL_FEOF_UNLOCKED 1
#define HAVE_DECL_FERROR_UNLOCKED 1
#define HAVE_DECL_FFLUSH_UNLOCKED 1
#define HAVE_DECL_FGETC_UNLOCKED 1
#define HAVE_DECL_FGETS_UNLOCKED 1
#define HAVE_DECL_FILENO_UNLOCKED 1
#define HAVE_DECL_FPRINTF_UNLOCKED 0
#define HAVE_DECL_FPUTC_UNLOCKED 1
#define HAVE_DECL_FPUTS_UNLOCKED 1
#define HAVE_DECL_FREAD_UNLOCKED 1
#define HAVE_DECL_FREE 1
#define HAVE_DECL_FWRITE_UNLOCKED 1
#define HAVE_DECL_GETCHAR_UNLOCKED 1
#define HAVE_DECL_GETCWD 1
#define HAVE_DECL_GETC_UNLOCKED 1
#define HAVE_DECL_GETENV 1
#define HAVE_DECL_GETOPT 0
#define HAVE_DECL_GETPAGESIZE 1
#define HAVE_DECL_GETRLIMIT 1
#define HAVE_DECL_GETRUSAGE 1
#define HAVE_DECL_GETWD 1
#define HAVE_DECL_LDGETNAME 0
#define HAVE_DECL_MALLOC 1
#define HAVE_DECL_PUTCHAR_UNLOCKED 1
#define HAVE_DECL_PUTC_UNLOCKED 1
#define HAVE_DECL_REALLOC 1
#define HAVE_DECL_SBRK 1
#define HAVE_DECL_SETRLIMIT 1
#define HAVE_DECL_SIGALTSTACK 1
#define HAVE_DECL_SNPRINTF 1
#define HAVE_DECL_STRSIGNAL 1
#define HAVE_DECL_STRSTR 1
#define HAVE_DECL_STRVERSCMP 1
#define HAVE_DECL_TIMES 1
#define HAVE_DECL_VASPRINTF 1
#define HAVE_DECL_VSNPRINTF 1
#define HAVE_FCNTL_H 1
#define HAVE_FEOF_UNLOCKED 1
#define HAVE_FERROR_UNLOCKED 1
#define HAVE_FFLUSH_UNLOCKED 1
#define HAVE_FGETC_UNLOCKED 1
#define HAVE_FGETS_UNLOCKED 1
#define HAVE_FILENO_UNLOCKED 1
#define HAVE_FORK 1
#define HAVE_FPUTC_UNLOCKED 1
#define HAVE_FPUTS_UNLOCKED 1
#define HAVE_FREAD_UNLOCKED 1
#define HAVE_FWRITE_UNLOCKED 1
#define HAVE_GAS_BALIGN_AND_P2ALIGN 1
#define HAVE_GAS_HIDDEN 1
#define HAVE_GAS_MAX_SKIP_P2ALIGN 1
#define HAVE_GAS_SHF_MERGE 1
#define HAVE_GAS_SUBSECTION_ORDERING 1
#define HAVE_GAS_WEAK 1
#define HAVE_GAS_WEAKREF 1
#define HAVE_GETCHAR_UNLOCKED 1
#define HAVE_GETC_UNLOCKED 1
#define HAVE_GETIPINFO 1
#define HAVE_GETRLIMIT 1
#define HAVE_GETRUSAGE 1
#define HAVE_GETTIMEOFDAY 1
#define HAVE_ICONV 1
#define HAVE_ICONV_H 1
#define HAVE_INITFINI_ARRAY 1
#define HAVE_INTTYPES_H 1
#define HAVE_INTTYPES_H 1
#define HAVE_KILL 1
#define HAVE_LANGINFO_CODESET 1
#define HAVE_LANGINFO_H 1
#define HAVE_LC_MESSAGES 1
#define HAVE_LD_AS_NEEDED 1
#define HAVE_LD_EH_FRAME_HDR 1
#define HAVE_LD_PIE 1
#define HAVE_LD_RO_RW_SECTION_MIXING 1
#define HAVE_LD_STATIC_DYNAMIC 1
#define HAVE_LD_SYSROOT 1
#define HAVE_LIMITS_H 1
#define HAVE_LOCALE_H 1
#define HAVE_LONG_LONG 1
#define HAVE_MALLOC_H 1
#define HAVE_MBSTOWCS 1
#define HAVE_MEMORY_H 1
#define HAVE_MINCORE 1
#define HAVE_MMAP 1
#define HAVE_MMAP_ANON 1
#define HAVE_MMAP_DEV_ZERO 1
#define HAVE_MMAP_FILE 1
#define HAVE_NL_LANGINFO 1
#define HAVE_PUTCHAR_UNLOCKED 1
#define HAVE_PUTC_UNLOCKED 1
#define HAVE_SCANDIR 1
#define HAVE_SETLOCALE 1
#define HAVE_SETRLIMIT 1
#define HAVE_STDDEF_H 1
#define HAVE_STDINT_H 1
#define HAVE_STDLIB_H 1
#define HAVE_STDLIB_H 1
#define HAVE_STRINGS_H 1
#define HAVE_STRINGS_H 1
#define HAVE_STRING_H 1
#define HAVE_STRING_H 1
#define HAVE_STRSIGNAL 1
#define HAVE_STRUCT_TMS 1
#define HAVE_SYSCONF 1
#define HAVE_SYS_FILE_H 1
#define HAVE_SYS_MMAN_H 1
#define HAVE_SYS_PARAM_H 1
#define HAVE_SYS_RESOURCE_H 1
#define HAVE_SYS_STAT_H 1
#define HAVE_SYS_STAT_H 1
#define HAVE_SYS_TIMES_H 1
#define HAVE_SYS_TIME_H 1
#define HAVE_SYS_TYPES_H 1
#define HAVE_SYS_WAIT_H 1
#define HAVE_TIMES 1
#define HAVE_TIME_H 1
#define HAVE_UNISTD_H 1
#define HAVE_UNISTD_H 1
#define HAVE_UNISTD_H 1
#define HAVE_VFORK 1
#define HAVE_WCHAR_H 1
#define HAVE_WCSWIDTH 1
#define HAVE_WORKING_FORK 1
#define HAVE_WORKING_MBSTOWCS 1
#define HAVE_WORKING_VFORK 1
#define ICONV_CONST 
#define PACKAGE_BUGREPORT ""
#define PACKAGE_NAME ""
#define PACKAGE_STRING ""
#define PACKAGE_TARNAME ""
#define PACKAGE_VERSION ""
#define SIZEOF_INT 4
#define SIZEOF_LONG 8
#define SIZEOF_LONG_LONG 8
#define SIZEOF_SHORT 2
#define SIZEOF_VOID_P 8
#define STDC_HEADERS 1
#define STDC_HEADERS 1
#define STRING_WITH_STRINGS 1
#define TIME_WITH_SYS_TIME 1
#define _GNU_SOURCE 1

configure: exit 0
