This file contains any messages produced by compilers while
running configure, to aid debugging if configure makes a mistake.

It was created by configure, which was
generated by GNU Autoconf 2.59.  Invocation command line was

  $ /home/student/Documents/SanntidssalPernambuco/ex8/buildroot/output/toolchain/gdb-6.7.1-avr32-2.1.5/etc/configure --cache-file=./config.cache --prefix=/home/student/Documents/SanntidssalPernambuco/ex8/buildroot/output/staging --disable-nls --without-uiout --disable-tui --disable-gdbtk --without-x --without-included-gettext --enable-threads --disable-werror --program-transform-name=s&^&avr32-unknown-linux-uclibc-& --build=x86_64-unknown-linux-gnu --host=x86_64-unknown-linux-gnu --target=avr32-unknown-linux-uclibc --srcdir=/home/student/Documents/SanntidssalPernambuco/ex8/buildroot/output/toolchain/gdb-6.7.1-avr32-2.1.5/etc

## --------- ##
## Platform. ##
## --------- ##

hostname = Sanntid
uname -m = x86_64
uname -r = 3.5.7-xenomai-2.6.2.1
uname -s = Linux
uname -v = #1 SMP Sat Feb 9 15:03:06 CST 2013

/usr/bin/uname -p = unknown
/bin/uname -X     = unknown

/bin/arch              = unknown
/usr/bin/arch -k       = unknown
/usr/convex/getsysinfo = unknown
hostinfo               = unknown
/bin/machine           = unknown
/usr/bin/oslevel       = unknown
/bin/universe          = unknown

PATH: /usr/local/sbin
PATH: /usr/local/bin
PATH: /usr/sbin
PATH: /usr/bin
PATH: /sbin
PATH: /bin
PATH: /usr/games
PATH: /usr/local/go/bin


## ----------- ##
## Core tests. ##
## ----------- ##

configure:1138: creating cache ./config.cache
configure:1257: checking for a BSD-compatible install
configure:1312: result: /usr/bin/install -c
configure:1456: creating ./config.status

## ---------------------- ##
## Running config.status. ##
## ---------------------- ##

This file was extended by config.status, which was
generated by GNU Autoconf 2.59.  Invocation command line was

  CONFIG_FILES    = 
  CONFIG_HEADERS  = 
  CONFIG_LINKS    = 
  CONFIG_COMMANDS = 
  $ ./config.status 

on Sanntid

config.status:635: creating Makefile

## ---------------- ##
## Cache variables. ##
## ---------------- ##

ac_cv_env_build_alias_set=set
ac_cv_env_build_alias_value=x86_64-unknown-linux-gnu
ac_cv_env_host_alias_set=set
ac_cv_env_host_alias_value=x86_64-unknown-linux-gnu
ac_cv_env_target_alias_set=set
ac_cv_env_target_alias_value=avr32-unknown-linux-uclibc

## ----------------- ##
## Output variables. ##
## ----------------- ##

DEFS='-DPACKAGE_NAME=\"\" -DPACKAGE_TARNAME=\"\" -DPACKAGE_VERSION=\"\" -DPACKAGE_STRING=\"\" -DPACKAGE_BUGREPORT=\"\" '
ECHO_C=''
ECHO_N='-n'
ECHO_T=''
INSTALL_DATA='/usr/bin/install -c -m 644'
INSTALL_PROGRAM='/usr/bin/install -c'
INSTALL_SCRIPT='/usr/bin/install -c'
LIBOBJS=''
LIBS=''
LTLIBOBJS=''
PACKAGE_BUGREPORT=''
PACKAGE_NAME=''
PACKAGE_STRING=''
PACKAGE_TARNAME=''
PACKAGE_VERSION=''
PATH_SEPARATOR=':'
SHELL='/bin/bash'
bindir='${exec_prefix}/bin'
build_alias='x86_64-unknown-linux-gnu'
datadir='${prefix}/share'
datarootdir='/home/student/Documents/SanntidssalPernambuco/ex8/buildroot/output/staging/share'
docdir='/home/student/Documents/SanntidssalPernambuco/ex8/buildroot/output/staging/share/doc'
exec_prefix='${prefix}'
host_alias='x86_64-unknown-linux-gnu'
htmldir='/home/student/Documents/SanntidssalPernambuco/ex8/buildroot/output/staging/share/doc'
includedir='${prefix}/include'
infodir='${prefix}/info'
libdir='${exec_prefix}/lib'
libexecdir='${exec_prefix}/libexec'
localstatedir='${prefix}/var'
mandir='${prefix}/man'
oldincludedir='/usr/include'
prefix='/home/student/Documents/SanntidssalPernambuco/ex8/buildroot/output/staging'
program_transform_name='s&^&avr32-unknown-linux-uclibc-&'
sbindir='${exec_prefix}/sbin'
sharedstatedir='${prefix}/com'
sysconfdir='${prefix}/etc'
target_alias='avr32-unknown-linux-uclibc'

## ----------- ##
## confdefs.h. ##
## ----------- ##

#define PACKAGE_BUGREPORT ""
#define PACKAGE_NAME ""
#define PACKAGE_STRING ""
#define PACKAGE_TARNAME ""
#define PACKAGE_VERSION ""

configure: exit 0
