This file contains any messages produced by compilers while
running configure, to aid debugging if configure makes a mistake.

It was created by configure, which was
generated by GNU Autoconf 2.59.  Invocation command line was

  $ /home/student/Documents/SanntidssalPernambuco/ex8/buildroot/output/toolchain/gcc-4.2.4/libiberty/configure --cache-file=./config.cache --build=x86_64-unknown-linux-gnu --host=x86_64-unknown-linux-gnu --target=avr32-unknown-linux-uclibc --prefix=/home/student/Documents/SanntidssalPernambuco/ex8/buildroot/output/staging/usr --with-sysroot=/home/student/Documents/SanntidssalPernambuco/ex8/buildroot/output/staging --with-build-time-tools=/home/student/Documents/SanntidssalPernambuco/ex8/buildroot/output/staging/usr/avr32-unknown-linux-uclibc/bin --disable-__cxa_atexit --enable-target-optspace --with-gnu-ld --disable-libssp --disable-multilib --disable-tls --enable-shared --with-gmp=/home/student/Documents/SanntidssalPernambuco/ex8/buildroot/output/toolchain/gmp --with-mpfr=/home/student/Documents/SanntidssalPernambuco/ex8/buildroot/output/toolchain/mpfr --disable-nls --enable-threads --disable-libmudflap --enable-languages=c --program-transform-name=s,^,avr32-unknown-linux-uclibc-,;  --srcdir=/home/student/Documents/SanntidssalPernambuco/ex8/buildroot/output/toolchain/gcc-4.2.4/libiberty

## --------- ##
## Platform. ##
## --------- ##

hostname = Sanntid
uname -m = x86_64
uname -r = 3.5.7-xenomai-2.6.2.1
uname -s = Linux
uname -v = #1 SMP Sat Feb 9 15:03:06 CST 2013

/usr/bin/uname -p = unknown
/bin/uname -X     = unknown

/bin/arch              = unknown
/usr/bin/arch -k       = unknown
/usr/convex/getsysinfo = unknown
hostinfo               = unknown
/bin/machine           = unknown
/usr/bin/oslevel       = unknown
/bin/universe          = unknown

PATH: /usr/local/sbin
PATH: /usr/local/bin
PATH: /usr/sbin
PATH: /usr/bin
PATH: /sbin
PATH: /bin
PATH: /usr/games
PATH: /usr/local/go/bin


## ----------- ##
## Core tests. ##
## ----------- ##

configure:1219: loading cache ./config.cache
configure:1384: checking whether to enable maintainer-specific portions of Makefiles
configure:1394: result: no
configure:1409: checking for makeinfo
configure:1435: result: makeinfo --split-size=5000000
configure:1474: checking for perl
configure:1500: result: perl
configure:1520: checking build system type
configure:1538: result: x86_64-unknown-linux-gnu
configure:1546: checking host system type
configure:1560: result: x86_64-unknown-linux-gnu
configure:1573: checking for x86_64-unknown-linux-gnu-ar
configure:1599: result: /usr/bin/ar
configure:1652: checking for x86_64-unknown-linux-gnu-ranlib
configure:1678: result: ranlib
configure:1739: checking for x86_64-unknown-linux-gnu-gcc
configure:1765: result: /usr/bin/gcc
configure:2047: checking for C compiler version
configure:2050: /usr/bin/gcc --version </dev/null >&5
gcc (Ubuntu/Linaro 4.6.3-1ubuntu5) 4.6.3
Copyright (C) 2011 Free Software Foundation, Inc.
This is free software; see the source for copying conditions.  There is NO
warranty; not even for MERCHANTABILITY or FITNESS FOR A PARTICULAR PURPOSE.

configure:2053: $? = 0
configure:2055: /usr/bin/gcc -v </dev/null >&5
Using built-in specs.
COLLECT_GCC=/usr/bin/gcc
COLLECT_LTO_WRAPPER=/usr/lib/gcc/x86_64-linux-gnu/4.6/lto-wrapper
Target: x86_64-linux-gnu
Configured with: ../src/configure -v --with-pkgversion='Ubuntu/Linaro 4.6.3-1ubuntu5' --with-bugurl=file:///usr/share/doc/gcc-4.6/README.Bugs --enable-languages=c,c++,fortran,objc,obj-c++ --prefix=/usr --program-suffix=-4.6 --enable-shared --enable-linker-build-id --with-system-zlib --libexecdir=/usr/lib --without-included-gettext --enable-threads=posix --with-gxx-include-dir=/usr/include/c++/4.6 --libdir=/usr/lib --enable-nls --with-sysroot=/ --enable-clocale=gnu --enable-libstdcxx-debug --enable-libstdcxx-time=yes --enable-gnu-unique-object --enable-plugin --enable-objc-gc --disable-werror --with-arch-32=i686 --with-tune=generic --enable-checking=release --build=x86_64-linux-gnu --host=x86_64-linux-gnu --target=x86_64-linux-gnu
Thread model: posix
gcc version 4.6.3 (Ubuntu/Linaro 4.6.3-1ubuntu5) 
configure:2058: $? = 0
configure:2060: /usr/bin/gcc -V </dev/null >&5
gcc: error: unrecognized option '-V'
gcc: fatal error: no input files
compilation terminated.
configure:2063: $? = 4
configure:2082: /usr/bin/gcc -o conftest -I/home/student/Documents/SanntidssalPernambuco/ex8/buildroot/output/host/include -I/home/student/Documents/SanntidssalPernambuco/ex8/buildroot/output/host/usr/include   conftest.c  >&5
configure:2085: $? = 0
configure:2119: checking for C compiler default output file name
configure:2122: /usr/bin/gcc -I/home/student/Documents/SanntidssalPernambuco/ex8/buildroot/output/host/include -I/home/student/Documents/SanntidssalPernambuco/ex8/buildroot/output/host/usr/include   conftest.c  >&5
configure:2125: $? = 0
configure:2171: result: a.out
configure:2176: checking whether the C compiler works
configure:2182: ./a.out
configure:2185: $? = 0
configure:2202: result: yes
configure:2209: checking whether we are cross compiling
configure:2211: result: no
configure:2214: checking for suffix of executables
configure:2216: /usr/bin/gcc -o conftest -I/home/student/Documents/SanntidssalPernambuco/ex8/buildroot/output/host/include -I/home/student/Documents/SanntidssalPernambuco/ex8/buildroot/output/host/usr/include   conftest.c  >&5
configure:2219: $? = 0
configure:2244: result: 
configure:2251: checking for suffix of object files
configure:2297: result: o
configure:2301: checking whether we are using the GNU C compiler
configure:2357: result: yes
configure:2363: checking whether /usr/bin/gcc accepts -g
configure:2414: result: yes
configure:2431: checking for /usr/bin/gcc option to accept ANSI C
configure:2538: result: none needed
configure:2556: /usr/bin/gcc -c -I/home/student/Documents/SanntidssalPernambuco/ex8/buildroot/output/host/include -I/home/student/Documents/SanntidssalPernambuco/ex8/buildroot/output/host/usr/include  conftest.c >&5
conftest.c:2:3: error: unknown type name 'choke'
conftest.c:2:3: error: expected '=', ',', ';', 'asm' or '__attribute__' at end of input
configure:2562: $? = 1
configure: failed program was:
| #ifndef __cplusplus
|   choke me
| #endif
configure:2700: checking how to run the C preprocessor
configure:2818: result: /usr/bin/gcc -E
configure:2842: /usr/bin/gcc -E  conftest.c
configure:2848: $? = 0
configure:2880: /usr/bin/gcc -E  conftest.c
conftest.c:9:28: fatal error: ac_nonexistent.h: No such file or directory
compilation terminated.
configure:2886: $? = 1
configure: failed program was:
| /* confdefs.h.  */
| 
| #define PACKAGE_NAME ""
| #define PACKAGE_TARNAME ""
| #define PACKAGE_VERSION ""
| #define PACKAGE_STRING ""
| #define PACKAGE_BUGREPORT ""
| /* end confdefs.h.  */
| #include <ac_nonexistent.h>
configure:2934: checking whether /usr/bin/gcc accepts -Wc++-compat
configure:2982: result: yes
configure:2995: checking whether /usr/bin/gcc and cc understand -c and -o together
configure:3072: result: yes
configure:3093: checking for an ANSI C-conforming const
configure:3190: result: yes
configure:3200: checking for inline
configure:3252: result: inline
configure:3271: checking whether byte ordering is bigendian
configure:3482: result: no
configure:3521: checking for a BSD-compatible install
configure:3576: result: /usr/bin/install -c
configure:3691: checking for sys/file.h
configure:3731: result: yes
configure:3691: checking for sys/param.h
configure:3731: result: yes
configure:3691: checking for limits.h
configure:3731: result: yes
configure:3691: checking for stdlib.h
configure:3731: result: yes
configure:3691: checking for malloc.h
configure:3731: result: yes
configure:3691: checking for string.h
configure:3731: result: yes
configure:3691: checking for unistd.h
configure:3731: result: yes
configure:3691: checking for strings.h
configure:3731: result: yes
configure:3691: checking for sys/time.h
configure:3731: result: yes
configure:3691: checking for time.h
configure:3731: result: yes
configure:3691: checking for sys/resource.h
configure:3731: result: yes
configure:3691: checking for sys/stat.h
configure:3731: result: yes
configure:3691: checking for sys/mman.h
configure:3731: result: yes
configure:3691: checking for fcntl.h
configure:3731: result: yes
configure:3691: checking for alloca.h
configure:3731: result: yes
configure:3691: checking for sys/pstat.h
configure:3731: result: no
configure:3691: checking for sys/sysmp.h
configure:3731: result: no
configure:3691: checking for sys/sysinfo.h
configure:3731: result: yes
configure:3691: checking for machine/hal_sysinfo.h
configure:3731: result: no
configure:3691: checking for sys/table.h
configure:3731: result: no
configure:3691: checking for sys/sysctl.h
configure:3731: result: yes
configure:3691: checking for sys/systemcfg.h
configure:3731: result: no
configure:3691: checking for stdint.h
configure:3731: result: yes
configure:3691: checking for stdio_ext.h
configure:3731: result: yes
configure:3741: checking for sys/wait.h that is POSIX.1 compatible
configure:3802: result: yes
configure:3812: checking whether time.h and sys/time.h may both be included
configure:3867: result: yes
configure:3878: checking whether errno must be declared
configure:3929: result: no
configure:3941: checking for egrep
configure:3951: result: grep -E
configure:3956: checking for ANSI C header files
configure:4112: result: yes
configure:4136: checking for sys/types.h
configure:4176: result: yes
configure:4136: checking for sys/stat.h
configure:4176: result: yes
configure:4136: checking for stdlib.h
configure:4176: result: yes
configure:4136: checking for string.h
configure:4176: result: yes
configure:4136: checking for memory.h
configure:4176: result: yes
configure:4136: checking for strings.h
configure:4176: result: yes
configure:4136: checking for inttypes.h
configure:4176: result: yes
configure:4136: checking for stdint.h
configure:4176: result: yes
configure:4136: checking for unistd.h
configure:4176: result: yes
configure:4187: checking for int
configure:4241: result: yes
configure:4244: checking size of int
configure:4594: result: 4
configure:4602: checking for uintptr_t
configure:4656: result: yes
configure:4670: checking for a 64-bit type
configure:4822: result: uint64_t
configure:4841: checking for pid_t
configure:4895: result: yes
configure:6117: checking for library containing strerror
configure:6246: result: none required
configure:6257: checking for asprintf
configure:6344: result: yes
configure:6257: checking for atexit
configure:6344: result: yes
configure:6257: checking for basename
configure:6344: result: yes
configure:6257: checking for bcmp
configure:6344: result: yes
configure:6257: checking for bcopy
configure:6344: result: yes
configure:6257: checking for bsearch
configure:6344: result: yes
configure:6257: checking for bzero
configure:6344: result: yes
configure:6257: checking for calloc
configure:6344: result: yes
configure:6257: checking for clock
configure:6344: result: yes
configure:6257: checking for ffs
configure:6344: result: yes
configure:6257: checking for getcwd
configure:6344: result: yes
configure:6257: checking for getpagesize
configure:6344: result: yes
configure:6257: checking for gettimeofday
configure:6344: result: yes
configure:6257: checking for index
configure:6344: result: yes
configure:6257: checking for insque
configure:6344: result: yes
configure:6257: checking for memchr
configure:6344: result: yes
configure:6257: checking for memcmp
configure:6344: result: yes
configure:6257: checking for memcpy
configure:6344: result: yes
configure:6257: checking for memmove
configure:6344: result: yes
configure:6257: checking for mempcpy
configure:6344: result: yes
configure:6257: checking for memset
configure:6344: result: yes
configure:6257: checking for mkstemps
configure:6344: result: yes
configure:6257: checking for putenv
configure:6344: result: yes
configure:6257: checking for random
configure:6344: result: yes
configure:6257: checking for rename
configure:6344: result: yes
configure:6257: checking for rindex
configure:6344: result: yes
configure:6257: checking for setenv
configure:6344: result: yes
configure:6257: checking for snprintf
configure:6344: result: yes
configure:6257: checking for sigsetmask
configure:6344: result: yes
configure:6257: checking for stpcpy
configure:6344: result: yes
configure:6257: checking for stpncpy
configure:6344: result: yes
configure:6257: checking for strcasecmp
configure:6344: result: yes
configure:6257: checking for strchr
configure:6344: result: yes
configure:6257: checking for strdup
configure:6344: result: yes
configure:6257: checking for strncasecmp
configure:6344: result: yes
configure:6257: checking for strndup
configure:6344: result: yes
configure:6257: checking for strrchr
configure:6344: result: yes
configure:6257: checking for strstr
configure:6344: result: yes
configure:6257: checking for strtod
configure:6344: result: yes
configure:6257: checking for strtol
configure:6344: result: yes
configure:6257: checking for strtoul
configure:6344: result: yes
configure:6257: checking for strverscmp
configure:6344: result: yes
configure:6257: checking for tmpnam
configure:6344: result: yes
configure:6257: checking for vasprintf
configure:6344: result: yes
configure:6257: checking for vfprintf
configure:6344: result: yes
configure:6257: checking for vprintf
configure:6344: result: yes
configure:6257: checking for vsnprintf
configure:6344: result: yes
configure:6257: checking for vsprintf
configure:6344: result: yes
configure:6257: checking for waitpid
configure:6344: result: yes
configure:6364: checking whether alloca needs Cray hooks
configure:6391: result: no
configure:6496: checking stack direction for C alloca
configure:6550: result: -1
configure:6563: checking for unistd.h
configure:6603: result: yes
configure:6563: checking for vfork.h
configure:6603: result: no
configure:6618: checking for fork
configure:6705: result: yes
configure:6618: checking for vfork
configure:6705: result: yes
configure:6716: checking for working fork
configure:6761: result: yes
configure:6782: checking for working vfork
configure:6915: result: yes
configure:7076: checking for _doprnt
configure:7163: result: no
configure:7176: checking for sys_errlist
configure:7235: result: yes
configure:7176: checking for sys_nerr
configure:7235: result: yes
configure:7176: checking for sys_siglist
configure:7235: result: yes
configure:7250: checking for external symbol _system_configuration
configure:7268: /usr/bin/gcc -c -I/home/student/Documents/SanntidssalPernambuco/ex8/buildroot/output/host/include -I/home/student/Documents/SanntidssalPernambuco/ex8/buildroot/output/host/usr/include  conftest.c >&5
conftest.c:101:27: fatal error: sys/systemcfg.h: No such file or directory
compilation terminated.
configure:7274: $? = 1
configure: failed program was:
| /* confdefs.h.  */
| 
| #define PACKAGE_NAME ""
| #define PACKAGE_TARNAME ""
| #define PACKAGE_VERSION ""
| #define PACKAGE_STRING ""
| #define PACKAGE_BUGREPORT ""
| #define HAVE_SYS_FILE_H 1
| #define HAVE_SYS_PARAM_H 1
| #define HAVE_LIMITS_H 1
| #define HAVE_STDLIB_H 1
| #define HAVE_MALLOC_H 1
| #define HAVE_STRING_H 1
| #define HAVE_UNISTD_H 1
| #define HAVE_STRINGS_H 1
| #define HAVE_SYS_TIME_H 1
| #define HAVE_TIME_H 1
| #define HAVE_SYS_RESOURCE_H 1
| #define HAVE_SYS_STAT_H 1
| #define HAVE_SYS_MMAN_H 1
| #define HAVE_FCNTL_H 1
| #define HAVE_ALLOCA_H 1
| #define HAVE_SYS_SYSINFO_H 1
| #define HAVE_SYS_SYSCTL_H 1
| #define HAVE_STDINT_H 1
| #define HAVE_STDIO_EXT_H 1
| #define HAVE_SYS_WAIT_H 1
| #define TIME_WITH_SYS_TIME 1
| #define STDC_HEADERS 1
| #define HAVE_SYS_TYPES_H 1
| #define HAVE_SYS_STAT_H 1
| #define HAVE_STDLIB_H 1
| #define HAVE_STRING_H 1
| #define HAVE_MEMORY_H 1
| #define HAVE_STRINGS_H 1
| #define HAVE_INTTYPES_H 1
| #define HAVE_STDINT_H 1
| #define HAVE_UNISTD_H 1
| #define SIZEOF_INT 4
| #define UNSIGNED_64BIT_TYPE uint64_t
| #define HAVE_UINTPTR_T 1
| #define HAVE_ASPRINTF 1
| #define HAVE_ATEXIT 1
| #define HAVE_BASENAME 1
| #define HAVE_BCMP 1
| #define HAVE_BCOPY 1
| #define HAVE_BSEARCH 1
| #define HAVE_BZERO 1
| #define HAVE_CALLOC 1
| #define HAVE_CLOCK 1
| #define HAVE_FFS 1
| #define HAVE_GETCWD 1
| #define HAVE_GETPAGESIZE 1
| #define HAVE_GETTIMEOFDAY 1
| #define HAVE_INDEX 1
| #define HAVE_INSQUE 1
| #define HAVE_MEMCHR 1
| #define HAVE_MEMCMP 1
| #define HAVE_MEMCPY 1
| #define HAVE_MEMMOVE 1
| #define HAVE_MEMPCPY 1
| #define HAVE_MEMSET 1
| #define HAVE_MKSTEMPS 1
| #define HAVE_PUTENV 1
| #define HAVE_RANDOM 1
| #define HAVE_RENAME 1
| #define HAVE_RINDEX 1
| #define HAVE_SETENV 1
| #define HAVE_SNPRINTF 1
| #define HAVE_SIGSETMASK 1
| #define HAVE_STPCPY 1
| #define HAVE_STPNCPY 1
| #define HAVE_STRCASECMP 1
| #define HAVE_STRCHR 1
| #define HAVE_STRDUP 1
| #define HAVE_STRNCASECMP 1
| #define HAVE_STRNDUP 1
| #define HAVE_STRRCHR 1
| #define HAVE_STRSTR 1
| #define HAVE_STRTOD 1
| #define HAVE_STRTOL 1
| #define HAVE_STRTOUL 1
| #define HAVE_STRVERSCMP 1
| #define HAVE_TMPNAM 1
| #define HAVE_VASPRINTF 1
| #define HAVE_VFPRINTF 1
| #define HAVE_VPRINTF 1
| #define HAVE_VSNPRINTF 1
| #define HAVE_VSPRINTF 1
| #define HAVE_WAITPID 1
| #define STACK_DIRECTION -1
| #define HAVE_UNISTD_H 1
| #define HAVE_FORK 1
| #define HAVE_VFORK 1
| #define HAVE_WORKING_VFORK 1
| #define HAVE_WORKING_FORK 1
| #define HAVE_SYS_ERRLIST 1
| #define HAVE_SYS_NERR 1
| #define HAVE_SYS_SIGLIST 1
| /* end confdefs.h.  */
| #include <sys/systemcfg.h>
| int
| main ()
| {
| double x = _system_configuration.physmem;
|   ;
|   return 0;
| }
configure:7300: result: no
configure:7309: checking for getrusage
configure:7396: result: yes
configure:7309: checking for on_exit
configure:7396: result: yes
configure:7309: checking for psignal
configure:7396: result: yes
configure:7309: checking for strerror
configure:7396: result: yes
configure:7309: checking for strsignal
configure:7396: result: yes
configure:7309: checking for sysconf
configure:7396: result: yes
configure:7309: checking for times
configure:7396: result: yes
configure:7309: checking for sbrk
configure:7396: result: yes
configure:7309: checking for gettimeofday
configure:7396: result: yes
configure:7309: checking for realpath
configure:7396: result: yes
configure:7309: checking for canonicalize_file_name
configure:7396: result: yes
configure:7309: checking for pstat_getstatic
configure:7396: result: no
configure:7309: checking for pstat_getdynamic
configure:7396: result: no
configure:7309: checking for sysmp
configure:7396: result: no
configure:7309: checking for getsysinfo
configure:7396: result: no
configure:7309: checking for table
configure:7396: result: no
configure:7309: checking for sysctl
configure:7396: result: yes
configure:7309: checking for wait3
configure:7396: result: yes
configure:7309: checking for wait4
configure:7396: result: yes
configure:7309: checking for __fsetlocking
configure:7396: result: yes
configure:7406: checking whether basename is declared
configure:7460: result: no
configure:7476: checking whether ffs is declared
configure:7530: result: yes
configure:7546: checking whether asprintf is declared
configure:7600: result: no
configure:7616: checking whether vasprintf is declared
configure:7670: result: no
configure:7686: checking whether snprintf is declared
configure:7740: result: yes
configure:7756: checking whether vsnprintf is declared
configure:7810: result: yes
configure:7828: checking whether calloc is declared
configure:7882: result: yes
configure:7898: checking whether getenv is declared
configure:7952: result: yes
configure:7968: checking whether getopt is declared
configure:8022: result: yes
configure:8038: checking whether malloc is declared
configure:8092: result: yes
configure:8108: checking whether realloc is declared
configure:8162: result: yes
configure:8178: checking whether sbrk is declared
configure:8232: result: yes
configure:8250: checking whether strverscmp is declared
configure:8304: result: no
configure:8322: checking whether canonicalize_file_name must be declared
configure:8389: result: yes
configure:8421: checking for stdlib.h
configure:8461: result: yes
configure:8421: checking for unistd.h
configure:8461: result: yes
configure:8475: checking for getpagesize
configure:8562: result: yes
configure:8572: checking for working mmap
configure:8736: result: yes
configure:8749: checking for working strncmp
configure:8849: result: yes
configure:8986: creating ./config.status

## ---------------------- ##
## Running config.status. ##
## ---------------------- ##

This file was extended by config.status, which was
generated by GNU Autoconf 2.59.  Invocation command line was

  CONFIG_FILES    = 
  CONFIG_HEADERS  = 
  CONFIG_LINKS    = 
  CONFIG_COMMANDS = 
  $ ./config.status 

on Sanntid

config.status:702: creating Makefile
config.status:702: creating testsuite/Makefile
config.status:799: creating config.h
config.status:1185: config.h is unchanged
config.status:1343: executing default commands

## ---------------- ##
## Cache variables. ##
## ---------------- ##

ac_cv_build=x86_64-unknown-linux-gnu
ac_cv_build_alias=x86_64-unknown-linux-gnu
ac_cv_c_bigendian=no
ac_cv_c_compiler_gnu=yes
ac_cv_c_const=yes
ac_cv_c_inline=inline
ac_cv_c_stack_direction=-1
ac_cv_env_CC_set=set
ac_cv_env_CC_value=/usr/bin/gcc
ac_cv_env_CFLAGS_set=set
ac_cv_env_CFLAGS_value='-I/home/student/Documents/SanntidssalPernambuco/ex8/buildroot/output/host/include -I/home/student/Documents/SanntidssalPernambuco/ex8/buildroot/output/host/usr/include'
ac_cv_env_CPPFLAGS_set=
ac_cv_env_CPPFLAGS_value=
ac_cv_env_CPP_set=
ac_cv_env_CPP_value=
ac_cv_env_LDFLAGS_set=set
ac_cv_env_LDFLAGS_value=
ac_cv_env_build_alias_set=set
ac_cv_env_build_alias_value=x86_64-unknown-linux-gnu
ac_cv_env_host_alias_set=set
ac_cv_env_host_alias_value=x86_64-unknown-linux-gnu
ac_cv_env_target_alias_set=set
ac_cv_env_target_alias_value=avr32-unknown-linux-uclibc
ac_cv_exeext=
ac_cv_func___fsetlocking=yes
ac_cv_func__doprnt=no
ac_cv_func_asprintf=yes
ac_cv_func_atexit=yes
ac_cv_func_basename=yes
ac_cv_func_bcmp=yes
ac_cv_func_bcopy=yes
ac_cv_func_bsearch=yes
ac_cv_func_bzero=yes
ac_cv_func_calloc=yes
ac_cv_func_canonicalize_file_name=yes
ac_cv_func_clock=yes
ac_cv_func_ffs=yes
ac_cv_func_fork=yes
ac_cv_func_fork_works=yes
ac_cv_func_getcwd=yes
ac_cv_func_getpagesize=yes
ac_cv_func_getrusage=yes
ac_cv_func_getsysinfo=no
ac_cv_func_gettimeofday=yes
ac_cv_func_index=yes
ac_cv_func_insque=yes
ac_cv_func_memchr=yes
ac_cv_func_memcmp=yes
ac_cv_func_memcpy=yes
ac_cv_func_memmove=yes
ac_cv_func_mempcpy=yes
ac_cv_func_memset=yes
ac_cv_func_mkstemps=yes
ac_cv_func_mmap_fixed_mapped=yes
ac_cv_func_on_exit=yes
ac_cv_func_psignal=yes
ac_cv_func_pstat_getdynamic=no
ac_cv_func_pstat_getstatic=no
ac_cv_func_putenv=yes
ac_cv_func_random=yes
ac_cv_func_realpath=yes
ac_cv_func_rename=yes
ac_cv_func_rindex=yes
ac_cv_func_sbrk=yes
ac_cv_func_setenv=yes
ac_cv_func_sigsetmask=yes
ac_cv_func_snprintf=yes
ac_cv_func_stpcpy=yes
ac_cv_func_stpncpy=yes
ac_cv_func_strcasecmp=yes
ac_cv_func_strchr=yes
ac_cv_func_strdup=yes
ac_cv_func_strerror=yes
ac_cv_func_strncasecmp=yes
ac_cv_func_strncmp_works=yes
ac_cv_func_strndup=yes
ac_cv_func_strrchr=yes
ac_cv_func_strsignal=yes
ac_cv_func_strstr=yes
ac_cv_func_strtod=yes
ac_cv_func_strtol=yes
ac_cv_func_strtoul=yes
ac_cv_func_strverscmp=yes
ac_cv_func_sysconf=yes
ac_cv_func_sysctl=yes
ac_cv_func_sysmp=no
ac_cv_func_table=no
ac_cv_func_times=yes
ac_cv_func_tmpnam=yes
ac_cv_func_vasprintf=yes
ac_cv_func_vfork=yes
ac_cv_func_vfork_works=yes
ac_cv_func_vfprintf=yes
ac_cv_func_vprintf=yes
ac_cv_func_vsnprintf=yes
ac_cv_func_vsprintf=yes
ac_cv_func_wait3=yes
ac_cv_func_wait4=yes
ac_cv_func_waitpid=yes
ac_cv_have_decl_asprintf=no
ac_cv_have_decl_basename=no
ac_cv_have_decl_calloc=yes
ac_cv_have_decl_ffs=yes
ac_cv_have_decl_getenv=yes
ac_cv_have_decl_getopt=yes
ac_cv_have_decl_malloc=yes
ac_cv_have_decl_realloc=yes
ac_cv_have_decl_sbrk=yes
ac_cv_have_decl_snprintf=yes
ac_cv_have_decl_strverscmp=no
ac_cv_have_decl_vasprintf=no
ac_cv_have_decl_vsnprintf=yes
ac_cv_header_alloca_h=yes
ac_cv_header_fcntl_h=yes
ac_cv_header_inttypes_h=yes
ac_cv_header_limits_h=yes
ac_cv_header_machine_hal_sysinfo_h=no
ac_cv_header_malloc_h=yes
ac_cv_header_memory_h=yes
ac_cv_header_stdc=yes
ac_cv_header_stdint_h=yes
ac_cv_header_stdio_ext_h=yes
ac_cv_header_stdlib_h=yes
ac_cv_header_string_h=yes
ac_cv_header_strings_h=yes
ac_cv_header_sys_file_h=yes
ac_cv_header_sys_mman_h=yes
ac_cv_header_sys_param_h=yes
ac_cv_header_sys_pstat_h=no
ac_cv_header_sys_resource_h=yes
ac_cv_header_sys_stat_h=yes
ac_cv_header_sys_sysctl_h=yes
ac_cv_header_sys_sysinfo_h=yes
ac_cv_header_sys_sysmp_h=no
ac_cv_header_sys_systemcfg_h=no
ac_cv_header_sys_table_h=no
ac_cv_header_sys_time_h=yes
ac_cv_header_sys_types_h=yes
ac_cv_header_sys_wait_h=yes
ac_cv_header_time=yes
ac_cv_header_time_h=yes
ac_cv_header_unistd_h=yes
ac_cv_header_vfork_h=no
ac_cv_host=x86_64-unknown-linux-gnu
ac_cv_host_alias=x86_64-unknown-linux-gnu
ac_cv_objext=o
ac_cv_os_cray=no
ac_cv_prog_AR=/usr/bin/ar
ac_cv_prog_CC=/usr/bin/gcc
ac_cv_prog_CPP='/usr/bin/gcc -E'
ac_cv_prog_MAKEINFO='makeinfo --split-size=5000000'
ac_cv_prog_PERL=perl
ac_cv_prog_RANLIB=ranlib
ac_cv_prog_cc__usr_bin_gcc_c_o=yes
ac_cv_prog_cc_g=yes
ac_cv_prog_cc_stdc=
ac_cv_prog_cc_w_cxx_compat=yes
ac_cv_prog_egrep='grep -E'
ac_cv_search_strerror='none required'
ac_cv_sizeof_int=4
ac_cv_type_int=yes
ac_cv_type_pid_t=yes
ac_cv_type_uintptr_t=yes
liberty_cv_uint64=uint64_t
libiberty_cv_decl_needed_canonicalize_file_name=yes
libiberty_cv_declare_errno=no
libiberty_cv_var_sys_errlist=yes
libiberty_cv_var_sys_nerr=yes
libiberty_cv_var_sys_siglist=yes

## ----------------- ##
## Output variables. ##
## ----------------- ##

AR='/usr/bin/ar'
BUILD_INFO='info'
CC='/usr/bin/gcc'
CFLAGS='-I/home/student/Documents/SanntidssalPernambuco/ex8/buildroot/output/host/include -I/home/student/Documents/SanntidssalPernambuco/ex8/buildroot/output/host/usr/include'
CHECK='really-check'
CPP='/usr/bin/gcc -E'
CPPFLAGS=''
DEFS='-DHAVE_CONFIG_H'
ECHO_C=''
ECHO_N='-n'
ECHO_T=''
EGREP='grep -E'
EXEEXT=''
HAVE_PERL=''
INSTALL_DATA='/usr/bin/install -c -m 644'
INSTALL_DEST='libdir'
INSTALL_PROGRAM='/usr/bin/install -c'
INSTALL_SCRIPT='/usr/bin/install -c'
LDFLAGS=''
LIBOBJS=''
LIBS=''
LTLIBOBJS=''
MAINT='#'
MAKEINFO='makeinfo --split-size=5000000'
NOTMAINT=''
NO_MINUS_C_MINUS_O=''
OBJEXT='o'
OUTPUT_OPTION='-o $@'
PACKAGE_BUGREPORT=''
PACKAGE_NAME=''
PACKAGE_STRING=''
PACKAGE_TARNAME=''
PACKAGE_VERSION=''
PATH_SEPARATOR=':'
PERL='perl'
RANLIB='ranlib'
SHELL='/bin/bash'
ac_ct_AR=''
ac_ct_CC=''
ac_ct_RANLIB=''
ac_libiberty_warn_cflags='-W -Wall -pedantic -Wwrite-strings -Wstrict-prototypes -Wc++-compat'
bindir='${exec_prefix}/bin'
build='x86_64-unknown-linux-gnu'
build_alias='x86_64-unknown-linux-gnu'
build_cpu='x86_64'
build_os='linux-gnu'
build_vendor='unknown'
datadir='${prefix}/share'
datarootdir='/home/student/Documents/SanntidssalPernambuco/ex8/buildroot/output/staging/usr/share'
docdir='/home/student/Documents/SanntidssalPernambuco/ex8/buildroot/output/staging/usr/share/doc'
exec_prefix='${prefix}'
host='x86_64-unknown-linux-gnu'
host_alias='x86_64-unknown-linux-gnu'
host_cpu='x86_64'
host_os='linux-gnu'
host_vendor='unknown'
htmldir='/home/student/Documents/SanntidssalPernambuco/ex8/buildroot/output/staging/usr/share/doc'
includedir='${prefix}/include'
infodir='${prefix}/info'
libdir='${exec_prefix}/lib'
libexecdir='${exec_prefix}/libexec'
libiberty_topdir='/home/student/Documents/SanntidssalPernambuco/ex8/buildroot/output/toolchain/gcc-4.2.4/libiberty/..'
localstatedir='${prefix}/var'
mandir='${prefix}/man'
oldincludedir='/usr/include'
pexecute='./pex-unix.o'
prefix='/home/student/Documents/SanntidssalPernambuco/ex8/buildroot/output/staging/usr'
program_transform_name='s,^,avr32-unknown-linux-uclibc-,; '
sbindir='${exec_prefix}/sbin'
sharedstatedir='${prefix}/com'
sysconfdir='${prefix}/etc'
target_alias='avr32-unknown-linux-uclibc'
target_header_dir=''

## ------------- ##
## Output files. ##
## ------------- ##

host_makefile_frag='xhost-mkfrag'

## ----------- ##
## confdefs.h. ##
## ----------- ##

#define HAVE_ALLOCA_H 1
#define HAVE_ASPRINTF 1
#define HAVE_ATEXIT 1
#define HAVE_BASENAME 1
#define HAVE_BCMP 1
#define HAVE_BCOPY 1
#define HAVE_BSEARCH 1
#define HAVE_BZERO 1
#define HAVE_CALLOC 1
#define HAVE_CANONICALIZE_FILE_NAME 1
#define HAVE_CLOCK 1
#define HAVE_DECL_ASPRINTF 0
#define HAVE_DECL_BASENAME 0
#define HAVE_DECL_CALLOC 1
#define HAVE_DECL_FFS 1
#define HAVE_DECL_GETENV 1
#define HAVE_DECL_GETOPT 1
#define HAVE_DECL_MALLOC 1
#define HAVE_DECL_REALLOC 1
#define HAVE_DECL_SBRK 1
#define HAVE_DECL_SNPRINTF 1
#define HAVE_DECL_STRVERSCMP 0
#define HAVE_DECL_VASPRINTF 0
#define HAVE_DECL_VSNPRINTF 1
#define HAVE_FCNTL_H 1
#define HAVE_FFS 1
#define HAVE_FORK 1
#define HAVE_GETCWD 1
#define HAVE_GETPAGESIZE 1
#define HAVE_GETPAGESIZE 1
#define HAVE_GETRUSAGE 1
#define HAVE_GETTIMEOFDAY 1
#define HAVE_GETTIMEOFDAY 1
#define HAVE_INDEX 1
#define HAVE_INSQUE 1
#define HAVE_INTTYPES_H 1
#define HAVE_LIMITS_H 1
#define HAVE_MALLOC_H 1
#define HAVE_MEMCHR 1
#define HAVE_MEMCMP 1
#define HAVE_MEMCPY 1
#define HAVE_MEMMOVE 1
#define HAVE_MEMORY_H 1
#define HAVE_MEMPCPY 1
#define HAVE_MEMSET 1
#define HAVE_MKSTEMPS 1
#define HAVE_MMAP 1
#define HAVE_ON_EXIT 1
#define HAVE_PSIGNAL 1
#define HAVE_PUTENV 1
#define HAVE_RANDOM 1
#define HAVE_REALPATH 1
#define HAVE_RENAME 1
#define HAVE_RINDEX 1
#define HAVE_SBRK 1
#define HAVE_SETENV 1
#define HAVE_SIGSETMASK 1
#define HAVE_SNPRINTF 1
#define HAVE_STDINT_H 1
#define HAVE_STDINT_H 1
#define HAVE_STDIO_EXT_H 1
#define HAVE_STDLIB_H 1
#define HAVE_STDLIB_H 1
#define HAVE_STDLIB_H 1
#define HAVE_STPCPY 1
#define HAVE_STPNCPY 1
#define HAVE_STRCASECMP 1
#define HAVE_STRCHR 1
#define HAVE_STRDUP 1
#define HAVE_STRERROR 1
#define HAVE_STRINGS_H 1
#define HAVE_STRINGS_H 1
#define HAVE_STRING_H 1
#define HAVE_STRING_H 1
#define HAVE_STRNCASECMP 1
#define HAVE_STRNDUP 1
#define HAVE_STRRCHR 1
#define HAVE_STRSIGNAL 1
#define HAVE_STRSTR 1
#define HAVE_STRTOD 1
#define HAVE_STRTOL 1
#define HAVE_STRTOUL 1
#define HAVE_STRVERSCMP 1
#define HAVE_SYSCONF 1
#define HAVE_SYSCTL 1
#define HAVE_SYS_ERRLIST 1
#define HAVE_SYS_FILE_H 1
#define HAVE_SYS_MMAN_H 1
#define HAVE_SYS_NERR 1
#define HAVE_SYS_PARAM_H 1
#define HAVE_SYS_RESOURCE_H 1
#define HAVE_SYS_SIGLIST 1
#define HAVE_SYS_STAT_H 1
#define HAVE_SYS_STAT_H 1
#define HAVE_SYS_SYSCTL_H 1
#define HAVE_SYS_SYSINFO_H 1
#define HAVE_SYS_TIME_H 1
#define HAVE_SYS_TYPES_H 1
#define HAVE_SYS_WAIT_H 1
#define HAVE_TIMES 1
#define HAVE_TIME_H 1
#define HAVE_TMPNAM 1
#define HAVE_UINTPTR_T 1
#define HAVE_UNISTD_H 1
#define HAVE_UNISTD_H 1
#define HAVE_UNISTD_H 1
#define HAVE_UNISTD_H 1
#define HAVE_VASPRINTF 1
#define HAVE_VFORK 1
#define HAVE_VFPRINTF 1
#define HAVE_VPRINTF 1
#define HAVE_VSNPRINTF 1
#define HAVE_VSPRINTF 1
#define HAVE_WAIT3 1
#define HAVE_WAIT4 1
#define HAVE_WAITPID 1
#define HAVE_WORKING_FORK 1
#define HAVE_WORKING_VFORK 1
#define HAVE___FSETLOCKING 1
#define NEED_DECLARATION_CANONICALIZE_FILE_NAME 1
#define PACKAGE_BUGREPORT ""
#define PACKAGE_NAME ""
#define PACKAGE_STRING ""
#define PACKAGE_TARNAME ""
#define PACKAGE_VERSION ""
#define SIZEOF_INT 4
#define STACK_DIRECTION -1
#define STDC_HEADERS 1
#define TIME_WITH_SYS_TIME 1
#define UNSIGNED_64BIT_TYPE uint64_t

configure: exit 0
