This file contains any messages produced by compilers while
running configure, to aid debugging if configure makes a mistake.

It was created by configure, which was
generated by GNU Autoconf 2.61.  Invocation command line was

  $ /home/student/Documents/SanntidssalPernambuco/ex8/buildroot/output/toolchain/gdb-6.7.1-avr32-2.1.5/opcodes/configure --cache-file=./config.cache --prefix=/home/student/Documents/SanntidssalPernambuco/ex8/buildroot/output/staging --disable-nls --without-uiout --disable-tui --disable-gdbtk --without-x --without-included-gettext --enable-threads --disable-werror --program-transform-name=s&^&avr32-unknown-linux-uclibc-& --build=x86_64-unknown-linux-gnu --host=x86_64-unknown-linux-gnu --target=avr32-unknown-linux-uclibc --srcdir=/home/student/Documents/SanntidssalPernambuco/ex8/buildroot/output/toolchain/gdb-6.7.1-avr32-2.1.5/opcodes

## --------- ##
## Platform. ##
## --------- ##

hostname = Sanntid
uname -m = x86_64
uname -r = 3.5.7-xenomai-2.6.2.1
uname -s = Linux
uname -v = #1 SMP Sat Feb 9 15:03:06 CST 2013

/usr/bin/uname -p = unknown
/bin/uname -X     = unknown

/bin/arch              = unknown
/usr/bin/arch -k       = unknown
/usr/convex/getsysinfo = unknown
/usr/bin/hostinfo      = unknown
/bin/machine           = unknown
/usr/bin/oslevel       = unknown
/bin/universe          = unknown

PATH: /usr/local/sbin
PATH: /usr/local/bin
PATH: /usr/sbin
PATH: /usr/bin
PATH: /sbin
PATH: /bin
PATH: /usr/games
PATH: /usr/local/go/bin


## ----------- ##
## Core tests. ##
## ----------- ##

configure:1871: creating cache ./config.cache
configure:1987: checking build system type
configure:2005: result: x86_64-unknown-linux-gnu
configure:2027: checking host system type
configure:2042: result: x86_64-unknown-linux-gnu
configure:2064: checking target system type
configure:2079: result: avr32-unknown-linux-uclibc
configure:2115: checking for x86_64-unknown-linux-gnu-gcc
configure:2142: result: gcc
configure:2420: checking for C compiler version
configure:2427: gcc --version >&5
gcc (Ubuntu/Linaro 4.6.3-1ubuntu5) 4.6.3
Copyright (C) 2011 Free Software Foundation, Inc.
This is free software; see the source for copying conditions.  There is NO
warranty; not even for MERCHANTABILITY or FITNESS FOR A PARTICULAR PURPOSE.

configure:2430: $? = 0
configure:2437: gcc -v >&5
Using built-in specs.
COLLECT_GCC=gcc
COLLECT_LTO_WRAPPER=/usr/lib/gcc/x86_64-linux-gnu/4.6/lto-wrapper
Target: x86_64-linux-gnu
Configured with: ../src/configure -v --with-pkgversion='Ubuntu/Linaro 4.6.3-1ubuntu5' --with-bugurl=file:///usr/share/doc/gcc-4.6/README.Bugs --enable-languages=c,c++,fortran,objc,obj-c++ --prefix=/usr --program-suffix=-4.6 --enable-shared --enable-linker-build-id --with-system-zlib --libexecdir=/usr/lib --without-included-gettext --enable-threads=posix --with-gxx-include-dir=/usr/include/c++/4.6 --libdir=/usr/lib --enable-nls --with-sysroot=/ --enable-clocale=gnu --enable-libstdcxx-debug --enable-libstdcxx-time=yes --enable-gnu-unique-object --enable-plugin --enable-objc-gc --disable-werror --with-arch-32=i686 --with-tune=generic --enable-checking=release --build=x86_64-linux-gnu --host=x86_64-linux-gnu --target=x86_64-linux-gnu
Thread model: posix
gcc version 4.6.3 (Ubuntu/Linaro 4.6.3-1ubuntu5) 
configure:2440: $? = 0
configure:2447: gcc -V >&5
gcc: error: unrecognized option '-V'
gcc: fatal error: no input files
compilation terminated.
configure:2450: $? = 4
configure:2473: checking for C compiler default output file name
configure:2500: gcc -g -O2   conftest.c  >&5
configure:2503: $? = 0
configure:2541: result: a.out
configure:2558: checking whether the C compiler works
configure:2568: ./a.out
configure:2571: $? = 0
configure:2588: result: yes
configure:2595: checking whether we are cross compiling
configure:2597: result: no
configure:2600: checking for suffix of executables
configure:2607: gcc -o conftest -g -O2   conftest.c  >&5
configure:2610: $? = 0
configure:2634: result: 
configure:2640: checking for suffix of object files
configure:2666: gcc -c -g -O2  conftest.c >&5
configure:2669: $? = 0
configure:2692: result: o
configure:2696: checking whether we are using the GNU C compiler
configure:2725: gcc -c -g -O2  conftest.c >&5
configure:2731: $? = 0
configure:2748: result: yes
configure:2753: checking whether gcc accepts -g
configure:2783: gcc -c -g  conftest.c >&5
configure:2789: $? = 0
configure:2888: result: yes
configure:2905: checking for gcc option to accept ISO C89
configure:2979: gcc  -c -g -O2  conftest.c >&5
configure:2985: $? = 0
configure:3008: result: none needed
configure:3027: checking for library containing strerror
configure:3068: gcc -o conftest -g -O2   conftest.c  >&5
configure:3074: $? = 0
configure:3102: result: none required
configure:3131: checking for a BSD-compatible install
configure:3187: result: /usr/bin/install -c
configure:3198: checking whether build environment is sane
configure:3241: result: yes
configure:3269: checking for a thread-safe mkdir -p
configure:3308: result: /bin/mkdir -p
configure:3321: checking for gawk
configure:3337: found /usr/bin/gawk
configure:3348: result: gawk
configure:3359: checking whether /usr/bin/make sets $(MAKE)
configure:3380: result: yes
configure:3410: checking for style of include used by /usr/bin/make
configure:3438: result: GNU
configure:3631: checking dependency style of gcc
configure:3722: result: none
configure:3747: checking for x86_64-unknown-linux-gnu-gcc
configure:3774: result: gcc
configure:4052: checking for C compiler version
configure:4059: gcc --version >&5
gcc (Ubuntu/Linaro 4.6.3-1ubuntu5) 4.6.3
Copyright (C) 2011 Free Software Foundation, Inc.
This is free software; see the source for copying conditions.  There is NO
warranty; not even for MERCHANTABILITY or FITNESS FOR A PARTICULAR PURPOSE.

configure:4062: $? = 0
configure:4069: gcc -v >&5
Using built-in specs.
COLLECT_GCC=gcc
COLLECT_LTO_WRAPPER=/usr/lib/gcc/x86_64-linux-gnu/4.6/lto-wrapper
Target: x86_64-linux-gnu
Configured with: ../src/configure -v --with-pkgversion='Ubuntu/Linaro 4.6.3-1ubuntu5' --with-bugurl=file:///usr/share/doc/gcc-4.6/README.Bugs --enable-languages=c,c++,fortran,objc,obj-c++ --prefix=/usr --program-suffix=-4.6 --enable-shared --enable-linker-build-id --with-system-zlib --libexecdir=/usr/lib --without-included-gettext --enable-threads=posix --with-gxx-include-dir=/usr/include/c++/4.6 --libdir=/usr/lib --enable-nls --with-sysroot=/ --enable-clocale=gnu --enable-libstdcxx-debug --enable-libstdcxx-time=yes --enable-gnu-unique-object --enable-plugin --enable-objc-gc --disable-werror --with-arch-32=i686 --with-tune=generic --enable-checking=release --build=x86_64-linux-gnu --host=x86_64-linux-gnu --target=x86_64-linux-gnu
Thread model: posix
gcc version 4.6.3 (Ubuntu/Linaro 4.6.3-1ubuntu5) 
configure:4072: $? = 0
configure:4079: gcc -V >&5
gcc: error: unrecognized option '-V'
gcc: fatal error: no input files
compilation terminated.
configure:4082: $? = 4
configure:4085: checking whether we are using the GNU C compiler
configure:4137: result: yes
configure:4142: checking whether gcc accepts -g
configure:4277: result: yes
configure:4294: checking for gcc option to accept ISO C89
configure:4397: result: none needed
configure:4425: checking for x86_64-unknown-linux-gnu-ar
configure:4452: result: ar
configure:4521: checking for x86_64-unknown-linux-gnu-ranlib
configure:4548: result: ranlib
configure:4753: checking for a sed that does not truncate output
configure:4832: result: /bin/sed
configure:4850: checking for grep that handles long lines and -e
configure:4924: result: /bin/grep
configure:4929: checking for egrep
configure:5007: result: /bin/grep -E
configure:5012: checking for fgrep
configure:5090: result: /bin/grep -F
configure:5125: checking for ld used by gcc
configure:5192: result: ld
configure:5201: checking if the linker (ld) is GNU ld
configure:5216: result: yes
configure:5229: checking for BSD- or MS-compatible name lister (nm)
configure:5278: result: nm
configure:5400: checking the name lister (nm) interface
configure:5407: gcc -c -g -O2  conftest.c >&5
configure:5410: nm "conftest.o"
configure:5413: output
0000000000000000 B some_variable
configure:5420: result: BSD nm
configure:5423: checking whether ln -s works
configure:5427: result: yes
configure:5435: checking the maximum length of command line arguments
configure:5555: result: 3458764513820540925
configure:5573: checking whether the shell understands some XSI constructs
configure:5581: result: yes
configure:5585: checking whether the shell understands "+="
configure:5591: result: yes
configure:5626: checking for ld option to reload object files
configure:5633: result: -r
configure:5660: checking how to recognize dependent libraries
configure:5850: result: pass_all
configure:5870: checking for x86_64-unknown-linux-gnu-ar
configure:5897: result: ar
configure:5979: checking for x86_64-unknown-linux-gnu-strip
configure:6009: result: no
configure:6019: checking for strip
configure:6035: found /usr/bin/strip
configure:6046: result: strip
configure:6082: checking for x86_64-unknown-linux-gnu-ranlib
configure:6109: result: ranlib
configure:6243: checking command to parse nm output from gcc object
configure:6360: gcc -c -g -O2  conftest.c >&5
configure:6363: $? = 0
configure:6367: nm conftest.o \| sed -n -e 's/^.*[	 ]\([ABCDGIRSTW][ABCDGIRSTW]*\)[	 ][	 ]*\([_A-Za-z][_A-Za-z0-9]*\)$/\1 \2 \2/p' \> conftest.nm
configure:6370: $? = 0
configure:6424: gcc -o conftest -g -O2   conftest.c conftstm.o >&5
configure:6427: $? = 0
configure:6465: result: ok
configure:6555: gcc -c -g -O2  conftest.c >&5
configure:6558: $? = 0
configure:6704: checking how to run the C preprocessor
configure:6744: gcc -E  conftest.c
configure:6750: $? = 0
configure:6781: gcc -E  conftest.c
conftest.c:11:28: fatal error: ac_nonexistent.h: No such file or directory
compilation terminated.
configure:6787: $? = 1
configure: failed program was:
| /* confdefs.h.  */
| #define PACKAGE_NAME ""
| #define PACKAGE_TARNAME ""
| #define PACKAGE_VERSION ""
| #define PACKAGE_STRING ""
| #define PACKAGE_BUGREPORT ""
| #define PACKAGE "opcodes"
| #define VERSION "2.18.50"
| #define _GNU_SOURCE 1
| /* end confdefs.h.  */
| #include <ac_nonexistent.h>
configure:6820: result: gcc -E
configure:6849: gcc -E  conftest.c
configure:6855: $? = 0
configure:6886: gcc -E  conftest.c
conftest.c:11:28: fatal error: ac_nonexistent.h: No such file or directory
compilation terminated.
configure:6892: $? = 1
configure: failed program was:
| /* confdefs.h.  */
| #define PACKAGE_NAME ""
| #define PACKAGE_TARNAME ""
| #define PACKAGE_VERSION ""
| #define PACKAGE_STRING ""
| #define PACKAGE_BUGREPORT ""
| #define PACKAGE "opcodes"
| #define VERSION "2.18.50"
| #define _GNU_SOURCE 1
| /* end confdefs.h.  */
| #include <ac_nonexistent.h>
configure:6930: checking for ANSI C header files
configure:6960: gcc -c -g -O2  conftest.c >&5
configure:6966: $? = 0
configure:7065: gcc -o conftest -g -O2   conftest.c  >&5
configure:7068: $? = 0
configure:7074: ./conftest
configure:7077: $? = 0
configure:7094: result: yes
configure:7118: checking for sys/types.h
configure:7139: gcc -c -g -O2  conftest.c >&5
configure:7145: $? = 0
configure:7161: result: yes
configure:7118: checking for sys/stat.h
configure:7139: gcc -c -g -O2  conftest.c >&5
configure:7145: $? = 0
configure:7161: result: yes
configure:7118: checking for stdlib.h
configure:7139: gcc -c -g -O2  conftest.c >&5
configure:7145: $? = 0
configure:7161: result: yes
configure:7118: checking for string.h
configure:7139: gcc -c -g -O2  conftest.c >&5
configure:7145: $? = 0
configure:7161: result: yes
configure:7118: checking for memory.h
configure:7139: gcc -c -g -O2  conftest.c >&5
configure:7145: $? = 0
configure:7161: result: yes
configure:7118: checking for strings.h
configure:7139: gcc -c -g -O2  conftest.c >&5
configure:7145: $? = 0
configure:7161: result: yes
configure:7118: checking for inttypes.h
configure:7139: gcc -c -g -O2  conftest.c >&5
configure:7145: $? = 0
configure:7161: result: yes
configure:7118: checking for stdint.h
configure:7139: gcc -c -g -O2  conftest.c >&5
configure:7145: $? = 0
configure:7161: result: yes
configure:7118: checking for unistd.h
configure:7139: gcc -c -g -O2  conftest.c >&5
configure:7145: $? = 0
configure:7161: result: yes
configure:7177: checking for dlfcn.h
configure:7198: gcc -c -g -O2  conftest.c >&5
configure:7204: $? = 0
configure:7220: result: yes
configure:7282: checking for objdir
configure:7297: result: .libs
configure:7593: checking if gcc supports -fno-rtti -fno-exceptions
configure:7611: gcc -c -g -O2  -fno-rtti -fno-exceptions conftest.c >&5
cc1: warning: command line option '-fno-rtti' is valid for C++/ObjC++ but not for C [enabled by default]
configure:7615: $? = 0
configure:7628: result: no
configure:7648: checking for gcc option to produce PIC
configure:7903: result: -fPIC -DPIC
configure:7915: checking if gcc PIC flag -fPIC -DPIC works
configure:7933: gcc -c -g -O2  -fPIC -DPIC -DPIC conftest.c >&5
configure:7937: $? = 0
configure:7950: result: yes
configure:7974: checking if gcc static flag -static works
configure:8002: result: yes
configure:8017: checking if gcc supports -c -o file.o
configure:8038: gcc -c -g -O2  -o out/conftest2.o conftest.c >&5
configure:8042: $? = 0
configure:8064: result: yes
configure:8072: checking if gcc supports -c -o file.o
configure:8119: result: yes
configure:8152: checking whether the gcc linker (ld -m elf_x86_64) supports shared libraries
configure:9226: result: yes
configure:9465: checking dynamic linker characteristics
configure:9903: gcc -o conftest -g -O2   -Wl,-rpath -Wl,/foo conftest.c  >&5
configure:9909: $? = 0
configure:10139: result: GNU/Linux ld.so
configure:10234: checking how to hardcode library paths into programs
configure:10259: result: immediate
configure:11072: checking whether stripping libraries is possible
configure:11077: result: yes
configure:11112: checking if libtool supports shared libraries
configure:11114: result: yes
configure:11117: checking whether to build shared libraries
configure:11138: result: no
configure:11141: checking whether to build static libraries
configure:11145: result: yes
configure:11266: checking whether to enable maintainer-specific portions of Makefiles
configure:11275: result: no
configure:11303: checking whether to install libbfd
configure:11316: result: no
configure:11360: checking whether NLS is requested
configure:11363: result: no
configure:11433: checking whether NLS is requested
configure:11442: result: no
configure:11480: checking for msgfmt
configure:11511: result: /usr/bin/msgfmt
configure:11520: checking for gmsgfmt
configure:11551: result: /usr/bin/msgfmt
configure:11591: checking for xgettext
configure:11622: result: /usr/bin/xgettext
configure:11662: checking for msgmerge
configure:11692: result: /usr/bin/msgmerge
configure:11782: checking for a BSD-compatible install
configure:11838: result: /usr/bin/install -c
configure:11857: checking for string.h
configure:11863: result: yes
configure:11857: checking for strings.h
configure:11863: result: yes
configure:11857: checking for stdlib.h
configure:11863: result: yes
configure:11993: checking whether basename is declared
configure:12022: gcc -c -g -O2  conftest.c >&5
configure:12028: $? = 0
configure:12043: result: yes
configure:12059: checking whether stpcpy is declared
configure:12088: gcc -c -g -O2  conftest.c >&5
configure:12094: $? = 0
configure:12109: result: yes
configure:12407: updating cache ./config.cache
configure:12478: creating ./config.status

## ---------------------- ##
## Running config.status. ##
## ---------------------- ##

This file was extended by config.status, which was
generated by GNU Autoconf 2.61.  Invocation command line was

  CONFIG_FILES    = 
  CONFIG_HEADERS  = 
  CONFIG_LINKS    = 
  CONFIG_COMMANDS = 
  $ ./config.status 

on Sanntid

config.status:884: creating Makefile
config.status:884: creating po/Makefile.in
config.status:884: creating config.h
config.status:1158: executing depfiles commands
config.status:1158: executing libtool commands
config.status:1158: executing default-1 commands

## ---------------- ##
## Cache variables. ##
## ---------------- ##

ac_cv_build=x86_64-unknown-linux-gnu
ac_cv_c_compiler_gnu=yes
ac_cv_env_CC_set=set
ac_cv_env_CC_value=gcc
ac_cv_env_CFLAGS_set=set
ac_cv_env_CFLAGS_value='-g -O2'
ac_cv_env_CPPFLAGS_set=
ac_cv_env_CPPFLAGS_value=
ac_cv_env_CPP_set=
ac_cv_env_CPP_value=
ac_cv_env_LDFLAGS_set=set
ac_cv_env_LDFLAGS_value=
ac_cv_env_LIBS_set=
ac_cv_env_LIBS_value=
ac_cv_env_build_alias_set=set
ac_cv_env_build_alias_value=x86_64-unknown-linux-gnu
ac_cv_env_host_alias_set=set
ac_cv_env_host_alias_value=x86_64-unknown-linux-gnu
ac_cv_env_target_alias_set=set
ac_cv_env_target_alias_value=avr32-unknown-linux-uclibc
ac_cv_have_decl_basename=yes
ac_cv_have_decl_stpcpy=yes
ac_cv_header_dlfcn_h=yes
ac_cv_header_inttypes_h=yes
ac_cv_header_memory_h=yes
ac_cv_header_stdc=yes
ac_cv_header_stdint_h=yes
ac_cv_header_stdlib_h=yes
ac_cv_header_string_h=yes
ac_cv_header_strings_h=yes
ac_cv_header_sys_stat_h=yes
ac_cv_header_sys_types_h=yes
ac_cv_header_unistd_h=yes
ac_cv_host=x86_64-unknown-linux-gnu
ac_cv_objext=o
ac_cv_path_EGREP='/bin/grep -E'
ac_cv_path_FGREP='/bin/grep -F'
ac_cv_path_GMSGFMT=/usr/bin/msgfmt
ac_cv_path_GREP=/bin/grep
ac_cv_path_MSGFMT=/usr/bin/msgfmt
ac_cv_path_MSGMERGE=/usr/bin/msgmerge
ac_cv_path_SED=/bin/sed
ac_cv_path_XGETTEXT=/usr/bin/xgettext
ac_cv_path_mkdir=/bin/mkdir
ac_cv_prog_AR=ar
ac_cv_prog_AWK=gawk
ac_cv_prog_CC=gcc
ac_cv_prog_CPP='gcc -E'
ac_cv_prog_RANLIB=ranlib
ac_cv_prog_ac_ct_STRIP=strip
ac_cv_prog_cc_c89=
ac_cv_prog_cc_g=yes
ac_cv_prog_make__usr_bin_make_set=yes
ac_cv_search_strerror='none required'
ac_cv_target=avr32-unknown-linux-uclibc
am_cv_CC_dependencies_compiler_type=none
lt_cv_deplibs_check_method=pass_all
lt_cv_file_magic_cmd='$MAGIC_CMD'
lt_cv_file_magic_test_file=
lt_cv_ld_reload_flag=-r
lt_cv_nm_interface='BSD nm'
lt_cv_objdir=.libs
lt_cv_path_LD=ld
lt_cv_path_NM=nm
lt_cv_prog_compiler_c_o=yes
lt_cv_prog_compiler_rtti_exceptions=no
lt_cv_prog_gnu_ld=yes
lt_cv_sys_global_symbol_pipe='sed -n -e '\''s/^.*[	 ]\([ABCDGIRSTW][ABCDGIRSTW]*\)[	 ][	 ]*\([_A-Za-z][_A-Za-z0-9]*\)$/\1 \2 \2/p'\'''
lt_cv_sys_global_symbol_to_c_name_address='sed -n -e '\''s/^: \([^ ]*\) $/  {\"\1\", (void *) 0},/p'\'' -e '\''s/^[ABCDGIRSTW]* \([^ ]*\) \([^ ]*\)$/  {"\2", (void *) \&\2},/p'\'''
lt_cv_sys_global_symbol_to_cdecl='sed -n -e '\''s/^T .* \(.*\)$/extern int \1();/p'\'' -e '\''s/^[ABCDGIRSTW]* .* \(.*\)$/extern char \1;/p'\'''
lt_cv_sys_max_cmd_len=3458764513820540925

## ----------------- ##
## Output variables. ##
## ----------------- ##

ACLOCAL='${SHELL} /home/student/Documents/SanntidssalPernambuco/ex8/buildroot/output/toolchain/gdb-6.7.1-avr32-2.1.5/missing --run aclocal-1.10'
AMDEPBACKSLASH='\'
AMDEP_FALSE='#'
AMDEP_TRUE=''
AMTAR='${SHELL} /home/student/Documents/SanntidssalPernambuco/ex8/buildroot/output/toolchain/gdb-6.7.1-avr32-2.1.5/missing --run tar'
AR='ar'
AUTOCONF='${SHELL} /home/student/Documents/SanntidssalPernambuco/ex8/buildroot/output/toolchain/gdb-6.7.1-avr32-2.1.5/missing --run autoconf'
AUTOHEADER='${SHELL} /home/student/Documents/SanntidssalPernambuco/ex8/buildroot/output/toolchain/gdb-6.7.1-avr32-2.1.5/missing --run autoheader'
AUTOMAKE='${SHELL} /home/student/Documents/SanntidssalPernambuco/ex8/buildroot/output/toolchain/gdb-6.7.1-avr32-2.1.5/missing --run automake-1.10'
AWK='gawk'
BFD_MACHINES=' avr32-asm.lo avr32-dis.lo avr32-opc.lo'
CATALOGS=''
CATOBJEXT=''
CC='gcc'
CCDEPMODE='depmode=none'
CC_FOR_BUILD='gcc'
CFLAGS='-g -O2'
CGEN_MAINT_FALSE=''
CGEN_MAINT_TRUE='#'
CPP='gcc -E'
CPPFLAGS=''
CYGPATH_W='echo'
DATADIRNAME=''
DEFS='-DHAVE_CONFIG_H'
DEPDIR='.deps'
DUMPBIN=''
ECHO_C=''
ECHO_N='-n'
ECHO_T=''
EGREP='/bin/grep -E'
EXEEXT=''
EXEEXT_FOR_BUILD='$(EXEEXT)'
FGREP='/bin/grep -F'
GENCAT=''
GMSGFMT='/usr/bin/msgfmt'
GREP='/bin/grep'
HDEFINES=''
INCINTL=''
INSTALL_DATA='/usr/bin/install -c -m 644'
INSTALL_LIBBFD_FALSE=''
INSTALL_LIBBFD_TRUE='#'
INSTALL_PROGRAM='/usr/bin/install -c'
INSTALL_SCRIPT='/usr/bin/install -c'
INSTALL_STRIP_PROGRAM='$(install_sh) -c -s'
INSTOBJEXT=''
LD='ld -m elf_x86_64'
LDFLAGS=''
LIBINTL=''
LIBINTL_DEP=''
LIBOBJS=''
LIBS=''
LIBTOOL='$(SHELL) $(top_builddir)/libtool'
LN_S='ln -s'
LTLIBOBJS=''
MAINT='#'
MAINTAINER_MODE_FALSE=''
MAINTAINER_MODE_TRUE='#'
MAKEINFO='makeinfo --split-size=5000000'
MKINSTALLDIRS='/home/student/Documents/SanntidssalPernambuco/ex8/buildroot/output/toolchain/gdb-6.7.1-avr32-2.1.5/opcodes/../mkinstalldirs'
MSGFMT='/usr/bin/msgfmt'
MSGMERGE='/usr/bin/msgmerge'
NM='nm'
NO_WERROR=''
OBJEXT='o'
PACKAGE='opcodes'
PACKAGE_BUGREPORT=''
PACKAGE_NAME=''
PACKAGE_STRING=''
PACKAGE_TARNAME=''
PACKAGE_VERSION=''
PATH_SEPARATOR=':'
POSUB=''
RANLIB='ranlib'
SED='/bin/sed'
SET_MAKE=''
SHELL='/bin/bash'
STRIP='strip'
USE_NLS='no'
VERSION='2.18.50'
WARN_CFLAGS='-W -Wall -Wstrict-prototypes -Wmissing-prototypes'
WIN32LDFLAGS=''
WIN32LIBADD=''
XGETTEXT='/usr/bin/xgettext'
ac_ct_CC=''
ac_ct_DUMPBIN=''
am__fastdepCC_FALSE=''
am__fastdepCC_TRUE='#'
am__include='include'
am__isrc=' -I$(srcdir)'
am__leading_dot='.'
am__quote=''
am__tar='${AMTAR} chof - "$$tardir"'
am__untar='${AMTAR} xf -'
archdefs=' -DARCH_avr32'
bfdincludedir='$(exec_prefix)/$(host_noncanonical)/$(target_noncanonical)/include'
bfdlibdir='$(exec_prefix)/$(host_noncanonical)/$(target_noncanonical)/lib'
bindir='${exec_prefix}/bin'
build='x86_64-unknown-linux-gnu'
build_alias='x86_64-unknown-linux-gnu'
build_cpu='x86_64'
build_os='linux-gnu'
build_vendor='unknown'
cgendir='$(srcdir)/../cgen'
datadir='${datarootdir}'
datarootdir='${prefix}/share'
docdir='${datarootdir}/doc/${PACKAGE}'
dvidir='${docdir}'
exec_prefix='${prefix}'
host='x86_64-unknown-linux-gnu'
host_alias='x86_64-unknown-linux-gnu'
host_cpu='x86_64'
host_noncanonical='x86_64-unknown-linux-gnu'
host_os='linux-gnu'
host_vendor='unknown'
htmldir='${docdir}'
includedir='${prefix}/include'
infodir='${datarootdir}/info'
install_sh='$(SHELL) /home/student/Documents/SanntidssalPernambuco/ex8/buildroot/output/toolchain/gdb-6.7.1-avr32-2.1.5/install-sh'
libdir='${exec_prefix}/lib'
libexecdir='${exec_prefix}/libexec'
localedir='${datarootdir}/locale'
localstatedir='${prefix}/var'
lt_ECHO='echo'
mandir='${datarootdir}/man'
mkdir_p='/bin/mkdir -p'
oldincludedir='/usr/include'
pdfdir='${docdir}'
prefix='/home/student/Documents/SanntidssalPernambuco/ex8/buildroot/output/staging'
program_transform_name='s&^&avr32-unknown-linux-uclibc-&'
psdir='${docdir}'
sbindir='${exec_prefix}/sbin'
sharedstatedir='${prefix}/com'
sysconfdir='${prefix}/etc'
target='avr32-unknown-linux-uclibc'
target_alias='avr32-unknown-linux-uclibc'
target_cpu='avr32'
target_noncanonical='avr32-unknown-linux-uclibc'
target_os='linux-uclibc'
target_vendor='unknown'

## ----------- ##
## confdefs.h. ##
## ----------- ##

#define PACKAGE_NAME ""
#define PACKAGE_TARNAME ""
#define PACKAGE_VERSION ""
#define PACKAGE_STRING ""
#define PACKAGE_BUGREPORT ""
#define PACKAGE "opcodes"
#define VERSION "2.18.50"
#define _GNU_SOURCE 1
#define STDC_HEADERS 1
#define HAVE_SYS_TYPES_H 1
#define HAVE_SYS_STAT_H 1
#define HAVE_STDLIB_H 1
#define HAVE_STRING_H 1
#define HAVE_MEMORY_H 1
#define HAVE_STRINGS_H 1
#define HAVE_INTTYPES_H 1
#define HAVE_STDINT_H 1
#define HAVE_UNISTD_H 1
#define HAVE_DLFCN_H 1
#define LT_OBJDIR ".libs/"
#define HAVE_STRING_H 1
#define HAVE_STRINGS_H 1
#define HAVE_STDLIB_H 1
#define HAVE_DECL_BASENAME 1
#define HAVE_DECL_STPCPY 1

configure: exit 0
