This file contains any messages produced by compilers while
running configure, to aid debugging if configure makes a mistake.

It was created by configure, which was
generated by GNU Autoconf 2.59.  Invocation command line was

  $ /home/student/Documents/SanntidssalPernambuco/ex8/buildroot/output/toolchain/binutils-2.18-avr32-1.0.1/gprof/configure --cache-file=./config.cache --with-gnu-as --with-gnu-ld --prefix=/home/student/Documents/SanntidssalPernambuco/ex8/buildroot/output/staging/usr --with-sysroot=/home/student/Documents/SanntidssalPernambuco/ex8/buildroot/output/toolchain/uClibc_dev/ --with-sysroot=/home/student/Documents/SanntidssalPernambuco/ex8/buildroot/output/staging --disable-nls --disable-multilib --disable-werror --with-gmp=/home/student/Documents/SanntidssalPernambuco/ex8/buildroot/output/toolchain/gmp --with-mpfr=/home/student/Documents/SanntidssalPernambuco/ex8/buildroot/output/toolchain/mpfr --program-transform-name=s,^,avr32-unknown-linux-uclibc-, --build=x86_64-unknown-linux-gnu --host=x86_64-unknown-linux-gnu --target=avr32-unknown-linux-uclibc --srcdir=/home/student/Documents/SanntidssalPernambuco/ex8/buildroot/output/toolchain/binutils-2.18-avr32-1.0.1/gprof

## --------- ##
## Platform. ##
## --------- ##

hostname = Sanntid
uname -m = x86_64
uname -r = 3.5.7-xenomai-2.6.2.1
uname -s = Linux
uname -v = #1 SMP Sat Feb 9 15:03:06 CST 2013

/usr/bin/uname -p = unknown
/bin/uname -X     = unknown

/bin/arch              = unknown
/usr/bin/arch -k       = unknown
/usr/convex/getsysinfo = unknown
hostinfo               = unknown
/bin/machine           = unknown
/usr/bin/oslevel       = unknown
/bin/universe          = unknown

PATH: /usr/local/sbin
PATH: /usr/local/bin
PATH: /usr/sbin
PATH: /usr/bin
PATH: /sbin
PATH: /bin
PATH: /usr/games
PATH: /usr/local/go/bin


## ----------- ##
## Core tests. ##
## ----------- ##

configure:1391: creating cache ./config.cache
configure:1504: checking build system type
configure:1522: result: x86_64-unknown-linux-gnu
configure:1530: checking host system type
configure:1544: result: x86_64-unknown-linux-gnu
configure:1552: checking target system type
configure:1566: result: avr32-unknown-linux-uclibc
configure:1588: checking for x86_64-unknown-linux-gnu-gcc
configure:1614: result: /usr/bin/gcc
configure:1896: checking for C compiler version
configure:1899: /usr/bin/gcc --version </dev/null >&5
gcc (Ubuntu/Linaro 4.6.3-1ubuntu5) 4.6.3
Copyright (C) 2011 Free Software Foundation, Inc.
This is free software; see the source for copying conditions.  There is NO
warranty; not even for MERCHANTABILITY or FITNESS FOR A PARTICULAR PURPOSE.

configure:1902: $? = 0
configure:1904: /usr/bin/gcc -v </dev/null >&5
Using built-in specs.
COLLECT_GCC=/usr/bin/gcc
COLLECT_LTO_WRAPPER=/usr/lib/gcc/x86_64-linux-gnu/4.6/lto-wrapper
Target: x86_64-linux-gnu
Configured with: ../src/configure -v --with-pkgversion='Ubuntu/Linaro 4.6.3-1ubuntu5' --with-bugurl=file:///usr/share/doc/gcc-4.6/README.Bugs --enable-languages=c,c++,fortran,objc,obj-c++ --prefix=/usr --program-suffix=-4.6 --enable-shared --enable-linker-build-id --with-system-zlib --libexecdir=/usr/lib --without-included-gettext --enable-threads=posix --with-gxx-include-dir=/usr/include/c++/4.6 --libdir=/usr/lib --enable-nls --with-sysroot=/ --enable-clocale=gnu --enable-libstdcxx-debug --enable-libstdcxx-time=yes --enable-gnu-unique-object --enable-plugin --enable-objc-gc --disable-werror --with-arch-32=i686 --with-tune=generic --enable-checking=release --build=x86_64-linux-gnu --host=x86_64-linux-gnu --target=x86_64-linux-gnu
Thread model: posix
gcc version 4.6.3 (Ubuntu/Linaro 4.6.3-1ubuntu5) 
configure:1907: $? = 0
configure:1909: /usr/bin/gcc -V </dev/null >&5
gcc: error: unrecognized option '-V'
gcc: fatal error: no input files
compilation terminated.
configure:1912: $? = 4
configure:1935: checking for C compiler default output file name
configure:1938: /usr/bin/gcc -I/home/student/Documents/SanntidssalPernambuco/ex8/buildroot/output/host/include -I/home/student/Documents/SanntidssalPernambuco/ex8/buildroot/output/host/usr/include  -L/home/student/Documents/SanntidssalPernambuco/ex8/buildroot/output/host/lib -L/home/student/Documents/SanntidssalPernambuco/ex8/buildroot/output/host/usr/lib -Wl,-rpath,/home/student/Documents/SanntidssalPernambuco/ex8/buildroot/output/host/usr/lib conftest.c  >&5
configure:1941: $? = 0
configure:1987: result: a.out
configure:1992: checking whether the C compiler works
configure:1998: ./a.out
configure:2001: $? = 0
configure:2018: result: yes
configure:2025: checking whether we are cross compiling
configure:2027: result: no
configure:2030: checking for suffix of executables
configure:2032: /usr/bin/gcc -o conftest -I/home/student/Documents/SanntidssalPernambuco/ex8/buildroot/output/host/include -I/home/student/Documents/SanntidssalPernambuco/ex8/buildroot/output/host/usr/include  -L/home/student/Documents/SanntidssalPernambuco/ex8/buildroot/output/host/lib -L/home/student/Documents/SanntidssalPernambuco/ex8/buildroot/output/host/usr/lib -Wl,-rpath,/home/student/Documents/SanntidssalPernambuco/ex8/buildroot/output/host/usr/lib conftest.c  >&5
configure:2035: $? = 0
configure:2060: result: 
configure:2066: checking for suffix of object files
configure:2087: /usr/bin/gcc -c -I/home/student/Documents/SanntidssalPernambuco/ex8/buildroot/output/host/include -I/home/student/Documents/SanntidssalPernambuco/ex8/buildroot/output/host/usr/include  conftest.c >&5
configure:2090: $? = 0
configure:2112: result: o
configure:2116: checking whether we are using the GNU C compiler
configure:2140: /usr/bin/gcc -c -I/home/student/Documents/SanntidssalPernambuco/ex8/buildroot/output/host/include -I/home/student/Documents/SanntidssalPernambuco/ex8/buildroot/output/host/usr/include  conftest.c >&5
configure:2146: $? = 0
configure:2150: test -z 
			 || test ! -s conftest.err
configure:2153: $? = 0
configure:2156: test -s conftest.o
configure:2159: $? = 0
configure:2172: result: yes
configure:2178: checking whether /usr/bin/gcc accepts -g
configure:2199: /usr/bin/gcc -c -g  conftest.c >&5
configure:2205: $? = 0
configure:2209: test -z 
			 || test ! -s conftest.err
configure:2212: $? = 0
configure:2215: test -s conftest.o
configure:2218: $? = 0
configure:2229: result: yes
configure:2246: checking for /usr/bin/gcc option to accept ANSI C
configure:2316: /usr/bin/gcc  -c -I/home/student/Documents/SanntidssalPernambuco/ex8/buildroot/output/host/include -I/home/student/Documents/SanntidssalPernambuco/ex8/buildroot/output/host/usr/include  conftest.c >&5
configure:2322: $? = 0
configure:2326: test -z 
			 || test ! -s conftest.err
configure:2329: $? = 0
configure:2332: test -s conftest.o
configure:2335: $? = 0
configure:2353: result: none needed
configure:2371: /usr/bin/gcc -c -I/home/student/Documents/SanntidssalPernambuco/ex8/buildroot/output/host/include -I/home/student/Documents/SanntidssalPernambuco/ex8/buildroot/output/host/usr/include  conftest.c >&5
conftest.c:2:3: error: unknown type name 'choke'
conftest.c:2:3: error: expected '=', ',', ';', 'asm' or '__attribute__' at end of input
configure:2377: $? = 1
configure: failed program was:
| #ifndef __cplusplus
|   choke me
| #endif
configure:2511: checking for library containing strerror
configure:2541: /usr/bin/gcc -o conftest -I/home/student/Documents/SanntidssalPernambuco/ex8/buildroot/output/host/include -I/home/student/Documents/SanntidssalPernambuco/ex8/buildroot/output/host/usr/include  -L/home/student/Documents/SanntidssalPernambuco/ex8/buildroot/output/host/lib -L/home/student/Documents/SanntidssalPernambuco/ex8/buildroot/output/host/usr/lib -Wl,-rpath,/home/student/Documents/SanntidssalPernambuco/ex8/buildroot/output/host/usr/lib conftest.c  >&5
configure:2547: $? = 0
configure:2551: test -z 
			 || test ! -s conftest.err
configure:2554: $? = 0
configure:2557: test -s conftest
configure:2560: $? = 0
configure:2630: result: none required
configure:2653: checking for a BSD-compatible install
configure:2708: result: /usr/bin/install -c
configure:2719: checking whether build environment is sane
configure:2762: result: yes
configure:2827: checking for gawk
configure:2843: found /usr/bin/gawk
configure:2853: result: gawk
configure:2863: checking whether /usr/bin/make sets $(MAKE)
configure:2883: result: yes
configure:2913: checking for style of include used by /usr/bin/make
configure:2941: result: GNU
configure:3117: checking dependency style of /usr/bin/gcc
configure:3207: result: none
configure:3362: checking for a sed that does not truncate output
configure:3418: result: /bin/sed
configure:3434: checking for egrep
configure:3444: result: grep -E
configure:3449: checking for fgrep
configure:3459: result: grep -F
configure:3494: checking for ld used by /usr/bin/gcc
configure:3561: result: /usr/bin/ld
configure:3570: checking if the linker (/usr/bin/ld) is GNU ld
configure:3585: result: yes
configure:3598: checking for BSD- or MS-compatible name lister (nm)
configure:3647: result: /usr/bin/nm
configure:3752: checking the name lister (/usr/bin/nm) interface
configure:3759: /usr/bin/gcc -c -I/home/student/Documents/SanntidssalPernambuco/ex8/buildroot/output/host/include -I/home/student/Documents/SanntidssalPernambuco/ex8/buildroot/output/host/usr/include  conftest.c >&5
configure:3762: /usr/bin/nm "conftest.o"
configure:3765: output
0000000000000000 B some_variable
configure:3772: result: BSD nm
configure:3775: checking whether ln -s works
configure:3779: result: yes
configure:3787: checking the maximum length of command line arguments
configure:3907: result: 3458764513820540925
configure:3925: checking whether the shell understands some XSI constructs
configure:3933: result: yes
configure:3937: checking whether the shell understands "+="
configure:3943: result: yes
configure:3978: checking for /usr/bin/ld option to reload object files
configure:3985: result: -r
configure:4012: checking how to recognize dependent libraries
configure:4202: result: pass_all
configure:4222: checking for x86_64-unknown-linux-gnu-ar
configure:4248: result: /usr/bin/ar
configure:4315: checking for x86_64-unknown-linux-gnu-strip
configure:4344: result: no
configure:4353: checking for strip
configure:4369: found /usr/bin/strip
configure:4380: result: strip
configure:4402: checking for x86_64-unknown-linux-gnu-ranlib
configure:4428: result: ranlib
configure:4547: checking command to parse /usr/bin/nm output from /usr/bin/gcc object
configure:4664: /usr/bin/gcc -c -I/home/student/Documents/SanntidssalPernambuco/ex8/buildroot/output/host/include -I/home/student/Documents/SanntidssalPernambuco/ex8/buildroot/output/host/usr/include  conftest.c >&5
configure:4667: $? = 0
configure:4671: /usr/bin/nm conftest.o \| sed -n -e 's/^.*[	 ]\([ABCDGIRSTW][ABCDGIRSTW]*\)[	 ][	 ]*\([_A-Za-z][_A-Za-z0-9]*\)$/\1 \2 \2/p' \> conftest.nm
configure:4674: $? = 0
configure:4728: /usr/bin/gcc -o conftest -I/home/student/Documents/SanntidssalPernambuco/ex8/buildroot/output/host/include -I/home/student/Documents/SanntidssalPernambuco/ex8/buildroot/output/host/usr/include  -L/home/student/Documents/SanntidssalPernambuco/ex8/buildroot/output/host/lib -L/home/student/Documents/SanntidssalPernambuco/ex8/buildroot/output/host/usr/lib -Wl,-rpath,/home/student/Documents/SanntidssalPernambuco/ex8/buildroot/output/host/usr/lib conftest.c conftstm.o >&5
configure:4731: $? = 0
configure:4769: result: ok
configure:4859: /usr/bin/gcc -c -I/home/student/Documents/SanntidssalPernambuco/ex8/buildroot/output/host/include -I/home/student/Documents/SanntidssalPernambuco/ex8/buildroot/output/host/usr/include  conftest.c >&5
configure:4862: $? = 0
configure:5011: checking how to run the C preprocessor
configure:5046: /usr/bin/gcc -E  conftest.c
configure:5052: $? = 0
configure:5084: /usr/bin/gcc -E  conftest.c
conftest.c:11:28: fatal error: ac_nonexistent.h: No such file or directory
compilation terminated.
configure:5090: $? = 1
configure: failed program was:
| /* confdefs.h.  */
| 
| #define PACKAGE_NAME ""
| #define PACKAGE_TARNAME ""
| #define PACKAGE_VERSION ""
| #define PACKAGE_STRING ""
| #define PACKAGE_BUGREPORT ""
| #define PACKAGE "gprof"
| #define VERSION "2.18.atmel.1.0.1.avr32linux.1"
| /* end confdefs.h.  */
| #include <ac_nonexistent.h>
configure:5129: result: /usr/bin/gcc -E
configure:5153: /usr/bin/gcc -E  conftest.c
configure:5159: $? = 0
configure:5191: /usr/bin/gcc -E  conftest.c
conftest.c:11:28: fatal error: ac_nonexistent.h: No such file or directory
compilation terminated.
configure:5197: $? = 1
configure: failed program was:
| /* confdefs.h.  */
| 
| #define PACKAGE_NAME ""
| #define PACKAGE_TARNAME ""
| #define PACKAGE_VERSION ""
| #define PACKAGE_STRING ""
| #define PACKAGE_BUGREPORT ""
| #define PACKAGE "gprof"
| #define VERSION "2.18.atmel.1.0.1.avr32linux.1"
| /* end confdefs.h.  */
| #include <ac_nonexistent.h>
configure:5241: checking for ANSI C header files
configure:5266: /usr/bin/gcc -c -I/home/student/Documents/SanntidssalPernambuco/ex8/buildroot/output/host/include -I/home/student/Documents/SanntidssalPernambuco/ex8/buildroot/output/host/usr/include  conftest.c >&5
configure:5272: $? = 0
configure:5276: test -z 
			 || test ! -s conftest.err
configure:5279: $? = 0
configure:5282: test -s conftest.o
configure:5285: $? = 0
configure:5374: /usr/bin/gcc -o conftest -I/home/student/Documents/SanntidssalPernambuco/ex8/buildroot/output/host/include -I/home/student/Documents/SanntidssalPernambuco/ex8/buildroot/output/host/usr/include  -L/home/student/Documents/SanntidssalPernambuco/ex8/buildroot/output/host/lib -L/home/student/Documents/SanntidssalPernambuco/ex8/buildroot/output/host/usr/lib -Wl,-rpath,/home/student/Documents/SanntidssalPernambuco/ex8/buildroot/output/host/usr/lib conftest.c  >&5
conftest.c: In function 'main':
conftest.c:28:7: warning: incompatible implicit declaration of built-in function 'exit' [enabled by default]
configure:5377: $? = 0
configure:5379: ./conftest
configure:5382: $? = 0
configure:5397: result: yes
configure:5421: checking for sys/types.h
configure:5437: /usr/bin/gcc -c -I/home/student/Documents/SanntidssalPernambuco/ex8/buildroot/output/host/include -I/home/student/Documents/SanntidssalPernambuco/ex8/buildroot/output/host/usr/include  conftest.c >&5
configure:5443: $? = 0
configure:5447: test -z 
			 || test ! -s conftest.err
configure:5450: $? = 0
configure:5453: test -s conftest.o
configure:5456: $? = 0
configure:5467: result: yes
configure:5421: checking for sys/stat.h
configure:5437: /usr/bin/gcc -c -I/home/student/Documents/SanntidssalPernambuco/ex8/buildroot/output/host/include -I/home/student/Documents/SanntidssalPernambuco/ex8/buildroot/output/host/usr/include  conftest.c >&5
configure:5443: $? = 0
configure:5447: test -z 
			 || test ! -s conftest.err
configure:5450: $? = 0
configure:5453: test -s conftest.o
configure:5456: $? = 0
configure:5467: result: yes
configure:5421: checking for stdlib.h
configure:5437: /usr/bin/gcc -c -I/home/student/Documents/SanntidssalPernambuco/ex8/buildroot/output/host/include -I/home/student/Documents/SanntidssalPernambuco/ex8/buildroot/output/host/usr/include  conftest.c >&5
configure:5443: $? = 0
configure:5447: test -z 
			 || test ! -s conftest.err
configure:5450: $? = 0
configure:5453: test -s conftest.o
configure:5456: $? = 0
configure:5467: result: yes
configure:5421: checking for string.h
configure:5437: /usr/bin/gcc -c -I/home/student/Documents/SanntidssalPernambuco/ex8/buildroot/output/host/include -I/home/student/Documents/SanntidssalPernambuco/ex8/buildroot/output/host/usr/include  conftest.c >&5
configure:5443: $? = 0
configure:5447: test -z 
			 || test ! -s conftest.err
configure:5450: $? = 0
configure:5453: test -s conftest.o
configure:5456: $? = 0
configure:5467: result: yes
configure:5421: checking for memory.h
configure:5437: /usr/bin/gcc -c -I/home/student/Documents/SanntidssalPernambuco/ex8/buildroot/output/host/include -I/home/student/Documents/SanntidssalPernambuco/ex8/buildroot/output/host/usr/include  conftest.c >&5
configure:5443: $? = 0
configure:5447: test -z 
			 || test ! -s conftest.err
configure:5450: $? = 0
configure:5453: test -s conftest.o
configure:5456: $? = 0
configure:5467: result: yes
configure:5421: checking for strings.h
configure:5437: /usr/bin/gcc -c -I/home/student/Documents/SanntidssalPernambuco/ex8/buildroot/output/host/include -I/home/student/Documents/SanntidssalPernambuco/ex8/buildroot/output/host/usr/include  conftest.c >&5
configure:5443: $? = 0
configure:5447: test -z 
			 || test ! -s conftest.err
configure:5450: $? = 0
configure:5453: test -s conftest.o
configure:5456: $? = 0
configure:5467: result: yes
configure:5421: checking for inttypes.h
configure:5437: /usr/bin/gcc -c -I/home/student/Documents/SanntidssalPernambuco/ex8/buildroot/output/host/include -I/home/student/Documents/SanntidssalPernambuco/ex8/buildroot/output/host/usr/include  conftest.c >&5
configure:5443: $? = 0
configure:5447: test -z 
			 || test ! -s conftest.err
configure:5450: $? = 0
configure:5453: test -s conftest.o
configure:5456: $? = 0
configure:5467: result: yes
configure:5421: checking for stdint.h
configure:5437: /usr/bin/gcc -c -I/home/student/Documents/SanntidssalPernambuco/ex8/buildroot/output/host/include -I/home/student/Documents/SanntidssalPernambuco/ex8/buildroot/output/host/usr/include  conftest.c >&5
configure:5443: $? = 0
configure:5447: test -z 
			 || test ! -s conftest.err
configure:5450: $? = 0
configure:5453: test -s conftest.o
configure:5456: $? = 0
configure:5467: result: yes
configure:5421: checking for unistd.h
configure:5437: /usr/bin/gcc -c -I/home/student/Documents/SanntidssalPernambuco/ex8/buildroot/output/host/include -I/home/student/Documents/SanntidssalPernambuco/ex8/buildroot/output/host/usr/include  conftest.c >&5
configure:5443: $? = 0
configure:5447: test -z 
			 || test ! -s conftest.err
configure:5450: $? = 0
configure:5453: test -s conftest.o
configure:5456: $? = 0
configure:5467: result: yes
configure:5483: checking for dlfcn.h
configure:5499: /usr/bin/gcc -c -I/home/student/Documents/SanntidssalPernambuco/ex8/buildroot/output/host/include -I/home/student/Documents/SanntidssalPernambuco/ex8/buildroot/output/host/usr/include  conftest.c >&5
configure:5505: $? = 0
configure:5509: test -z 
			 || test ! -s conftest.err
configure:5512: $? = 0
configure:5515: test -s conftest.o
configure:5518: $? = 0
configure:5529: result: yes
configure:5591: checking for objdir
configure:5606: result: .libs
configure:5902: checking if /usr/bin/gcc supports -fno-rtti -fno-exceptions
configure:5920: /usr/bin/gcc -c -I/home/student/Documents/SanntidssalPernambuco/ex8/buildroot/output/host/include -I/home/student/Documents/SanntidssalPernambuco/ex8/buildroot/output/host/usr/include  -fno-rtti -fno-exceptions conftest.c >&5
cc1: warning: command line option '-fno-rtti' is valid for C++/ObjC++ but not for C [enabled by default]
configure:5924: $? = 0
configure:5937: result: no
configure:5957: checking for /usr/bin/gcc option to produce PIC
configure:6212: result: -fPIC -DPIC
configure:6224: checking if /usr/bin/gcc PIC flag -fPIC -DPIC works
configure:6242: /usr/bin/gcc -c -I/home/student/Documents/SanntidssalPernambuco/ex8/buildroot/output/host/include -I/home/student/Documents/SanntidssalPernambuco/ex8/buildroot/output/host/usr/include  -fPIC -DPIC -DPIC conftest.c >&5
configure:6246: $? = 0
configure:6259: result: yes
configure:6283: checking if /usr/bin/gcc static flag -static works
configure:6311: result: yes
configure:6326: checking if /usr/bin/gcc supports -c -o file.o
configure:6347: /usr/bin/gcc -c -I/home/student/Documents/SanntidssalPernambuco/ex8/buildroot/output/host/include -I/home/student/Documents/SanntidssalPernambuco/ex8/buildroot/output/host/usr/include  -o out/conftest2.o conftest.c >&5
configure:6351: $? = 0
configure:6373: result: yes
configure:6381: checking if /usr/bin/gcc supports -c -o file.o
configure:6428: result: yes
configure:6461: checking whether the /usr/bin/gcc linker (/usr/bin/ld -m elf_x86_64) supports shared libraries
configure:7541: result: yes
configure:7578: checking whether -lc should be explicitly linked in
configure:7583: /usr/bin/gcc -c -I/home/student/Documents/SanntidssalPernambuco/ex8/buildroot/output/host/include -I/home/student/Documents/SanntidssalPernambuco/ex8/buildroot/output/host/usr/include  conftest.c >&5
configure:7586: $? = 0
configure:7601: /usr/bin/gcc -shared conftest.o  -v -Wl,-soname -Wl,conftest -o conftest 2\>\&1 \| grep  -lc  \>/dev/null 2\>\&1
configure:7604: $? = 0
configure:7616: result: no
configure:7780: checking dynamic linker characteristics
configure:8213: /usr/bin/gcc -o conftest -I/home/student/Documents/SanntidssalPernambuco/ex8/buildroot/output/host/include -I/home/student/Documents/SanntidssalPernambuco/ex8/buildroot/output/host/usr/include  -L/home/student/Documents/SanntidssalPernambuco/ex8/buildroot/output/host/lib -L/home/student/Documents/SanntidssalPernambuco/ex8/buildroot/output/host/usr/lib -Wl,-rpath,/home/student/Documents/SanntidssalPernambuco/ex8/buildroot/output/host/usr/lib -Wl,-rpath -Wl,/foo conftest.c  >&5
configure:8219: $? = 0
configure:8223: test -z 
			 || test ! -s conftest.err
configure:8226: $? = 0
configure:8229: test -s conftest
configure:8232: $? = 0
configure:8456: result: GNU/Linux ld.so
configure:8551: checking how to hardcode library paths into programs
configure:8576: result: immediate
configure:9422: checking whether stripping libraries is possible
configure:9427: result: yes
configure:9462: checking if libtool supports shared libraries
configure:9464: result: yes
configure:9467: checking whether to build shared libraries
configure:9488: result: yes
configure:9491: checking whether to build static libraries
configure:9495: result: yes
configure:9542: checking for x86_64-unknown-linux-gnu-gcc
configure:9568: result: /usr/bin/gcc
configure:9850: checking for C compiler version
configure:9853: /usr/bin/gcc --version </dev/null >&5
gcc (Ubuntu/Linaro 4.6.3-1ubuntu5) 4.6.3
Copyright (C) 2011 Free Software Foundation, Inc.
This is free software; see the source for copying conditions.  There is NO
warranty; not even for MERCHANTABILITY or FITNESS FOR A PARTICULAR PURPOSE.

configure:9856: $? = 0
configure:9858: /usr/bin/gcc -v </dev/null >&5
Using built-in specs.
COLLECT_GCC=/usr/bin/gcc
COLLECT_LTO_WRAPPER=/usr/lib/gcc/x86_64-linux-gnu/4.6/lto-wrapper
Target: x86_64-linux-gnu
Configured with: ../src/configure -v --with-pkgversion='Ubuntu/Linaro 4.6.3-1ubuntu5' --with-bugurl=file:///usr/share/doc/gcc-4.6/README.Bugs --enable-languages=c,c++,fortran,objc,obj-c++ --prefix=/usr --program-suffix=-4.6 --enable-shared --enable-linker-build-id --with-system-zlib --libexecdir=/usr/lib --without-included-gettext --enable-threads=posix --with-gxx-include-dir=/usr/include/c++/4.6 --libdir=/usr/lib --enable-nls --with-sysroot=/ --enable-clocale=gnu --enable-libstdcxx-debug --enable-libstdcxx-time=yes --enable-gnu-unique-object --enable-plugin --enable-objc-gc --disable-werror --with-arch-32=i686 --with-tune=generic --enable-checking=release --build=x86_64-linux-gnu --host=x86_64-linux-gnu --target=x86_64-linux-gnu
Thread model: posix
gcc version 4.6.3 (Ubuntu/Linaro 4.6.3-1ubuntu5) 
configure:9861: $? = 0
configure:9863: /usr/bin/gcc -V </dev/null >&5
gcc: error: unrecognized option '-V'
gcc: fatal error: no input files
compilation terminated.
configure:9866: $? = 4
configure:9869: checking whether we are using the GNU C compiler
configure:9925: result: yes
configure:9931: checking whether /usr/bin/gcc accepts -g
configure:9982: result: yes
configure:9999: checking for /usr/bin/gcc option to accept ANSI C
configure:10106: result: none needed
configure:10124: /usr/bin/gcc -c -I/home/student/Documents/SanntidssalPernambuco/ex8/buildroot/output/host/include -I/home/student/Documents/SanntidssalPernambuco/ex8/buildroot/output/host/usr/include  conftest.c >&5
conftest.c:2:3: error: unknown type name 'choke'
conftest.c:2:3: error: expected '=', ',', ';', 'asm' or '__attribute__' at end of input
configure:10130: $? = 1
configure: failed program was:
| #ifndef __cplusplus
|   choke me
| #endif
configure:10276: checking for a BSD-compatible install
configure:10331: result: /usr/bin/install -c
configure:10347: checking for setmode
configure:10404: /usr/bin/gcc -o conftest -I/home/student/Documents/SanntidssalPernambuco/ex8/buildroot/output/host/include -I/home/student/Documents/SanntidssalPernambuco/ex8/buildroot/output/host/usr/include  -L/home/student/Documents/SanntidssalPernambuco/ex8/buildroot/output/host/lib -L/home/student/Documents/SanntidssalPernambuco/ex8/buildroot/output/host/usr/lib -Wl,-rpath,/home/student/Documents/SanntidssalPernambuco/ex8/buildroot/output/host/usr/lib conftest.c  >&5
/tmp/cc6duM37.o: In function `main':
conftest.c:(.text+0xd): undefined reference to `setmode'
/tmp/cc6duM37.o:(.data+0x0): undefined reference to `setmode'
collect2: ld returned 1 exit status
configure:10410: $? = 1
configure: failed program was:
| /* confdefs.h.  */
| 
| #define PACKAGE_NAME ""
| #define PACKAGE_TARNAME ""
| #define PACKAGE_VERSION ""
| #define PACKAGE_STRING ""
| #define PACKAGE_BUGREPORT ""
| #define PACKAGE "gprof"
| #define VERSION "2.18.atmel.1.0.1.avr32linux.1"
| #define STDC_HEADERS 1
| #define HAVE_SYS_TYPES_H 1
| #define HAVE_SYS_STAT_H 1
| #define HAVE_STDLIB_H 1
| #define HAVE_STRING_H 1
| #define HAVE_MEMORY_H 1
| #define HAVE_STRINGS_H 1
| #define HAVE_INTTYPES_H 1
| #define HAVE_STDINT_H 1
| #define HAVE_UNISTD_H 1
| #define HAVE_DLFCN_H 1
| #define LT_OBJDIR ".libs/"
| /* end confdefs.h.  */
| /* Define setmode to an innocuous variant, in case <limits.h> declares setmode.
|    For example, HP-UX 11i <limits.h> declares gettimeofday.  */
| #define setmode innocuous_setmode
| 
| /* System header to define __stub macros and hopefully few prototypes,
|     which can conflict with char setmode (); below.
|     Prefer <limits.h> to <assert.h> if __STDC__ is defined, since
|     <limits.h> exists even on freestanding compilers.  */
| 
| #ifdef __STDC__
| # include <limits.h>
| #else
| # include <assert.h>
| #endif
| 
| #undef setmode
| 
| /* Override any gcc2 internal prototype to avoid an error.  */
| #ifdef __cplusplus
| extern "C"
| {
| #endif
| /* We use char because int might match the return type of a gcc2
|    builtin and then its argument prototype would still apply.  */
| char setmode ();
| /* The GNU C library defines this for functions which it implements
|     to always fail with ENOSYS.  Some functions are actually named
|     something starting with __ and the normal name is an alias.  */
| #if defined (__stub_setmode) || defined (__stub___setmode)
| choke me
| #else
| char (*f) () = setmode;
| #endif
| #ifdef __cplusplus
| }
| #endif
| 
| int
| main ()
| {
| return f != setmode;
|   ;
|   return 0;
| }
configure:10435: result: no
configure:10460: checking whether NLS is requested
configure:10463: result: no
configure:10533: checking whether NLS is requested
configure:10542: result: no
configure:10580: checking for msgfmt
configure:10611: result: /usr/bin/msgfmt
configure:10620: checking for gmsgfmt
configure:10651: result: /usr/bin/msgfmt
configure:10690: checking for xgettext
configure:10721: result: /usr/bin/xgettext
configure:10761: checking for msgmerge
configure:10791: result: /usr/bin/msgmerge
configure:10827: checking whether to enable maintainer-specific portions of Makefiles
configure:10836: result: no
configure:10877: checking sys/gmon_out.h usability
configure:10889: /usr/bin/gcc -c -I/home/student/Documents/SanntidssalPernambuco/ex8/buildroot/output/host/include -I/home/student/Documents/SanntidssalPernambuco/ex8/buildroot/output/host/usr/include  conftest.c >&5
configure:10895: $? = 0
configure:10899: test -z 
			 || test ! -s conftest.err
configure:10902: $? = 0
configure:10905: test -s conftest.o
configure:10908: $? = 0
configure:10918: result: yes
configure:10922: checking sys/gmon_out.h presence
configure:10932: /usr/bin/gcc -E  conftest.c
configure:10938: $? = 0
configure:10958: result: yes
configure:10993: checking for sys/gmon_out.h
configure:11000: result: yes
configure:11014: checking for a known getopt prototype in unistd.h
configure:11035: /usr/bin/gcc -c -I/home/student/Documents/SanntidssalPernambuco/ex8/buildroot/output/host/include -I/home/student/Documents/SanntidssalPernambuco/ex8/buildroot/output/host/usr/include  conftest.c >&5
configure:11041: $? = 0
configure:11045: test -z 
			 || test ! -s conftest.err
configure:11048: $? = 0
configure:11051: test -s conftest.o
configure:11054: $? = 0
configure:11066: result: yes
configure:11259: creating ./config.status

## ---------------------- ##
## Running config.status. ##
## ---------------------- ##

This file was extended by config.status, which was
generated by GNU Autoconf 2.59.  Invocation command line was

  CONFIG_FILES    = 
  CONFIG_HEADERS  = 
  CONFIG_LINKS    = 
  CONFIG_COMMANDS = 
  $ ./config.status 

on Sanntid

config.status:927: creating Makefile
config.status:927: creating po/Makefile.in
config.status:1024: creating gconfig.h
config.status:1318: executing depfiles commands
config.status:1318: executing libtool commands
config.status:1318: executing default-1 commands

## ---------------- ##
## Cache variables. ##
## ---------------- ##

ac_cv_build=x86_64-unknown-linux-gnu
ac_cv_build_alias=x86_64-unknown-linux-gnu
ac_cv_c_compiler_gnu=yes
ac_cv_env_CC_set=set
ac_cv_env_CC_value=/usr/bin/gcc
ac_cv_env_CFLAGS_set=set
ac_cv_env_CFLAGS_value='-I/home/student/Documents/SanntidssalPernambuco/ex8/buildroot/output/host/include -I/home/student/Documents/SanntidssalPernambuco/ex8/buildroot/output/host/usr/include'
ac_cv_env_CPPFLAGS_set=
ac_cv_env_CPPFLAGS_value=
ac_cv_env_CPP_set=
ac_cv_env_CPP_value=
ac_cv_env_LDFLAGS_set=set
ac_cv_env_LDFLAGS_value='-L/home/student/Documents/SanntidssalPernambuco/ex8/buildroot/output/host/lib -L/home/student/Documents/SanntidssalPernambuco/ex8/buildroot/output/host/usr/lib -Wl,-rpath,/home/student/Documents/SanntidssalPernambuco/ex8/buildroot/output/host/usr/lib'
ac_cv_env_build_alias_set=set
ac_cv_env_build_alias_value=x86_64-unknown-linux-gnu
ac_cv_env_host_alias_set=set
ac_cv_env_host_alias_value=x86_64-unknown-linux-gnu
ac_cv_env_target_alias_set=set
ac_cv_env_target_alias_value=avr32-unknown-linux-uclibc
ac_cv_exeext=
ac_cv_func_setmode=no
ac_cv_header_dlfcn_h=yes
ac_cv_header_inttypes_h=yes
ac_cv_header_memory_h=yes
ac_cv_header_stdc=yes
ac_cv_header_stdint_h=yes
ac_cv_header_stdlib_h=yes
ac_cv_header_string_h=yes
ac_cv_header_strings_h=yes
ac_cv_header_sys_gmon_out_h=yes
ac_cv_header_sys_stat_h=yes
ac_cv_header_sys_types_h=yes
ac_cv_header_unistd_h=yes
ac_cv_host=x86_64-unknown-linux-gnu
ac_cv_host_alias=x86_64-unknown-linux-gnu
ac_cv_objext=o
ac_cv_path_GMSGFMT=/usr/bin/msgfmt
ac_cv_path_MSGFMT=/usr/bin/msgfmt
ac_cv_path_MSGMERGE=/usr/bin/msgmerge
ac_cv_path_XGETTEXT=/usr/bin/xgettext
ac_cv_prog_AR=/usr/bin/ar
ac_cv_prog_AWK=gawk
ac_cv_prog_CC=/usr/bin/gcc
ac_cv_prog_CPP='/usr/bin/gcc -E'
ac_cv_prog_RANLIB=ranlib
ac_cv_prog_ac_ct_STRIP=strip
ac_cv_prog_cc_g=yes
ac_cv_prog_cc_stdc=
ac_cv_prog_egrep='grep -E'
ac_cv_prog_fgrep='grep -F'
ac_cv_prog_make__usr_bin_make_set=yes
ac_cv_search_strerror='none required'
ac_cv_target=avr32-unknown-linux-uclibc
ac_cv_target_alias=avr32-unknown-linux-uclibc
am_cv_CC_dependencies_compiler_type=none
gprof_cv_decl_getopt_unistd_h=yes
lt_cv_deplibs_check_method=pass_all
lt_cv_file_magic_cmd='$MAGIC_CMD'
lt_cv_file_magic_test_file=
lt_cv_ld_reload_flag=-r
lt_cv_nm_interface='BSD nm'
lt_cv_objdir=.libs
lt_cv_path_LD=/usr/bin/ld
lt_cv_path_NM=/usr/bin/nm
lt_cv_path_SED=/bin/sed
lt_cv_prog_compiler_c_o=yes
lt_cv_prog_compiler_rtti_exceptions=no
lt_cv_prog_gnu_ld=yes
lt_cv_sys_global_symbol_pipe='sed -n -e '\''s/^.*[	 ]\([ABCDGIRSTW][ABCDGIRSTW]*\)[	 ][	 ]*\([_A-Za-z][_A-Za-z0-9]*\)$/\1 \2 \2/p'\'''
lt_cv_sys_global_symbol_to_c_name_address='sed -n -e '\''s/^: \([^ ]*\) $/  {\"\1\", (void *) 0},/p'\'' -e '\''s/^[ABCDGIRSTW]* \([^ ]*\) \([^ ]*\)$/  {"\2", (void *) \&\2},/p'\'''
lt_cv_sys_global_symbol_to_cdecl='sed -n -e '\''s/^T .* \(.*\)$/extern int \1();/p'\'' -e '\''s/^[ABCDGIRSTW]* .* \(.*\)$/extern char \1;/p'\'''
lt_cv_sys_max_cmd_len=3458764513820540925

## ----------------- ##
## Output variables. ##
## ----------------- ##

ACLOCAL='${SHELL} /home/student/Documents/SanntidssalPernambuco/ex8/buildroot/output/toolchain/binutils-2.18-avr32-1.0.1/missing --run aclocal-1.9'
AMDEPBACKSLASH='\'
AMDEP_FALSE='#'
AMDEP_TRUE=''
AMTAR='${SHELL} /home/student/Documents/SanntidssalPernambuco/ex8/buildroot/output/toolchain/binutils-2.18-avr32-1.0.1/missing --run tar'
AR='/usr/bin/ar'
AUTOCONF='${SHELL} /home/student/Documents/SanntidssalPernambuco/ex8/buildroot/output/toolchain/binutils-2.18-avr32-1.0.1/missing --run autoconf'
AUTOHEADER='${SHELL} /home/student/Documents/SanntidssalPernambuco/ex8/buildroot/output/toolchain/binutils-2.18-avr32-1.0.1/missing --run autoheader'
AUTOMAKE='${SHELL} /home/student/Documents/SanntidssalPernambuco/ex8/buildroot/output/toolchain/binutils-2.18-avr32-1.0.1/missing --run automake-1.9'
AWK='gawk'
CATALOGS=''
CATOBJEXT=''
CC='/usr/bin/gcc'
CCDEPMODE='depmode=none'
CFLAGS='-I/home/student/Documents/SanntidssalPernambuco/ex8/buildroot/output/host/include -I/home/student/Documents/SanntidssalPernambuco/ex8/buildroot/output/host/usr/include'
CPP='/usr/bin/gcc -E'
CPPFLAGS=''
CYGPATH_W='echo'
DATADIRNAME=''
DEFS='-DHAVE_CONFIG_H'
DEPDIR='.deps'
DUMPBIN=''
ECHO_C=''
ECHO_N='-n'
ECHO_T=''
EGREP='grep -E'
EXEEXT=''
FGREP='grep -F'
GENCAT=''
GENINSRC_NEVER_FALSE=''
GENINSRC_NEVER_TRUE='#'
GMSGFMT='/usr/bin/msgfmt'
GREP='grep'
INCINTL=''
INSTALL_DATA='/usr/bin/install -c -m 644'
INSTALL_PROGRAM='/usr/bin/install -c'
INSTALL_SCRIPT='/usr/bin/install -c'
INSTALL_STRIP_PROGRAM='${SHELL} $(install_sh) -c -s'
INSTOBJEXT=''
LD='/usr/bin/ld -m elf_x86_64'
LDFLAGS='-L/home/student/Documents/SanntidssalPernambuco/ex8/buildroot/output/host/lib -L/home/student/Documents/SanntidssalPernambuco/ex8/buildroot/output/host/usr/lib -Wl,-rpath,/home/student/Documents/SanntidssalPernambuco/ex8/buildroot/output/host/usr/lib'
LIBINTL=''
LIBINTL_DEP=''
LIBOBJS=''
LIBS=''
LIBTOOL='$(SHELL) $(top_builddir)/libtool'
LN_S='ln -s'
LTLIBOBJS=''
MAINT='#'
MAINTAINER_MODE_FALSE=''
MAINTAINER_MODE_TRUE='#'
MAKEINFO='makeinfo --split-size=5000000'
MKINSTALLDIRS='/home/student/Documents/SanntidssalPernambuco/ex8/buildroot/output/toolchain/binutils-2.18-avr32-1.0.1/gprof/../mkinstalldirs'
MSGFMT='/usr/bin/msgfmt'
MSGMERGE='/usr/bin/msgmerge'
NM='/usr/bin/nm'
NO_WERROR=''
OBJEXT='o'
PACKAGE='gprof'
PACKAGE_BUGREPORT=''
PACKAGE_NAME=''
PACKAGE_STRING=''
PACKAGE_TARNAME=''
PACKAGE_VERSION=''
PATH_SEPARATOR=':'
POSUB=''
RANLIB='ranlib'
SED='/bin/sed'
SET_MAKE=''
SHELL='/bin/bash'
STRIP='strip'
USE_NLS='no'
VERSION='2.18.atmel.1.0.1.avr32linux.1'
WARN_CFLAGS='-W -Wall -Wstrict-prototypes -Wmissing-prototypes'
XGETTEXT='/usr/bin/xgettext'
ac_ct_AR=''
ac_ct_CC=''
ac_ct_DUMPBIN=''
ac_ct_RANLIB=''
ac_ct_STRIP='strip'
am__fastdepCC_FALSE=''
am__fastdepCC_TRUE='#'
am__include='include'
am__leading_dot='.'
am__quote=''
am__tar='${AMTAR} chof - "$$tardir"'
am__untar='${AMTAR} xf -'
bindir='${exec_prefix}/bin'
build='x86_64-unknown-linux-gnu'
build_alias='x86_64-unknown-linux-gnu'
build_cpu='x86_64'
build_os='linux-gnu'
build_vendor='unknown'
datadir='${prefix}/share'
datarootdir='/home/student/Documents/SanntidssalPernambuco/ex8/buildroot/output/staging/usr/share'
docdir='/home/student/Documents/SanntidssalPernambuco/ex8/buildroot/output/staging/usr/share/doc'
exec_prefix='${prefix}'
host='x86_64-unknown-linux-gnu'
host_alias='x86_64-unknown-linux-gnu'
host_cpu='x86_64'
host_os='linux-gnu'
host_vendor='unknown'
htmldir='/home/student/Documents/SanntidssalPernambuco/ex8/buildroot/output/staging/usr/share/doc'
includedir='${prefix}/include'
infodir='${prefix}/info'
install_sh='/home/student/Documents/SanntidssalPernambuco/ex8/buildroot/output/toolchain/binutils-2.18-avr32-1.0.1/install-sh'
libdir='${exec_prefix}/lib'
libexecdir='${exec_prefix}/libexec'
localstatedir='${prefix}/var'
lt_ECHO='echo'
mandir='${prefix}/man'
mkdir_p='mkdir -p --'
oldincludedir='/usr/include'
prefix='/home/student/Documents/SanntidssalPernambuco/ex8/buildroot/output/staging/usr'
program_transform_name='s,^,avr32-unknown-linux-uclibc-,'
sbindir='${exec_prefix}/sbin'
sharedstatedir='${prefix}/com'
sysconfdir='${prefix}/etc'
target='avr32-unknown-linux-uclibc'
target_alias='avr32-unknown-linux-uclibc'
target_cpu='avr32'
target_os='linux-uclibc'
target_vendor='unknown'

## ----------- ##
## confdefs.h. ##
## ----------- ##

#define HAVE_DECL_GETOPT 1
#define HAVE_DLFCN_H 1
#define HAVE_INTTYPES_H 1
#define HAVE_MEMORY_H 1
#define HAVE_STDINT_H 1
#define HAVE_STDLIB_H 1
#define HAVE_STRINGS_H 1
#define HAVE_STRING_H 1
#define HAVE_SYS_GMON_OUT_H 1
#define HAVE_SYS_STAT_H 1
#define HAVE_SYS_TYPES_H 1
#define HAVE_UNISTD_H 1
#define LT_OBJDIR ".libs/"
#define PACKAGE "gprof"
#define PACKAGE_BUGREPORT ""
#define PACKAGE_NAME ""
#define PACKAGE_STRING ""
#define PACKAGE_TARNAME ""
#define PACKAGE_VERSION ""
#define STDC_HEADERS 1
#define VERSION "2.18.atmel.1.0.1.avr32linux.1"

configure: exit 0
