This file contains any messages produced by compilers while
running configure, to aid debugging if configure makes a mistake.

It was created by configure, which was
generated by GNU Autoconf 2.61.  Invocation command line was

  $ /home/student/Documents/SanntidssalPernambuco/ex8/buildroot/output/toolchain/gdb-6.7.1-avr32-2.1.5/configure --cache-file=/dev/null --prefix=/home/student/Documents/SanntidssalPernambuco/ex8/buildroot/output/staging --build=x86_64-unknown-linux-gnu --host=x86_64-unknown-linux-gnu --target=avr32-unknown-linux-uclibc --disable-nls --without-uiout --disable-tui --disable-gdbtk --without-x --without-included-gettext --enable-threads --disable-werror

## --------- ##
## Platform. ##
## --------- ##

hostname = Sanntid
uname -m = x86_64
uname -r = 3.5.7-xenomai-2.6.2.1
uname -s = Linux
uname -v = #1 SMP Sat Feb 9 15:03:06 CST 2013

/usr/bin/uname -p = unknown
/bin/uname -X     = unknown

/bin/arch              = unknown
/usr/bin/arch -k       = unknown
/usr/convex/getsysinfo = unknown
/usr/bin/hostinfo      = unknown
/bin/machine           = unknown
/usr/bin/oslevel       = unknown
/bin/universe          = unknown

PATH: /usr/local/sbin
PATH: /usr/local/bin
PATH: /usr/sbin
PATH: /usr/bin
PATH: /sbin
PATH: /bin
PATH: /usr/games
PATH: /usr/local/go/bin


## ----------- ##
## Core tests. ##
## ----------- ##

configure:1907: checking build system type
configure:1925: result: x86_64-unknown-linux-gnu
configure:1974: checking host system type
configure:1989: result: x86_64-unknown-linux-gnu
configure:2011: checking target system type
configure:2026: result: avr32-unknown-linux-uclibc
configure:2083: checking for a BSD-compatible install
configure:2139: result: /usr/bin/install -c
configure:2150: checking whether ln works
configure:2172: result: yes
configure:2176: checking whether ln -s works
configure:2180: result: yes
configure:3236: checking for x86_64-unknown-linux-gnu-gcc
configure:3266: result: no
configure:3276: checking for gcc
configure:3292: found /usr/bin/gcc
configure:3303: result: gcc
configure:3541: checking for C compiler version
configure:3548: gcc --version >&5
gcc (Ubuntu/Linaro 4.6.3-1ubuntu5) 4.6.3
Copyright (C) 2011 Free Software Foundation, Inc.
This is free software; see the source for copying conditions.  There is NO
warranty; not even for MERCHANTABILITY or FITNESS FOR A PARTICULAR PURPOSE.

configure:3551: $? = 0
configure:3558: gcc -v >&5
Using built-in specs.
COLLECT_GCC=gcc
COLLECT_LTO_WRAPPER=/usr/lib/gcc/x86_64-linux-gnu/4.6/lto-wrapper
Target: x86_64-linux-gnu
Configured with: ../src/configure -v --with-pkgversion='Ubuntu/Linaro 4.6.3-1ubuntu5' --with-bugurl=file:///usr/share/doc/gcc-4.6/README.Bugs --enable-languages=c,c++,fortran,objc,obj-c++ --prefix=/usr --program-suffix=-4.6 --enable-shared --enable-linker-build-id --with-system-zlib --libexecdir=/usr/lib --without-included-gettext --enable-threads=posix --with-gxx-include-dir=/usr/include/c++/4.6 --libdir=/usr/lib --enable-nls --with-sysroot=/ --enable-clocale=gnu --enable-libstdcxx-debug --enable-libstdcxx-time=yes --enable-gnu-unique-object --enable-plugin --enable-objc-gc --disable-werror --with-arch-32=i686 --with-tune=generic --enable-checking=release --build=x86_64-linux-gnu --host=x86_64-linux-gnu --target=x86_64-linux-gnu
Thread model: posix
gcc version 4.6.3 (Ubuntu/Linaro 4.6.3-1ubuntu5) 
configure:3561: $? = 0
configure:3568: gcc -V >&5
gcc: error: unrecognized option '-V'
gcc: fatal error: no input files
compilation terminated.
configure:3571: $? = 4
configure:3594: checking for C compiler default output file name
configure:3621: gcc    conftest.c  >&5
configure:3624: $? = 0
configure:3662: result: a.out
configure:3679: checking whether the C compiler works
configure:3689: ./a.out
configure:3692: $? = 0
configure:3709: result: yes
configure:3716: checking whether we are cross compiling
configure:3718: result: no
configure:3721: checking for suffix of executables
configure:3728: gcc -o conftest    conftest.c  >&5
configure:3731: $? = 0
configure:3755: result: 
configure:3761: checking for suffix of object files
configure:3787: gcc -c   conftest.c >&5
configure:3790: $? = 0
configure:3813: result: o
configure:3817: checking whether we are using the GNU C compiler
configure:3846: gcc -c   conftest.c >&5
configure:3852: $? = 0
configure:3869: result: yes
configure:3874: checking whether gcc accepts -g
configure:3904: gcc -c -g  conftest.c >&5
configure:3910: $? = 0
configure:4009: result: yes
configure:4026: checking for gcc option to accept ISO C89
configure:4100: gcc  -c -g -O2  conftest.c >&5
configure:4106: $? = 0
configure:4129: result: none needed
configure:4161: checking for x86_64-unknown-linux-gnu-g++
configure:4191: result: no
configure:4161: checking for x86_64-unknown-linux-gnu-c++
configure:4191: result: no
configure:4161: checking for x86_64-unknown-linux-gnu-gpp
configure:4191: result: no
configure:4161: checking for x86_64-unknown-linux-gnu-aCC
configure:4191: result: no
configure:4161: checking for x86_64-unknown-linux-gnu-CC
configure:4191: result: no
configure:4161: checking for x86_64-unknown-linux-gnu-cxx
configure:4191: result: no
configure:4161: checking for x86_64-unknown-linux-gnu-cc++
configure:4191: result: no
configure:4161: checking for x86_64-unknown-linux-gnu-cl.exe
configure:4191: result: no
configure:4161: checking for x86_64-unknown-linux-gnu-FCC
configure:4191: result: no
configure:4161: checking for x86_64-unknown-linux-gnu-KCC
configure:4191: result: no
configure:4161: checking for x86_64-unknown-linux-gnu-RCC
configure:4191: result: no
configure:4161: checking for x86_64-unknown-linux-gnu-xlC_r
configure:4191: result: no
configure:4161: checking for x86_64-unknown-linux-gnu-xlC
configure:4191: result: no
configure:4205: checking for g++
configure:4221: found /usr/bin/g++
configure:4232: result: g++
configure:4263: checking for C++ compiler version
configure:4270: g++ --version >&5
g++ (Ubuntu/Linaro 4.6.3-1ubuntu5) 4.6.3
Copyright (C) 2011 Free Software Foundation, Inc.
This is free software; see the source for copying conditions.  There is NO
warranty; not even for MERCHANTABILITY or FITNESS FOR A PARTICULAR PURPOSE.

configure:4273: $? = 0
configure:4280: g++ -v >&5
Using built-in specs.
COLLECT_GCC=g++
COLLECT_LTO_WRAPPER=/usr/lib/gcc/x86_64-linux-gnu/4.6/lto-wrapper
Target: x86_64-linux-gnu
Configured with: ../src/configure -v --with-pkgversion='Ubuntu/Linaro 4.6.3-1ubuntu5' --with-bugurl=file:///usr/share/doc/gcc-4.6/README.Bugs --enable-languages=c,c++,fortran,objc,obj-c++ --prefix=/usr --program-suffix=-4.6 --enable-shared --enable-linker-build-id --with-system-zlib --libexecdir=/usr/lib --without-included-gettext --enable-threads=posix --with-gxx-include-dir=/usr/include/c++/4.6 --libdir=/usr/lib --enable-nls --with-sysroot=/ --enable-clocale=gnu --enable-libstdcxx-debug --enable-libstdcxx-time=yes --enable-gnu-unique-object --enable-plugin --enable-objc-gc --disable-werror --with-arch-32=i686 --with-tune=generic --enable-checking=release --build=x86_64-linux-gnu --host=x86_64-linux-gnu --target=x86_64-linux-gnu
Thread model: posix
gcc version 4.6.3 (Ubuntu/Linaro 4.6.3-1ubuntu5) 
configure:4283: $? = 0
configure:4290: g++ -V >&5
g++: error: unrecognized option '-V'
g++: fatal error: no input files
compilation terminated.
configure:4293: $? = 4
configure:4296: checking whether we are using the GNU C++ compiler
configure:4325: g++ -c   conftest.cpp >&5
configure:4331: $? = 0
configure:4348: result: yes
configure:4353: checking whether g++ accepts -g
configure:4383: g++ -c -g  conftest.cpp >&5
configure:4389: $? = 0
configure:4488: result: yes
configure:4537: checking for x86_64-unknown-linux-gnu-gnatbind
configure:4567: result: no
configure:4577: checking for gnatbind
configure:4593: found /usr/bin/gnatbind
configure:4604: result: gnatbind
configure:4633: checking for x86_64-unknown-linux-gnu-gnatmake
configure:4663: result: no
configure:4673: checking for gnatmake
configure:4689: found /usr/bin/gnatmake
configure:4700: result: gnatmake
configure:4726: checking whether compiler driver understands Ada
configure:4749: result: yes
configure:4758: checking how to compare bootstrapped objects
configure:4783: result: cmp --ignore-initial=16 $$f1 $$f2
configure:6355: checking for bison
configure:6371: found /usr/bin/bison
configure:6382: result: bison -y
configure:6403: checking for bison
configure:6419: found /usr/bin/bison
configure:6430: result: bison
configure:6450: checking for gm4
configure:6480: result: no
configure:6450: checking for gnum4
configure:6480: result: no
configure:6450: checking for m4
configure:6466: found /usr/bin/m4
configure:6477: result: m4
configure:6497: checking for flex
configure:6513: found /usr/bin/flex
configure:6524: result: flex
configure:6545: checking for flex
configure:6561: found /usr/bin/flex
configure:6572: result: flex
configure:6592: checking for makeinfo
configure:6608: found /usr/bin/makeinfo
configure:6619: result: makeinfo
configure:6653: checking for expect
configure:6683: result: no
configure:6702: checking for runtest
configure:6732: result: no
configure:6808: checking for x86_64-unknown-linux-gnu-ar
configure:6838: result: no
configure:6847: checking for ar
configure:6863: found /usr/bin/ar
configure:6874: result: ar
configure:6949: checking for x86_64-unknown-linux-gnu-as
configure:6979: result: no
configure:6988: checking for as
configure:7004: found /usr/bin/as
configure:7015: result: as
configure:7090: checking for x86_64-unknown-linux-gnu-dlltool
configure:7120: result: no
configure:7129: checking for dlltool
configure:7159: result: no
configure:7231: checking for x86_64-unknown-linux-gnu-ld
configure:7261: result: no
configure:7270: checking for ld
configure:7286: found /usr/bin/ld
configure:7297: result: ld
configure:7372: checking for x86_64-unknown-linux-gnu-lipo
configure:7402: result: no
configure:7411: checking for lipo
configure:7441: result: no
configure:7513: checking for x86_64-unknown-linux-gnu-nm
configure:7543: result: no
configure:7552: checking for nm
configure:7568: found /usr/bin/nm
configure:7579: result: nm
configure:7654: checking for x86_64-unknown-linux-gnu-ranlib
configure:7684: result: no
configure:7693: checking for ranlib
configure:7709: found /usr/bin/ranlib
configure:7720: result: ranlib
configure:7790: checking for x86_64-unknown-linux-gnu-strip
configure:7820: result: no
configure:7829: checking for strip
configure:7845: found /usr/bin/strip
configure:7856: result: strip
configure:7926: checking for x86_64-unknown-linux-gnu-windres
configure:7956: result: no
configure:7965: checking for windres
configure:7995: result: no
configure:8067: checking for x86_64-unknown-linux-gnu-windmc
configure:8097: result: no
configure:8106: checking for windmc
configure:8136: result: no
configure:8208: checking for x86_64-unknown-linux-gnu-objcopy
configure:8238: result: no
configure:8247: checking for objcopy
configure:8263: found /usr/bin/objcopy
configure:8274: result: objcopy
configure:8349: checking for x86_64-unknown-linux-gnu-objdump
configure:8379: result: no
configure:8388: checking for objdump
configure:8404: found /usr/bin/objdump
configure:8415: result: objdump
configure:8530: checking for avr32-unknown-linux-uclibc-cc
configure:8560: result: no
configure:8530: checking for avr32-unknown-linux-uclibc-gcc
configure:8560: result: no
configure:8691: checking for avr32-unknown-linux-uclibc-c++
configure:8721: result: no
configure:8691: checking for avr32-unknown-linux-uclibc-g++
configure:8721: result: no
configure:8691: checking for avr32-unknown-linux-uclibc-cxx
configure:8721: result: no
configure:8691: checking for avr32-unknown-linux-uclibc-gxx
configure:8721: result: no
configure:8852: checking for avr32-unknown-linux-uclibc-gcc
configure:8882: result: no
configure:9008: checking for avr32-unknown-linux-uclibc-gcj
configure:9038: result: no
configure:9169: checking for avr32-unknown-linux-uclibc-gfortran
configure:9199: result: no
configure:9410: checking for avr32-unknown-linux-uclibc-ar
configure:9440: result: no
configure:9640: checking for avr32-unknown-linux-uclibc-as
configure:9670: result: no
configure:9870: checking for avr32-unknown-linux-uclibc-dlltool
configure:9900: result: no
configure:10100: checking for avr32-unknown-linux-uclibc-ld
configure:10130: result: no
configure:10330: checking for avr32-unknown-linux-uclibc-lipo
configure:10360: result: no
configure:10560: checking for avr32-unknown-linux-uclibc-nm
configure:10590: result: no
configure:10790: checking for avr32-unknown-linux-uclibc-objdump
configure:10820: result: no
configure:11020: checking for avr32-unknown-linux-uclibc-ranlib
configure:11050: result: no
configure:11250: checking for avr32-unknown-linux-uclibc-strip
configure:11280: result: no
configure:11480: checking for avr32-unknown-linux-uclibc-windres
configure:11510: result: no
configure:11710: checking for avr32-unknown-linux-uclibc-windmc
configure:11740: result: no
configure:11807: checking where to find the target ar
configure:11844: result: pre-installed
configure:11849: checking where to find the target as
configure:11886: result: pre-installed
configure:11891: checking where to find the target cc
configure:11928: result: pre-installed
configure:11933: checking where to find the target c++
configure:11973: result: pre-installed
configure:11978: checking where to find the target c++ for libstdc++
configure:12018: result: pre-installed
configure:12023: checking where to find the target dlltool
configure:12060: result: pre-installed
configure:12065: checking where to find the target gcc
configure:12102: result: pre-installed
configure:12107: checking where to find the target gcj
configure:12147: result: pre-installed
configure:12152: checking where to find the target gfortran
configure:12192: result: pre-installed
configure:12197: checking where to find the target ld
configure:12234: result: pre-installed
configure:12239: checking where to find the target lipo
configure:12265: result: pre-installed
configure:12270: checking where to find the target nm
configure:12307: result: pre-installed
configure:12312: checking where to find the target objdump
configure:12349: result: pre-installed
configure:12354: checking where to find the target ranlib
configure:12391: result: pre-installed
configure:12396: checking where to find the target strip
configure:12433: result: pre-installed
configure:12438: checking where to find the target windres
configure:12475: result: pre-installed
configure:12480: checking where to find the target windmc
configure:12517: result: pre-installed
configure:12550: checking whether to enable maintainer-specific portions of Makefiles
configure:12559: result: no
configure:12592: checking whether -fkeep-inline-functions is supported
configure:12621: gcc -c -g -O2 -fkeep-inline-functions  conftest.c >&5
configure:12627: $? = 0
configure:12632: result: yes
configure:12855: creating ./config.status

## ---------------------- ##
## Running config.status. ##
## ---------------------- ##

This file was extended by config.status, which was
generated by GNU Autoconf 2.61.  Invocation command line was

  CONFIG_FILES    = 
  CONFIG_HEADERS  = 
  CONFIG_LINKS    = 
  CONFIG_COMMANDS = 
  $ ./config.status 

on Sanntid

config.status:13673: creating Makefile

## ---------------- ##
## Cache variables. ##
## ---------------- ##

ac_cv_build='x86_64-unknown-linux-gnu'
ac_cv_c_compiler_gnu='yes'
ac_cv_cxx_compiler_gnu='yes'
ac_cv_env_AR_FOR_TARGET_set=''
ac_cv_env_AR_FOR_TARGET_value=''
ac_cv_env_AR_set=''
ac_cv_env_AR_value=''
ac_cv_env_AS_FOR_TARGET_set=''
ac_cv_env_AS_FOR_TARGET_value=''
ac_cv_env_AS_set=''
ac_cv_env_AS_value=''
ac_cv_env_CCC_set=''
ac_cv_env_CCC_value=''
ac_cv_env_CC_FOR_TARGET_set=''
ac_cv_env_CC_FOR_TARGET_value=''
ac_cv_env_CC_set=''
ac_cv_env_CC_value=''
ac_cv_env_CFLAGS_set=''
ac_cv_env_CFLAGS_value=''
ac_cv_env_CPPFLAGS_set=''
ac_cv_env_CPPFLAGS_value=''
ac_cv_env_CXXFLAGS_set=''
ac_cv_env_CXXFLAGS_value=''
ac_cv_env_CXX_FOR_TARGET_set=''
ac_cv_env_CXX_FOR_TARGET_value=''
ac_cv_env_CXX_set=''
ac_cv_env_CXX_value=''
ac_cv_env_DLLTOOL_FOR_TARGET_set=''
ac_cv_env_DLLTOOL_FOR_TARGET_value=''
ac_cv_env_DLLTOOL_set=''
ac_cv_env_DLLTOOL_value=''
ac_cv_env_GCC_FOR_TARGET_set=''
ac_cv_env_GCC_FOR_TARGET_value=''
ac_cv_env_GCJ_FOR_TARGET_set=''
ac_cv_env_GCJ_FOR_TARGET_value=''
ac_cv_env_GFORTRAN_FOR_TARGET_set=''
ac_cv_env_GFORTRAN_FOR_TARGET_value=''
ac_cv_env_LDFLAGS_set=''
ac_cv_env_LDFLAGS_value=''
ac_cv_env_LD_FOR_TARGET_set=''
ac_cv_env_LD_FOR_TARGET_value=''
ac_cv_env_LD_set=''
ac_cv_env_LD_value=''
ac_cv_env_LIBS_set=''
ac_cv_env_LIBS_value=''
ac_cv_env_LIPO_FOR_TARGET_set=''
ac_cv_env_LIPO_FOR_TARGET_value=''
ac_cv_env_LIPO_set=''
ac_cv_env_LIPO_value=''
ac_cv_env_NM_FOR_TARGET_set=''
ac_cv_env_NM_FOR_TARGET_value=''
ac_cv_env_NM_set=''
ac_cv_env_NM_value=''
ac_cv_env_OBJCOPY_set=''
ac_cv_env_OBJCOPY_value=''
ac_cv_env_OBJDUMP_FOR_TARGET_set=''
ac_cv_env_OBJDUMP_FOR_TARGET_value=''
ac_cv_env_OBJDUMP_set=''
ac_cv_env_OBJDUMP_value=''
ac_cv_env_RANLIB_FOR_TARGET_set=''
ac_cv_env_RANLIB_FOR_TARGET_value=''
ac_cv_env_RANLIB_set=''
ac_cv_env_RANLIB_value=''
ac_cv_env_STRIP_FOR_TARGET_set=''
ac_cv_env_STRIP_FOR_TARGET_value=''
ac_cv_env_STRIP_set=''
ac_cv_env_STRIP_value=''
ac_cv_env_WINDMC_FOR_TARGET_set=''
ac_cv_env_WINDMC_FOR_TARGET_value=''
ac_cv_env_WINDMC_set=''
ac_cv_env_WINDMC_value=''
ac_cv_env_WINDRES_FOR_TARGET_set=''
ac_cv_env_WINDRES_FOR_TARGET_value=''
ac_cv_env_WINDRES_set=''
ac_cv_env_WINDRES_value=''
ac_cv_env_build_alias_set='set'
ac_cv_env_build_alias_value='x86_64-unknown-linux-gnu'
ac_cv_env_host_alias_set='set'
ac_cv_env_host_alias_value='x86_64-unknown-linux-gnu'
ac_cv_env_target_alias_set='set'
ac_cv_env_target_alias_value='avr32-unknown-linux-uclibc'
ac_cv_host='x86_64-unknown-linux-gnu'
ac_cv_objext='o'
ac_cv_path_install='/usr/bin/install -c'
ac_cv_prog_AR='ar'
ac_cv_prog_AS='as'
ac_cv_prog_BISON='bison'
ac_cv_prog_FLEX='flex'
ac_cv_prog_LD='ld'
ac_cv_prog_LEX='flex'
ac_cv_prog_M4='m4'
ac_cv_prog_MAKEINFO='makeinfo'
ac_cv_prog_NM='nm'
ac_cv_prog_OBJCOPY='objcopy'
ac_cv_prog_OBJDUMP='objdump'
ac_cv_prog_RANLIB='ranlib'
ac_cv_prog_STRIP='strip'
ac_cv_prog_YACC='bison -y'
ac_cv_prog_ac_ct_CC='gcc'
ac_cv_prog_ac_ct_CXX='g++'
ac_cv_prog_ac_ct_GNATBIND='gnatbind'
ac_cv_prog_ac_ct_GNATMAKE='gnatmake'
ac_cv_prog_cc_c89=''
ac_cv_prog_cc_g='yes'
ac_cv_prog_cxx_g='yes'
ac_cv_target='avr32-unknown-linux-uclibc'
acx_cv_cc_gcc_supports_ada='yes'
acx_cv_prog_LN='ln'
bash_cv_have_mbstate_t='yes'
gcc_cv_prog_cmp_skip='cmp --ignore-initial=16 $$f1 $$f2'
gcc_cv_tool_dirs=''
gcc_cv_tool_prefix='/home/student/Documents/SanntidssalPernambuco/ex8/buildroot/output/staging'
gdb_cv_func_sigsetjmp='yes'

## ----------------- ##
## Output variables. ##
## ----------------- ##

AR='ar'
AR_FOR_TARGET='avr32-unknown-linux-uclibc-ar'
AS='as'
AS_FOR_TARGET='avr32-unknown-linux-uclibc-as'
BISON='bison'
CC='gcc'
CC_FOR_BUILD='$(CC)'
CC_FOR_TARGET='avr32-unknown-linux-uclibc-cc'
CFLAGS='-g -O2'
CFLAGS_FOR_BUILD='-g -O2'
COMPILER_AS_FOR_TARGET='$(AS_FOR_TARGET)'
COMPILER_LD_FOR_TARGET='$(LD_FOR_TARGET)'
COMPILER_NM_FOR_TARGET='$(NM_FOR_TARGET)'
CONFIGURE_GDB_TK=''
CPPFLAGS=''
CXX='g++'
CXXFLAGS='-g -O2'
CXX_FOR_TARGET='avr32-unknown-linux-uclibc-c++'
DEBUG_PREFIX_CFLAGS_FOR_TARGET=''
DEFS='-DPACKAGE_NAME=\"\" -DPACKAGE_TARNAME=\"\" -DPACKAGE_VERSION=\"\" -DPACKAGE_STRING=\"\" -DPACKAGE_BUGREPORT=\"\"'
DLLTOOL='dlltool'
DLLTOOL_FOR_TARGET='avr32-unknown-linux-uclibc-dlltool'
ECHO_C=''
ECHO_N='-n'
ECHO_T=''
EXEEXT=''
EXPECT='expect'
FLAGS_FOR_TARGET=''
FLEX='flex'
GCC_FOR_TARGET='avr32-unknown-linux-uclibc-gcc'
GCJ_FOR_TARGET='avr32-unknown-linux-uclibc-gcj'
GDB_TK=''
GFORTRAN_FOR_TARGET='avr32-unknown-linux-uclibc-gfortran'
GNATBIND='gnatbind'
GNATMAKE='gnatmake'
INSTALL_DATA='${INSTALL} -m 644'
INSTALL_GDB_TK=''
INSTALL_PROGRAM='${INSTALL}'
INSTALL_SCRIPT='${INSTALL}'
LD='ld'
LDFLAGS=''
LD_FOR_TARGET='avr32-unknown-linux-uclibc-ld'
LEX='flex'
LIBOBJS=''
LIBS=''
LIPO='lipo'
LIPO_FOR_TARGET='avr32-unknown-linux-uclibc-lipo'
LN='ln'
LN_S='ln -s'
LTLIBOBJS=''
M4='m4'
MAINT='#'
MAINTAINER_MODE_FALSE=''
MAINTAINER_MODE_TRUE='#'
MAKEINFO='makeinfo'
NM='nm'
NM_FOR_TARGET='avr32-unknown-linux-uclibc-nm'
OBJCOPY='objcopy'
OBJDUMP='objdump'
OBJDUMP_FOR_TARGET='avr32-unknown-linux-uclibc-objdump'
OBJEXT='o'
PACKAGE_BUGREPORT=''
PACKAGE_NAME=''
PACKAGE_STRING=''
PACKAGE_TARNAME=''
PACKAGE_VERSION=''
PATH_SEPARATOR=':'
RANLIB='ranlib'
RANLIB_FOR_TARGET='avr32-unknown-linux-uclibc-ranlib'
RAW_CXX_FOR_TARGET='avr32-unknown-linux-uclibc-c++'
RPATH_ENVVAR='LD_LIBRARY_PATH'
RUNTEST='runtest'
SHELL='/bin/bash'
STRIP='strip'
STRIP_FOR_TARGET='avr32-unknown-linux-uclibc-strip'
SYSROOT_CFLAGS_FOR_TARGET=''
TOPLEVEL_CONFIGURE_ARGUMENTS='/home/student/Documents/SanntidssalPernambuco/ex8/buildroot/output/toolchain/gdb-6.7.1-avr32-2.1.5/configure linux uclibc'
WINDMC='windmc'
WINDMC_FOR_TARGET='avr32-unknown-linux-uclibc-windmc'
WINDRES='windres'
WINDRES_FOR_TARGET='avr32-unknown-linux-uclibc-windres'
YACC='bison -y'
ac_ct_CC='gcc'
ac_ct_CXX='g++'
bindir='${exec_prefix}/bin'
build='x86_64-unknown-linux-gnu'
build_alias='x86_64-unknown-linux-gnu'
build_configargs='--cache-file=../config.cache '\''--prefix=/home/student/Documents/SanntidssalPernambuco/ex8/buildroot/output/staging'\'' '\''--disable-nls'\'' '\''--without-uiout'\'' '\''--disable-tui'\'' '\''--disable-gdbtk'\'' '\''--without-x'\'' '\''--without-included-gettext'\'' '\''--enable-threads'\'' '\''--disable-werror'\'' --program-transform-name='\''s&^&avr32-unknown-linux-uclibc-&'\'''
build_configdirs=' libiberty'
build_cpu='x86_64'
build_libsubdir='build-x86_64-unknown-linux-gnu'
build_noncanonical='x86_64-unknown-linux-gnu'
build_os='linux-gnu'
build_subdir='build-x86_64-unknown-linux-gnu'
build_tooldir='${exec_prefix}/avr32-unknown-linux-uclibc'
build_vendor='unknown'
config_shell='/bin/bash'
configdirs=' intl libiberty opcodes bfd readline sim gdb etc'
datadir='${datarootdir}'
datarootdir='${prefix}/share'
do_compare='cmp --ignore-initial=16 $$f1 $$f2'
docdir='${datarootdir}/doc'
dvidir='${docdir}'
exec_prefix='${prefix}'
gmpinc=''
gmplibs='-lmpfr -lgmp'
host='x86_64-unknown-linux-gnu'
host_alias='x86_64-unknown-linux-gnu'
host_configargs='--cache-file=./config.cache  '\''--prefix=/home/student/Documents/SanntidssalPernambuco/ex8/buildroot/output/staging'\'' '\''--disable-nls'\'' '\''--without-uiout'\'' '\''--disable-tui'\'' '\''--disable-gdbtk'\'' '\''--without-x'\'' '\''--without-included-gettext'\'' '\''--enable-threads'\'' '\''--disable-werror'\'' --program-transform-name='\''s&^&avr32-unknown-linux-uclibc-&'\'''
host_cpu='x86_64'
host_noncanonical='x86_64-unknown-linux-gnu'
host_os='linux-gnu'
host_subdir='.'
host_vendor='unknown'
htmldir='${docdir}'
includedir='${prefix}/include'
infodir='${datarootdir}/info'
libdir='${exec_prefix}/lib'
libexecdir='${exec_prefix}/libexec'
localedir='${datarootdir}/locale'
localstatedir='${prefix}/var'
mandir='${datarootdir}/man'
oldincludedir='/usr/include'
pdfdir='${docdir}'
prefix='/home/student/Documents/SanntidssalPernambuco/ex8/buildroot/output/staging'
program_transform_name='s&^&avr32-unknown-linux-uclibc-&'
psdir='${docdir}'
sbindir='${exec_prefix}/sbin'
sharedstatedir='${prefix}/com'
stage1_cflags='-g -fkeep-inline-functions'
stage1_checking='--enable-checking=types'
stage1_languages=',c,'
stage2_werror_flag=''
sysconfdir='${prefix}/etc'
target='avr32-unknown-linux-uclibc'
target_alias='avr32-unknown-linux-uclibc'
target_configargs='--cache-file=./config.cache --enable-multilib --with-cross-host=x86_64-unknown-linux-gnu '\''--prefix=/home/student/Documents/SanntidssalPernambuco/ex8/buildroot/output/staging'\'' '\''--disable-nls'\'' '\''--without-uiout'\'' '\''--disable-tui'\'' '\''--disable-gdbtk'\'' '\''--without-x'\'' '\''--without-included-gettext'\'' '\''--enable-threads'\'' '\''--disable-werror'\'' --program-transform-name='\''s&^&avr32-unknown-linux-uclibc-&'\'''
target_cpu='avr32'
target_noncanonical='avr32-unknown-linux-uclibc'
target_os='linux-uclibc'
target_subdir='avr32-unknown-linux-uclibc'
target_vendor='unknown'
tooldir='${exec_prefix}/avr32-unknown-linux-uclibc'

## ------------------- ##
## File substitutions. ##
## ------------------- ##

alphaieee_frag='/dev/null'
host_makefile_frag='/dev/null'
ospace_frag='/dev/null'
serialization_dependencies='serdep.tmp'
target_makefile_frag='/home/student/Documents/SanntidssalPernambuco/ex8/buildroot/output/toolchain/gdb-6.7.1-avr32-2.1.5/config/mt-gnu'

## ----------- ##
## confdefs.h. ##
## ----------- ##

#define PACKAGE_NAME ""
#define PACKAGE_TARNAME ""
#define PACKAGE_VERSION ""
#define PACKAGE_STRING ""
#define PACKAGE_BUGREPORT ""

configure: exit 0
