This file contains any messages produced by compilers while
running configure, to aid debugging if configure makes a mistake.

It was created by configure, which was
generated by GNU Autoconf 2.59.  Invocation command line was

  $ /home/student/Documents/SanntidssalPernambuco/ex8/buildroot/output/toolchain/binutils-2.18-avr32-1.0.1/gas/configure --cache-file=./config.cache --with-gnu-as --with-gnu-ld --prefix=/home/student/Documents/SanntidssalPernambuco/ex8/buildroot/output/staging/usr --with-sysroot=/home/student/Documents/SanntidssalPernambuco/ex8/buildroot/output/toolchain/uClibc_dev/ --with-sysroot=/home/student/Documents/SanntidssalPernambuco/ex8/buildroot/output/staging --disable-nls --disable-multilib --disable-werror --with-gmp=/home/student/Documents/SanntidssalPernambuco/ex8/buildroot/output/toolchain/gmp --with-mpfr=/home/student/Documents/SanntidssalPernambuco/ex8/buildroot/output/toolchain/mpfr --program-transform-name=s,^,avr32-unknown-linux-uclibc-, --build=x86_64-unknown-linux-gnu --host=x86_64-unknown-linux-gnu --target=avr32-unknown-linux-uclibc --srcdir=/home/student/Documents/SanntidssalPernambuco/ex8/buildroot/output/toolchain/binutils-2.18-avr32-1.0.1/gas

## --------- ##
## Platform. ##
## --------- ##

hostname = Sanntid
uname -m = x86_64
uname -r = 3.5.7-xenomai-2.6.2.1
uname -s = Linux
uname -v = #1 SMP Sat Feb 9 15:03:06 CST 2013

/usr/bin/uname -p = unknown
/bin/uname -X     = unknown

/bin/arch              = unknown
/usr/bin/arch -k       = unknown
/usr/convex/getsysinfo = unknown
hostinfo               = unknown
/bin/machine           = unknown
/usr/bin/oslevel       = unknown
/bin/universe          = unknown

PATH: /usr/local/sbin
PATH: /usr/local/bin
PATH: /usr/sbin
PATH: /usr/bin
PATH: /sbin
PATH: /bin
PATH: /usr/games
PATH: /usr/local/go/bin


## ----------- ##
## Core tests. ##
## ----------- ##

configure:1394: creating cache ./config.cache
configure:1506: checking build system type
configure:1524: result: x86_64-unknown-linux-gnu
configure:1532: checking host system type
configure:1546: result: x86_64-unknown-linux-gnu
configure:1554: checking target system type
configure:1568: result: avr32-unknown-linux-uclibc
configure:1590: checking for x86_64-unknown-linux-gnu-gcc
configure:1616: result: /usr/bin/gcc
configure:1898: checking for C compiler version
configure:1901: /usr/bin/gcc --version </dev/null >&5
gcc (Ubuntu/Linaro 4.6.3-1ubuntu5) 4.6.3
Copyright (C) 2011 Free Software Foundation, Inc.
This is free software; see the source for copying conditions.  There is NO
warranty; not even for MERCHANTABILITY or FITNESS FOR A PARTICULAR PURPOSE.

configure:1904: $? = 0
configure:1906: /usr/bin/gcc -v </dev/null >&5
Using built-in specs.
COLLECT_GCC=/usr/bin/gcc
COLLECT_LTO_WRAPPER=/usr/lib/gcc/x86_64-linux-gnu/4.6/lto-wrapper
Target: x86_64-linux-gnu
Configured with: ../src/configure -v --with-pkgversion='Ubuntu/Linaro 4.6.3-1ubuntu5' --with-bugurl=file:///usr/share/doc/gcc-4.6/README.Bugs --enable-languages=c,c++,fortran,objc,obj-c++ --prefix=/usr --program-suffix=-4.6 --enable-shared --enable-linker-build-id --with-system-zlib --libexecdir=/usr/lib --without-included-gettext --enable-threads=posix --with-gxx-include-dir=/usr/include/c++/4.6 --libdir=/usr/lib --enable-nls --with-sysroot=/ --enable-clocale=gnu --enable-libstdcxx-debug --enable-libstdcxx-time=yes --enable-gnu-unique-object --enable-plugin --enable-objc-gc --disable-werror --with-arch-32=i686 --with-tune=generic --enable-checking=release --build=x86_64-linux-gnu --host=x86_64-linux-gnu --target=x86_64-linux-gnu
Thread model: posix
gcc version 4.6.3 (Ubuntu/Linaro 4.6.3-1ubuntu5) 
configure:1909: $? = 0
configure:1911: /usr/bin/gcc -V </dev/null >&5
gcc: error: unrecognized option '-V'
gcc: fatal error: no input files
compilation terminated.
configure:1914: $? = 4
configure:1937: checking for C compiler default output file name
configure:1940: /usr/bin/gcc -I/home/student/Documents/SanntidssalPernambuco/ex8/buildroot/output/host/include -I/home/student/Documents/SanntidssalPernambuco/ex8/buildroot/output/host/usr/include  -L/home/student/Documents/SanntidssalPernambuco/ex8/buildroot/output/host/lib -L/home/student/Documents/SanntidssalPernambuco/ex8/buildroot/output/host/usr/lib -Wl,-rpath,/home/student/Documents/SanntidssalPernambuco/ex8/buildroot/output/host/usr/lib conftest.c  >&5
configure:1943: $? = 0
configure:1989: result: a.out
configure:1994: checking whether the C compiler works
configure:2000: ./a.out
configure:2003: $? = 0
configure:2020: result: yes
configure:2027: checking whether we are cross compiling
configure:2029: result: no
configure:2032: checking for suffix of executables
configure:2034: /usr/bin/gcc -o conftest -I/home/student/Documents/SanntidssalPernambuco/ex8/buildroot/output/host/include -I/home/student/Documents/SanntidssalPernambuco/ex8/buildroot/output/host/usr/include  -L/home/student/Documents/SanntidssalPernambuco/ex8/buildroot/output/host/lib -L/home/student/Documents/SanntidssalPernambuco/ex8/buildroot/output/host/usr/lib -Wl,-rpath,/home/student/Documents/SanntidssalPernambuco/ex8/buildroot/output/host/usr/lib conftest.c  >&5
configure:2037: $? = 0
configure:2062: result: 
configure:2068: checking for suffix of object files
configure:2089: /usr/bin/gcc -c -I/home/student/Documents/SanntidssalPernambuco/ex8/buildroot/output/host/include -I/home/student/Documents/SanntidssalPernambuco/ex8/buildroot/output/host/usr/include  conftest.c >&5
configure:2092: $? = 0
configure:2114: result: o
configure:2118: checking whether we are using the GNU C compiler
configure:2142: /usr/bin/gcc -c -I/home/student/Documents/SanntidssalPernambuco/ex8/buildroot/output/host/include -I/home/student/Documents/SanntidssalPernambuco/ex8/buildroot/output/host/usr/include  conftest.c >&5
configure:2148: $? = 0
configure:2152: test -z 
			 || test ! -s conftest.err
configure:2155: $? = 0
configure:2158: test -s conftest.o
configure:2161: $? = 0
configure:2174: result: yes
configure:2180: checking whether /usr/bin/gcc accepts -g
configure:2201: /usr/bin/gcc -c -g  conftest.c >&5
configure:2207: $? = 0
configure:2211: test -z 
			 || test ! -s conftest.err
configure:2214: $? = 0
configure:2217: test -s conftest.o
configure:2220: $? = 0
configure:2231: result: yes
configure:2248: checking for /usr/bin/gcc option to accept ANSI C
configure:2318: /usr/bin/gcc  -c -I/home/student/Documents/SanntidssalPernambuco/ex8/buildroot/output/host/include -I/home/student/Documents/SanntidssalPernambuco/ex8/buildroot/output/host/usr/include  conftest.c >&5
configure:2324: $? = 0
configure:2328: test -z 
			 || test ! -s conftest.err
configure:2331: $? = 0
configure:2334: test -s conftest.o
configure:2337: $? = 0
configure:2355: result: none needed
configure:2373: /usr/bin/gcc -c -I/home/student/Documents/SanntidssalPernambuco/ex8/buildroot/output/host/include -I/home/student/Documents/SanntidssalPernambuco/ex8/buildroot/output/host/usr/include  conftest.c >&5
conftest.c:2:3: error: unknown type name 'choke'
conftest.c:2:3: error: expected '=', ',', ';', 'asm' or '__attribute__' at end of input
configure:2379: $? = 1
configure: failed program was:
| #ifndef __cplusplus
|   choke me
| #endif
configure:2513: checking for library containing strerror
configure:2543: /usr/bin/gcc -o conftest -I/home/student/Documents/SanntidssalPernambuco/ex8/buildroot/output/host/include -I/home/student/Documents/SanntidssalPernambuco/ex8/buildroot/output/host/usr/include  -L/home/student/Documents/SanntidssalPernambuco/ex8/buildroot/output/host/lib -L/home/student/Documents/SanntidssalPernambuco/ex8/buildroot/output/host/usr/lib -Wl,-rpath,/home/student/Documents/SanntidssalPernambuco/ex8/buildroot/output/host/usr/lib conftest.c  >&5
configure:2549: $? = 0
configure:2553: test -z 
			 || test ! -s conftest.err
configure:2556: $? = 0
configure:2559: test -s conftest
configure:2562: $? = 0
configure:2632: result: none required
configure:2655: checking for a BSD-compatible install
configure:2710: result: /usr/bin/install -c
configure:2721: checking whether build environment is sane
configure:2764: result: yes
configure:2829: checking for gawk
configure:2845: found /usr/bin/gawk
configure:2855: result: gawk
configure:2865: checking whether /usr/bin/make sets $(MAKE)
configure:2885: result: yes
configure:2915: checking for style of include used by /usr/bin/make
configure:2943: result: GNU
configure:3119: checking dependency style of /usr/bin/gcc
configure:3209: result: none
configure:3364: checking for a sed that does not truncate output
configure:3420: result: /bin/sed
configure:3436: checking for egrep
configure:3446: result: grep -E
configure:3451: checking for fgrep
configure:3461: result: grep -F
configure:3496: checking for ld used by /usr/bin/gcc
configure:3563: result: /usr/bin/ld
configure:3572: checking if the linker (/usr/bin/ld) is GNU ld
configure:3587: result: yes
configure:3600: checking for BSD- or MS-compatible name lister (nm)
configure:3649: result: /usr/bin/nm
configure:3754: checking the name lister (/usr/bin/nm) interface
configure:3761: /usr/bin/gcc -c -I/home/student/Documents/SanntidssalPernambuco/ex8/buildroot/output/host/include -I/home/student/Documents/SanntidssalPernambuco/ex8/buildroot/output/host/usr/include  conftest.c >&5
configure:3764: /usr/bin/nm "conftest.o"
configure:3767: output
0000000000000000 B some_variable
configure:3774: result: BSD nm
configure:3777: checking whether ln -s works
configure:3781: result: yes
configure:3789: checking the maximum length of command line arguments
configure:3909: result: 3458764513820540925
configure:3927: checking whether the shell understands some XSI constructs
configure:3935: result: yes
configure:3939: checking whether the shell understands "+="
configure:3945: result: yes
configure:3980: checking for /usr/bin/ld option to reload object files
configure:3987: result: -r
configure:4014: checking how to recognize dependent libraries
configure:4204: result: pass_all
configure:4224: checking for x86_64-unknown-linux-gnu-ar
configure:4250: result: /usr/bin/ar
configure:4317: checking for x86_64-unknown-linux-gnu-strip
configure:4346: result: no
configure:4355: checking for strip
configure:4371: found /usr/bin/strip
configure:4382: result: strip
configure:4404: checking for x86_64-unknown-linux-gnu-ranlib
configure:4430: result: ranlib
configure:4549: checking command to parse /usr/bin/nm output from /usr/bin/gcc object
configure:4666: /usr/bin/gcc -c -I/home/student/Documents/SanntidssalPernambuco/ex8/buildroot/output/host/include -I/home/student/Documents/SanntidssalPernambuco/ex8/buildroot/output/host/usr/include  conftest.c >&5
configure:4669: $? = 0
configure:4673: /usr/bin/nm conftest.o \| sed -n -e 's/^.*[	 ]\([ABCDGIRSTW][ABCDGIRSTW]*\)[	 ][	 ]*\([_A-Za-z][_A-Za-z0-9]*\)$/\1 \2 \2/p' \> conftest.nm
configure:4676: $? = 0
configure:4730: /usr/bin/gcc -o conftest -I/home/student/Documents/SanntidssalPernambuco/ex8/buildroot/output/host/include -I/home/student/Documents/SanntidssalPernambuco/ex8/buildroot/output/host/usr/include  -L/home/student/Documents/SanntidssalPernambuco/ex8/buildroot/output/host/lib -L/home/student/Documents/SanntidssalPernambuco/ex8/buildroot/output/host/usr/lib -Wl,-rpath,/home/student/Documents/SanntidssalPernambuco/ex8/buildroot/output/host/usr/lib conftest.c conftstm.o >&5
configure:4733: $? = 0
configure:4771: result: ok
configure:4861: /usr/bin/gcc -c -I/home/student/Documents/SanntidssalPernambuco/ex8/buildroot/output/host/include -I/home/student/Documents/SanntidssalPernambuco/ex8/buildroot/output/host/usr/include  conftest.c >&5
configure:4864: $? = 0
configure:5013: checking how to run the C preprocessor
configure:5048: /usr/bin/gcc -E  conftest.c
configure:5054: $? = 0
configure:5086: /usr/bin/gcc -E  conftest.c
conftest.c:11:28: fatal error: ac_nonexistent.h: No such file or directory
compilation terminated.
configure:5092: $? = 1
configure: failed program was:
| /* confdefs.h.  */
| 
| #define PACKAGE_NAME ""
| #define PACKAGE_TARNAME ""
| #define PACKAGE_VERSION ""
| #define PACKAGE_STRING ""
| #define PACKAGE_BUGREPORT ""
| #define PACKAGE "gas"
| #define VERSION "2.18.atmel.1.0.1.avr32linux.1"
| /* end confdefs.h.  */
| #include <ac_nonexistent.h>
configure:5131: result: /usr/bin/gcc -E
configure:5155: /usr/bin/gcc -E  conftest.c
configure:5161: $? = 0
configure:5193: /usr/bin/gcc -E  conftest.c
conftest.c:11:28: fatal error: ac_nonexistent.h: No such file or directory
compilation terminated.
configure:5199: $? = 1
configure: failed program was:
| /* confdefs.h.  */
| 
| #define PACKAGE_NAME ""
| #define PACKAGE_TARNAME ""
| #define PACKAGE_VERSION ""
| #define PACKAGE_STRING ""
| #define PACKAGE_BUGREPORT ""
| #define PACKAGE "gas"
| #define VERSION "2.18.atmel.1.0.1.avr32linux.1"
| /* end confdefs.h.  */
| #include <ac_nonexistent.h>
configure:5243: checking for ANSI C header files
configure:5268: /usr/bin/gcc -c -I/home/student/Documents/SanntidssalPernambuco/ex8/buildroot/output/host/include -I/home/student/Documents/SanntidssalPernambuco/ex8/buildroot/output/host/usr/include  conftest.c >&5
configure:5274: $? = 0
configure:5278: test -z 
			 || test ! -s conftest.err
configure:5281: $? = 0
configure:5284: test -s conftest.o
configure:5287: $? = 0
configure:5376: /usr/bin/gcc -o conftest -I/home/student/Documents/SanntidssalPernambuco/ex8/buildroot/output/host/include -I/home/student/Documents/SanntidssalPernambuco/ex8/buildroot/output/host/usr/include  -L/home/student/Documents/SanntidssalPernambuco/ex8/buildroot/output/host/lib -L/home/student/Documents/SanntidssalPernambuco/ex8/buildroot/output/host/usr/lib -Wl,-rpath,/home/student/Documents/SanntidssalPernambuco/ex8/buildroot/output/host/usr/lib conftest.c  >&5
conftest.c: In function 'main':
conftest.c:28:7: warning: incompatible implicit declaration of built-in function 'exit' [enabled by default]
configure:5379: $? = 0
configure:5381: ./conftest
configure:5384: $? = 0
configure:5399: result: yes
configure:5423: checking for sys/types.h
configure:5439: /usr/bin/gcc -c -I/home/student/Documents/SanntidssalPernambuco/ex8/buildroot/output/host/include -I/home/student/Documents/SanntidssalPernambuco/ex8/buildroot/output/host/usr/include  conftest.c >&5
configure:5445: $? = 0
configure:5449: test -z 
			 || test ! -s conftest.err
configure:5452: $? = 0
configure:5455: test -s conftest.o
configure:5458: $? = 0
configure:5469: result: yes
configure:5423: checking for sys/stat.h
configure:5439: /usr/bin/gcc -c -I/home/student/Documents/SanntidssalPernambuco/ex8/buildroot/output/host/include -I/home/student/Documents/SanntidssalPernambuco/ex8/buildroot/output/host/usr/include  conftest.c >&5
configure:5445: $? = 0
configure:5449: test -z 
			 || test ! -s conftest.err
configure:5452: $? = 0
configure:5455: test -s conftest.o
configure:5458: $? = 0
configure:5469: result: yes
configure:5423: checking for stdlib.h
configure:5439: /usr/bin/gcc -c -I/home/student/Documents/SanntidssalPernambuco/ex8/buildroot/output/host/include -I/home/student/Documents/SanntidssalPernambuco/ex8/buildroot/output/host/usr/include  conftest.c >&5
configure:5445: $? = 0
configure:5449: test -z 
			 || test ! -s conftest.err
configure:5452: $? = 0
configure:5455: test -s conftest.o
configure:5458: $? = 0
configure:5469: result: yes
configure:5423: checking for string.h
configure:5439: /usr/bin/gcc -c -I/home/student/Documents/SanntidssalPernambuco/ex8/buildroot/output/host/include -I/home/student/Documents/SanntidssalPernambuco/ex8/buildroot/output/host/usr/include  conftest.c >&5
configure:5445: $? = 0
configure:5449: test -z 
			 || test ! -s conftest.err
configure:5452: $? = 0
configure:5455: test -s conftest.o
configure:5458: $? = 0
configure:5469: result: yes
configure:5423: checking for memory.h
configure:5439: /usr/bin/gcc -c -I/home/student/Documents/SanntidssalPernambuco/ex8/buildroot/output/host/include -I/home/student/Documents/SanntidssalPernambuco/ex8/buildroot/output/host/usr/include  conftest.c >&5
configure:5445: $? = 0
configure:5449: test -z 
			 || test ! -s conftest.err
configure:5452: $? = 0
configure:5455: test -s conftest.o
configure:5458: $? = 0
configure:5469: result: yes
configure:5423: checking for strings.h
configure:5439: /usr/bin/gcc -c -I/home/student/Documents/SanntidssalPernambuco/ex8/buildroot/output/host/include -I/home/student/Documents/SanntidssalPernambuco/ex8/buildroot/output/host/usr/include  conftest.c >&5
configure:5445: $? = 0
configure:5449: test -z 
			 || test ! -s conftest.err
configure:5452: $? = 0
configure:5455: test -s conftest.o
configure:5458: $? = 0
configure:5469: result: yes
configure:5423: checking for inttypes.h
configure:5439: /usr/bin/gcc -c -I/home/student/Documents/SanntidssalPernambuco/ex8/buildroot/output/host/include -I/home/student/Documents/SanntidssalPernambuco/ex8/buildroot/output/host/usr/include  conftest.c >&5
configure:5445: $? = 0
configure:5449: test -z 
			 || test ! -s conftest.err
configure:5452: $? = 0
configure:5455: test -s conftest.o
configure:5458: $? = 0
configure:5469: result: yes
configure:5423: checking for stdint.h
configure:5439: /usr/bin/gcc -c -I/home/student/Documents/SanntidssalPernambuco/ex8/buildroot/output/host/include -I/home/student/Documents/SanntidssalPernambuco/ex8/buildroot/output/host/usr/include  conftest.c >&5
configure:5445: $? = 0
configure:5449: test -z 
			 || test ! -s conftest.err
configure:5452: $? = 0
configure:5455: test -s conftest.o
configure:5458: $? = 0
configure:5469: result: yes
configure:5423: checking for unistd.h
configure:5439: /usr/bin/gcc -c -I/home/student/Documents/SanntidssalPernambuco/ex8/buildroot/output/host/include -I/home/student/Documents/SanntidssalPernambuco/ex8/buildroot/output/host/usr/include  conftest.c >&5
configure:5445: $? = 0
configure:5449: test -z 
			 || test ! -s conftest.err
configure:5452: $? = 0
configure:5455: test -s conftest.o
configure:5458: $? = 0
configure:5469: result: yes
configure:5485: checking for dlfcn.h
configure:5501: /usr/bin/gcc -c -I/home/student/Documents/SanntidssalPernambuco/ex8/buildroot/output/host/include -I/home/student/Documents/SanntidssalPernambuco/ex8/buildroot/output/host/usr/include  conftest.c >&5
configure:5507: $? = 0
configure:5511: test -z 
			 || test ! -s conftest.err
configure:5514: $? = 0
configure:5517: test -s conftest.o
configure:5520: $? = 0
configure:5531: result: yes
configure:5593: checking for objdir
configure:5608: result: .libs
configure:5904: checking if /usr/bin/gcc supports -fno-rtti -fno-exceptions
configure:5922: /usr/bin/gcc -c -I/home/student/Documents/SanntidssalPernambuco/ex8/buildroot/output/host/include -I/home/student/Documents/SanntidssalPernambuco/ex8/buildroot/output/host/usr/include  -fno-rtti -fno-exceptions conftest.c >&5
cc1: warning: command line option '-fno-rtti' is valid for C++/ObjC++ but not for C [enabled by default]
configure:5926: $? = 0
configure:5939: result: no
configure:5959: checking for /usr/bin/gcc option to produce PIC
configure:6214: result: -fPIC -DPIC
configure:6226: checking if /usr/bin/gcc PIC flag -fPIC -DPIC works
configure:6244: /usr/bin/gcc -c -I/home/student/Documents/SanntidssalPernambuco/ex8/buildroot/output/host/include -I/home/student/Documents/SanntidssalPernambuco/ex8/buildroot/output/host/usr/include  -fPIC -DPIC -DPIC conftest.c >&5
configure:6248: $? = 0
configure:6261: result: yes
configure:6285: checking if /usr/bin/gcc static flag -static works
configure:6313: result: yes
configure:6328: checking if /usr/bin/gcc supports -c -o file.o
configure:6349: /usr/bin/gcc -c -I/home/student/Documents/SanntidssalPernambuco/ex8/buildroot/output/host/include -I/home/student/Documents/SanntidssalPernambuco/ex8/buildroot/output/host/usr/include  -o out/conftest2.o conftest.c >&5
configure:6353: $? = 0
configure:6375: result: yes
configure:6383: checking if /usr/bin/gcc supports -c -o file.o
configure:6430: result: yes
configure:6463: checking whether the /usr/bin/gcc linker (/usr/bin/ld -m elf_x86_64) supports shared libraries
configure:7543: result: yes
configure:7580: checking whether -lc should be explicitly linked in
configure:7585: /usr/bin/gcc -c -I/home/student/Documents/SanntidssalPernambuco/ex8/buildroot/output/host/include -I/home/student/Documents/SanntidssalPernambuco/ex8/buildroot/output/host/usr/include  conftest.c >&5
configure:7588: $? = 0
configure:7603: /usr/bin/gcc -shared conftest.o  -v -Wl,-soname -Wl,conftest -o conftest 2\>\&1 \| grep  -lc  \>/dev/null 2\>\&1
configure:7606: $? = 0
configure:7618: result: no
configure:7782: checking dynamic linker characteristics
configure:8215: /usr/bin/gcc -o conftest -I/home/student/Documents/SanntidssalPernambuco/ex8/buildroot/output/host/include -I/home/student/Documents/SanntidssalPernambuco/ex8/buildroot/output/host/usr/include  -L/home/student/Documents/SanntidssalPernambuco/ex8/buildroot/output/host/lib -L/home/student/Documents/SanntidssalPernambuco/ex8/buildroot/output/host/usr/lib -Wl,-rpath,/home/student/Documents/SanntidssalPernambuco/ex8/buildroot/output/host/usr/lib -Wl,-rpath -Wl,/foo conftest.c  >&5
configure:8221: $? = 0
configure:8225: test -z 
			 || test ! -s conftest.err
configure:8228: $? = 0
configure:8231: test -s conftest
configure:8234: $? = 0
configure:8458: result: GNU/Linux ld.so
configure:8553: checking how to hardcode library paths into programs
configure:8578: result: immediate
configure:9424: checking whether stripping libraries is possible
configure:9429: result: yes
configure:9464: checking if libtool supports shared libraries
configure:9466: result: yes
configure:9469: checking whether to build shared libraries
configure:9490: result: yes
configure:9493: checking whether to build static libraries
configure:9497: result: yes
configure:9652: checking whether byte ordering is bigendian
configure:9679: /usr/bin/gcc -c -I/home/student/Documents/SanntidssalPernambuco/ex8/buildroot/output/host/include -I/home/student/Documents/SanntidssalPernambuco/ex8/buildroot/output/host/usr/include  conftest.c >&5
configure:9685: $? = 0
configure:9689: test -z 
			 || test ! -s conftest.err
configure:9692: $? = 0
configure:9695: test -s conftest.o
configure:9698: $? = 0
configure:9722: /usr/bin/gcc -c -I/home/student/Documents/SanntidssalPernambuco/ex8/buildroot/output/host/include -I/home/student/Documents/SanntidssalPernambuco/ex8/buildroot/output/host/usr/include  conftest.c >&5
conftest.c: In function 'main':
conftest.c:30:2: error: unknown type name 'not'
conftest.c:30:10: error: expected '=', ',', ';', 'asm' or '__attribute__' before 'endian'
configure:9728: $? = 1
configure: failed program was:
| /* confdefs.h.  */
| 
| #define PACKAGE_NAME ""
| #define PACKAGE_TARNAME ""
| #define PACKAGE_VERSION ""
| #define PACKAGE_STRING ""
| #define PACKAGE_BUGREPORT ""
| #define PACKAGE "gas"
| #define VERSION "2.18.atmel.1.0.1.avr32linux.1"
| #define STDC_HEADERS 1
| #define HAVE_SYS_TYPES_H 1
| #define HAVE_SYS_STAT_H 1
| #define HAVE_STDLIB_H 1
| #define HAVE_STRING_H 1
| #define HAVE_MEMORY_H 1
| #define HAVE_STRINGS_H 1
| #define HAVE_INTTYPES_H 1
| #define HAVE_STDINT_H 1
| #define HAVE_UNISTD_H 1
| #define HAVE_DLFCN_H 1
| #define LT_OBJDIR ".libs/"
| /* end confdefs.h.  */
| #include <sys/types.h>
| #include <sys/param.h>
| 
| int
| main ()
| {
| #if BYTE_ORDER != BIG_ENDIAN
|  not big endian
| #endif
| 
|   ;
|   return 0;
| }
configure:9863: result: no
configure:10585: checking for x86_64-unknown-linux-gnu-gcc
configure:10611: result: /usr/bin/gcc
configure:10893: checking for C compiler version
configure:10896: /usr/bin/gcc --version </dev/null >&5
gcc (Ubuntu/Linaro 4.6.3-1ubuntu5) 4.6.3
Copyright (C) 2011 Free Software Foundation, Inc.
This is free software; see the source for copying conditions.  There is NO
warranty; not even for MERCHANTABILITY or FITNESS FOR A PARTICULAR PURPOSE.

configure:10899: $? = 0
configure:10901: /usr/bin/gcc -v </dev/null >&5
Using built-in specs.
COLLECT_GCC=/usr/bin/gcc
COLLECT_LTO_WRAPPER=/usr/lib/gcc/x86_64-linux-gnu/4.6/lto-wrapper
Target: x86_64-linux-gnu
Configured with: ../src/configure -v --with-pkgversion='Ubuntu/Linaro 4.6.3-1ubuntu5' --with-bugurl=file:///usr/share/doc/gcc-4.6/README.Bugs --enable-languages=c,c++,fortran,objc,obj-c++ --prefix=/usr --program-suffix=-4.6 --enable-shared --enable-linker-build-id --with-system-zlib --libexecdir=/usr/lib --without-included-gettext --enable-threads=posix --with-gxx-include-dir=/usr/include/c++/4.6 --libdir=/usr/lib --enable-nls --with-sysroot=/ --enable-clocale=gnu --enable-libstdcxx-debug --enable-libstdcxx-time=yes --enable-gnu-unique-object --enable-plugin --enable-objc-gc --disable-werror --with-arch-32=i686 --with-tune=generic --enable-checking=release --build=x86_64-linux-gnu --host=x86_64-linux-gnu --target=x86_64-linux-gnu
Thread model: posix
gcc version 4.6.3 (Ubuntu/Linaro 4.6.3-1ubuntu5) 
configure:10904: $? = 0
configure:10906: /usr/bin/gcc -V </dev/null >&5
gcc: error: unrecognized option '-V'
gcc: fatal error: no input files
compilation terminated.
configure:10909: $? = 4
configure:10912: checking whether we are using the GNU C compiler
configure:10968: result: yes
configure:10974: checking whether /usr/bin/gcc accepts -g
configure:11025: result: yes
configure:11042: checking for /usr/bin/gcc option to accept ANSI C
configure:11149: result: none needed
configure:11167: /usr/bin/gcc -c -I/home/student/Documents/SanntidssalPernambuco/ex8/buildroot/output/host/include -I/home/student/Documents/SanntidssalPernambuco/ex8/buildroot/output/host/usr/include  conftest.c >&5
conftest.c:2:3: error: unknown type name 'choke'
conftest.c:2:3: error: expected '=', ',', ';', 'asm' or '__attribute__' at end of input
configure:11173: $? = 1
configure: failed program was:
| #ifndef __cplusplus
|   choke me
| #endif
configure:11311: checking for bison
configure:11337: result: bison -y
configure:11352: checking for flex
configure:11378: result: flex
configure:11391: checking for yywrap in -lfl
configure:11421: /usr/bin/gcc -o conftest -I/home/student/Documents/SanntidssalPernambuco/ex8/buildroot/output/host/include -I/home/student/Documents/SanntidssalPernambuco/ex8/buildroot/output/host/usr/include  -L/home/student/Documents/SanntidssalPernambuco/ex8/buildroot/output/host/lib -L/home/student/Documents/SanntidssalPernambuco/ex8/buildroot/output/host/usr/lib -Wl,-rpath,/home/student/Documents/SanntidssalPernambuco/ex8/buildroot/output/host/usr/lib conftest.c -lfl   >&5
configure:11427: $? = 0
configure:11431: test -z 
			 || test ! -s conftest.err
configure:11434: $? = 0
configure:11437: test -s conftest
configure:11440: $? = 0
configure:11453: result: yes
configure:11531: checking lex output file root
configure:11542: flex conftest.l
configure:11545: $? = 0
configure:11557: result: lex.yy
configure:11562: checking whether yytext is a pointer
configure:11578: /usr/bin/gcc -o conftest -I/home/student/Documents/SanntidssalPernambuco/ex8/buildroot/output/host/include -I/home/student/Documents/SanntidssalPernambuco/ex8/buildroot/output/host/usr/include  -L/home/student/Documents/SanntidssalPernambuco/ex8/buildroot/output/host/lib -L/home/student/Documents/SanntidssalPernambuco/ex8/buildroot/output/host/usr/lib -Wl,-rpath,/home/student/Documents/SanntidssalPernambuco/ex8/buildroot/output/host/usr/lib conftest.c  -lfl >&5
configure:11584: $? = 0
configure:11588: test -z 
			 || test ! -s conftest.err
configure:11591: $? = 0
configure:11594: test -s conftest
configure:11597: $? = 0
configure:11611: result: yes
configure:11640: checking whether NLS is requested
configure:11643: result: no
configure:11713: checking whether NLS is requested
configure:11722: result: no
configure:11760: checking for msgfmt
configure:11791: result: /usr/bin/msgfmt
configure:11800: checking for gmsgfmt
configure:11831: result: /usr/bin/msgfmt
configure:11870: checking for xgettext
configure:11901: result: /usr/bin/xgettext
configure:11941: checking for msgmerge
configure:11971: result: /usr/bin/msgmerge
configure:12007: checking whether to enable maintainer-specific portions of Makefiles
configure:12016: result: no
configure:12056: checking for string.h
configure:12061: result: yes
configure:12056: checking for stdlib.h
configure:12061: result: yes
configure:12056: checking for memory.h
configure:12061: result: yes
configure:12056: checking for strings.h
configure:12061: result: yes
configure:12056: checking for unistd.h
configure:12061: result: yes
configure:12065: checking stdarg.h usability
configure:12077: /usr/bin/gcc -c -I/home/student/Documents/SanntidssalPernambuco/ex8/buildroot/output/host/include -I/home/student/Documents/SanntidssalPernambuco/ex8/buildroot/output/host/usr/include  conftest.c >&5
configure:12083: $? = 0
configure:12087: test -z 
			 || test ! -s conftest.err
configure:12090: $? = 0
configure:12093: test -s conftest.o
configure:12096: $? = 0
configure:12106: result: yes
configure:12110: checking stdarg.h presence
configure:12120: /usr/bin/gcc -E  conftest.c
configure:12126: $? = 0
configure:12146: result: yes
configure:12181: checking for stdarg.h
configure:12188: result: yes
configure:12065: checking varargs.h usability
configure:12077: /usr/bin/gcc -c -I/home/student/Documents/SanntidssalPernambuco/ex8/buildroot/output/host/include -I/home/student/Documents/SanntidssalPernambuco/ex8/buildroot/output/host/usr/include  conftest.c >&5
In file included from conftest.c:72:0:
/usr/lib/gcc/x86_64-linux-gnu/4.6/include/varargs.h:4:2: error: #error "GCC no longer implements <varargs.h>."
/usr/lib/gcc/x86_64-linux-gnu/4.6/include/varargs.h:5:2: error: #error "Revise your code to use <stdarg.h>."
configure:12083: $? = 1
configure: failed program was:
| /* confdefs.h.  */
| 
| #define PACKAGE_NAME ""
| #define PACKAGE_TARNAME ""
| #define PACKAGE_VERSION ""
| #define PACKAGE_STRING ""
| #define PACKAGE_BUGREPORT ""
| #define PACKAGE "gas"
| #define VERSION "2.18.atmel.1.0.1.avr32linux.1"
| #define STDC_HEADERS 1
| #define HAVE_SYS_TYPES_H 1
| #define HAVE_SYS_STAT_H 1
| #define HAVE_STDLIB_H 1
| #define HAVE_STRING_H 1
| #define HAVE_MEMORY_H 1
| #define HAVE_STRINGS_H 1
| #define HAVE_INTTYPES_H 1
| #define HAVE_STDINT_H 1
| #define HAVE_UNISTD_H 1
| #define HAVE_DLFCN_H 1
| #define LT_OBJDIR ".libs/"
| #define TARGET_BYTES_BIG_ENDIAN 1
| #define EMULATIONS 
| #define DEFAULT_EMULATION ""
| #define TARGET_ALIAS "avr32-unknown-linux-uclibc"
| #define TARGET_CANONICAL "avr32-unknown-linux-uclibc"
| #define TARGET_CPU "avr32"
| #define TARGET_VENDOR "unknown"
| #define TARGET_OS "linux-uclibc"
| #define YYTEXT_POINTER 1
| #define HAVE_STRING_H 1
| #define HAVE_STDLIB_H 1
| #define HAVE_MEMORY_H 1
| #define HAVE_STRINGS_H 1
| #define HAVE_UNISTD_H 1
| #define HAVE_STDARG_H 1
| /* end confdefs.h.  */
| #include <stdio.h>
| #if HAVE_SYS_TYPES_H
| # include <sys/types.h>
| #endif
| #if HAVE_SYS_STAT_H
| # include <sys/stat.h>
| #endif
| #if STDC_HEADERS
| # include <stdlib.h>
| # include <stddef.h>
| #else
| # if HAVE_STDLIB_H
| #  include <stdlib.h>
| # endif
| #endif
| #if HAVE_STRING_H
| # if !STDC_HEADERS && HAVE_MEMORY_H
| #  include <memory.h>
| # endif
| # include <string.h>
| #endif
| #if HAVE_STRINGS_H
| # include <strings.h>
| #endif
| #if HAVE_INTTYPES_H
| # include <inttypes.h>
| #else
| # if HAVE_STDINT_H
| #  include <stdint.h>
| # endif
| #endif
| #if HAVE_UNISTD_H
| # include <unistd.h>
| #endif
| #include <varargs.h>
configure:12106: result: no
configure:12110: checking varargs.h presence
configure:12120: /usr/bin/gcc -E  conftest.c
In file included from conftest.c:38:0:
/usr/lib/gcc/x86_64-linux-gnu/4.6/include/varargs.h:4:2: error: #error "GCC no longer implements <varargs.h>."
/usr/lib/gcc/x86_64-linux-gnu/4.6/include/varargs.h:5:2: error: #error "Revise your code to use <stdarg.h>."
configure:12126: $? = 1
configure: failed program was:
| /* confdefs.h.  */
| 
| #define PACKAGE_NAME ""
| #define PACKAGE_TARNAME ""
| #define PACKAGE_VERSION ""
| #define PACKAGE_STRING ""
| #define PACKAGE_BUGREPORT ""
| #define PACKAGE "gas"
| #define VERSION "2.18.atmel.1.0.1.avr32linux.1"
| #define STDC_HEADERS 1
| #define HAVE_SYS_TYPES_H 1
| #define HAVE_SYS_STAT_H 1
| #define HAVE_STDLIB_H 1
| #define HAVE_STRING_H 1
| #define HAVE_MEMORY_H 1
| #define HAVE_STRINGS_H 1
| #define HAVE_INTTYPES_H 1
| #define HAVE_STDINT_H 1
| #define HAVE_UNISTD_H 1
| #define HAVE_DLFCN_H 1
| #define LT_OBJDIR ".libs/"
| #define TARGET_BYTES_BIG_ENDIAN 1
| #define EMULATIONS 
| #define DEFAULT_EMULATION ""
| #define TARGET_ALIAS "avr32-unknown-linux-uclibc"
| #define TARGET_CANONICAL "avr32-unknown-linux-uclibc"
| #define TARGET_CPU "avr32"
| #define TARGET_VENDOR "unknown"
| #define TARGET_OS "linux-uclibc"
| #define YYTEXT_POINTER 1
| #define HAVE_STRING_H 1
| #define HAVE_STDLIB_H 1
| #define HAVE_MEMORY_H 1
| #define HAVE_STRINGS_H 1
| #define HAVE_UNISTD_H 1
| #define HAVE_STDARG_H 1
| /* end confdefs.h.  */
| #include <varargs.h>
configure:12146: result: no
configure:12181: checking for varargs.h
configure:12188: result: no
configure:12065: checking errno.h usability
configure:12077: /usr/bin/gcc -c -I/home/student/Documents/SanntidssalPernambuco/ex8/buildroot/output/host/include -I/home/student/Documents/SanntidssalPernambuco/ex8/buildroot/output/host/usr/include  conftest.c >&5
configure:12083: $? = 0
configure:12087: test -z 
			 || test ! -s conftest.err
configure:12090: $? = 0
configure:12093: test -s conftest.o
configure:12096: $? = 0
configure:12106: result: yes
configure:12110: checking errno.h presence
configure:12120: /usr/bin/gcc -E  conftest.c
configure:12126: $? = 0
configure:12146: result: yes
configure:12181: checking for errno.h
configure:12188: result: yes
configure:12056: checking for sys/types.h
configure:12061: result: yes
configure:12204: checking whether compiling a cross-assembler
configure:12216: result: yes
configure:12221: checking for working alloca.h
configure:12242: /usr/bin/gcc -o conftest -I/home/student/Documents/SanntidssalPernambuco/ex8/buildroot/output/host/include -I/home/student/Documents/SanntidssalPernambuco/ex8/buildroot/output/host/usr/include  -L/home/student/Documents/SanntidssalPernambuco/ex8/buildroot/output/host/lib -L/home/student/Documents/SanntidssalPernambuco/ex8/buildroot/output/host/usr/lib -Wl,-rpath,/home/student/Documents/SanntidssalPernambuco/ex8/buildroot/output/host/usr/lib conftest.c  >&5
configure:12248: $? = 0
configure:12252: test -z 
			 || test ! -s conftest.err
configure:12255: $? = 0
configure:12258: test -s conftest
configure:12261: $? = 0
configure:12273: result: yes
configure:12283: checking for alloca
configure:12324: /usr/bin/gcc -o conftest -I/home/student/Documents/SanntidssalPernambuco/ex8/buildroot/output/host/include -I/home/student/Documents/SanntidssalPernambuco/ex8/buildroot/output/host/usr/include  -L/home/student/Documents/SanntidssalPernambuco/ex8/buildroot/output/host/lib -L/home/student/Documents/SanntidssalPernambuco/ex8/buildroot/output/host/usr/lib -Wl,-rpath,/home/student/Documents/SanntidssalPernambuco/ex8/buildroot/output/host/usr/lib conftest.c  >&5
configure:12330: $? = 0
configure:12334: test -z 
			 || test ! -s conftest.err
configure:12337: $? = 0
configure:12340: test -s conftest
configure:12343: $? = 0
configure:12355: result: yes
configure:12578: checking for inline
configure:12599: /usr/bin/gcc -c -I/home/student/Documents/SanntidssalPernambuco/ex8/buildroot/output/host/include -I/home/student/Documents/SanntidssalPernambuco/ex8/buildroot/output/host/usr/include  conftest.c >&5
configure:12605: $? = 0
configure:12609: test -z 
			 || test ! -s conftest.err
configure:12612: $? = 0
configure:12615: test -s conftest.o
configure:12618: $? = 0
configure:12630: result: inline
configure:12656: checking for unlink
configure:12713: /usr/bin/gcc -o conftest -I/home/student/Documents/SanntidssalPernambuco/ex8/buildroot/output/host/include -I/home/student/Documents/SanntidssalPernambuco/ex8/buildroot/output/host/usr/include  -L/home/student/Documents/SanntidssalPernambuco/ex8/buildroot/output/host/lib -L/home/student/Documents/SanntidssalPernambuco/ex8/buildroot/output/host/usr/lib -Wl,-rpath,/home/student/Documents/SanntidssalPernambuco/ex8/buildroot/output/host/usr/lib conftest.c  >&5
configure:12719: $? = 0
configure:12723: test -z 
			 || test ! -s conftest.err
configure:12726: $? = 0
configure:12729: test -s conftest
configure:12732: $? = 0
configure:12744: result: yes
configure:12760: checking for sbrk
configure:12817: /usr/bin/gcc -o conftest -I/home/student/Documents/SanntidssalPernambuco/ex8/buildroot/output/host/include -I/home/student/Documents/SanntidssalPernambuco/ex8/buildroot/output/host/usr/include  -L/home/student/Documents/SanntidssalPernambuco/ex8/buildroot/output/host/lib -L/home/student/Documents/SanntidssalPernambuco/ex8/buildroot/output/host/usr/lib -Wl,-rpath,/home/student/Documents/SanntidssalPernambuco/ex8/buildroot/output/host/usr/lib conftest.c  >&5
configure:12823: $? = 0
configure:12827: test -z 
			 || test ! -s conftest.err
configure:12830: $? = 0
configure:12833: test -s conftest
configure:12836: $? = 0
configure:12848: result: yes
configure:13085: checking for working assert macro
configure:13115: /usr/bin/gcc -o conftest -I/home/student/Documents/SanntidssalPernambuco/ex8/buildroot/output/host/include -I/home/student/Documents/SanntidssalPernambuco/ex8/buildroot/output/host/usr/include  -L/home/student/Documents/SanntidssalPernambuco/ex8/buildroot/output/host/lib -L/home/student/Documents/SanntidssalPernambuco/ex8/buildroot/output/host/usr/lib -Wl,-rpath,/home/student/Documents/SanntidssalPernambuco/ex8/buildroot/output/host/usr/lib conftest.c  >&5
configure:13121: $? = 0
configure:13125: test -z 
			 || test ! -s conftest.err
configure:13128: $? = 0
configure:13131: test -s conftest
configure:13134: $? = 0
configure:13146: result: yes
configure:13180: checking whether declaration is required for errno
configure:13209: /usr/bin/gcc -o conftest -I/home/student/Documents/SanntidssalPernambuco/ex8/buildroot/output/host/include -I/home/student/Documents/SanntidssalPernambuco/ex8/buildroot/output/host/usr/include  -L/home/student/Documents/SanntidssalPernambuco/ex8/buildroot/output/host/lib -L/home/student/Documents/SanntidssalPernambuco/ex8/buildroot/output/host/usr/lib -Wl,-rpath,/home/student/Documents/SanntidssalPernambuco/ex8/buildroot/output/host/usr/lib conftest.c  >&5
configure:13215: $? = 0
configure:13219: test -z 
			 || test ! -s conftest.err
configure:13222: $? = 0
configure:13225: test -s conftest
configure:13228: $? = 0
configure:13240: result: no
configure:13251: checking for a known getopt prototype in unistd.h
configure:13272: /usr/bin/gcc -c -I/home/student/Documents/SanntidssalPernambuco/ex8/buildroot/output/host/include -I/home/student/Documents/SanntidssalPernambuco/ex8/buildroot/output/host/usr/include  conftest.c >&5
configure:13278: $? = 0
configure:13282: test -z 
			 || test ! -s conftest.err
configure:13285: $? = 0
configure:13288: test -s conftest.o
configure:13291: $? = 0
configure:13303: result: yes
configure:13314: checking whether declaration is required for environ
configure:13339: /usr/bin/gcc -o conftest -I/home/student/Documents/SanntidssalPernambuco/ex8/buildroot/output/host/include -I/home/student/Documents/SanntidssalPernambuco/ex8/buildroot/output/host/usr/include  -L/home/student/Documents/SanntidssalPernambuco/ex8/buildroot/output/host/lib -L/home/student/Documents/SanntidssalPernambuco/ex8/buildroot/output/host/usr/lib -Wl,-rpath,/home/student/Documents/SanntidssalPernambuco/ex8/buildroot/output/host/usr/lib conftest.c  >&5
conftest.c: In function 'main':
conftest.c:70:9: error: 'environ' undeclared (first use in this function)
conftest.c:70:9: note: each undeclared identifier is reported only once for each function it appears in
configure:13345: $? = 1
configure: failed program was:
| /* confdefs.h.  */
| 
| #define PACKAGE_NAME ""
| #define PACKAGE_TARNAME ""
| #define PACKAGE_VERSION ""
| #define PACKAGE_STRING ""
| #define PACKAGE_BUGREPORT ""
| #define PACKAGE "gas"
| #define VERSION "2.18.atmel.1.0.1.avr32linux.1"
| #define STDC_HEADERS 1
| #define HAVE_SYS_TYPES_H 1
| #define HAVE_SYS_STAT_H 1
| #define HAVE_STDLIB_H 1
| #define HAVE_STRING_H 1
| #define HAVE_MEMORY_H 1
| #define HAVE_STRINGS_H 1
| #define HAVE_INTTYPES_H 1
| #define HAVE_STDINT_H 1
| #define HAVE_UNISTD_H 1
| #define HAVE_DLFCN_H 1
| #define LT_OBJDIR ".libs/"
| #define TARGET_BYTES_BIG_ENDIAN 1
| #define EMULATIONS 
| #define DEFAULT_EMULATION ""
| #define TARGET_ALIAS "avr32-unknown-linux-uclibc"
| #define TARGET_CANONICAL "avr32-unknown-linux-uclibc"
| #define TARGET_CPU "avr32"
| #define TARGET_VENDOR "unknown"
| #define TARGET_OS "linux-uclibc"
| #define YYTEXT_POINTER 1
| #define HAVE_STRING_H 1
| #define HAVE_STDLIB_H 1
| #define HAVE_MEMORY_H 1
| #define HAVE_STRINGS_H 1
| #define HAVE_UNISTD_H 1
| #define HAVE_STDARG_H 1
| #define HAVE_ERRNO_H 1
| #define HAVE_SYS_TYPES_H 1
| #define CROSS_COMPILE 1
| #define HAVE_ALLOCA_H 1
| #define HAVE_ALLOCA 1
| #define HAVE_UNLINK 1
| #define HAVE_SBRK 1
| #define HAVE_DECL_GETOPT 1
| /* end confdefs.h.  */
| 
| #ifdef HAVE_MEMORY_H
| #include <memory.h>
| #endif
| #ifdef HAVE_STRING_H
| #include <string.h>
| #else
| #ifdef HAVE_STRINGS_H
| #include <strings.h>
| #endif
| #endif
| #ifdef HAVE_STDLIB_H
| #include <stdlib.h>
| #endif
| #ifdef HAVE_UNISTD_H
| #include <unistd.h>
| #endif
| 
| int
| main ()
| {
| 
| typedef char **f;
| f x;
| x = (f) environ;
| 
|   ;
|   return 0;
| }
configure:13370: result: yes
configure:13381: checking whether declaration is required for ffs
configure:13406: /usr/bin/gcc -o conftest -I/home/student/Documents/SanntidssalPernambuco/ex8/buildroot/output/host/include -I/home/student/Documents/SanntidssalPernambuco/ex8/buildroot/output/host/usr/include  -L/home/student/Documents/SanntidssalPernambuco/ex8/buildroot/output/host/lib -L/home/student/Documents/SanntidssalPernambuco/ex8/buildroot/output/host/usr/lib -Wl,-rpath,/home/student/Documents/SanntidssalPernambuco/ex8/buildroot/output/host/usr/lib conftest.c  >&5
configure:13412: $? = 0
configure:13416: test -z 
			 || test ! -s conftest.err
configure:13419: $? = 0
configure:13422: test -s conftest
configure:13425: $? = 0
configure:13437: result: no
configure:13448: checking whether declaration is required for free
configure:13473: /usr/bin/gcc -o conftest -I/home/student/Documents/SanntidssalPernambuco/ex8/buildroot/output/host/include -I/home/student/Documents/SanntidssalPernambuco/ex8/buildroot/output/host/usr/include  -L/home/student/Documents/SanntidssalPernambuco/ex8/buildroot/output/host/lib -L/home/student/Documents/SanntidssalPernambuco/ex8/buildroot/output/host/usr/lib -Wl,-rpath,/home/student/Documents/SanntidssalPernambuco/ex8/buildroot/output/host/usr/lib conftest.c  >&5
configure:13479: $? = 0
configure:13483: test -z 
			 || test ! -s conftest.err
configure:13486: $? = 0
configure:13489: test -s conftest
configure:13492: $? = 0
configure:13504: result: no
configure:13515: checking whether declaration is required for malloc
configure:13540: /usr/bin/gcc -o conftest -I/home/student/Documents/SanntidssalPernambuco/ex8/buildroot/output/host/include -I/home/student/Documents/SanntidssalPernambuco/ex8/buildroot/output/host/usr/include  -L/home/student/Documents/SanntidssalPernambuco/ex8/buildroot/output/host/lib -L/home/student/Documents/SanntidssalPernambuco/ex8/buildroot/output/host/usr/lib -Wl,-rpath,/home/student/Documents/SanntidssalPernambuco/ex8/buildroot/output/host/usr/lib conftest.c  >&5
configure:13546: $? = 0
configure:13550: test -z 
			 || test ! -s conftest.err
configure:13553: $? = 0
configure:13556: test -s conftest
configure:13559: $? = 0
configure:13571: result: no
configure:13582: checking whether declaration is required for sbrk
configure:13607: /usr/bin/gcc -o conftest -I/home/student/Documents/SanntidssalPernambuco/ex8/buildroot/output/host/include -I/home/student/Documents/SanntidssalPernambuco/ex8/buildroot/output/host/usr/include  -L/home/student/Documents/SanntidssalPernambuco/ex8/buildroot/output/host/lib -L/home/student/Documents/SanntidssalPernambuco/ex8/buildroot/output/host/usr/lib -Wl,-rpath,/home/student/Documents/SanntidssalPernambuco/ex8/buildroot/output/host/usr/lib conftest.c  >&5
configure:13613: $? = 0
configure:13617: test -z 
			 || test ! -s conftest.err
configure:13620: $? = 0
configure:13623: test -s conftest
configure:13626: $? = 0
configure:13638: result: no
configure:13649: checking whether declaration is required for strstr
configure:13674: /usr/bin/gcc -o conftest -I/home/student/Documents/SanntidssalPernambuco/ex8/buildroot/output/host/include -I/home/student/Documents/SanntidssalPernambuco/ex8/buildroot/output/host/usr/include  -L/home/student/Documents/SanntidssalPernambuco/ex8/buildroot/output/host/lib -L/home/student/Documents/SanntidssalPernambuco/ex8/buildroot/output/host/usr/lib -Wl,-rpath,/home/student/Documents/SanntidssalPernambuco/ex8/buildroot/output/host/usr/lib conftest.c  >&5
configure:13680: $? = 0
configure:13684: test -z 
			 || test ! -s conftest.err
configure:13687: $? = 0
configure:13690: test -s conftest
configure:13693: $? = 0
configure:13705: result: no
configure:13716: checking whether vsnprintf is declared
configure:13740: /usr/bin/gcc -c -I/home/student/Documents/SanntidssalPernambuco/ex8/buildroot/output/host/include -I/home/student/Documents/SanntidssalPernambuco/ex8/buildroot/output/host/usr/include  conftest.c >&5
configure:13746: $? = 0
configure:13750: test -z 
			 || test ! -s conftest.err
configure:13753: $? = 0
configure:13756: test -s conftest.o
configure:13759: $? = 0
configure:13770: result: yes
configure:13933: creating ./config.status

## ---------------------- ##
## Running config.status. ##
## ---------------------- ##

This file was extended by config.status, which was
generated by GNU Autoconf 2.59.  Invocation command line was

  CONFIG_FILES    = 
  CONFIG_HEADERS  = 
  CONFIG_LINKS    = 
  CONFIG_COMMANDS = 
  $ ./config.status 

on Sanntid

config.status:950: creating .gdbinit
config.status:950: creating Makefile
config.status:950: creating doc/Makefile
config.status:950: creating po/Makefile.in
config.status:1047: creating config.h
config.status:1405: executing depfiles commands
config.status:1405: executing libtool commands
config.status:1405: executing default-1 commands
config.status:1405: executing default commands

## ---------------- ##
## Cache variables. ##
## ---------------- ##

ac_cv_build=x86_64-unknown-linux-gnu
ac_cv_build_alias=x86_64-unknown-linux-gnu
ac_cv_c_bigendian=no
ac_cv_c_compiler_gnu=yes
ac_cv_c_inline=inline
ac_cv_env_CC_set=set
ac_cv_env_CC_value=/usr/bin/gcc
ac_cv_env_CFLAGS_set=set
ac_cv_env_CFLAGS_value='-I/home/student/Documents/SanntidssalPernambuco/ex8/buildroot/output/host/include -I/home/student/Documents/SanntidssalPernambuco/ex8/buildroot/output/host/usr/include'
ac_cv_env_CPPFLAGS_set=
ac_cv_env_CPPFLAGS_value=
ac_cv_env_CPP_set=
ac_cv_env_CPP_value=
ac_cv_env_LDFLAGS_set=set
ac_cv_env_LDFLAGS_value='-L/home/student/Documents/SanntidssalPernambuco/ex8/buildroot/output/host/lib -L/home/student/Documents/SanntidssalPernambuco/ex8/buildroot/output/host/usr/lib -Wl,-rpath,/home/student/Documents/SanntidssalPernambuco/ex8/buildroot/output/host/usr/lib'
ac_cv_env_build_alias_set=set
ac_cv_env_build_alias_value=x86_64-unknown-linux-gnu
ac_cv_env_host_alias_set=set
ac_cv_env_host_alias_value=x86_64-unknown-linux-gnu
ac_cv_env_target_alias_set=set
ac_cv_env_target_alias_value=avr32-unknown-linux-uclibc
ac_cv_exeext=
ac_cv_func_alloca_works=yes
ac_cv_func_sbrk=yes
ac_cv_func_unlink=yes
ac_cv_have_decl_vsnprintf=yes
ac_cv_header_dlfcn_h=yes
ac_cv_header_errno_h=yes
ac_cv_header_inttypes_h=yes
ac_cv_header_memory_h=yes
ac_cv_header_stdarg_h=yes
ac_cv_header_stdc=yes
ac_cv_header_stdint_h=yes
ac_cv_header_stdlib_h=yes
ac_cv_header_string_h=yes
ac_cv_header_strings_h=yes
ac_cv_header_sys_stat_h=yes
ac_cv_header_sys_types_h=yes
ac_cv_header_unistd_h=yes
ac_cv_header_varargs_h=no
ac_cv_host=x86_64-unknown-linux-gnu
ac_cv_host_alias=x86_64-unknown-linux-gnu
ac_cv_lib_fl_yywrap=yes
ac_cv_objext=o
ac_cv_path_GMSGFMT=/usr/bin/msgfmt
ac_cv_path_MSGFMT=/usr/bin/msgfmt
ac_cv_path_MSGMERGE=/usr/bin/msgmerge
ac_cv_path_XGETTEXT=/usr/bin/xgettext
ac_cv_prog_AR=/usr/bin/ar
ac_cv_prog_AWK=gawk
ac_cv_prog_CC=/usr/bin/gcc
ac_cv_prog_CPP='/usr/bin/gcc -E'
ac_cv_prog_LEX=flex
ac_cv_prog_RANLIB=ranlib
ac_cv_prog_YACC='bison -y'
ac_cv_prog_ac_ct_STRIP=strip
ac_cv_prog_cc_g=yes
ac_cv_prog_cc_stdc=
ac_cv_prog_egrep='grep -E'
ac_cv_prog_fgrep='grep -F'
ac_cv_prog_lex_root=lex.yy
ac_cv_prog_lex_yytext_pointer=yes
ac_cv_prog_make__usr_bin_make_set=yes
ac_cv_search_strerror='none required'
ac_cv_target=avr32-unknown-linux-uclibc
ac_cv_target_alias=avr32-unknown-linux-uclibc
ac_cv_working_alloca_h=yes
am_cv_CC_dependencies_compiler_type=none
gas_cv_assert_ok=yes
gas_cv_decl_getopt_unistd_h=yes
gas_cv_decl_needed_environ=yes
gas_cv_decl_needed_errno=no
gas_cv_decl_needed_ffs=no
gas_cv_decl_needed_free=no
gas_cv_decl_needed_malloc=no
gas_cv_decl_needed_sbrk=no
gas_cv_decl_needed_strstr=no
lt_cv_deplibs_check_method=pass_all
lt_cv_file_magic_cmd='$MAGIC_CMD'
lt_cv_file_magic_test_file=
lt_cv_ld_reload_flag=-r
lt_cv_nm_interface='BSD nm'
lt_cv_objdir=.libs
lt_cv_path_LD=/usr/bin/ld
lt_cv_path_NM=/usr/bin/nm
lt_cv_path_SED=/bin/sed
lt_cv_prog_compiler_c_o=yes
lt_cv_prog_compiler_rtti_exceptions=no
lt_cv_prog_gnu_ld=yes
lt_cv_sys_global_symbol_pipe='sed -n -e '\''s/^.*[	 ]\([ABCDGIRSTW][ABCDGIRSTW]*\)[	 ][	 ]*\([_A-Za-z][_A-Za-z0-9]*\)$/\1 \2 \2/p'\'''
lt_cv_sys_global_symbol_to_c_name_address='sed -n -e '\''s/^: \([^ ]*\) $/  {\"\1\", (void *) 0},/p'\'' -e '\''s/^[ABCDGIRSTW]* \([^ ]*\) \([^ ]*\)$/  {"\2", (void *) \&\2},/p'\'''
lt_cv_sys_global_symbol_to_cdecl='sed -n -e '\''s/^T .* \(.*\)$/extern int \1();/p'\'' -e '\''s/^[ABCDGIRSTW]* .* \(.*\)$/extern char \1;/p'\'''
lt_cv_sys_max_cmd_len=3458764513820540925

## ----------------- ##
## Output variables. ##
## ----------------- ##

ACLOCAL='${SHELL} /home/student/Documents/SanntidssalPernambuco/ex8/buildroot/output/toolchain/binutils-2.18-avr32-1.0.1/missing --run aclocal-1.9'
ALLOCA=''
AMDEPBACKSLASH='\'
AMDEP_FALSE='#'
AMDEP_TRUE=''
AMTAR='${SHELL} /home/student/Documents/SanntidssalPernambuco/ex8/buildroot/output/toolchain/binutils-2.18-avr32-1.0.1/missing --run tar'
AR='/usr/bin/ar'
AUTOCONF='${SHELL} /home/student/Documents/SanntidssalPernambuco/ex8/buildroot/output/toolchain/binutils-2.18-avr32-1.0.1/missing --run autoconf'
AUTOHEADER='${SHELL} /home/student/Documents/SanntidssalPernambuco/ex8/buildroot/output/toolchain/binutils-2.18-avr32-1.0.1/missing --run autoheader'
AUTOMAKE='${SHELL} /home/student/Documents/SanntidssalPernambuco/ex8/buildroot/output/toolchain/binutils-2.18-avr32-1.0.1/missing --run automake-1.9'
AWK='gawk'
CATALOGS=''
CATOBJEXT=''
CC='/usr/bin/gcc'
CCDEPMODE='depmode=none'
CFLAGS='-I/home/student/Documents/SanntidssalPernambuco/ex8/buildroot/output/host/include -I/home/student/Documents/SanntidssalPernambuco/ex8/buildroot/output/host/usr/include'
CPP='/usr/bin/gcc -E'
CPPFLAGS=''
CYGPATH_W='echo'
DATADIRNAME=''
DEFS='-DHAVE_CONFIG_H'
DEPDIR='.deps'
DUMPBIN=''
ECHO_C=''
ECHO_N='-n'
ECHO_T=''
EGREP='grep -E'
EXEEXT=''
FGREP='grep -F'
GDBINIT='.gdbinit'
GENCAT=''
GENINSRC_NEVER_FALSE=''
GENINSRC_NEVER_TRUE='#'
GMSGFMT='/usr/bin/msgfmt'
GREP='grep'
INCINTL=''
INSTALL_DATA='/usr/bin/install -c -m 644'
INSTALL_PROGRAM='/usr/bin/install -c'
INSTALL_SCRIPT='/usr/bin/install -c'
INSTALL_STRIP_PROGRAM='${SHELL} $(install_sh) -c -s'
INSTOBJEXT=''
LD='/usr/bin/ld -m elf_x86_64'
LDFLAGS='-L/home/student/Documents/SanntidssalPernambuco/ex8/buildroot/output/host/lib -L/home/student/Documents/SanntidssalPernambuco/ex8/buildroot/output/host/usr/lib -Wl,-rpath,/home/student/Documents/SanntidssalPernambuco/ex8/buildroot/output/host/usr/lib'
LEX='flex'
LEXLIB='-lfl'
LEX_OUTPUT_ROOT='lex.yy'
LIBINTL=''
LIBINTL_DEP=''
LIBM=''
LIBOBJS=''
LIBS=''
LIBTOOL='$(SHELL) $(top_builddir)/libtool'
LN_S='ln -s'
LTLIBOBJS=''
MAINT='#'
MAINTAINER_MODE_FALSE=''
MAINTAINER_MODE_TRUE='#'
MAKEINFO='makeinfo --split-size=5000000'
MKINSTALLDIRS='/home/student/Documents/SanntidssalPernambuco/ex8/buildroot/output/toolchain/binutils-2.18-avr32-1.0.1/gas/../mkinstalldirs'
MSGFMT='/usr/bin/msgfmt'
MSGMERGE='/usr/bin/msgmerge'
NM='/usr/bin/nm'
NO_WERROR=''
OBJEXT='o'
OPCODES_LIB='../opcodes/libopcodes.la'
PACKAGE='gas'
PACKAGE_BUGREPORT=''
PACKAGE_NAME=''
PACKAGE_STRING=''
PACKAGE_TARNAME=''
PACKAGE_VERSION=''
PATH_SEPARATOR=':'
POSUB=''
RANLIB='ranlib'
SED='/bin/sed'
SET_MAKE=''
SHELL='/bin/bash'
STRIP='strip'
USE_NLS='no'
VERSION='2.18.atmel.1.0.1.avr32linux.1'
WARN_CFLAGS='-W -Wall -Wstrict-prototypes -Wmissing-prototypes'
XGETTEXT='/usr/bin/xgettext'
YACC='bison -y'
ac_ct_AR=''
ac_ct_CC=''
ac_ct_DUMPBIN=''
ac_ct_RANLIB=''
ac_ct_STRIP='strip'
am__fastdepCC_FALSE=''
am__fastdepCC_TRUE='#'
am__include='include'
am__leading_dot='.'
am__quote=''
am__tar='${AMTAR} chof - "$$tardir"'
am__untar='${AMTAR} xf -'
atof='ieee'
bindir='${exec_prefix}/bin'
build='x86_64-unknown-linux-gnu'
build_alias='x86_64-unknown-linux-gnu'
build_cpu='x86_64'
build_os='linux-gnu'
build_vendor='unknown'
cgen_cpu_prefix=''
datadir='${prefix}/share'
datarootdir='/home/student/Documents/SanntidssalPernambuco/ex8/buildroot/output/staging/usr/share'
docdir='/home/student/Documents/SanntidssalPernambuco/ex8/buildroot/output/staging/usr/share/doc'
exec_prefix='${prefix}'
extra_objects=''
host='x86_64-unknown-linux-gnu'
host_alias='x86_64-unknown-linux-gnu'
host_cpu='x86_64'
host_os='linux-gnu'
host_vendor='unknown'
htmldir='/home/student/Documents/SanntidssalPernambuco/ex8/buildroot/output/staging/usr/share/doc'
includedir='${prefix}/include'
infodir='${prefix}/info'
install_sh='/home/student/Documents/SanntidssalPernambuco/ex8/buildroot/output/toolchain/binutils-2.18-avr32-1.0.1/install-sh'
install_tooldir='install-exec-tooldir'
libdir='${exec_prefix}/lib'
libexecdir='${exec_prefix}/libexec'
localstatedir='${prefix}/var'
lt_ECHO='echo'
mandir='${prefix}/man'
mkdir_p='mkdir -p --'
obj_format='elf'
oldincludedir='/usr/include'
prefix='/home/student/Documents/SanntidssalPernambuco/ex8/buildroot/output/staging/usr'
program_transform_name='s,^,avr32-unknown-linux-uclibc-,'
sbindir='${exec_prefix}/sbin'
sharedstatedir='${prefix}/com'
sysconfdir='${prefix}/etc'
target='avr32-unknown-linux-uclibc'
target_alias='avr32-unknown-linux-uclibc'
target_cpu='avr32'
target_cpu_type='avr32'
target_os='linux-uclibc'
target_vendor='unknown'
te_file='linux'

## ----------- ##
## confdefs.h. ##
## ----------- ##

#define CROSS_COMPILE 1
#define DEFAULT_EMULATION ""
#define EMULATIONS 
#define HAVE_ALLOCA 1
#define HAVE_ALLOCA_H 1
#define HAVE_DECL_GETOPT 1
#define HAVE_DECL_VSNPRINTF 1
#define HAVE_DLFCN_H 1
#define HAVE_ERRNO_H 1
#define HAVE_INTTYPES_H 1
#define HAVE_MEMORY_H 1
#define HAVE_MEMORY_H 1
#define HAVE_SBRK 1
#define HAVE_STDARG_H 1
#define HAVE_STDINT_H 1
#define HAVE_STDLIB_H 1
#define HAVE_STDLIB_H 1
#define HAVE_STRINGS_H 1
#define HAVE_STRINGS_H 1
#define HAVE_STRING_H 1
#define HAVE_STRING_H 1
#define HAVE_SYS_STAT_H 1
#define HAVE_SYS_TYPES_H 1
#define HAVE_SYS_TYPES_H 1
#define HAVE_UNISTD_H 1
#define HAVE_UNISTD_H 1
#define HAVE_UNLINK 1
#define LT_OBJDIR ".libs/"
#define NEED_DECLARATION_ENVIRON 1
#define PACKAGE "gas"
#define PACKAGE_BUGREPORT ""
#define PACKAGE_NAME ""
#define PACKAGE_STRING ""
#define PACKAGE_TARNAME ""
#define PACKAGE_VERSION ""
#define STDC_HEADERS 1
#define TARGET_ALIAS "avr32-unknown-linux-uclibc"
#define TARGET_BYTES_BIG_ENDIAN 1
#define TARGET_CANONICAL "avr32-unknown-linux-uclibc"
#define TARGET_CPU "avr32"
#define TARGET_OS "linux-uclibc"
#define TARGET_VENDOR "unknown"
#define VERSION "2.18.atmel.1.0.1.avr32linux.1"
#define YYTEXT_POINTER 1

configure: exit 0
