This file contains any messages produced by compilers while
running configure, to aid debugging if configure makes a mistake.

It was created by configure, which was
generated by GNU Autoconf 2.59.  Invocation command line was

  $ /home/student/Documents/SanntidssalPernambuco/ex8/buildroot/output/toolchain/gdb-6.7.1-avr32-2.1.5/gdb/gdbserver/configure --cache-file=/dev/null --build=x86_64-unknown-linux-gnu --host=avr32-unknown-linux-uclibc --target=avr32-unknown-linux-uclibc --prefix=/usr --exec-prefix=/usr --bindir=/usr/bin --sbindir=/usr/sbin --libexecdir=/usr/lib --sysconfdir=/etc --datadir=/usr/share --localstatedir=/var --mandir=/usr/man --infodir=/usr/info --includedir=/home/student/Documents/SanntidssalPernambuco/ex8/buildroot/output/staging/usr/include --disable-nls --without-uiout --disable-tui --disable-gdbtk --without-x --without-included-gettext

## --------- ##
## Platform. ##
## --------- ##

hostname = Sanntid
uname -m = x86_64
uname -r = 3.5.7-xenomai-2.6.2.1
uname -s = Linux
uname -v = #1 SMP Sat Feb 9 15:03:06 CST 2013

/usr/bin/uname -p = unknown
/bin/uname -X     = unknown

/bin/arch              = unknown
/usr/bin/arch -k       = unknown
/usr/convex/getsysinfo = unknown
hostinfo               = unknown
/bin/machine           = unknown
/usr/bin/oslevel       = unknown
/bin/universe          = unknown

PATH: /home/student/Documents/SanntidssalPernambuco/ex8/buildroot/output/host/bin
PATH: /home/student/Documents/SanntidssalPernambuco/ex8/buildroot/output/host/usr/bin
PATH: /home/student/Documents/SanntidssalPernambuco/ex8/buildroot/output/host/usr/sbin/
PATH: /usr/local/sbin
PATH: /usr/local/bin
PATH: /usr/sbin
PATH: /usr/bin
PATH: /sbin
PATH: /bin
PATH: /usr/games
PATH: /usr/local/go/bin


## ----------- ##
## Core tests. ##
## ----------- ##

configure:1308: checking for avr32-unknown-linux-uclibc-gcc
configure:1334: result: /home/student/Documents/SanntidssalPernambuco/ex8/buildroot/output/staging/usr/bin/avr32-unknown-linux-uclibc-gcc --sysroot=/home/student/Documents/SanntidssalPernambuco/ex8/buildroot/output/staging
configure:1616: checking for C compiler version
configure:1619: /home/student/Documents/SanntidssalPernambuco/ex8/buildroot/output/staging/usr/bin/avr32-unknown-linux-uclibc-gcc --sysroot=/home/student/Documents/SanntidssalPernambuco/ex8/buildroot/output/staging --version </dev/null >&5
avr32-unknown-linux-uclibc-gcc (GCC) 4.2.4-atmel.1.1.3.avr32linux.1
Copyright (C) 2007 Free Software Foundation, Inc.
This is free software; see the source for copying conditions.  There is NO
warranty; not even for MERCHANTABILITY or FITNESS FOR A PARTICULAR PURPOSE.

configure:1622: $? = 0
configure:1624: /home/student/Documents/SanntidssalPernambuco/ex8/buildroot/output/staging/usr/bin/avr32-unknown-linux-uclibc-gcc --sysroot=/home/student/Documents/SanntidssalPernambuco/ex8/buildroot/output/staging -v </dev/null >&5
Using built-in specs.
Target: avr32-unknown-linux-uclibc
Configured with: /home/student/Documents/SanntidssalPernambuco/ex8/buildroot/output/toolchain/gcc-4.2.4/configure --prefix=/home/student/Documents/SanntidssalPernambuco/ex8/buildroot/output/staging/usr --build=x86_64-unknown-linux-gnu --host=x86_64-unknown-linux-gnu --target=avr32-unknown-linux-uclibc --enable-languages=c --with-sysroot=/home/student/Documents/SanntidssalPernambuco/ex8/buildroot/output/staging --with-build-time-tools=/home/student/Documents/SanntidssalPernambuco/ex8/buildroot/output/staging/usr/avr32-unknown-linux-uclibc/bin --disable-__cxa_atexit --enable-target-optspace --with-gnu-ld --disable-libssp --disable-multilib --disable-tls --enable-shared --with-gmp=/home/student/Documents/SanntidssalPernambuco/ex8/buildroot/output/toolchain/gmp --with-mpfr=/home/student/Documents/SanntidssalPernambuco/ex8/buildroot/output/toolchain/mpfr --disable-nls --enable-threads --disable-libmudflap
Thread model: posix
gcc version 4.2.4-atmel.1.1.3.avr32linux.1
configure:1627: $? = 0
configure:1629: /home/student/Documents/SanntidssalPernambuco/ex8/buildroot/output/staging/usr/bin/avr32-unknown-linux-uclibc-gcc --sysroot=/home/student/Documents/SanntidssalPernambuco/ex8/buildroot/output/staging -V </dev/null >&5
avr32-unknown-linux-uclibc-gcc: '-V' must come at the start of the command line
configure:1632: $? = 1
configure:1655: checking for C compiler default output file name
configure:1658: /home/student/Documents/SanntidssalPernambuco/ex8/buildroot/output/staging/usr/bin/avr32-unknown-linux-uclibc-gcc --sysroot=/home/student/Documents/SanntidssalPernambuco/ex8/buildroot/output/staging -Os -pipe -Os  -msoft-float -D_LARGEFILE_SOURCE -D_LARGEFILE64_SOURCE -D_FILE_OFFSET_BITS=64 -I/home/student/Documents/SanntidssalPernambuco/ex8/buildroot/output/staging/usr/include -I/home/student/Documents/SanntidssalPernambuco/ex8/buildroot/output/staging/include  -L/home/student/Documents/SanntidssalPernambuco/ex8/buildroot/output/staging/lib -L/home/student/Documents/SanntidssalPernambuco/ex8/buildroot/output/staging/usr/lib conftest.c  >&5
configure:1661: $? = 0
configure:1707: result: a.out
configure:1712: checking whether the C compiler works
configure:1738: result: yes
configure:1745: checking whether we are cross compiling
configure:1747: result: yes
configure:1750: checking for suffix of executables
configure:1752: /home/student/Documents/SanntidssalPernambuco/ex8/buildroot/output/staging/usr/bin/avr32-unknown-linux-uclibc-gcc --sysroot=/home/student/Documents/SanntidssalPernambuco/ex8/buildroot/output/staging -o conftest -Os -pipe -Os  -msoft-float -D_LARGEFILE_SOURCE -D_LARGEFILE64_SOURCE -D_FILE_OFFSET_BITS=64 -I/home/student/Documents/SanntidssalPernambuco/ex8/buildroot/output/staging/usr/include -I/home/student/Documents/SanntidssalPernambuco/ex8/buildroot/output/staging/include  -L/home/student/Documents/SanntidssalPernambuco/ex8/buildroot/output/staging/lib -L/home/student/Documents/SanntidssalPernambuco/ex8/buildroot/output/staging/usr/lib conftest.c  >&5
configure:1755: $? = 0
configure:1780: result: 
configure:1786: checking for suffix of object files
configure:1807: /home/student/Documents/SanntidssalPernambuco/ex8/buildroot/output/staging/usr/bin/avr32-unknown-linux-uclibc-gcc --sysroot=/home/student/Documents/SanntidssalPernambuco/ex8/buildroot/output/staging -c -Os -pipe -Os  -msoft-float -D_LARGEFILE_SOURCE -D_LARGEFILE64_SOURCE -D_FILE_OFFSET_BITS=64 -I/home/student/Documents/SanntidssalPernambuco/ex8/buildroot/output/staging/usr/include -I/home/student/Documents/SanntidssalPernambuco/ex8/buildroot/output/staging/include  conftest.c >&5
configure:1810: $? = 0
configure:1832: result: o
configure:1836: checking whether we are using the GNU C compiler
configure:1860: /home/student/Documents/SanntidssalPernambuco/ex8/buildroot/output/staging/usr/bin/avr32-unknown-linux-uclibc-gcc --sysroot=/home/student/Documents/SanntidssalPernambuco/ex8/buildroot/output/staging -c -Os -pipe -Os  -msoft-float -D_LARGEFILE_SOURCE -D_LARGEFILE64_SOURCE -D_FILE_OFFSET_BITS=64 -I/home/student/Documents/SanntidssalPernambuco/ex8/buildroot/output/staging/usr/include -I/home/student/Documents/SanntidssalPernambuco/ex8/buildroot/output/staging/include  conftest.c >&5
configure:1866: $? = 0
configure:1870: test -z 
			 || test ! -s conftest.err
configure:1873: $? = 0
configure:1876: test -s conftest.o
configure:1879: $? = 0
configure:1892: result: yes
configure:1898: checking whether /home/student/Documents/SanntidssalPernambuco/ex8/buildroot/output/staging/usr/bin/avr32-unknown-linux-uclibc-gcc --sysroot=/home/student/Documents/SanntidssalPernambuco/ex8/buildroot/output/staging accepts -g
configure:1919: /home/student/Documents/SanntidssalPernambuco/ex8/buildroot/output/staging/usr/bin/avr32-unknown-linux-uclibc-gcc --sysroot=/home/student/Documents/SanntidssalPernambuco/ex8/buildroot/output/staging -c -g  conftest.c >&5
configure:1925: $? = 0
configure:1929: test -z 
			 || test ! -s conftest.err
configure:1932: $? = 0
configure:1935: test -s conftest.o
configure:1938: $? = 0
configure:1949: result: yes
configure:1966: checking for /home/student/Documents/SanntidssalPernambuco/ex8/buildroot/output/staging/usr/bin/avr32-unknown-linux-uclibc-gcc --sysroot=/home/student/Documents/SanntidssalPernambuco/ex8/buildroot/output/staging option to accept ANSI C
configure:2036: /home/student/Documents/SanntidssalPernambuco/ex8/buildroot/output/staging/usr/bin/avr32-unknown-linux-uclibc-gcc --sysroot=/home/student/Documents/SanntidssalPernambuco/ex8/buildroot/output/staging  -c -Os -pipe -Os  -msoft-float -D_LARGEFILE_SOURCE -D_LARGEFILE64_SOURCE -D_FILE_OFFSET_BITS=64 -I/home/student/Documents/SanntidssalPernambuco/ex8/buildroot/output/staging/usr/include -I/home/student/Documents/SanntidssalPernambuco/ex8/buildroot/output/staging/include  conftest.c >&5
configure:2042: $? = 0
configure:2046: test -z 
			 || test ! -s conftest.err
configure:2049: $? = 0
configure:2052: test -s conftest.o
configure:2055: $? = 0
configure:2073: result: none needed
configure:2091: /home/student/Documents/SanntidssalPernambuco/ex8/buildroot/output/staging/usr/bin/avr32-unknown-linux-uclibc-gcc --sysroot=/home/student/Documents/SanntidssalPernambuco/ex8/buildroot/output/staging -c -Os -pipe -Os  -msoft-float -D_LARGEFILE_SOURCE -D_LARGEFILE64_SOURCE -D_FILE_OFFSET_BITS=64 -I/home/student/Documents/SanntidssalPernambuco/ex8/buildroot/output/staging/usr/include -I/home/student/Documents/SanntidssalPernambuco/ex8/buildroot/output/staging/include  conftest.c >&5
conftest.c:2: error: expected '=', ',', ';', 'asm' or '__attribute__' before 'me'
configure:2097: $? = 1
configure: failed program was:
| #ifndef __cplusplus
|   choke me
| #endif
configure:2262: checking build system type
configure:2280: result: x86_64-unknown-linux-gnu
configure:2288: checking host system type
configure:2302: result: avr32-unknown-linux-uclibc
configure:2310: checking target system type
configure:2324: result: avr32-unknown-linux-uclibc
configure:2352: checking for a BSD-compatible install
configure:2407: result: /usr/bin/install -c
configure:2439: checking how to run the C preprocessor
configure:2557: result: /home/student/Documents/SanntidssalPernambuco/ex8/buildroot/output/staging/usr/bin/avr32-unknown-linux-uclibc-cpp --sysroot=/home/student/Documents/SanntidssalPernambuco/ex8/buildroot/output/staging
configure:2581: /home/student/Documents/SanntidssalPernambuco/ex8/buildroot/output/staging/usr/bin/avr32-unknown-linux-uclibc-cpp --sysroot=/home/student/Documents/SanntidssalPernambuco/ex8/buildroot/output/staging  conftest.c
configure:2587: $? = 0
configure:2619: /home/student/Documents/SanntidssalPernambuco/ex8/buildroot/output/staging/usr/bin/avr32-unknown-linux-uclibc-cpp --sysroot=/home/student/Documents/SanntidssalPernambuco/ex8/buildroot/output/staging  conftest.c
conftest.c:9:28: error: ac_nonexistent.h: No such file or directory
configure:2625: $? = 1
configure: failed program was:
| /* confdefs.h.  */
| 
| #define PACKAGE_NAME ""
| #define PACKAGE_TARNAME ""
| #define PACKAGE_VERSION ""
| #define PACKAGE_STRING ""
| #define PACKAGE_BUGREPORT ""
| /* end confdefs.h.  */
| #include <ac_nonexistent.h>
configure:2669: checking for egrep
configure:2679: result: grep -E
configure:2684: checking for ANSI C header files
configure:2709: /home/student/Documents/SanntidssalPernambuco/ex8/buildroot/output/staging/usr/bin/avr32-unknown-linux-uclibc-gcc --sysroot=/home/student/Documents/SanntidssalPernambuco/ex8/buildroot/output/staging -c -Os -pipe -Os  -msoft-float -D_LARGEFILE_SOURCE -D_LARGEFILE64_SOURCE -D_FILE_OFFSET_BITS=64 -I/home/student/Documents/SanntidssalPernambuco/ex8/buildroot/output/staging/usr/include -I/home/student/Documents/SanntidssalPernambuco/ex8/buildroot/output/staging/include  conftest.c >&5
configure:2715: $? = 0
configure:2719: test -z 
			 || test ! -s conftest.err
configure:2722: $? = 0
configure:2725: test -s conftest.o
configure:2728: $? = 0
configure:2840: result: yes
configure:2865: checking for sys/types.h
configure:2881: /home/student/Documents/SanntidssalPernambuco/ex8/buildroot/output/staging/usr/bin/avr32-unknown-linux-uclibc-gcc --sysroot=/home/student/Documents/SanntidssalPernambuco/ex8/buildroot/output/staging -c -Os -pipe -Os  -msoft-float -D_LARGEFILE_SOURCE -D_LARGEFILE64_SOURCE -D_FILE_OFFSET_BITS=64 -I/home/student/Documents/SanntidssalPernambuco/ex8/buildroot/output/staging/usr/include -I/home/student/Documents/SanntidssalPernambuco/ex8/buildroot/output/staging/include  conftest.c >&5
configure:2887: $? = 0
configure:2891: test -z 
			 || test ! -s conftest.err
configure:2894: $? = 0
configure:2897: test -s conftest.o
configure:2900: $? = 0
configure:2911: result: yes
configure:2865: checking for sys/stat.h
configure:2881: /home/student/Documents/SanntidssalPernambuco/ex8/buildroot/output/staging/usr/bin/avr32-unknown-linux-uclibc-gcc --sysroot=/home/student/Documents/SanntidssalPernambuco/ex8/buildroot/output/staging -c -Os -pipe -Os  -msoft-float -D_LARGEFILE_SOURCE -D_LARGEFILE64_SOURCE -D_FILE_OFFSET_BITS=64 -I/home/student/Documents/SanntidssalPernambuco/ex8/buildroot/output/staging/usr/include -I/home/student/Documents/SanntidssalPernambuco/ex8/buildroot/output/staging/include  conftest.c >&5
configure:2887: $? = 0
configure:2891: test -z 
			 || test ! -s conftest.err
configure:2894: $? = 0
configure:2897: test -s conftest.o
configure:2900: $? = 0
configure:2911: result: yes
configure:2865: checking for stdlib.h
configure:2881: /home/student/Documents/SanntidssalPernambuco/ex8/buildroot/output/staging/usr/bin/avr32-unknown-linux-uclibc-gcc --sysroot=/home/student/Documents/SanntidssalPernambuco/ex8/buildroot/output/staging -c -Os -pipe -Os  -msoft-float -D_LARGEFILE_SOURCE -D_LARGEFILE64_SOURCE -D_FILE_OFFSET_BITS=64 -I/home/student/Documents/SanntidssalPernambuco/ex8/buildroot/output/staging/usr/include -I/home/student/Documents/SanntidssalPernambuco/ex8/buildroot/output/staging/include  conftest.c >&5
configure:2887: $? = 0
configure:2891: test -z 
			 || test ! -s conftest.err
configure:2894: $? = 0
configure:2897: test -s conftest.o
configure:2900: $? = 0
configure:2911: result: yes
configure:2865: checking for string.h
configure:2881: /home/student/Documents/SanntidssalPernambuco/ex8/buildroot/output/staging/usr/bin/avr32-unknown-linux-uclibc-gcc --sysroot=/home/student/Documents/SanntidssalPernambuco/ex8/buildroot/output/staging -c -Os -pipe -Os  -msoft-float -D_LARGEFILE_SOURCE -D_LARGEFILE64_SOURCE -D_FILE_OFFSET_BITS=64 -I/home/student/Documents/SanntidssalPernambuco/ex8/buildroot/output/staging/usr/include -I/home/student/Documents/SanntidssalPernambuco/ex8/buildroot/output/staging/include  conftest.c >&5
configure:2887: $? = 0
configure:2891: test -z 
			 || test ! -s conftest.err
configure:2894: $? = 0
configure:2897: test -s conftest.o
configure:2900: $? = 0
configure:2911: result: yes
configure:2865: checking for memory.h
configure:2881: /home/student/Documents/SanntidssalPernambuco/ex8/buildroot/output/staging/usr/bin/avr32-unknown-linux-uclibc-gcc --sysroot=/home/student/Documents/SanntidssalPernambuco/ex8/buildroot/output/staging -c -Os -pipe -Os  -msoft-float -D_LARGEFILE_SOURCE -D_LARGEFILE64_SOURCE -D_FILE_OFFSET_BITS=64 -I/home/student/Documents/SanntidssalPernambuco/ex8/buildroot/output/staging/usr/include -I/home/student/Documents/SanntidssalPernambuco/ex8/buildroot/output/staging/include  conftest.c >&5
configure:2887: $? = 0
configure:2891: test -z 
			 || test ! -s conftest.err
configure:2894: $? = 0
configure:2897: test -s conftest.o
configure:2900: $? = 0
configure:2911: result: yes
configure:2865: checking for strings.h
configure:2881: /home/student/Documents/SanntidssalPernambuco/ex8/buildroot/output/staging/usr/bin/avr32-unknown-linux-uclibc-gcc --sysroot=/home/student/Documents/SanntidssalPernambuco/ex8/buildroot/output/staging -c -Os -pipe -Os  -msoft-float -D_LARGEFILE_SOURCE -D_LARGEFILE64_SOURCE -D_FILE_OFFSET_BITS=64 -I/home/student/Documents/SanntidssalPernambuco/ex8/buildroot/output/staging/usr/include -I/home/student/Documents/SanntidssalPernambuco/ex8/buildroot/output/staging/include  conftest.c >&5
configure:2887: $? = 0
configure:2891: test -z 
			 || test ! -s conftest.err
configure:2894: $? = 0
configure:2897: test -s conftest.o
configure:2900: $? = 0
configure:2911: result: yes
configure:2865: checking for inttypes.h
configure:2881: /home/student/Documents/SanntidssalPernambuco/ex8/buildroot/output/staging/usr/bin/avr32-unknown-linux-uclibc-gcc --sysroot=/home/student/Documents/SanntidssalPernambuco/ex8/buildroot/output/staging -c -Os -pipe -Os  -msoft-float -D_LARGEFILE_SOURCE -D_LARGEFILE64_SOURCE -D_FILE_OFFSET_BITS=64 -I/home/student/Documents/SanntidssalPernambuco/ex8/buildroot/output/staging/usr/include -I/home/student/Documents/SanntidssalPernambuco/ex8/buildroot/output/staging/include  conftest.c >&5
configure:2887: $? = 0
configure:2891: test -z 
			 || test ! -s conftest.err
configure:2894: $? = 0
configure:2897: test -s conftest.o
configure:2900: $? = 0
configure:2911: result: yes
configure:2865: checking for stdint.h
configure:2881: /home/student/Documents/SanntidssalPernambuco/ex8/buildroot/output/staging/usr/bin/avr32-unknown-linux-uclibc-gcc --sysroot=/home/student/Documents/SanntidssalPernambuco/ex8/buildroot/output/staging -c -Os -pipe -Os  -msoft-float -D_LARGEFILE_SOURCE -D_LARGEFILE64_SOURCE -D_FILE_OFFSET_BITS=64 -I/home/student/Documents/SanntidssalPernambuco/ex8/buildroot/output/staging/usr/include -I/home/student/Documents/SanntidssalPernambuco/ex8/buildroot/output/staging/include  conftest.c >&5
configure:2887: $? = 0
configure:2891: test -z 
			 || test ! -s conftest.err
configure:2894: $? = 0
configure:2897: test -s conftest.o
configure:2900: $? = 0
configure:2911: result: yes
configure:2865: checking for unistd.h
configure:2881: /home/student/Documents/SanntidssalPernambuco/ex8/buildroot/output/staging/usr/bin/avr32-unknown-linux-uclibc-gcc --sysroot=/home/student/Documents/SanntidssalPernambuco/ex8/buildroot/output/staging -c -Os -pipe -Os  -msoft-float -D_LARGEFILE_SOURCE -D_LARGEFILE64_SOURCE -D_FILE_OFFSET_BITS=64 -I/home/student/Documents/SanntidssalPernambuco/ex8/buildroot/output/staging/usr/include -I/home/student/Documents/SanntidssalPernambuco/ex8/buildroot/output/staging/include  conftest.c >&5
configure:2887: $? = 0
configure:2891: test -z 
			 || test ! -s conftest.err
configure:2894: $? = 0
configure:2897: test -s conftest.o
configure:2900: $? = 0
configure:2911: result: yes
configure:2959: checking sgtty.h usability
configure:2971: /home/student/Documents/SanntidssalPernambuco/ex8/buildroot/output/staging/usr/bin/avr32-unknown-linux-uclibc-gcc --sysroot=/home/student/Documents/SanntidssalPernambuco/ex8/buildroot/output/staging -c -Os -pipe -Os  -msoft-float -D_LARGEFILE_SOURCE -D_LARGEFILE64_SOURCE -D_FILE_OFFSET_BITS=64 -I/home/student/Documents/SanntidssalPernambuco/ex8/buildroot/output/staging/usr/include -I/home/student/Documents/SanntidssalPernambuco/ex8/buildroot/output/staging/include  conftest.c >&5
conftest.c:53:19: error: sgtty.h: No such file or directory
configure:2977: $? = 1
configure: failed program was:
| /* confdefs.h.  */
| 
| #define PACKAGE_NAME ""
| #define PACKAGE_TARNAME ""
| #define PACKAGE_VERSION ""
| #define PACKAGE_STRING ""
| #define PACKAGE_BUGREPORT ""
| #define STDC_HEADERS 1
| #define HAVE_SYS_TYPES_H 1
| #define HAVE_SYS_STAT_H 1
| #define HAVE_STDLIB_H 1
| #define HAVE_STRING_H 1
| #define HAVE_MEMORY_H 1
| #define HAVE_STRINGS_H 1
| #define HAVE_INTTYPES_H 1
| #define HAVE_STDINT_H 1
| #define HAVE_UNISTD_H 1
| /* end confdefs.h.  */
| #include <stdio.h>
| #if HAVE_SYS_TYPES_H
| # include <sys/types.h>
| #endif
| #if HAVE_SYS_STAT_H
| # include <sys/stat.h>
| #endif
| #if STDC_HEADERS
| # include <stdlib.h>
| # include <stddef.h>
| #else
| # if HAVE_STDLIB_H
| #  include <stdlib.h>
| # endif
| #endif
| #if HAVE_STRING_H
| # if !STDC_HEADERS && HAVE_MEMORY_H
| #  include <memory.h>
| # endif
| # include <string.h>
| #endif
| #if HAVE_STRINGS_H
| # include <strings.h>
| #endif
| #if HAVE_INTTYPES_H
| # include <inttypes.h>
| #else
| # if HAVE_STDINT_H
| #  include <stdint.h>
| # endif
| #endif
| #if HAVE_UNISTD_H
| # include <unistd.h>
| #endif
| #include <sgtty.h>
configure:3000: result: no
configure:3004: checking sgtty.h presence
configure:3014: /home/student/Documents/SanntidssalPernambuco/ex8/buildroot/output/staging/usr/bin/avr32-unknown-linux-uclibc-cpp --sysroot=/home/student/Documents/SanntidssalPernambuco/ex8/buildroot/output/staging  conftest.c
conftest.c:19:19: error: sgtty.h: No such file or directory
configure:3020: $? = 1
configure: failed program was:
| /* confdefs.h.  */
| 
| #define PACKAGE_NAME ""
| #define PACKAGE_TARNAME ""
| #define PACKAGE_VERSION ""
| #define PACKAGE_STRING ""
| #define PACKAGE_BUGREPORT ""
| #define STDC_HEADERS 1
| #define HAVE_SYS_TYPES_H 1
| #define HAVE_SYS_STAT_H 1
| #define HAVE_STDLIB_H 1
| #define HAVE_STRING_H 1
| #define HAVE_MEMORY_H 1
| #define HAVE_STRINGS_H 1
| #define HAVE_INTTYPES_H 1
| #define HAVE_STDINT_H 1
| #define HAVE_UNISTD_H 1
| /* end confdefs.h.  */
| #include <sgtty.h>
configure:3040: result: no
configure:3075: checking for sgtty.h
configure:3082: result: no
configure:2959: checking termio.h usability
configure:2971: /home/student/Documents/SanntidssalPernambuco/ex8/buildroot/output/staging/usr/bin/avr32-unknown-linux-uclibc-gcc --sysroot=/home/student/Documents/SanntidssalPernambuco/ex8/buildroot/output/staging -c -Os -pipe -Os  -msoft-float -D_LARGEFILE_SOURCE -D_LARGEFILE64_SOURCE -D_FILE_OFFSET_BITS=64 -I/home/student/Documents/SanntidssalPernambuco/ex8/buildroot/output/staging/usr/include -I/home/student/Documents/SanntidssalPernambuco/ex8/buildroot/output/staging/include  conftest.c >&5
configure:2977: $? = 0
configure:2981: test -z 
			 || test ! -s conftest.err
configure:2984: $? = 0
configure:2987: test -s conftest.o
configure:2990: $? = 0
configure:3000: result: yes
configure:3004: checking termio.h presence
configure:3014: /home/student/Documents/SanntidssalPernambuco/ex8/buildroot/output/staging/usr/bin/avr32-unknown-linux-uclibc-cpp --sysroot=/home/student/Documents/SanntidssalPernambuco/ex8/buildroot/output/staging  conftest.c
configure:3020: $? = 0
configure:3040: result: yes
configure:3075: checking for termio.h
configure:3082: result: yes
configure:2959: checking termios.h usability
configure:2971: /home/student/Documents/SanntidssalPernambuco/ex8/buildroot/output/staging/usr/bin/avr32-unknown-linux-uclibc-gcc --sysroot=/home/student/Documents/SanntidssalPernambuco/ex8/buildroot/output/staging -c -Os -pipe -Os  -msoft-float -D_LARGEFILE_SOURCE -D_LARGEFILE64_SOURCE -D_FILE_OFFSET_BITS=64 -I/home/student/Documents/SanntidssalPernambuco/ex8/buildroot/output/staging/usr/include -I/home/student/Documents/SanntidssalPernambuco/ex8/buildroot/output/staging/include  conftest.c >&5
configure:2977: $? = 0
configure:2981: test -z 
			 || test ! -s conftest.err
configure:2984: $? = 0
configure:2987: test -s conftest.o
configure:2990: $? = 0
configure:3000: result: yes
configure:3004: checking termios.h presence
configure:3014: /home/student/Documents/SanntidssalPernambuco/ex8/buildroot/output/staging/usr/bin/avr32-unknown-linux-uclibc-cpp --sysroot=/home/student/Documents/SanntidssalPernambuco/ex8/buildroot/output/staging  conftest.c
configure:3020: $? = 0
configure:3040: result: yes
configure:3075: checking for termios.h
configure:3082: result: yes
configure:2959: checking sys/reg.h usability
configure:2971: /home/student/Documents/SanntidssalPernambuco/ex8/buildroot/output/staging/usr/bin/avr32-unknown-linux-uclibc-gcc --sysroot=/home/student/Documents/SanntidssalPernambuco/ex8/buildroot/output/staging -c -Os -pipe -Os  -msoft-float -D_LARGEFILE_SOURCE -D_LARGEFILE64_SOURCE -D_FILE_OFFSET_BITS=64 -I/home/student/Documents/SanntidssalPernambuco/ex8/buildroot/output/staging/usr/include -I/home/student/Documents/SanntidssalPernambuco/ex8/buildroot/output/staging/include  conftest.c >&5
conftest.c:55:21: error: sys/reg.h: No such file or directory
configure:2977: $? = 1
configure: failed program was:
| /* confdefs.h.  */
| 
| #define PACKAGE_NAME ""
| #define PACKAGE_TARNAME ""
| #define PACKAGE_VERSION ""
| #define PACKAGE_STRING ""
| #define PACKAGE_BUGREPORT ""
| #define STDC_HEADERS 1
| #define HAVE_SYS_TYPES_H 1
| #define HAVE_SYS_STAT_H 1
| #define HAVE_STDLIB_H 1
| #define HAVE_STRING_H 1
| #define HAVE_MEMORY_H 1
| #define HAVE_STRINGS_H 1
| #define HAVE_INTTYPES_H 1
| #define HAVE_STDINT_H 1
| #define HAVE_UNISTD_H 1
| #define HAVE_TERMIO_H 1
| #define HAVE_TERMIOS_H 1
| /* end confdefs.h.  */
| #include <stdio.h>
| #if HAVE_SYS_TYPES_H
| # include <sys/types.h>
| #endif
| #if HAVE_SYS_STAT_H
| # include <sys/stat.h>
| #endif
| #if STDC_HEADERS
| # include <stdlib.h>
| # include <stddef.h>
| #else
| # if HAVE_STDLIB_H
| #  include <stdlib.h>
| # endif
| #endif
| #if HAVE_STRING_H
| # if !STDC_HEADERS && HAVE_MEMORY_H
| #  include <memory.h>
| # endif
| # include <string.h>
| #endif
| #if HAVE_STRINGS_H
| # include <strings.h>
| #endif
| #if HAVE_INTTYPES_H
| # include <inttypes.h>
| #else
| # if HAVE_STDINT_H
| #  include <stdint.h>
| # endif
| #endif
| #if HAVE_UNISTD_H
| # include <unistd.h>
| #endif
| #include <sys/reg.h>
configure:3000: result: no
configure:3004: checking sys/reg.h presence
configure:3014: /home/student/Documents/SanntidssalPernambuco/ex8/buildroot/output/staging/usr/bin/avr32-unknown-linux-uclibc-cpp --sysroot=/home/student/Documents/SanntidssalPernambuco/ex8/buildroot/output/staging  conftest.c
conftest.c:21:21: error: sys/reg.h: No such file or directory
configure:3020: $? = 1
configure: failed program was:
| /* confdefs.h.  */
| 
| #define PACKAGE_NAME ""
| #define PACKAGE_TARNAME ""
| #define PACKAGE_VERSION ""
| #define PACKAGE_STRING ""
| #define PACKAGE_BUGREPORT ""
| #define STDC_HEADERS 1
| #define HAVE_SYS_TYPES_H 1
| #define HAVE_SYS_STAT_H 1
| #define HAVE_STDLIB_H 1
| #define HAVE_STRING_H 1
| #define HAVE_MEMORY_H 1
| #define HAVE_STRINGS_H 1
| #define HAVE_INTTYPES_H 1
| #define HAVE_STDINT_H 1
| #define HAVE_UNISTD_H 1
| #define HAVE_TERMIO_H 1
| #define HAVE_TERMIOS_H 1
| /* end confdefs.h.  */
| #include <sys/reg.h>
configure:3040: result: no
configure:3075: checking for sys/reg.h
configure:3082: result: no
configure:2950: checking for string.h
configure:2955: result: yes
configure:2959: checking proc_service.h usability
configure:2971: /home/student/Documents/SanntidssalPernambuco/ex8/buildroot/output/staging/usr/bin/avr32-unknown-linux-uclibc-gcc --sysroot=/home/student/Documents/SanntidssalPernambuco/ex8/buildroot/output/staging -c -Os -pipe -Os  -msoft-float -D_LARGEFILE_SOURCE -D_LARGEFILE64_SOURCE -D_FILE_OFFSET_BITS=64 -I/home/student/Documents/SanntidssalPernambuco/ex8/buildroot/output/staging/usr/include -I/home/student/Documents/SanntidssalPernambuco/ex8/buildroot/output/staging/include  conftest.c >&5
conftest.c:56:26: error: proc_service.h: No such file or directory
configure:2977: $? = 1
configure: failed program was:
| /* confdefs.h.  */
| 
| #define PACKAGE_NAME ""
| #define PACKAGE_TARNAME ""
| #define PACKAGE_VERSION ""
| #define PACKAGE_STRING ""
| #define PACKAGE_BUGREPORT ""
| #define STDC_HEADERS 1
| #define HAVE_SYS_TYPES_H 1
| #define HAVE_SYS_STAT_H 1
| #define HAVE_STDLIB_H 1
| #define HAVE_STRING_H 1
| #define HAVE_MEMORY_H 1
| #define HAVE_STRINGS_H 1
| #define HAVE_INTTYPES_H 1
| #define HAVE_STDINT_H 1
| #define HAVE_UNISTD_H 1
| #define HAVE_TERMIO_H 1
| #define HAVE_TERMIOS_H 1
| #define HAVE_STRING_H 1
| /* end confdefs.h.  */
| #include <stdio.h>
| #if HAVE_SYS_TYPES_H
| # include <sys/types.h>
| #endif
| #if HAVE_SYS_STAT_H
| # include <sys/stat.h>
| #endif
| #if STDC_HEADERS
| # include <stdlib.h>
| # include <stddef.h>
| #else
| # if HAVE_STDLIB_H
| #  include <stdlib.h>
| # endif
| #endif
| #if HAVE_STRING_H
| # if !STDC_HEADERS && HAVE_MEMORY_H
| #  include <memory.h>
| # endif
| # include <string.h>
| #endif
| #if HAVE_STRINGS_H
| # include <strings.h>
| #endif
| #if HAVE_INTTYPES_H
| # include <inttypes.h>
| #else
| # if HAVE_STDINT_H
| #  include <stdint.h>
| # endif
| #endif
| #if HAVE_UNISTD_H
| # include <unistd.h>
| #endif
| #include <proc_service.h>
configure:3000: result: no
configure:3004: checking proc_service.h presence
configure:3014: /home/student/Documents/SanntidssalPernambuco/ex8/buildroot/output/staging/usr/bin/avr32-unknown-linux-uclibc-cpp --sysroot=/home/student/Documents/SanntidssalPernambuco/ex8/buildroot/output/staging  conftest.c
conftest.c:22:26: error: proc_service.h: No such file or directory
configure:3020: $? = 1
configure: failed program was:
| /* confdefs.h.  */
| 
| #define PACKAGE_NAME ""
| #define PACKAGE_TARNAME ""
| #define PACKAGE_VERSION ""
| #define PACKAGE_STRING ""
| #define PACKAGE_BUGREPORT ""
| #define STDC_HEADERS 1
| #define HAVE_SYS_TYPES_H 1
| #define HAVE_SYS_STAT_H 1
| #define HAVE_STDLIB_H 1
| #define HAVE_STRING_H 1
| #define HAVE_MEMORY_H 1
| #define HAVE_STRINGS_H 1
| #define HAVE_INTTYPES_H 1
| #define HAVE_STDINT_H 1
| #define HAVE_UNISTD_H 1
| #define HAVE_TERMIO_H 1
| #define HAVE_TERMIOS_H 1
| #define HAVE_STRING_H 1
| /* end confdefs.h.  */
| #include <proc_service.h>
configure:3040: result: no
configure:3075: checking for proc_service.h
configure:3082: result: no
configure:2959: checking sys/procfs.h usability
configure:2971: /home/student/Documents/SanntidssalPernambuco/ex8/buildroot/output/staging/usr/bin/avr32-unknown-linux-uclibc-gcc --sysroot=/home/student/Documents/SanntidssalPernambuco/ex8/buildroot/output/staging -c -Os -pipe -Os  -msoft-float -D_LARGEFILE_SOURCE -D_LARGEFILE64_SOURCE -D_FILE_OFFSET_BITS=64 -I/home/student/Documents/SanntidssalPernambuco/ex8/buildroot/output/staging/usr/include -I/home/student/Documents/SanntidssalPernambuco/ex8/buildroot/output/staging/include  conftest.c >&5
configure:2977: $? = 0
configure:2981: test -z 
			 || test ! -s conftest.err
configure:2984: $? = 0
configure:2987: test -s conftest.o
configure:2990: $? = 0
configure:3000: result: yes
configure:3004: checking sys/procfs.h presence
configure:3014: /home/student/Documents/SanntidssalPernambuco/ex8/buildroot/output/staging/usr/bin/avr32-unknown-linux-uclibc-cpp --sysroot=/home/student/Documents/SanntidssalPernambuco/ex8/buildroot/output/staging  conftest.c
configure:3020: $? = 0
configure:3040: result: yes
configure:3075: checking for sys/procfs.h
configure:3082: result: yes
configure:2959: checking thread_db.h usability
configure:2971: /home/student/Documents/SanntidssalPernambuco/ex8/buildroot/output/staging/usr/bin/avr32-unknown-linux-uclibc-gcc --sysroot=/home/student/Documents/SanntidssalPernambuco/ex8/buildroot/output/staging -c -Os -pipe -Os  -msoft-float -D_LARGEFILE_SOURCE -D_LARGEFILE64_SOURCE -D_FILE_OFFSET_BITS=64 -I/home/student/Documents/SanntidssalPernambuco/ex8/buildroot/output/staging/usr/include -I/home/student/Documents/SanntidssalPernambuco/ex8/buildroot/output/staging/include  conftest.c >&5
conftest.c:57:23: error: thread_db.h: No such file or directory
configure:2977: $? = 1
configure: failed program was:
| /* confdefs.h.  */
| 
| #define PACKAGE_NAME ""
| #define PACKAGE_TARNAME ""
| #define PACKAGE_VERSION ""
| #define PACKAGE_STRING ""
| #define PACKAGE_BUGREPORT ""
| #define STDC_HEADERS 1
| #define HAVE_SYS_TYPES_H 1
| #define HAVE_SYS_STAT_H 1
| #define HAVE_STDLIB_H 1
| #define HAVE_STRING_H 1
| #define HAVE_MEMORY_H 1
| #define HAVE_STRINGS_H 1
| #define HAVE_INTTYPES_H 1
| #define HAVE_STDINT_H 1
| #define HAVE_UNISTD_H 1
| #define HAVE_TERMIO_H 1
| #define HAVE_TERMIOS_H 1
| #define HAVE_STRING_H 1
| #define HAVE_SYS_PROCFS_H 1
| /* end confdefs.h.  */
| #include <stdio.h>
| #if HAVE_SYS_TYPES_H
| # include <sys/types.h>
| #endif
| #if HAVE_SYS_STAT_H
| # include <sys/stat.h>
| #endif
| #if STDC_HEADERS
| # include <stdlib.h>
| # include <stddef.h>
| #else
| # if HAVE_STDLIB_H
| #  include <stdlib.h>
| # endif
| #endif
| #if HAVE_STRING_H
| # if !STDC_HEADERS && HAVE_MEMORY_H
| #  include <memory.h>
| # endif
| # include <string.h>
| #endif
| #if HAVE_STRINGS_H
| # include <strings.h>
| #endif
| #if HAVE_INTTYPES_H
| # include <inttypes.h>
| #else
| # if HAVE_STDINT_H
| #  include <stdint.h>
| # endif
| #endif
| #if HAVE_UNISTD_H
| # include <unistd.h>
| #endif
| #include <thread_db.h>
configure:3000: result: no
configure:3004: checking thread_db.h presence
configure:3014: /home/student/Documents/SanntidssalPernambuco/ex8/buildroot/output/staging/usr/bin/avr32-unknown-linux-uclibc-cpp --sysroot=/home/student/Documents/SanntidssalPernambuco/ex8/buildroot/output/staging  conftest.c
conftest.c:23:23: error: thread_db.h: No such file or directory
configure:3020: $? = 1
configure: failed program was:
| /* confdefs.h.  */
| 
| #define PACKAGE_NAME ""
| #define PACKAGE_TARNAME ""
| #define PACKAGE_VERSION ""
| #define PACKAGE_STRING ""
| #define PACKAGE_BUGREPORT ""
| #define STDC_HEADERS 1
| #define HAVE_SYS_TYPES_H 1
| #define HAVE_SYS_STAT_H 1
| #define HAVE_STDLIB_H 1
| #define HAVE_STRING_H 1
| #define HAVE_MEMORY_H 1
| #define HAVE_STRINGS_H 1
| #define HAVE_INTTYPES_H 1
| #define HAVE_STDINT_H 1
| #define HAVE_UNISTD_H 1
| #define HAVE_TERMIO_H 1
| #define HAVE_TERMIOS_H 1
| #define HAVE_STRING_H 1
| #define HAVE_SYS_PROCFS_H 1
| /* end confdefs.h.  */
| #include <thread_db.h>
configure:3040: result: no
configure:3075: checking for thread_db.h
configure:3082: result: no
configure:2959: checking linux/elf.h usability
configure:2971: /home/student/Documents/SanntidssalPernambuco/ex8/buildroot/output/staging/usr/bin/avr32-unknown-linux-uclibc-gcc --sysroot=/home/student/Documents/SanntidssalPernambuco/ex8/buildroot/output/staging -c -Os -pipe -Os  -msoft-float -D_LARGEFILE_SOURCE -D_LARGEFILE64_SOURCE -D_FILE_OFFSET_BITS=64 -I/home/student/Documents/SanntidssalPernambuco/ex8/buildroot/output/staging/usr/include -I/home/student/Documents/SanntidssalPernambuco/ex8/buildroot/output/staging/include  conftest.c >&5
configure:2977: $? = 0
configure:2981: test -z 
			 || test ! -s conftest.err
configure:2984: $? = 0
configure:2987: test -s conftest.o
configure:2990: $? = 0
configure:3000: result: yes
configure:3004: checking linux/elf.h presence
configure:3014: /home/student/Documents/SanntidssalPernambuco/ex8/buildroot/output/staging/usr/bin/avr32-unknown-linux-uclibc-cpp --sysroot=/home/student/Documents/SanntidssalPernambuco/ex8/buildroot/output/staging  conftest.c
configure:3020: $? = 0
configure:3040: result: yes
configure:3075: checking for linux/elf.h
configure:3082: result: yes
configure:2950: checking for stdlib.h
configure:2955: result: yes
configure:2950: checking for unistd.h
configure:2955: result: yes
configure:2959: checking errno.h usability
configure:2971: /home/student/Documents/SanntidssalPernambuco/ex8/buildroot/output/staging/usr/bin/avr32-unknown-linux-uclibc-gcc --sysroot=/home/student/Documents/SanntidssalPernambuco/ex8/buildroot/output/staging -c -Os -pipe -Os  -msoft-float -D_LARGEFILE_SOURCE -D_LARGEFILE64_SOURCE -D_FILE_OFFSET_BITS=64 -I/home/student/Documents/SanntidssalPernambuco/ex8/buildroot/output/staging/usr/include -I/home/student/Documents/SanntidssalPernambuco/ex8/buildroot/output/staging/include  conftest.c >&5
configure:2977: $? = 0
configure:2981: test -z 
			 || test ! -s conftest.err
configure:2984: $? = 0
configure:2987: test -s conftest.o
configure:2990: $? = 0
configure:3000: result: yes
configure:3004: checking errno.h presence
configure:3014: /home/student/Documents/SanntidssalPernambuco/ex8/buildroot/output/staging/usr/bin/avr32-unknown-linux-uclibc-cpp --sysroot=/home/student/Documents/SanntidssalPernambuco/ex8/buildroot/output/staging  conftest.c
configure:3020: $? = 0
configure:3040: result: yes
configure:3075: checking for errno.h
configure:3082: result: yes
configure:2959: checking fcntl.h usability
configure:2971: /home/student/Documents/SanntidssalPernambuco/ex8/buildroot/output/staging/usr/bin/avr32-unknown-linux-uclibc-gcc --sysroot=/home/student/Documents/SanntidssalPernambuco/ex8/buildroot/output/staging -c -Os -pipe -Os  -msoft-float -D_LARGEFILE_SOURCE -D_LARGEFILE64_SOURCE -D_FILE_OFFSET_BITS=64 -I/home/student/Documents/SanntidssalPernambuco/ex8/buildroot/output/staging/usr/include -I/home/student/Documents/SanntidssalPernambuco/ex8/buildroot/output/staging/include  conftest.c >&5
configure:2977: $? = 0
configure:2981: test -z 
			 || test ! -s conftest.err
configure:2984: $? = 0
configure:2987: test -s conftest.o
configure:2990: $? = 0
configure:3000: result: yes
configure:3004: checking fcntl.h presence
configure:3014: /home/student/Documents/SanntidssalPernambuco/ex8/buildroot/output/staging/usr/bin/avr32-unknown-linux-uclibc-cpp --sysroot=/home/student/Documents/SanntidssalPernambuco/ex8/buildroot/output/staging  conftest.c
configure:3020: $? = 0
configure:3040: result: yes
configure:3075: checking for fcntl.h
configure:3082: result: yes
configure:2959: checking signal.h usability
configure:2971: /home/student/Documents/SanntidssalPernambuco/ex8/buildroot/output/staging/usr/bin/avr32-unknown-linux-uclibc-gcc --sysroot=/home/student/Documents/SanntidssalPernambuco/ex8/buildroot/output/staging -c -Os -pipe -Os  -msoft-float -D_LARGEFILE_SOURCE -D_LARGEFILE64_SOURCE -D_FILE_OFFSET_BITS=64 -I/home/student/Documents/SanntidssalPernambuco/ex8/buildroot/output/staging/usr/include -I/home/student/Documents/SanntidssalPernambuco/ex8/buildroot/output/staging/include  conftest.c >&5
configure:2977: $? = 0
configure:2981: test -z 
			 || test ! -s conftest.err
configure:2984: $? = 0
configure:2987: test -s conftest.o
configure:2990: $? = 0
configure:3000: result: yes
configure:3004: checking signal.h presence
configure:3014: /home/student/Documents/SanntidssalPernambuco/ex8/buildroot/output/staging/usr/bin/avr32-unknown-linux-uclibc-cpp --sysroot=/home/student/Documents/SanntidssalPernambuco/ex8/buildroot/output/staging  conftest.c
configure:3020: $? = 0
configure:3040: result: yes
configure:3075: checking for signal.h
configure:3082: result: yes
configure:2959: checking sys/file.h usability
configure:2971: /home/student/Documents/SanntidssalPernambuco/ex8/buildroot/output/staging/usr/bin/avr32-unknown-linux-uclibc-gcc --sysroot=/home/student/Documents/SanntidssalPernambuco/ex8/buildroot/output/staging -c -Os -pipe -Os  -msoft-float -D_LARGEFILE_SOURCE -D_LARGEFILE64_SOURCE -D_FILE_OFFSET_BITS=64 -I/home/student/Documents/SanntidssalPernambuco/ex8/buildroot/output/staging/usr/include -I/home/student/Documents/SanntidssalPernambuco/ex8/buildroot/output/staging/include  conftest.c >&5
configure:2977: $? = 0
configure:2981: test -z 
			 || test ! -s conftest.err
configure:2984: $? = 0
configure:2987: test -s conftest.o
configure:2990: $? = 0
configure:3000: result: yes
configure:3004: checking sys/file.h presence
configure:3014: /home/student/Documents/SanntidssalPernambuco/ex8/buildroot/output/staging/usr/bin/avr32-unknown-linux-uclibc-cpp --sysroot=/home/student/Documents/SanntidssalPernambuco/ex8/buildroot/output/staging  conftest.c
configure:3020: $? = 0
configure:3040: result: yes
configure:3075: checking for sys/file.h
configure:3082: result: yes
configure:2959: checking malloc.h usability
configure:2971: /home/student/Documents/SanntidssalPernambuco/ex8/buildroot/output/staging/usr/bin/avr32-unknown-linux-uclibc-gcc --sysroot=/home/student/Documents/SanntidssalPernambuco/ex8/buildroot/output/staging -c -Os -pipe -Os  -msoft-float -D_LARGEFILE_SOURCE -D_LARGEFILE64_SOURCE -D_FILE_OFFSET_BITS=64 -I/home/student/Documents/SanntidssalPernambuco/ex8/buildroot/output/staging/usr/include -I/home/student/Documents/SanntidssalPernambuco/ex8/buildroot/output/staging/include  conftest.c >&5
configure:2977: $? = 0
configure:2981: test -z 
			 || test ! -s conftest.err
configure:2984: $? = 0
configure:2987: test -s conftest.o
configure:2990: $? = 0
configure:3000: result: yes
configure:3004: checking malloc.h presence
configure:3014: /home/student/Documents/SanntidssalPernambuco/ex8/buildroot/output/staging/usr/bin/avr32-unknown-linux-uclibc-cpp --sysroot=/home/student/Documents/SanntidssalPernambuco/ex8/buildroot/output/staging  conftest.c
configure:3020: $? = 0
configure:3040: result: yes
configure:3075: checking for malloc.h
configure:3082: result: yes
configure:2959: checking sys/ioctl.h usability
configure:2971: /home/student/Documents/SanntidssalPernambuco/ex8/buildroot/output/staging/usr/bin/avr32-unknown-linux-uclibc-gcc --sysroot=/home/student/Documents/SanntidssalPernambuco/ex8/buildroot/output/staging -c -Os -pipe -Os  -msoft-float -D_LARGEFILE_SOURCE -D_LARGEFILE64_SOURCE -D_FILE_OFFSET_BITS=64 -I/home/student/Documents/SanntidssalPernambuco/ex8/buildroot/output/staging/usr/include -I/home/student/Documents/SanntidssalPernambuco/ex8/buildroot/output/staging/include  conftest.c >&5
configure:2977: $? = 0
configure:2981: test -z 
			 || test ! -s conftest.err
configure:2984: $? = 0
configure:2987: test -s conftest.o
configure:2990: $? = 0
configure:3000: result: yes
configure:3004: checking sys/ioctl.h presence
configure:3014: /home/student/Documents/SanntidssalPernambuco/ex8/buildroot/output/staging/usr/bin/avr32-unknown-linux-uclibc-cpp --sysroot=/home/student/Documents/SanntidssalPernambuco/ex8/buildroot/output/staging  conftest.c
configure:3020: $? = 0
configure:3040: result: yes
configure:3075: checking for sys/ioctl.h
configure:3082: result: yes
configure:2959: checking netinet/in.h usability
configure:2971: /home/student/Documents/SanntidssalPernambuco/ex8/buildroot/output/staging/usr/bin/avr32-unknown-linux-uclibc-gcc --sysroot=/home/student/Documents/SanntidssalPernambuco/ex8/buildroot/output/staging -c -Os -pipe -Os  -msoft-float -D_LARGEFILE_SOURCE -D_LARGEFILE64_SOURCE -D_FILE_OFFSET_BITS=64 -I/home/student/Documents/SanntidssalPernambuco/ex8/buildroot/output/staging/usr/include -I/home/student/Documents/SanntidssalPernambuco/ex8/buildroot/output/staging/include  conftest.c >&5
configure:2977: $? = 0
configure:2981: test -z 
			 || test ! -s conftest.err
configure:2984: $? = 0
configure:2987: test -s conftest.o
configure:2990: $? = 0
configure:3000: result: yes
configure:3004: checking netinet/in.h presence
configure:3014: /home/student/Documents/SanntidssalPernambuco/ex8/buildroot/output/staging/usr/bin/avr32-unknown-linux-uclibc-cpp --sysroot=/home/student/Documents/SanntidssalPernambuco/ex8/buildroot/output/staging  conftest.c
configure:3020: $? = 0
configure:3040: result: yes
configure:3075: checking for netinet/in.h
configure:3082: result: yes
configure:2959: checking sys/socket.h usability
configure:2971: /home/student/Documents/SanntidssalPernambuco/ex8/buildroot/output/staging/usr/bin/avr32-unknown-linux-uclibc-gcc --sysroot=/home/student/Documents/SanntidssalPernambuco/ex8/buildroot/output/staging -c -Os -pipe -Os  -msoft-float -D_LARGEFILE_SOURCE -D_LARGEFILE64_SOURCE -D_FILE_OFFSET_BITS=64 -I/home/student/Documents/SanntidssalPernambuco/ex8/buildroot/output/staging/usr/include -I/home/student/Documents/SanntidssalPernambuco/ex8/buildroot/output/staging/include  conftest.c >&5
configure:2977: $? = 0
configure:2981: test -z 
			 || test ! -s conftest.err
configure:2984: $? = 0
configure:2987: test -s conftest.o
configure:2990: $? = 0
configure:3000: result: yes
configure:3004: checking sys/socket.h presence
configure:3014: /home/student/Documents/SanntidssalPernambuco/ex8/buildroot/output/staging/usr/bin/avr32-unknown-linux-uclibc-cpp --sysroot=/home/student/Documents/SanntidssalPernambuco/ex8/buildroot/output/staging  conftest.c
configure:3020: $? = 0
configure:3040: result: yes
configure:3075: checking for sys/socket.h
configure:3082: result: yes
configure:2959: checking netdb.h usability
configure:2971: /home/student/Documents/SanntidssalPernambuco/ex8/buildroot/output/staging/usr/bin/avr32-unknown-linux-uclibc-gcc --sysroot=/home/student/Documents/SanntidssalPernambuco/ex8/buildroot/output/staging -c -Os -pipe -Os  -msoft-float -D_LARGEFILE_SOURCE -D_LARGEFILE64_SOURCE -D_FILE_OFFSET_BITS=64 -I/home/student/Documents/SanntidssalPernambuco/ex8/buildroot/output/staging/usr/include -I/home/student/Documents/SanntidssalPernambuco/ex8/buildroot/output/staging/include  conftest.c >&5
configure:2977: $? = 0
configure:2981: test -z 
			 || test ! -s conftest.err
configure:2984: $? = 0
configure:2987: test -s conftest.o
configure:2990: $? = 0
configure:3000: result: yes
configure:3004: checking netdb.h presence
configure:3014: /home/student/Documents/SanntidssalPernambuco/ex8/buildroot/output/staging/usr/bin/avr32-unknown-linux-uclibc-cpp --sysroot=/home/student/Documents/SanntidssalPernambuco/ex8/buildroot/output/staging  conftest.c
configure:3020: $? = 0
configure:3040: result: yes
configure:3075: checking for netdb.h
configure:3082: result: yes
configure:2959: checking netinet/tcp.h usability
configure:2971: /home/student/Documents/SanntidssalPernambuco/ex8/buildroot/output/staging/usr/bin/avr32-unknown-linux-uclibc-gcc --sysroot=/home/student/Documents/SanntidssalPernambuco/ex8/buildroot/output/staging -c -Os -pipe -Os  -msoft-float -D_LARGEFILE_SOURCE -D_LARGEFILE64_SOURCE -D_FILE_OFFSET_BITS=64 -I/home/student/Documents/SanntidssalPernambuco/ex8/buildroot/output/staging/usr/include -I/home/student/Documents/SanntidssalPernambuco/ex8/buildroot/output/staging/include  conftest.c >&5
configure:2977: $? = 0
configure:2981: test -z 
			 || test ! -s conftest.err
configure:2984: $? = 0
configure:2987: test -s conftest.o
configure:2990: $? = 0
configure:3000: result: yes
configure:3004: checking netinet/tcp.h presence
configure:3014: /home/student/Documents/SanntidssalPernambuco/ex8/buildroot/output/staging/usr/bin/avr32-unknown-linux-uclibc-cpp --sysroot=/home/student/Documents/SanntidssalPernambuco/ex8/buildroot/output/staging  conftest.c
configure:3020: $? = 0
configure:3040: result: yes
configure:3075: checking for netinet/tcp.h
configure:3082: result: yes
configure:2959: checking arpa/inet.h usability
configure:2971: /home/student/Documents/SanntidssalPernambuco/ex8/buildroot/output/staging/usr/bin/avr32-unknown-linux-uclibc-gcc --sysroot=/home/student/Documents/SanntidssalPernambuco/ex8/buildroot/output/staging -c -Os -pipe -Os  -msoft-float -D_LARGEFILE_SOURCE -D_LARGEFILE64_SOURCE -D_FILE_OFFSET_BITS=64 -I/home/student/Documents/SanntidssalPernambuco/ex8/buildroot/output/staging/usr/include -I/home/student/Documents/SanntidssalPernambuco/ex8/buildroot/output/staging/include  conftest.c >&5
configure:2977: $? = 0
configure:2981: test -z 
			 || test ! -s conftest.err
configure:2984: $? = 0
configure:2987: test -s conftest.o
configure:2990: $? = 0
configure:3000: result: yes
configure:3004: checking arpa/inet.h presence
configure:3014: /home/student/Documents/SanntidssalPernambuco/ex8/buildroot/output/staging/usr/bin/avr32-unknown-linux-uclibc-cpp --sysroot=/home/student/Documents/SanntidssalPernambuco/ex8/buildroot/output/staging  conftest.c
configure:3020: $? = 0
configure:3040: result: yes
configure:3075: checking for arpa/inet.h
configure:3082: result: yes
configure:2959: checking sys/wait.h usability
configure:2971: /home/student/Documents/SanntidssalPernambuco/ex8/buildroot/output/staging/usr/bin/avr32-unknown-linux-uclibc-gcc --sysroot=/home/student/Documents/SanntidssalPernambuco/ex8/buildroot/output/staging -c -Os -pipe -Os  -msoft-float -D_LARGEFILE_SOURCE -D_LARGEFILE64_SOURCE -D_FILE_OFFSET_BITS=64 -I/home/student/Documents/SanntidssalPernambuco/ex8/buildroot/output/staging/usr/include -I/home/student/Documents/SanntidssalPernambuco/ex8/buildroot/output/staging/include  conftest.c >&5
configure:2977: $? = 0
configure:2981: test -z 
			 || test ! -s conftest.err
configure:2984: $? = 0
configure:2987: test -s conftest.o
configure:2990: $? = 0
configure:3000: result: yes
configure:3004: checking sys/wait.h presence
configure:3014: /home/student/Documents/SanntidssalPernambuco/ex8/buildroot/output/staging/usr/bin/avr32-unknown-linux-uclibc-cpp --sysroot=/home/student/Documents/SanntidssalPernambuco/ex8/buildroot/output/staging  conftest.c
configure:3020: $? = 0
configure:3040: result: yes
configure:3075: checking for sys/wait.h
configure:3082: result: yes
configure:3097: checking for errno
configure:3118: /home/student/Documents/SanntidssalPernambuco/ex8/buildroot/output/staging/usr/bin/avr32-unknown-linux-uclibc-gcc --sysroot=/home/student/Documents/SanntidssalPernambuco/ex8/buildroot/output/staging -o conftest -Os -pipe -Os  -msoft-float -D_LARGEFILE_SOURCE -D_LARGEFILE64_SOURCE -D_FILE_OFFSET_BITS=64 -I/home/student/Documents/SanntidssalPernambuco/ex8/buildroot/output/staging/usr/include -I/home/student/Documents/SanntidssalPernambuco/ex8/buildroot/output/staging/include  -L/home/student/Documents/SanntidssalPernambuco/ex8/buildroot/output/staging/lib -L/home/student/Documents/SanntidssalPernambuco/ex8/buildroot/output/staging/usr/lib conftest.c  >&5
configure:3124: $? = 0
configure:3128: test -z 
			 || test ! -s conftest.err
configure:3131: $? = 0
configure:3134: test -s conftest
configure:3137: $? = 0
configure:3139: result: yes - in errno.h
configure:3214: checking whether strerror is declared
configure:3238: /home/student/Documents/SanntidssalPernambuco/ex8/buildroot/output/staging/usr/bin/avr32-unknown-linux-uclibc-gcc --sysroot=/home/student/Documents/SanntidssalPernambuco/ex8/buildroot/output/staging -c -Os -pipe -Os  -msoft-float -D_LARGEFILE_SOURCE -D_LARGEFILE64_SOURCE -D_FILE_OFFSET_BITS=64 -I/home/student/Documents/SanntidssalPernambuco/ex8/buildroot/output/staging/usr/include -I/home/student/Documents/SanntidssalPernambuco/ex8/buildroot/output/staging/include  conftest.c >&5
configure:3244: $? = 0
configure:3248: test -z 
			 || test ! -s conftest.err
configure:3251: $? = 0
configure:3254: test -s conftest.o
configure:3257: $? = 0
configure:3268: result: yes
configure:3284: checking whether perror is declared
configure:3308: /home/student/Documents/SanntidssalPernambuco/ex8/buildroot/output/staging/usr/bin/avr32-unknown-linux-uclibc-gcc --sysroot=/home/student/Documents/SanntidssalPernambuco/ex8/buildroot/output/staging -c -Os -pipe -Os  -msoft-float -D_LARGEFILE_SOURCE -D_LARGEFILE64_SOURCE -D_FILE_OFFSET_BITS=64 -I/home/student/Documents/SanntidssalPernambuco/ex8/buildroot/output/staging/usr/include -I/home/student/Documents/SanntidssalPernambuco/ex8/buildroot/output/staging/include  conftest.c >&5
configure:3314: $? = 0
configure:3318: test -z 
			 || test ! -s conftest.err
configure:3321: $? = 0
configure:3324: test -s conftest.o
configure:3327: $? = 0
configure:3338: result: yes
configure:3357: checking for socklen_t
configure:3384: /home/student/Documents/SanntidssalPernambuco/ex8/buildroot/output/staging/usr/bin/avr32-unknown-linux-uclibc-gcc --sysroot=/home/student/Documents/SanntidssalPernambuco/ex8/buildroot/output/staging -c -Os -pipe -Os  -msoft-float -D_LARGEFILE_SOURCE -D_LARGEFILE64_SOURCE -D_FILE_OFFSET_BITS=64 -I/home/student/Documents/SanntidssalPernambuco/ex8/buildroot/output/staging/usr/include -I/home/student/Documents/SanntidssalPernambuco/ex8/buildroot/output/staging/include  conftest.c >&5
configure:3390: $? = 0
configure:3394: test -z 
			 || test ! -s conftest.err
configure:3397: $? = 0
configure:3400: test -s conftest.o
configure:3403: $? = 0
configure:3414: result: yes
configure:3621: checking for lwpid_t in sys/procfs.h
configure:3644: /home/student/Documents/SanntidssalPernambuco/ex8/buildroot/output/staging/usr/bin/avr32-unknown-linux-uclibc-gcc --sysroot=/home/student/Documents/SanntidssalPernambuco/ex8/buildroot/output/staging -c -Os -pipe -Os  -msoft-float -D_LARGEFILE_SOURCE -D_LARGEFILE64_SOURCE -D_FILE_OFFSET_BITS=64 -I/home/student/Documents/SanntidssalPernambuco/ex8/buildroot/output/staging/usr/include -I/home/student/Documents/SanntidssalPernambuco/ex8/buildroot/output/staging/include  conftest.c >&5
configure:3650: $? = 0
configure:3654: test -z 
			 || test ! -s conftest.err
configure:3657: $? = 0
configure:3660: test -s conftest.o
configure:3663: $? = 0
configure:3683: result: yes
configure:3686: checking for psaddr_t in sys/procfs.h
configure:3709: /home/student/Documents/SanntidssalPernambuco/ex8/buildroot/output/staging/usr/bin/avr32-unknown-linux-uclibc-gcc --sysroot=/home/student/Documents/SanntidssalPernambuco/ex8/buildroot/output/staging -c -Os -pipe -Os  -msoft-float -D_LARGEFILE_SOURCE -D_LARGEFILE64_SOURCE -D_FILE_OFFSET_BITS=64 -I/home/student/Documents/SanntidssalPernambuco/ex8/buildroot/output/staging/usr/include -I/home/student/Documents/SanntidssalPernambuco/ex8/buildroot/output/staging/include  conftest.c >&5
configure:3715: $? = 0
configure:3719: test -z 
			 || test ! -s conftest.err
configure:3722: $? = 0
configure:3725: test -s conftest.o
configure:3728: $? = 0
configure:3748: result: yes
configure:3751: checking for prgregset_t in sys/procfs.h
configure:3774: /home/student/Documents/SanntidssalPernambuco/ex8/buildroot/output/staging/usr/bin/avr32-unknown-linux-uclibc-gcc --sysroot=/home/student/Documents/SanntidssalPernambuco/ex8/buildroot/output/staging -c -Os -pipe -Os  -msoft-float -D_LARGEFILE_SOURCE -D_LARGEFILE64_SOURCE -D_FILE_OFFSET_BITS=64 -I/home/student/Documents/SanntidssalPernambuco/ex8/buildroot/output/staging/usr/include -I/home/student/Documents/SanntidssalPernambuco/ex8/buildroot/output/staging/include  conftest.c >&5
configure:3780: $? = 0
configure:3784: test -z 
			 || test ! -s conftest.err
configure:3787: $? = 0
configure:3790: test -s conftest.o
configure:3793: $? = 0
configure:3813: result: yes
configure:3816: checking for elf_fpregset_t in sys/procfs.h
configure:3839: /home/student/Documents/SanntidssalPernambuco/ex8/buildroot/output/staging/usr/bin/avr32-unknown-linux-uclibc-gcc --sysroot=/home/student/Documents/SanntidssalPernambuco/ex8/buildroot/output/staging -c -Os -pipe -Os  -msoft-float -D_LARGEFILE_SOURCE -D_LARGEFILE64_SOURCE -D_FILE_OFFSET_BITS=64 -I/home/student/Documents/SanntidssalPernambuco/ex8/buildroot/output/staging/usr/include -I/home/student/Documents/SanntidssalPernambuco/ex8/buildroot/output/staging/include  conftest.c >&5
configure:3845: $? = 0
configure:3849: test -z 
			 || test ! -s conftest.err
configure:3852: $? = 0
configure:3855: test -s conftest.o
configure:3858: $? = 0
configure:3878: result: yes
configure:3888: checking for libthread_db
configure:3919: /home/student/Documents/SanntidssalPernambuco/ex8/buildroot/output/staging/usr/bin/avr32-unknown-linux-uclibc-gcc --sysroot=/home/student/Documents/SanntidssalPernambuco/ex8/buildroot/output/staging -o conftest -Os -pipe -Os  -msoft-float -D_LARGEFILE_SOURCE -D_LARGEFILE64_SOURCE -D_FILE_OFFSET_BITS=64 -I/home/student/Documents/SanntidssalPernambuco/ex8/buildroot/output/staging/usr/include -I/home/student/Documents/SanntidssalPernambuco/ex8/buildroot/output/staging/include  -L/home/student/Documents/SanntidssalPernambuco/ex8/buildroot/output/staging/lib -L/home/student/Documents/SanntidssalPernambuco/ex8/buildroot/output/staging/usr/lib conftest.c  -lthread_db >&5
/home/student/Documents/SanntidssalPernambuco/ex8/buildroot/output/staging/usr/bin-ccache/../lib/gcc/avr32-unknown-linux-uclibc/4.2.4/../../../../avr32-unknown-linux-uclibc/bin/ld: cannot find -lthread_db
collect2: ld returned 1 exit status
configure:3925: $? = 1
configure: failed program was:
| /* confdefs.h.  */
| 
| #define PACKAGE_NAME ""
| #define PACKAGE_TARNAME ""
| #define PACKAGE_VERSION ""
| #define PACKAGE_STRING ""
| #define PACKAGE_BUGREPORT ""
| #define STDC_HEADERS 1
| #define HAVE_SYS_TYPES_H 1
| #define HAVE_SYS_STAT_H 1
| #define HAVE_STDLIB_H 1
| #define HAVE_STRING_H 1
| #define HAVE_MEMORY_H 1
| #define HAVE_STRINGS_H 1
| #define HAVE_INTTYPES_H 1
| #define HAVE_STDINT_H 1
| #define HAVE_UNISTD_H 1
| #define HAVE_TERMIO_H 1
| #define HAVE_TERMIOS_H 1
| #define HAVE_STRING_H 1
| #define HAVE_SYS_PROCFS_H 1
| #define HAVE_LINUX_ELF_H 1
| #define HAVE_STDLIB_H 1
| #define HAVE_UNISTD_H 1
| #define HAVE_ERRNO_H 1
| #define HAVE_FCNTL_H 1
| #define HAVE_SIGNAL_H 1
| #define HAVE_SYS_FILE_H 1
| #define HAVE_MALLOC_H 1
| #define HAVE_SYS_IOCTL_H 1
| #define HAVE_NETINET_IN_H 1
| #define HAVE_SYS_SOCKET_H 1
| #define HAVE_NETDB_H 1
| #define HAVE_NETINET_TCP_H 1
| #define HAVE_ARPA_INET_H 1
| #define HAVE_SYS_WAIT_H 1
| #define HAVE_ERRNO 1
| #define HAVE_DECL_STRERROR 1
| #define HAVE_DECL_PERROR 1
| #define HAVE_SOCKLEN_T 1
| #define HAVE_LINUX_USRREGS 1
| #define HAVE_LWPID_T 1
| #define HAVE_PSADDR_T 1
| #define HAVE_PRGREGSET_T 1
| #define HAVE_ELF_FPREGSET_T 1
| /* end confdefs.h.  */
| void ps_pglobal_lookup() {}
|    void ps_pdread() {}
|    void ps_pdwrite() {}
|    void ps_lgetregs() {}
|    void ps_lsetregs() {}
|    void ps_lgetfpregs() {}
|    void ps_lsetfpregs() {}
|    void ps_get_thread_area() {}
|    void ps_getpid() {}
| int
| main ()
| {
| td_ta_new();
|   ;
|   return 0;
| }
configure:3977: /home/student/Documents/SanntidssalPernambuco/ex8/buildroot/output/staging/usr/bin/avr32-unknown-linux-uclibc-gcc --sysroot=/home/student/Documents/SanntidssalPernambuco/ex8/buildroot/output/staging -o conftest -Os -pipe -Os  -msoft-float -D_LARGEFILE_SOURCE -D_LARGEFILE64_SOURCE -D_FILE_OFFSET_BITS=64 -I/home/student/Documents/SanntidssalPernambuco/ex8/buildroot/output/staging/usr/include -I/home/student/Documents/SanntidssalPernambuco/ex8/buildroot/output/staging/include  -L/home/student/Documents/SanntidssalPernambuco/ex8/buildroot/output/staging/lib -L/home/student/Documents/SanntidssalPernambuco/ex8/buildroot/output/staging/usr/lib conftest.c  /lib/libthread_db.so.1 >&5
avr32-unknown-linux-uclibc-gcc: /lib/libthread_db.so.1: No such file or directory
configure:3983: $? = 1
configure: failed program was:
| /* confdefs.h.  */
| 
| #define PACKAGE_NAME ""
| #define PACKAGE_TARNAME ""
| #define PACKAGE_VERSION ""
| #define PACKAGE_STRING ""
| #define PACKAGE_BUGREPORT ""
| #define STDC_HEADERS 1
| #define HAVE_SYS_TYPES_H 1
| #define HAVE_SYS_STAT_H 1
| #define HAVE_STDLIB_H 1
| #define HAVE_STRING_H 1
| #define HAVE_MEMORY_H 1
| #define HAVE_STRINGS_H 1
| #define HAVE_INTTYPES_H 1
| #define HAVE_STDINT_H 1
| #define HAVE_UNISTD_H 1
| #define HAVE_TERMIO_H 1
| #define HAVE_TERMIOS_H 1
| #define HAVE_STRING_H 1
| #define HAVE_SYS_PROCFS_H 1
| #define HAVE_LINUX_ELF_H 1
| #define HAVE_STDLIB_H 1
| #define HAVE_UNISTD_H 1
| #define HAVE_ERRNO_H 1
| #define HAVE_FCNTL_H 1
| #define HAVE_SIGNAL_H 1
| #define HAVE_SYS_FILE_H 1
| #define HAVE_MALLOC_H 1
| #define HAVE_SYS_IOCTL_H 1
| #define HAVE_NETINET_IN_H 1
| #define HAVE_SYS_SOCKET_H 1
| #define HAVE_NETDB_H 1
| #define HAVE_NETINET_TCP_H 1
| #define HAVE_ARPA_INET_H 1
| #define HAVE_SYS_WAIT_H 1
| #define HAVE_ERRNO 1
| #define HAVE_DECL_STRERROR 1
| #define HAVE_DECL_PERROR 1
| #define HAVE_SOCKLEN_T 1
| #define HAVE_LINUX_USRREGS 1
| #define HAVE_LWPID_T 1
| #define HAVE_PSADDR_T 1
| #define HAVE_PRGREGSET_T 1
| #define HAVE_ELF_FPREGSET_T 1
| /* end confdefs.h.  */
| void ps_pglobal_lookup() {}
|    void ps_pdread() {}
|    void ps_pdwrite() {}
|    void ps_lgetregs() {}
|    void ps_lsetregs() {}
|    void ps_lgetfpregs() {}
|    void ps_lsetfpregs() {}
|    void ps_get_thread_area() {}
|    void ps_getpid() {}
| int
| main ()
| {
| td_ta_new();
|   ;
|   return 0;
| }
configure:4014: result: no
configure:4017: WARNING: Could not find libthread_db.
configure:4019: WARNING: Disabling thread support in gdbserver.
configure:4109: /home/student/Documents/SanntidssalPernambuco/ex8/buildroot/output/staging/usr/bin/avr32-unknown-linux-uclibc-gcc --sysroot=/home/student/Documents/SanntidssalPernambuco/ex8/buildroot/output/staging -o conftest -Os -pipe -Os  -msoft-float -D_LARGEFILE_SOURCE -D_LARGEFILE64_SOURCE -D_FILE_OFFSET_BITS=64 -I/home/student/Documents/SanntidssalPernambuco/ex8/buildroot/output/staging/usr/include -I/home/student/Documents/SanntidssalPernambuco/ex8/buildroot/output/staging/include  -L/home/student/Documents/SanntidssalPernambuco/ex8/buildroot/output/staging/lib -L/home/student/Documents/SanntidssalPernambuco/ex8/buildroot/output/staging/usr/lib -rdynamic conftest.c  >&5
configure:4115: $? = 0
configure:4119: test -z 
			 || test ! -s conftest.err
configure:4122: $? = 0
configure:4125: test -s conftest
configure:4128: $? = 0
configure:4339: creating ./config.status

## ---------------------- ##
## Running config.status. ##
## ---------------------- ##

This file was extended by config.status, which was
generated by GNU Autoconf 2.59.  Invocation command line was

  CONFIG_FILES    = 
  CONFIG_HEADERS  = 
  CONFIG_LINKS    = 
  CONFIG_COMMANDS = 
  $ ./config.status 

on Sanntid

config.status:5060: creating Makefile
config.status:5163: creating config.h
config.status:5465: executing default commands

## ---------------- ##
## Cache variables. ##
## ---------------- ##

ac_cv_build='x86_64-unknown-linux-gnu'
ac_cv_build_alias='x86_64-unknown-linux-gnu'
ac_cv_c_compiler_gnu='yes'
ac_cv_env_CC_set='set'
ac_cv_env_CC_value='/home/student/Documents/SanntidssalPernambuco/ex8/buildroot/output/staging/usr/bin/avr32-unknown-linux-uclibc-gcc --sysroot=/home/student/Documents/SanntidssalPernambuco/ex8/buildroot/output/staging'
ac_cv_env_CFLAGS_set='set'
ac_cv_env_CFLAGS_value='-Os -pipe -Os  -msoft-float -D_LARGEFILE_SOURCE -D_LARGEFILE64_SOURCE -D_FILE_OFFSET_BITS=64 -I/home/student/Documents/SanntidssalPernambuco/ex8/buildroot/output/staging/usr/include -I/home/student/Documents/SanntidssalPernambuco/ex8/buildroot/output/staging/include'
ac_cv_env_CPPFLAGS_set=''
ac_cv_env_CPPFLAGS_value=''
ac_cv_env_CPP_set='set'
ac_cv_env_CPP_value='/home/student/Documents/SanntidssalPernambuco/ex8/buildroot/output/staging/usr/bin/avr32-unknown-linux-uclibc-cpp --sysroot=/home/student/Documents/SanntidssalPernambuco/ex8/buildroot/output/staging'
ac_cv_env_LDFLAGS_set='set'
ac_cv_env_LDFLAGS_value='-L/home/student/Documents/SanntidssalPernambuco/ex8/buildroot/output/staging/lib -L/home/student/Documents/SanntidssalPernambuco/ex8/buildroot/output/staging/usr/lib'
ac_cv_env_build_alias_set='set'
ac_cv_env_build_alias_value='x86_64-unknown-linux-gnu'
ac_cv_env_host_alias_set='set'
ac_cv_env_host_alias_value='avr32-unknown-linux-uclibc'
ac_cv_env_target_alias_set='set'
ac_cv_env_target_alias_value='avr32-unknown-linux-uclibc'
ac_cv_exeext=''
ac_cv_have_decl_perror='yes'
ac_cv_have_decl_strerror='yes'
ac_cv_header_arpa_inet_h='yes'
ac_cv_header_errno_h='yes'
ac_cv_header_fcntl_h='yes'
ac_cv_header_inttypes_h='yes'
ac_cv_header_linux_elf_h='yes'
ac_cv_header_malloc_h='yes'
ac_cv_header_memory_h='yes'
ac_cv_header_netdb_h='yes'
ac_cv_header_netinet_in_h='yes'
ac_cv_header_netinet_tcp_h='yes'
ac_cv_header_proc_service_h='no'
ac_cv_header_sgtty_h='no'
ac_cv_header_signal_h='yes'
ac_cv_header_stdc='yes'
ac_cv_header_stdint_h='yes'
ac_cv_header_stdlib_h='yes'
ac_cv_header_string_h='yes'
ac_cv_header_strings_h='yes'
ac_cv_header_sys_file_h='yes'
ac_cv_header_sys_ioctl_h='yes'
ac_cv_header_sys_procfs_h='yes'
ac_cv_header_sys_reg_h='no'
ac_cv_header_sys_socket_h='yes'
ac_cv_header_sys_stat_h='yes'
ac_cv_header_sys_types_h='yes'
ac_cv_header_sys_wait_h='yes'
ac_cv_header_termio_h='yes'
ac_cv_header_termios_h='yes'
ac_cv_header_thread_db_h='no'
ac_cv_header_unistd_h='yes'
ac_cv_host='avr32-unknown-linux-uclibc'
ac_cv_host_alias='avr32-unknown-linux-uclibc'
ac_cv_objext='o'
ac_cv_path_install='/usr/bin/install -c'
ac_cv_prog_CC='/home/student/Documents/SanntidssalPernambuco/ex8/buildroot/output/staging/usr/bin/avr32-unknown-linux-uclibc-gcc --sysroot=/home/student/Documents/SanntidssalPernambuco/ex8/buildroot/output/staging'
ac_cv_prog_CPP='/home/student/Documents/SanntidssalPernambuco/ex8/buildroot/output/staging/usr/bin/avr32-unknown-linux-uclibc-cpp --sysroot=/home/student/Documents/SanntidssalPernambuco/ex8/buildroot/output/staging'
ac_cv_prog_cc_g='yes'
ac_cv_prog_cc_stdc=''
ac_cv_prog_egrep='grep -E'
ac_cv_target='avr32-unknown-linux-uclibc'
ac_cv_target_alias='avr32-unknown-linux-uclibc'
ac_cv_type_socklen_t='yes'
bash_cv_have_mbstate_t='yes'
bfd_cv_have_sys_procfs_type_elf_fpregset_t='yes'
bfd_cv_have_sys_procfs_type_lwpid_t='yes'
bfd_cv_have_sys_procfs_type_prgregset_t='yes'
bfd_cv_have_sys_procfs_type_psaddr_t='yes'
gdb_cv_func_sigsetjmp='yes'
srv_cv_thread_db='no'

## ----------------- ##
## Output variables. ##
## ----------------- ##

CC='/home/student/Documents/SanntidssalPernambuco/ex8/buildroot/output/staging/usr/bin/avr32-unknown-linux-uclibc-gcc --sysroot=/home/student/Documents/SanntidssalPernambuco/ex8/buildroot/output/staging'
CFLAGS='-Os -pipe -Os  -msoft-float -D_LARGEFILE_SOURCE -D_LARGEFILE64_SOURCE -D_FILE_OFFSET_BITS=64 -I/home/student/Documents/SanntidssalPernambuco/ex8/buildroot/output/staging/usr/include -I/home/student/Documents/SanntidssalPernambuco/ex8/buildroot/output/staging/include'
CPP='/home/student/Documents/SanntidssalPernambuco/ex8/buildroot/output/staging/usr/bin/avr32-unknown-linux-uclibc-cpp --sysroot=/home/student/Documents/SanntidssalPernambuco/ex8/buildroot/output/staging'
CPPFLAGS=''
DEFS='-DHAVE_CONFIG_H'
ECHO_C='ECHO_N=''
ECHO_T=''
EGREP='grep -E'
EXEEXT=''
GDBSERVER_DEPFILES='reg-avr32.o linux-low.o linux-avr32-low.o '
GDBSERVER_LIBS=''
INSTALL_DATA='${INSTALL} -m 644'
INSTALL_PROGRAM='${INSTALL}'
INSTALL_SCRIPT='${INSTALL}'
LDFLAGS='-L/home/student/Documents/SanntidssalPernambuco/ex8/buildroot/output/staging/lib -L/home/student/Documents/SanntidssalPernambuco/ex8/buildroot/output/staging/usr/lib'
LIBOBJS=''
LIBS=''
LTLIBOBJS=''
OBJEXT='o'
PACKAGE_BUGREPORT=''
PACKAGE_NAME=''
PACKAGE_STRING=''
PACKAGE_TARNAME=''
PACKAGE_VERSION=''
PATH_SEPARATOR=':'
RDYNAMIC='-rdynamic'
SHELL='/bin/bash'
USE_THREAD_DB=''
ac_ct_CC=''
bindir='/usr/bin'
build='x86_64-unknown-linux-gnu'
build_alias='x86_64-unknown-linux-gnu'
build_cpu='x86_64'
build_os='linux-gnu'
build_vendor='unknown'
datadir='/usr/share'
exec_prefix='/usr'
host='avr32-unknown-linux-uclibc'
host_alias='avr32-unknown-linux-uclibc'
host_cpu='avr32'
host_os='linux-uclibc'
host_vendor='unknown'
includedir='/home/student/Documents/SanntidssalPernambuco/ex8/buildroot/output/staging/usr/include'
infodir='/usr/info'
libdir='${exec_prefix}/lib'
libexecdir='/usr/lib'
localstatedir='/var'
mandir='/usr/man'
oldincludedir='/usr/include'
prefix='/usr'
program_transform_name='s,^,avr32-unknown-linux-uclibc-,'
sbindir='/usr/sbin'
sharedstatedir='${prefix}/com'
srv_xmlbuiltin=''
srv_xmlfiles=''
srv_xmltarget=''
sysconfdir='/etc'
target='avr32-unknown-linux-uclibc'
target_alias='avr32-unknown-linux-uclibc'
target_cpu='avr32'
target_os='linux-uclibc'
target_vendor='unknown'

## ----------- ##
## confdefs.h. ##
## ----------- ##

#define HAVE_ARPA_INET_H 1
#define HAVE_DECL_PERROR 1
#define HAVE_DECL_STRERROR 1
#define HAVE_ELF_FPREGSET_T 1
#define HAVE_ERRNO 1
#define HAVE_ERRNO_H 1
#define HAVE_FCNTL_H 1
#define HAVE_INTTYPES_H 1
#define HAVE_LINUX_ELF_H 1
#define HAVE_LINUX_USRREGS 1
#define HAVE_LWPID_T 1
#define HAVE_MALLOC_H 1
#define HAVE_MEMORY_H 1
#define HAVE_NETDB_H 1
#define HAVE_NETINET_IN_H 1
#define HAVE_NETINET_TCP_H 1
#define HAVE_PRGREGSET_T 1
#define HAVE_PSADDR_T 1
#define HAVE_SIGNAL_H 1
#define HAVE_SOCKLEN_T 1
#define HAVE_STDINT_H 1
#define HAVE_STDLIB_H 1
#define HAVE_STDLIB_H 1
#define HAVE_STRINGS_H 1
#define HAVE_STRING_H 1
#define HAVE_STRING_H 1
#define HAVE_SYS_FILE_H 1
#define HAVE_SYS_IOCTL_H 1
#define HAVE_SYS_PROCFS_H 1
#define HAVE_SYS_SOCKET_H 1
#define HAVE_SYS_STAT_H 1
#define HAVE_SYS_TYPES_H 1
#define HAVE_SYS_WAIT_H 1
#define HAVE_TERMIOS_H 1
#define HAVE_TERMIO_H 1
#define HAVE_UNISTD_H 1
#define HAVE_UNISTD_H 1
#define PACKAGE_BUGREPORT ""
#define PACKAGE_NAME ""
#define PACKAGE_STRING ""
#define PACKAGE_TARNAME ""
#define PACKAGE_VERSION ""
#define STDC_HEADERS 1

configure: exit 0

## ---------------------- ##
## Running config.status. ##
## ---------------------- ##

This file was extended by config.status, which was
generated by GNU Autoconf 2.59.  Invocation command line was

  CONFIG_FILES    = 
  CONFIG_HEADERS  = config.h:config.in
  CONFIG_LINKS    = 
  CONFIG_COMMANDS = 
  $ ./config.status 

on Sanntid

config.status:5163: creating config.h
config.status:5305: config.h is unchanged
config.status:5465: executing default commands
