This file contains any messages produced by compilers while
running configure, to aid debugging if configure makes a mistake.

It was created by configure, which was
generated by GNU Autoconf 2.59.  Invocation command line was

  $ /home/student/Documents/SanntidssalPernambuco/ex8/buildroot/output/toolchain/binutils-2.18-avr32-1.0.1/bfd/configure --cache-file=./config.cache --with-gnu-as --with-gnu-ld --prefix=/home/student/Documents/SanntidssalPernambuco/ex8/buildroot/output/staging/usr --with-sysroot=/home/student/Documents/SanntidssalPernambuco/ex8/buildroot/output/toolchain/uClibc_dev/ --with-sysroot=/home/student/Documents/SanntidssalPernambuco/ex8/buildroot/output/staging --disable-nls --disable-multilib --disable-werror --with-gmp=/home/student/Documents/SanntidssalPernambuco/ex8/buildroot/output/toolchain/gmp --with-mpfr=/home/student/Documents/SanntidssalPernambuco/ex8/buildroot/output/toolchain/mpfr --program-transform-name=s,^,avr32-unknown-linux-uclibc-, --build=x86_64-unknown-linux-gnu --host=x86_64-unknown-linux-gnu --target=avr32-unknown-linux-uclibc --srcdir=/home/student/Documents/SanntidssalPernambuco/ex8/buildroot/output/toolchain/binutils-2.18-avr32-1.0.1/bfd

## --------- ##
## Platform. ##
## --------- ##

hostname = Sanntid
uname -m = x86_64
uname -r = 3.5.7-xenomai-2.6.2.1
uname -s = Linux
uname -v = #1 SMP Sat Feb 9 15:03:06 CST 2013

/usr/bin/uname -p = unknown
/bin/uname -X     = unknown

/bin/arch              = unknown
/usr/bin/arch -k       = unknown
/usr/convex/getsysinfo = unknown
hostinfo               = unknown
/bin/machine           = unknown
/usr/bin/oslevel       = unknown
/bin/universe          = unknown

PATH: /usr/local/sbin
PATH: /usr/local/bin
PATH: /usr/sbin
PATH: /usr/bin
PATH: /sbin
PATH: /bin
PATH: /usr/games
PATH: /usr/local/go/bin


## ----------- ##
## Core tests. ##
## ----------- ##

configure:1403: creating cache ./config.cache
configure:1516: checking build system type
configure:1534: result: x86_64-unknown-linux-gnu
configure:1542: checking host system type
configure:1556: result: x86_64-unknown-linux-gnu
configure:1564: checking target system type
configure:1578: result: avr32-unknown-linux-uclibc
configure:1600: checking for x86_64-unknown-linux-gnu-gcc
configure:1626: result: /usr/bin/gcc
configure:1908: checking for C compiler version
configure:1911: /usr/bin/gcc --version </dev/null >&5
gcc (Ubuntu/Linaro 4.6.3-1ubuntu5) 4.6.3
Copyright (C) 2011 Free Software Foundation, Inc.
This is free software; see the source for copying conditions.  There is NO
warranty; not even for MERCHANTABILITY or FITNESS FOR A PARTICULAR PURPOSE.

configure:1914: $? = 0
configure:1916: /usr/bin/gcc -v </dev/null >&5
Using built-in specs.
COLLECT_GCC=/usr/bin/gcc
COLLECT_LTO_WRAPPER=/usr/lib/gcc/x86_64-linux-gnu/4.6/lto-wrapper
Target: x86_64-linux-gnu
Configured with: ../src/configure -v --with-pkgversion='Ubuntu/Linaro 4.6.3-1ubuntu5' --with-bugurl=file:///usr/share/doc/gcc-4.6/README.Bugs --enable-languages=c,c++,fortran,objc,obj-c++ --prefix=/usr --program-suffix=-4.6 --enable-shared --enable-linker-build-id --with-system-zlib --libexecdir=/usr/lib --without-included-gettext --enable-threads=posix --with-gxx-include-dir=/usr/include/c++/4.6 --libdir=/usr/lib --enable-nls --with-sysroot=/ --enable-clocale=gnu --enable-libstdcxx-debug --enable-libstdcxx-time=yes --enable-gnu-unique-object --enable-plugin --enable-objc-gc --disable-werror --with-arch-32=i686 --with-tune=generic --enable-checking=release --build=x86_64-linux-gnu --host=x86_64-linux-gnu --target=x86_64-linux-gnu
Thread model: posix
gcc version 4.6.3 (Ubuntu/Linaro 4.6.3-1ubuntu5) 
configure:1919: $? = 0
configure:1921: /usr/bin/gcc -V </dev/null >&5
gcc: error: unrecognized option '-V'
gcc: fatal error: no input files
compilation terminated.
configure:1924: $? = 4
configure:1947: checking for C compiler default output file name
configure:1950: /usr/bin/gcc -I/home/student/Documents/SanntidssalPernambuco/ex8/buildroot/output/host/include -I/home/student/Documents/SanntidssalPernambuco/ex8/buildroot/output/host/usr/include  -L/home/student/Documents/SanntidssalPernambuco/ex8/buildroot/output/host/lib -L/home/student/Documents/SanntidssalPernambuco/ex8/buildroot/output/host/usr/lib -Wl,-rpath,/home/student/Documents/SanntidssalPernambuco/ex8/buildroot/output/host/usr/lib conftest.c  >&5
configure:1953: $? = 0
configure:1999: result: a.out
configure:2004: checking whether the C compiler works
configure:2010: ./a.out
configure:2013: $? = 0
configure:2030: result: yes
configure:2037: checking whether we are cross compiling
configure:2039: result: no
configure:2042: checking for suffix of executables
configure:2044: /usr/bin/gcc -o conftest -I/home/student/Documents/SanntidssalPernambuco/ex8/buildroot/output/host/include -I/home/student/Documents/SanntidssalPernambuco/ex8/buildroot/output/host/usr/include  -L/home/student/Documents/SanntidssalPernambuco/ex8/buildroot/output/host/lib -L/home/student/Documents/SanntidssalPernambuco/ex8/buildroot/output/host/usr/lib -Wl,-rpath,/home/student/Documents/SanntidssalPernambuco/ex8/buildroot/output/host/usr/lib conftest.c  >&5
configure:2047: $? = 0
configure:2072: result: 
configure:2078: checking for suffix of object files
configure:2099: /usr/bin/gcc -c -I/home/student/Documents/SanntidssalPernambuco/ex8/buildroot/output/host/include -I/home/student/Documents/SanntidssalPernambuco/ex8/buildroot/output/host/usr/include  conftest.c >&5
configure:2102: $? = 0
configure:2124: result: o
configure:2128: checking whether we are using the GNU C compiler
configure:2152: /usr/bin/gcc -c -I/home/student/Documents/SanntidssalPernambuco/ex8/buildroot/output/host/include -I/home/student/Documents/SanntidssalPernambuco/ex8/buildroot/output/host/usr/include  conftest.c >&5
configure:2158: $? = 0
configure:2162: test -z 
			 || test ! -s conftest.err
configure:2165: $? = 0
configure:2168: test -s conftest.o
configure:2171: $? = 0
configure:2184: result: yes
configure:2190: checking whether /usr/bin/gcc accepts -g
configure:2211: /usr/bin/gcc -c -g  conftest.c >&5
configure:2217: $? = 0
configure:2221: test -z 
			 || test ! -s conftest.err
configure:2224: $? = 0
configure:2227: test -s conftest.o
configure:2230: $? = 0
configure:2241: result: yes
configure:2258: checking for /usr/bin/gcc option to accept ANSI C
configure:2328: /usr/bin/gcc  -c -I/home/student/Documents/SanntidssalPernambuco/ex8/buildroot/output/host/include -I/home/student/Documents/SanntidssalPernambuco/ex8/buildroot/output/host/usr/include  conftest.c >&5
configure:2334: $? = 0
configure:2338: test -z 
			 || test ! -s conftest.err
configure:2341: $? = 0
configure:2344: test -s conftest.o
configure:2347: $? = 0
configure:2365: result: none needed
configure:2383: /usr/bin/gcc -c -I/home/student/Documents/SanntidssalPernambuco/ex8/buildroot/output/host/include -I/home/student/Documents/SanntidssalPernambuco/ex8/buildroot/output/host/usr/include  conftest.c >&5
conftest.c:2:3: error: unknown type name 'choke'
conftest.c:2:3: error: expected '=', ',', ';', 'asm' or '__attribute__' at end of input
configure:2389: $? = 1
configure: failed program was:
| #ifndef __cplusplus
|   choke me
| #endif
configure:2523: checking for library containing strerror
configure:2553: /usr/bin/gcc -o conftest -I/home/student/Documents/SanntidssalPernambuco/ex8/buildroot/output/host/include -I/home/student/Documents/SanntidssalPernambuco/ex8/buildroot/output/host/usr/include  -L/home/student/Documents/SanntidssalPernambuco/ex8/buildroot/output/host/lib -L/home/student/Documents/SanntidssalPernambuco/ex8/buildroot/output/host/usr/lib -Wl,-rpath,/home/student/Documents/SanntidssalPernambuco/ex8/buildroot/output/host/usr/lib conftest.c  >&5
configure:2559: $? = 0
configure:2563: test -z 
			 || test ! -s conftest.err
configure:2566: $? = 0
configure:2569: test -s conftest
configure:2572: $? = 0
configure:2642: result: none required
configure:2664: checking for a BSD-compatible install
configure:2719: result: /usr/bin/install -c
configure:2730: checking whether build environment is sane
configure:2773: result: yes
configure:2838: checking for gawk
configure:2854: found /usr/bin/gawk
configure:2864: result: gawk
configure:2874: checking whether /usr/bin/make sets $(MAKE)
configure:2894: result: yes
configure:2924: checking for style of include used by /usr/bin/make
configure:2952: result: GNU
configure:3128: checking dependency style of /usr/bin/gcc
configure:3218: result: none
configure:3240: checking for x86_64-unknown-linux-gnu-ar
configure:3266: result: /usr/bin/ar
configure:3319: checking for x86_64-unknown-linux-gnu-ranlib
configure:3345: result: ranlib
configure:3437: checking for x86_64-unknown-linux-gnu-gcc
configure:3463: result: /usr/bin/gcc
configure:3745: checking for C compiler version
configure:3748: /usr/bin/gcc --version </dev/null >&5
gcc (Ubuntu/Linaro 4.6.3-1ubuntu5) 4.6.3
Copyright (C) 2011 Free Software Foundation, Inc.
This is free software; see the source for copying conditions.  There is NO
warranty; not even for MERCHANTABILITY or FITNESS FOR A PARTICULAR PURPOSE.

configure:3751: $? = 0
configure:3753: /usr/bin/gcc -v </dev/null >&5
Using built-in specs.
COLLECT_GCC=/usr/bin/gcc
COLLECT_LTO_WRAPPER=/usr/lib/gcc/x86_64-linux-gnu/4.6/lto-wrapper
Target: x86_64-linux-gnu
Configured with: ../src/configure -v --with-pkgversion='Ubuntu/Linaro 4.6.3-1ubuntu5' --with-bugurl=file:///usr/share/doc/gcc-4.6/README.Bugs --enable-languages=c,c++,fortran,objc,obj-c++ --prefix=/usr --program-suffix=-4.6 --enable-shared --enable-linker-build-id --with-system-zlib --libexecdir=/usr/lib --without-included-gettext --enable-threads=posix --with-gxx-include-dir=/usr/include/c++/4.6 --libdir=/usr/lib --enable-nls --with-sysroot=/ --enable-clocale=gnu --enable-libstdcxx-debug --enable-libstdcxx-time=yes --enable-gnu-unique-object --enable-plugin --enable-objc-gc --disable-werror --with-arch-32=i686 --with-tune=generic --enable-checking=release --build=x86_64-linux-gnu --host=x86_64-linux-gnu --target=x86_64-linux-gnu
Thread model: posix
gcc version 4.6.3 (Ubuntu/Linaro 4.6.3-1ubuntu5) 
configure:3756: $? = 0
configure:3758: /usr/bin/gcc -V </dev/null >&5
gcc: error: unrecognized option '-V'
gcc: fatal error: no input files
compilation terminated.
configure:3761: $? = 4
configure:3764: checking whether we are using the GNU C compiler
configure:3820: result: yes
configure:3826: checking whether /usr/bin/gcc accepts -g
configure:3877: result: yes
configure:3894: checking for /usr/bin/gcc option to accept ANSI C
configure:4001: result: none needed
configure:4019: /usr/bin/gcc -c -I/home/student/Documents/SanntidssalPernambuco/ex8/buildroot/output/host/include -I/home/student/Documents/SanntidssalPernambuco/ex8/buildroot/output/host/usr/include  conftest.c >&5
conftest.c:2:3: error: unknown type name 'choke'
conftest.c:2:3: error: expected '=', ',', ';', 'asm' or '__attribute__' at end of input
configure:4025: $? = 1
configure: failed program was:
| #ifndef __cplusplus
|   choke me
| #endif
configure:4271: checking for a sed that does not truncate output
configure:4327: result: /bin/sed
configure:4343: checking for egrep
configure:4353: result: grep -E
configure:4358: checking for fgrep
configure:4368: result: grep -F
configure:4403: checking for ld used by /usr/bin/gcc
configure:4470: result: /usr/bin/ld
configure:4479: checking if the linker (/usr/bin/ld) is GNU ld
configure:4494: result: yes
configure:4507: checking for BSD- or MS-compatible name lister (nm)
configure:4556: result: /usr/bin/nm
configure:4661: checking the name lister (/usr/bin/nm) interface
configure:4668: /usr/bin/gcc -c -I/home/student/Documents/SanntidssalPernambuco/ex8/buildroot/output/host/include -I/home/student/Documents/SanntidssalPernambuco/ex8/buildroot/output/host/usr/include  conftest.c >&5
configure:4671: /usr/bin/nm "conftest.o"
configure:4674: output
0000000000000000 B some_variable
configure:4681: result: BSD nm
configure:4684: checking whether ln -s works
configure:4688: result: yes
configure:4696: checking the maximum length of command line arguments
configure:4816: result: 3458764513820540925
configure:4834: checking whether the shell understands some XSI constructs
configure:4842: result: yes
configure:4846: checking whether the shell understands "+="
configure:4852: result: yes
configure:4887: checking for /usr/bin/ld option to reload object files
configure:4894: result: -r
configure:4921: checking how to recognize dependent libraries
configure:5111: result: pass_all
configure:5131: checking for x86_64-unknown-linux-gnu-ar
configure:5157: result: /usr/bin/ar
configure:5224: checking for x86_64-unknown-linux-gnu-strip
configure:5253: result: no
configure:5262: checking for strip
configure:5278: found /usr/bin/strip
configure:5289: result: strip
configure:5311: checking for x86_64-unknown-linux-gnu-ranlib
configure:5337: result: ranlib
configure:5456: checking command to parse /usr/bin/nm output from /usr/bin/gcc object
configure:5573: /usr/bin/gcc -c -I/home/student/Documents/SanntidssalPernambuco/ex8/buildroot/output/host/include -I/home/student/Documents/SanntidssalPernambuco/ex8/buildroot/output/host/usr/include  conftest.c >&5
configure:5576: $? = 0
configure:5580: /usr/bin/nm conftest.o \| sed -n -e 's/^.*[	 ]\([ABCDGIRSTW][ABCDGIRSTW]*\)[	 ][	 ]*\([_A-Za-z][_A-Za-z0-9]*\)$/\1 \2 \2/p' \> conftest.nm
configure:5583: $? = 0
configure:5637: /usr/bin/gcc -o conftest -I/home/student/Documents/SanntidssalPernambuco/ex8/buildroot/output/host/include -I/home/student/Documents/SanntidssalPernambuco/ex8/buildroot/output/host/usr/include  -L/home/student/Documents/SanntidssalPernambuco/ex8/buildroot/output/host/lib -L/home/student/Documents/SanntidssalPernambuco/ex8/buildroot/output/host/usr/lib -Wl,-rpath,/home/student/Documents/SanntidssalPernambuco/ex8/buildroot/output/host/usr/lib conftest.c conftstm.o >&5
configure:5640: $? = 0
configure:5678: result: ok
configure:5768: /usr/bin/gcc -c -I/home/student/Documents/SanntidssalPernambuco/ex8/buildroot/output/host/include -I/home/student/Documents/SanntidssalPernambuco/ex8/buildroot/output/host/usr/include  conftest.c >&5
configure:5771: $? = 0
configure:5920: checking how to run the C preprocessor
configure:5955: /usr/bin/gcc -E  conftest.c
configure:5961: $? = 0
configure:5993: /usr/bin/gcc -E  conftest.c
conftest.c:12:28: fatal error: ac_nonexistent.h: No such file or directory
compilation terminated.
configure:5999: $? = 1
configure: failed program was:
| /* confdefs.h.  */
| 
| #define PACKAGE_NAME ""
| #define PACKAGE_TARNAME ""
| #define PACKAGE_VERSION ""
| #define PACKAGE_STRING ""
| #define PACKAGE_BUGREPORT ""
| #define PACKAGE "bfd"
| #define VERSION "2.18.atmel.1.0.1.avr32linux.1"
| #define _GNU_SOURCE 1
| /* end confdefs.h.  */
| #include <ac_nonexistent.h>
configure:6038: result: /usr/bin/gcc -E
configure:6062: /usr/bin/gcc -E  conftest.c
configure:6068: $? = 0
configure:6100: /usr/bin/gcc -E  conftest.c
conftest.c:12:28: fatal error: ac_nonexistent.h: No such file or directory
compilation terminated.
configure:6106: $? = 1
configure: failed program was:
| /* confdefs.h.  */
| 
| #define PACKAGE_NAME ""
| #define PACKAGE_TARNAME ""
| #define PACKAGE_VERSION ""
| #define PACKAGE_STRING ""
| #define PACKAGE_BUGREPORT ""
| #define PACKAGE "bfd"
| #define VERSION "2.18.atmel.1.0.1.avr32linux.1"
| #define _GNU_SOURCE 1
| /* end confdefs.h.  */
| #include <ac_nonexistent.h>
configure:6150: checking for ANSI C header files
configure:6175: /usr/bin/gcc -c -I/home/student/Documents/SanntidssalPernambuco/ex8/buildroot/output/host/include -I/home/student/Documents/SanntidssalPernambuco/ex8/buildroot/output/host/usr/include  conftest.c >&5
configure:6181: $? = 0
configure:6185: test -z 
			 || test ! -s conftest.err
configure:6188: $? = 0
configure:6191: test -s conftest.o
configure:6194: $? = 0
configure:6283: /usr/bin/gcc -o conftest -I/home/student/Documents/SanntidssalPernambuco/ex8/buildroot/output/host/include -I/home/student/Documents/SanntidssalPernambuco/ex8/buildroot/output/host/usr/include  -L/home/student/Documents/SanntidssalPernambuco/ex8/buildroot/output/host/lib -L/home/student/Documents/SanntidssalPernambuco/ex8/buildroot/output/host/usr/lib -Wl,-rpath,/home/student/Documents/SanntidssalPernambuco/ex8/buildroot/output/host/usr/lib conftest.c  >&5
conftest.c: In function 'main':
conftest.c:29:7: warning: incompatible implicit declaration of built-in function 'exit' [enabled by default]
configure:6286: $? = 0
configure:6288: ./conftest
configure:6291: $? = 0
configure:6306: result: yes
configure:6330: checking for sys/types.h
configure:6346: /usr/bin/gcc -c -I/home/student/Documents/SanntidssalPernambuco/ex8/buildroot/output/host/include -I/home/student/Documents/SanntidssalPernambuco/ex8/buildroot/output/host/usr/include  conftest.c >&5
configure:6352: $? = 0
configure:6356: test -z 
			 || test ! -s conftest.err
configure:6359: $? = 0
configure:6362: test -s conftest.o
configure:6365: $? = 0
configure:6376: result: yes
configure:6330: checking for sys/stat.h
configure:6346: /usr/bin/gcc -c -I/home/student/Documents/SanntidssalPernambuco/ex8/buildroot/output/host/include -I/home/student/Documents/SanntidssalPernambuco/ex8/buildroot/output/host/usr/include  conftest.c >&5
configure:6352: $? = 0
configure:6356: test -z 
			 || test ! -s conftest.err
configure:6359: $? = 0
configure:6362: test -s conftest.o
configure:6365: $? = 0
configure:6376: result: yes
configure:6330: checking for stdlib.h
configure:6346: /usr/bin/gcc -c -I/home/student/Documents/SanntidssalPernambuco/ex8/buildroot/output/host/include -I/home/student/Documents/SanntidssalPernambuco/ex8/buildroot/output/host/usr/include  conftest.c >&5
configure:6352: $? = 0
configure:6356: test -z 
			 || test ! -s conftest.err
configure:6359: $? = 0
configure:6362: test -s conftest.o
configure:6365: $? = 0
configure:6376: result: yes
configure:6330: checking for string.h
configure:6346: /usr/bin/gcc -c -I/home/student/Documents/SanntidssalPernambuco/ex8/buildroot/output/host/include -I/home/student/Documents/SanntidssalPernambuco/ex8/buildroot/output/host/usr/include  conftest.c >&5
configure:6352: $? = 0
configure:6356: test -z 
			 || test ! -s conftest.err
configure:6359: $? = 0
configure:6362: test -s conftest.o
configure:6365: $? = 0
configure:6376: result: yes
configure:6330: checking for memory.h
configure:6346: /usr/bin/gcc -c -I/home/student/Documents/SanntidssalPernambuco/ex8/buildroot/output/host/include -I/home/student/Documents/SanntidssalPernambuco/ex8/buildroot/output/host/usr/include  conftest.c >&5
configure:6352: $? = 0
configure:6356: test -z 
			 || test ! -s conftest.err
configure:6359: $? = 0
configure:6362: test -s conftest.o
configure:6365: $? = 0
configure:6376: result: yes
configure:6330: checking for strings.h
configure:6346: /usr/bin/gcc -c -I/home/student/Documents/SanntidssalPernambuco/ex8/buildroot/output/host/include -I/home/student/Documents/SanntidssalPernambuco/ex8/buildroot/output/host/usr/include  conftest.c >&5
configure:6352: $? = 0
configure:6356: test -z 
			 || test ! -s conftest.err
configure:6359: $? = 0
configure:6362: test -s conftest.o
configure:6365: $? = 0
configure:6376: result: yes
configure:6330: checking for inttypes.h
configure:6346: /usr/bin/gcc -c -I/home/student/Documents/SanntidssalPernambuco/ex8/buildroot/output/host/include -I/home/student/Documents/SanntidssalPernambuco/ex8/buildroot/output/host/usr/include  conftest.c >&5
configure:6352: $? = 0
configure:6356: test -z 
			 || test ! -s conftest.err
configure:6359: $? = 0
configure:6362: test -s conftest.o
configure:6365: $? = 0
configure:6376: result: yes
configure:6330: checking for stdint.h
configure:6346: /usr/bin/gcc -c -I/home/student/Documents/SanntidssalPernambuco/ex8/buildroot/output/host/include -I/home/student/Documents/SanntidssalPernambuco/ex8/buildroot/output/host/usr/include  conftest.c >&5
configure:6352: $? = 0
configure:6356: test -z 
			 || test ! -s conftest.err
configure:6359: $? = 0
configure:6362: test -s conftest.o
configure:6365: $? = 0
configure:6376: result: yes
configure:6330: checking for unistd.h
configure:6346: /usr/bin/gcc -c -I/home/student/Documents/SanntidssalPernambuco/ex8/buildroot/output/host/include -I/home/student/Documents/SanntidssalPernambuco/ex8/buildroot/output/host/usr/include  conftest.c >&5
configure:6352: $? = 0
configure:6356: test -z 
			 || test ! -s conftest.err
configure:6359: $? = 0
configure:6362: test -s conftest.o
configure:6365: $? = 0
configure:6376: result: yes
configure:6392: checking for dlfcn.h
configure:6408: /usr/bin/gcc -c -I/home/student/Documents/SanntidssalPernambuco/ex8/buildroot/output/host/include -I/home/student/Documents/SanntidssalPernambuco/ex8/buildroot/output/host/usr/include  conftest.c >&5
configure:6414: $? = 0
configure:6418: test -z 
			 || test ! -s conftest.err
configure:6421: $? = 0
configure:6424: test -s conftest.o
configure:6427: $? = 0
configure:6438: result: yes
configure:6500: checking for objdir
configure:6515: result: .libs
configure:6811: checking if /usr/bin/gcc supports -fno-rtti -fno-exceptions
configure:6829: /usr/bin/gcc -c -I/home/student/Documents/SanntidssalPernambuco/ex8/buildroot/output/host/include -I/home/student/Documents/SanntidssalPernambuco/ex8/buildroot/output/host/usr/include  -fno-rtti -fno-exceptions conftest.c >&5
cc1: warning: command line option '-fno-rtti' is valid for C++/ObjC++ but not for C [enabled by default]
configure:6833: $? = 0
configure:6846: result: no
configure:6866: checking for /usr/bin/gcc option to produce PIC
configure:7121: result: -fPIC -DPIC
configure:7133: checking if /usr/bin/gcc PIC flag -fPIC -DPIC works
configure:7151: /usr/bin/gcc -c -I/home/student/Documents/SanntidssalPernambuco/ex8/buildroot/output/host/include -I/home/student/Documents/SanntidssalPernambuco/ex8/buildroot/output/host/usr/include  -fPIC -DPIC -DPIC conftest.c >&5
configure:7155: $? = 0
configure:7168: result: yes
configure:7192: checking if /usr/bin/gcc static flag -static works
configure:7220: result: yes
configure:7235: checking if /usr/bin/gcc supports -c -o file.o
configure:7256: /usr/bin/gcc -c -I/home/student/Documents/SanntidssalPernambuco/ex8/buildroot/output/host/include -I/home/student/Documents/SanntidssalPernambuco/ex8/buildroot/output/host/usr/include  -o out/conftest2.o conftest.c >&5
configure:7260: $? = 0
configure:7282: result: yes
configure:7290: checking if /usr/bin/gcc supports -c -o file.o
configure:7337: result: yes
configure:7370: checking whether the /usr/bin/gcc linker (/usr/bin/ld -m elf_x86_64) supports shared libraries
configure:8450: result: yes
configure:8689: checking dynamic linker characteristics
configure:9122: /usr/bin/gcc -o conftest -I/home/student/Documents/SanntidssalPernambuco/ex8/buildroot/output/host/include -I/home/student/Documents/SanntidssalPernambuco/ex8/buildroot/output/host/usr/include  -L/home/student/Documents/SanntidssalPernambuco/ex8/buildroot/output/host/lib -L/home/student/Documents/SanntidssalPernambuco/ex8/buildroot/output/host/usr/lib -Wl,-rpath,/home/student/Documents/SanntidssalPernambuco/ex8/buildroot/output/host/usr/lib -Wl,-rpath -Wl,/foo conftest.c  >&5
configure:9128: $? = 0
configure:9132: test -z 
			 || test ! -s conftest.err
configure:9135: $? = 0
configure:9138: test -s conftest
configure:9141: $? = 0
configure:9365: result: GNU/Linux ld.so
configure:9460: checking how to hardcode library paths into programs
configure:9485: result: immediate
configure:10331: checking whether stripping libraries is possible
configure:10336: result: yes
configure:10371: checking if libtool supports shared libraries
configure:10373: result: yes
configure:10376: checking whether to build shared libraries
configure:10397: result: no
configure:10400: checking whether to build static libraries
configure:10404: result: yes
configure:10630: checking whether to enable maintainer-specific portions of Makefiles
configure:10639: result: no
configure:10679: checking whether to install libbfd
configure:10692: result: no
configure:10742: checking whether NLS is requested
configure:10745: result: no
configure:10815: checking whether NLS is requested
configure:10824: result: no
configure:10862: checking for msgfmt
configure:10893: result: /usr/bin/msgfmt
configure:10902: checking for gmsgfmt
configure:10933: result: /usr/bin/msgfmt
configure:10972: checking for xgettext
configure:11003: result: /usr/bin/xgettext
configure:11043: checking for msgmerge
configure:11073: result: /usr/bin/msgmerge
configure:11126: checking for a BSD-compatible install
configure:11181: result: /usr/bin/install -c
configure:11201: checking for long long
configure:11222: /usr/bin/gcc -c -I/home/student/Documents/SanntidssalPernambuco/ex8/buildroot/output/host/include -I/home/student/Documents/SanntidssalPernambuco/ex8/buildroot/output/host/usr/include  conftest.c >&5
configure:11228: $? = 0
configure:11232: test -z 
			 || test ! -s conftest.err
configure:11235: $? = 0
configure:11238: test -s conftest.o
configure:11241: $? = 0
configure:11253: result: yes
configure:11257: checking for long long
configure:11281: /usr/bin/gcc -c -I/home/student/Documents/SanntidssalPernambuco/ex8/buildroot/output/host/include -I/home/student/Documents/SanntidssalPernambuco/ex8/buildroot/output/host/usr/include  conftest.c >&5
configure:11287: $? = 0
configure:11291: test -z 
			 || test ! -s conftest.err
configure:11294: $? = 0
configure:11297: test -s conftest.o
configure:11300: $? = 0
configure:11311: result: yes
configure:11314: checking size of long long
configure:11633: /usr/bin/gcc -o conftest -I/home/student/Documents/SanntidssalPernambuco/ex8/buildroot/output/host/include -I/home/student/Documents/SanntidssalPernambuco/ex8/buildroot/output/host/usr/include  -L/home/student/Documents/SanntidssalPernambuco/ex8/buildroot/output/host/lib -L/home/student/Documents/SanntidssalPernambuco/ex8/buildroot/output/host/usr/lib -Wl,-rpath,/home/student/Documents/SanntidssalPernambuco/ex8/buildroot/output/host/usr/lib conftest.c  >&5
configure:11636: $? = 0
configure:11638: ./conftest
configure:11641: $? = 0
configure:11664: result: 8
configure:11673: checking for void *
configure:11697: /usr/bin/gcc -c -I/home/student/Documents/SanntidssalPernambuco/ex8/buildroot/output/host/include -I/home/student/Documents/SanntidssalPernambuco/ex8/buildroot/output/host/usr/include  conftest.c >&5
configure:11703: $? = 0
configure:11707: test -z 
			 || test ! -s conftest.err
configure:11710: $? = 0
configure:11713: test -s conftest.o
configure:11716: $? = 0
configure:11727: result: yes
configure:11730: checking size of void *
configure:12049: /usr/bin/gcc -o conftest -I/home/student/Documents/SanntidssalPernambuco/ex8/buildroot/output/host/include -I/home/student/Documents/SanntidssalPernambuco/ex8/buildroot/output/host/usr/include  -L/home/student/Documents/SanntidssalPernambuco/ex8/buildroot/output/host/lib -L/home/student/Documents/SanntidssalPernambuco/ex8/buildroot/output/host/usr/lib -Wl,-rpath,/home/student/Documents/SanntidssalPernambuco/ex8/buildroot/output/host/usr/lib conftest.c  >&5
configure:12052: $? = 0
configure:12054: ./conftest
configure:12057: $? = 0
configure:12080: result: 8
configure:12087: checking for long
configure:12111: /usr/bin/gcc -c -I/home/student/Documents/SanntidssalPernambuco/ex8/buildroot/output/host/include -I/home/student/Documents/SanntidssalPernambuco/ex8/buildroot/output/host/usr/include  conftest.c >&5
configure:12117: $? = 0
configure:12121: test -z 
			 || test ! -s conftest.err
configure:12124: $? = 0
configure:12127: test -s conftest.o
configure:12130: $? = 0
configure:12141: result: yes
configure:12144: checking size of long
configure:12463: /usr/bin/gcc -o conftest -I/home/student/Documents/SanntidssalPernambuco/ex8/buildroot/output/host/include -I/home/student/Documents/SanntidssalPernambuco/ex8/buildroot/output/host/usr/include  -L/home/student/Documents/SanntidssalPernambuco/ex8/buildroot/output/host/lib -L/home/student/Documents/SanntidssalPernambuco/ex8/buildroot/output/host/usr/lib -Wl,-rpath,/home/student/Documents/SanntidssalPernambuco/ex8/buildroot/output/host/usr/lib conftest.c  >&5
configure:12466: $? = 0
configure:12468: ./conftest
configure:12471: $? = 0
configure:12494: result: 8
configure:12590: checking stddef.h usability
configure:12602: /usr/bin/gcc -c -I/home/student/Documents/SanntidssalPernambuco/ex8/buildroot/output/host/include -I/home/student/Documents/SanntidssalPernambuco/ex8/buildroot/output/host/usr/include  conftest.c >&5
configure:12608: $? = 0
configure:12612: test -z 
			 || test ! -s conftest.err
configure:12615: $? = 0
configure:12618: test -s conftest.o
configure:12621: $? = 0
configure:12631: result: yes
configure:12635: checking stddef.h presence
configure:12645: /usr/bin/gcc -E  conftest.c
configure:12651: $? = 0
configure:12671: result: yes
configure:12706: checking for stddef.h
configure:12713: result: yes
configure:12581: checking for string.h
configure:12586: result: yes
configure:12581: checking for strings.h
configure:12586: result: yes
configure:12581: checking for stdlib.h
configure:12586: result: yes
configure:12590: checking time.h usability
configure:12602: /usr/bin/gcc -c -I/home/student/Documents/SanntidssalPernambuco/ex8/buildroot/output/host/include -I/home/student/Documents/SanntidssalPernambuco/ex8/buildroot/output/host/usr/include  conftest.c >&5
configure:12608: $? = 0
configure:12612: test -z 
			 || test ! -s conftest.err
configure:12615: $? = 0
configure:12618: test -s conftest.o
configure:12621: $? = 0
configure:12631: result: yes
configure:12635: checking time.h presence
configure:12645: /usr/bin/gcc -E  conftest.c
configure:12651: $? = 0
configure:12671: result: yes
configure:12706: checking for time.h
configure:12713: result: yes
configure:12581: checking for unistd.h
configure:12586: result: yes
configure:12742: checking fcntl.h usability
configure:12754: /usr/bin/gcc -c -I/home/student/Documents/SanntidssalPernambuco/ex8/buildroot/output/host/include -I/home/student/Documents/SanntidssalPernambuco/ex8/buildroot/output/host/usr/include  conftest.c >&5
configure:12760: $? = 0
configure:12764: test -z 
			 || test ! -s conftest.err
configure:12767: $? = 0
configure:12770: test -s conftest.o
configure:12773: $? = 0
configure:12783: result: yes
configure:12787: checking fcntl.h presence
configure:12797: /usr/bin/gcc -E  conftest.c
configure:12803: $? = 0
configure:12823: result: yes
configure:12858: checking for fcntl.h
configure:12865: result: yes
configure:12742: checking sys/file.h usability
configure:12754: /usr/bin/gcc -c -I/home/student/Documents/SanntidssalPernambuco/ex8/buildroot/output/host/include -I/home/student/Documents/SanntidssalPernambuco/ex8/buildroot/output/host/usr/include  conftest.c >&5
configure:12760: $? = 0
configure:12764: test -z 
			 || test ! -s conftest.err
configure:12767: $? = 0
configure:12770: test -s conftest.o
configure:12773: $? = 0
configure:12783: result: yes
configure:12787: checking sys/file.h presence
configure:12797: /usr/bin/gcc -E  conftest.c
configure:12803: $? = 0
configure:12823: result: yes
configure:12858: checking for sys/file.h
configure:12865: result: yes
configure:12742: checking sys/time.h usability
configure:12754: /usr/bin/gcc -c -I/home/student/Documents/SanntidssalPernambuco/ex8/buildroot/output/host/include -I/home/student/Documents/SanntidssalPernambuco/ex8/buildroot/output/host/usr/include  conftest.c >&5
configure:12760: $? = 0
configure:12764: test -z 
			 || test ! -s conftest.err
configure:12767: $? = 0
configure:12770: test -s conftest.o
configure:12773: $? = 0
configure:12783: result: yes
configure:12787: checking sys/time.h presence
configure:12797: /usr/bin/gcc -E  conftest.c
configure:12803: $? = 0
configure:12823: result: yes
configure:12858: checking for sys/time.h
configure:12865: result: yes
configure:12891: checking for uintmax_t
configure:12917: /usr/bin/gcc -c -I/home/student/Documents/SanntidssalPernambuco/ex8/buildroot/output/host/include -I/home/student/Documents/SanntidssalPernambuco/ex8/buildroot/output/host/usr/include  conftest.c >&5
configure:12923: $? = 0
configure:12927: test -z 
			 || test ! -s conftest.err
configure:12930: $? = 0
configure:12933: test -s conftest.o
configure:12936: $? = 0
configure:12947: result: yes
configure:12955: checking for uintptr_t
configure:12981: /usr/bin/gcc -c -I/home/student/Documents/SanntidssalPernambuco/ex8/buildroot/output/host/include -I/home/student/Documents/SanntidssalPernambuco/ex8/buildroot/output/host/usr/include  conftest.c >&5
configure:12987: $? = 0
configure:12991: test -z 
			 || test ! -s conftest.err
configure:12994: $? = 0
configure:12997: test -s conftest.o
configure:13000: $? = 0
configure:13011: result: yes
configure:13019: checking for int_least32_t
configure:13045: /usr/bin/gcc -c -I/home/student/Documents/SanntidssalPernambuco/ex8/buildroot/output/host/include -I/home/student/Documents/SanntidssalPernambuco/ex8/buildroot/output/host/usr/include  conftest.c >&5
configure:13051: $? = 0
configure:13055: test -z 
			 || test ! -s conftest.err
configure:13058: $? = 0
configure:13061: test -s conftest.o
configure:13064: $? = 0
configure:13075: result: yes
configure:13083: checking for int_fast32_t
configure:13109: /usr/bin/gcc -c -I/home/student/Documents/SanntidssalPernambuco/ex8/buildroot/output/host/include -I/home/student/Documents/SanntidssalPernambuco/ex8/buildroot/output/host/usr/include  conftest.c >&5
configure:13115: $? = 0
configure:13119: test -z 
			 || test ! -s conftest.err
configure:13122: $? = 0
configure:13125: test -s conftest.o
configure:13128: $? = 0
configure:13139: result: yes
configure:13147: checking for uint64_t
configure:13173: /usr/bin/gcc -c -I/home/student/Documents/SanntidssalPernambuco/ex8/buildroot/output/host/include -I/home/student/Documents/SanntidssalPernambuco/ex8/buildroot/output/host/usr/include  conftest.c >&5
configure:13179: $? = 0
configure:13183: test -z 
			 || test ! -s conftest.err
configure:13186: $? = 0
configure:13189: test -s conftest.o
configure:13192: $? = 0
configure:13203: result: yes
configure:13549: checking what to include in bfd_stdint.h
configure:13569: result: stdint.h (already complete)
configure:15725: checking whether time.h and sys/time.h may both be included
configure:15750: /usr/bin/gcc -c -I/home/student/Documents/SanntidssalPernambuco/ex8/buildroot/output/host/include -I/home/student/Documents/SanntidssalPernambuco/ex8/buildroot/output/host/usr/include  conftest.c >&5
configure:15756: $? = 0
configure:15760: test -z 
			 || test ! -s conftest.err
configure:15763: $? = 0
configure:15766: test -s conftest.o
configure:15769: $? = 0
configure:15780: result: yes
configure:15798: checking for dirent.h that defines DIR
configure:15822: /usr/bin/gcc -c -I/home/student/Documents/SanntidssalPernambuco/ex8/buildroot/output/host/include -I/home/student/Documents/SanntidssalPernambuco/ex8/buildroot/output/host/usr/include  conftest.c >&5
configure:15828: $? = 0
configure:15832: test -z 
			 || test ! -s conftest.err
configure:15835: $? = 0
configure:15838: test -s conftest.o
configure:15841: $? = 0
configure:15852: result: yes
configure:15865: checking for library containing opendir
configure:15895: /usr/bin/gcc -o conftest -I/home/student/Documents/SanntidssalPernambuco/ex8/buildroot/output/host/include -I/home/student/Documents/SanntidssalPernambuco/ex8/buildroot/output/host/usr/include  -L/home/student/Documents/SanntidssalPernambuco/ex8/buildroot/output/host/lib -L/home/student/Documents/SanntidssalPernambuco/ex8/buildroot/output/host/usr/lib -Wl,-rpath,/home/student/Documents/SanntidssalPernambuco/ex8/buildroot/output/host/usr/lib conftest.c  >&5
configure:15901: $? = 0
configure:15905: test -z 
			 || test ! -s conftest.err
configure:15908: $? = 0
configure:15911: test -s conftest
configure:15914: $? = 0
configure:15984: result: none required
configure:16120: checking whether string.h and strings.h may both be included
configure:16142: /usr/bin/gcc -c -I/home/student/Documents/SanntidssalPernambuco/ex8/buildroot/output/host/include -I/home/student/Documents/SanntidssalPernambuco/ex8/buildroot/output/host/usr/include  conftest.c >&5
configure:16148: $? = 0
configure:16152: test -z 
			 || test ! -s conftest.err
configure:16155: $? = 0
configure:16158: test -s conftest.o
configure:16161: $? = 0
configure:16172: result: yes
configure:16192: checking for fcntl
configure:16249: /usr/bin/gcc -o conftest -I/home/student/Documents/SanntidssalPernambuco/ex8/buildroot/output/host/include -I/home/student/Documents/SanntidssalPernambuco/ex8/buildroot/output/host/usr/include  -L/home/student/Documents/SanntidssalPernambuco/ex8/buildroot/output/host/lib -L/home/student/Documents/SanntidssalPernambuco/ex8/buildroot/output/host/usr/lib -Wl,-rpath,/home/student/Documents/SanntidssalPernambuco/ex8/buildroot/output/host/usr/lib conftest.c  >&5
configure:16255: $? = 0
configure:16259: test -z 
			 || test ! -s conftest.err
configure:16262: $? = 0
configure:16265: test -s conftest
configure:16268: $? = 0
configure:16280: result: yes
configure:16192: checking for getpagesize
configure:16249: /usr/bin/gcc -o conftest -I/home/student/Documents/SanntidssalPernambuco/ex8/buildroot/output/host/include -I/home/student/Documents/SanntidssalPernambuco/ex8/buildroot/output/host/usr/include  -L/home/student/Documents/SanntidssalPernambuco/ex8/buildroot/output/host/lib -L/home/student/Documents/SanntidssalPernambuco/ex8/buildroot/output/host/usr/lib -Wl,-rpath,/home/student/Documents/SanntidssalPernambuco/ex8/buildroot/output/host/usr/lib conftest.c  >&5
configure:16255: $? = 0
configure:16259: test -z 
			 || test ! -s conftest.err
configure:16262: $? = 0
configure:16265: test -s conftest
configure:16268: $? = 0
configure:16280: result: yes
configure:16192: checking for setitimer
configure:16249: /usr/bin/gcc -o conftest -I/home/student/Documents/SanntidssalPernambuco/ex8/buildroot/output/host/include -I/home/student/Documents/SanntidssalPernambuco/ex8/buildroot/output/host/usr/include  -L/home/student/Documents/SanntidssalPernambuco/ex8/buildroot/output/host/lib -L/home/student/Documents/SanntidssalPernambuco/ex8/buildroot/output/host/usr/lib -Wl,-rpath,/home/student/Documents/SanntidssalPernambuco/ex8/buildroot/output/host/usr/lib conftest.c  >&5
configure:16255: $? = 0
configure:16259: test -z 
			 || test ! -s conftest.err
configure:16262: $? = 0
configure:16265: test -s conftest
configure:16268: $? = 0
configure:16280: result: yes
configure:16192: checking for sysconf
configure:16249: /usr/bin/gcc -o conftest -I/home/student/Documents/SanntidssalPernambuco/ex8/buildroot/output/host/include -I/home/student/Documents/SanntidssalPernambuco/ex8/buildroot/output/host/usr/include  -L/home/student/Documents/SanntidssalPernambuco/ex8/buildroot/output/host/lib -L/home/student/Documents/SanntidssalPernambuco/ex8/buildroot/output/host/usr/lib -Wl,-rpath,/home/student/Documents/SanntidssalPernambuco/ex8/buildroot/output/host/usr/lib conftest.c  >&5
configure:16255: $? = 0
configure:16259: test -z 
			 || test ! -s conftest.err
configure:16262: $? = 0
configure:16265: test -s conftest
configure:16268: $? = 0
configure:16280: result: yes
configure:16192: checking for fdopen
configure:16249: /usr/bin/gcc -o conftest -I/home/student/Documents/SanntidssalPernambuco/ex8/buildroot/output/host/include -I/home/student/Documents/SanntidssalPernambuco/ex8/buildroot/output/host/usr/include  -L/home/student/Documents/SanntidssalPernambuco/ex8/buildroot/output/host/lib -L/home/student/Documents/SanntidssalPernambuco/ex8/buildroot/output/host/usr/lib -Wl,-rpath,/home/student/Documents/SanntidssalPernambuco/ex8/buildroot/output/host/usr/lib conftest.c  >&5
configure:16255: $? = 0
configure:16259: test -z 
			 || test ! -s conftest.err
configure:16262: $? = 0
configure:16265: test -s conftest
configure:16268: $? = 0
configure:16280: result: yes
configure:16192: checking for getuid
configure:16249: /usr/bin/gcc -o conftest -I/home/student/Documents/SanntidssalPernambuco/ex8/buildroot/output/host/include -I/home/student/Documents/SanntidssalPernambuco/ex8/buildroot/output/host/usr/include  -L/home/student/Documents/SanntidssalPernambuco/ex8/buildroot/output/host/lib -L/home/student/Documents/SanntidssalPernambuco/ex8/buildroot/output/host/usr/lib -Wl,-rpath,/home/student/Documents/SanntidssalPernambuco/ex8/buildroot/output/host/usr/lib conftest.c  >&5
configure:16255: $? = 0
configure:16259: test -z 
			 || test ! -s conftest.err
configure:16262: $? = 0
configure:16265: test -s conftest
configure:16268: $? = 0
configure:16280: result: yes
configure:16192: checking for getgid
configure:16249: /usr/bin/gcc -o conftest -I/home/student/Documents/SanntidssalPernambuco/ex8/buildroot/output/host/include -I/home/student/Documents/SanntidssalPernambuco/ex8/buildroot/output/host/usr/include  -L/home/student/Documents/SanntidssalPernambuco/ex8/buildroot/output/host/lib -L/home/student/Documents/SanntidssalPernambuco/ex8/buildroot/output/host/usr/lib -Wl,-rpath,/home/student/Documents/SanntidssalPernambuco/ex8/buildroot/output/host/usr/lib conftest.c  >&5
configure:16255: $? = 0
configure:16259: test -z 
			 || test ! -s conftest.err
configure:16262: $? = 0
configure:16265: test -s conftest
configure:16268: $? = 0
configure:16280: result: yes
configure:16294: checking for strtoull
configure:16351: /usr/bin/gcc -o conftest -I/home/student/Documents/SanntidssalPernambuco/ex8/buildroot/output/host/include -I/home/student/Documents/SanntidssalPernambuco/ex8/buildroot/output/host/usr/include  -L/home/student/Documents/SanntidssalPernambuco/ex8/buildroot/output/host/lib -L/home/student/Documents/SanntidssalPernambuco/ex8/buildroot/output/host/usr/lib -Wl,-rpath,/home/student/Documents/SanntidssalPernambuco/ex8/buildroot/output/host/usr/lib conftest.c  >&5
configure:16357: $? = 0
configure:16361: test -z 
			 || test ! -s conftest.err
configure:16364: $? = 0
configure:16367: test -s conftest
configure:16370: $? = 0
configure:16382: result: yes
configure:16393: checking whether basename is declared
configure:16417: /usr/bin/gcc -c -I/home/student/Documents/SanntidssalPernambuco/ex8/buildroot/output/host/include -I/home/student/Documents/SanntidssalPernambuco/ex8/buildroot/output/host/usr/include  conftest.c >&5
configure:16423: $? = 0
configure:16427: test -z 
			 || test ! -s conftest.err
configure:16430: $? = 0
configure:16433: test -s conftest.o
configure:16436: $? = 0
configure:16447: result: yes
configure:16465: checking whether ftello is declared
configure:16489: /usr/bin/gcc -c -I/home/student/Documents/SanntidssalPernambuco/ex8/buildroot/output/host/include -I/home/student/Documents/SanntidssalPernambuco/ex8/buildroot/output/host/usr/include  conftest.c >&5
configure:16495: $? = 0
configure:16499: test -z 
			 || test ! -s conftest.err
configure:16502: $? = 0
configure:16505: test -s conftest.o
configure:16508: $? = 0
configure:16519: result: yes
configure:16537: checking whether ftello64 is declared
configure:16561: /usr/bin/gcc -c -I/home/student/Documents/SanntidssalPernambuco/ex8/buildroot/output/host/include -I/home/student/Documents/SanntidssalPernambuco/ex8/buildroot/output/host/usr/include  conftest.c >&5
configure:16567: $? = 0
configure:16571: test -z 
			 || test ! -s conftest.err
configure:16574: $? = 0
configure:16577: test -s conftest.o
configure:16580: $? = 0
configure:16591: result: yes
configure:16609: checking whether fseeko is declared
configure:16633: /usr/bin/gcc -c -I/home/student/Documents/SanntidssalPernambuco/ex8/buildroot/output/host/include -I/home/student/Documents/SanntidssalPernambuco/ex8/buildroot/output/host/usr/include  conftest.c >&5
configure:16639: $? = 0
configure:16643: test -z 
			 || test ! -s conftest.err
configure:16646: $? = 0
configure:16649: test -s conftest.o
configure:16652: $? = 0
configure:16663: result: yes
configure:16681: checking whether fseeko64 is declared
configure:16705: /usr/bin/gcc -c -I/home/student/Documents/SanntidssalPernambuco/ex8/buildroot/output/host/include -I/home/student/Documents/SanntidssalPernambuco/ex8/buildroot/output/host/usr/include  conftest.c >&5
configure:16711: $? = 0
configure:16715: test -z 
			 || test ! -s conftest.err
configure:16718: $? = 0
configure:16721: test -s conftest.o
configure:16724: $? = 0
configure:16735: result: yes
configure:16764: checking whether ffs is declared
configure:16788: /usr/bin/gcc -c -I/home/student/Documents/SanntidssalPernambuco/ex8/buildroot/output/host/include -I/home/student/Documents/SanntidssalPernambuco/ex8/buildroot/output/host/usr/include  conftest.c >&5
configure:16794: $? = 0
configure:16798: test -z 
			 || test ! -s conftest.err
configure:16801: $? = 0
configure:16804: test -s conftest.o
configure:16807: $? = 0
configure:16818: result: yes
configure:16836: checking whether free is declared
configure:16860: /usr/bin/gcc -c -I/home/student/Documents/SanntidssalPernambuco/ex8/buildroot/output/host/include -I/home/student/Documents/SanntidssalPernambuco/ex8/buildroot/output/host/usr/include  conftest.c >&5
configure:16866: $? = 0
configure:16870: test -z 
			 || test ! -s conftest.err
configure:16873: $? = 0
configure:16876: test -s conftest.o
configure:16879: $? = 0
configure:16890: result: yes
configure:16908: checking whether getenv is declared
configure:16932: /usr/bin/gcc -c -I/home/student/Documents/SanntidssalPernambuco/ex8/buildroot/output/host/include -I/home/student/Documents/SanntidssalPernambuco/ex8/buildroot/output/host/usr/include  conftest.c >&5
configure:16938: $? = 0
configure:16942: test -z 
			 || test ! -s conftest.err
configure:16945: $? = 0
configure:16948: test -s conftest.o
configure:16951: $? = 0
configure:16962: result: yes
configure:16980: checking whether malloc is declared
configure:17004: /usr/bin/gcc -c -I/home/student/Documents/SanntidssalPernambuco/ex8/buildroot/output/host/include -I/home/student/Documents/SanntidssalPernambuco/ex8/buildroot/output/host/usr/include  conftest.c >&5
configure:17010: $? = 0
configure:17014: test -z 
			 || test ! -s conftest.err
configure:17017: $? = 0
configure:17020: test -s conftest.o
configure:17023: $? = 0
configure:17034: result: yes
configure:17052: checking whether realloc is declared
configure:17076: /usr/bin/gcc -c -I/home/student/Documents/SanntidssalPernambuco/ex8/buildroot/output/host/include -I/home/student/Documents/SanntidssalPernambuco/ex8/buildroot/output/host/usr/include  conftest.c >&5
configure:17082: $? = 0
configure:17086: test -z 
			 || test ! -s conftest.err
configure:17089: $? = 0
configure:17092: test -s conftest.o
configure:17095: $? = 0
configure:17106: result: yes
configure:17124: checking whether stpcpy is declared
configure:17148: /usr/bin/gcc -c -I/home/student/Documents/SanntidssalPernambuco/ex8/buildroot/output/host/include -I/home/student/Documents/SanntidssalPernambuco/ex8/buildroot/output/host/usr/include  conftest.c >&5
configure:17154: $? = 0
configure:17158: test -z 
			 || test ! -s conftest.err
configure:17161: $? = 0
configure:17164: test -s conftest.o
configure:17167: $? = 0
configure:17178: result: yes
configure:17196: checking whether strstr is declared
configure:17220: /usr/bin/gcc -c -I/home/student/Documents/SanntidssalPernambuco/ex8/buildroot/output/host/include -I/home/student/Documents/SanntidssalPernambuco/ex8/buildroot/output/host/usr/include  conftest.c >&5
configure:17226: $? = 0
configure:17230: test -z 
			 || test ! -s conftest.err
configure:17233: $? = 0
configure:17236: test -s conftest.o
configure:17239: $? = 0
configure:17250: result: yes
configure:17268: checking whether snprintf is declared
configure:17292: /usr/bin/gcc -c -I/home/student/Documents/SanntidssalPernambuco/ex8/buildroot/output/host/include -I/home/student/Documents/SanntidssalPernambuco/ex8/buildroot/output/host/usr/include  conftest.c >&5
configure:17298: $? = 0
configure:17302: test -z 
			 || test ! -s conftest.err
configure:17305: $? = 0
configure:17308: test -s conftest.o
configure:17311: $? = 0
configure:17322: result: yes
configure:17340: checking whether vsnprintf is declared
configure:17364: /usr/bin/gcc -c -I/home/student/Documents/SanntidssalPernambuco/ex8/buildroot/output/host/include -I/home/student/Documents/SanntidssalPernambuco/ex8/buildroot/output/host/usr/include  conftest.c >&5
configure:17370: $? = 0
configure:17374: test -z 
			 || test ! -s conftest.err
configure:17377: $? = 0
configure:17380: test -s conftest.o
configure:17383: $? = 0
configure:17394: result: yes
configure:19379: checking for gcc version with buggy 64-bit support
configure:19396: result: no
configure:19434: checking for ftello
configure:19491: /usr/bin/gcc -o conftest -I/home/student/Documents/SanntidssalPernambuco/ex8/buildroot/output/host/include -I/home/student/Documents/SanntidssalPernambuco/ex8/buildroot/output/host/usr/include  -L/home/student/Documents/SanntidssalPernambuco/ex8/buildroot/output/host/lib -L/home/student/Documents/SanntidssalPernambuco/ex8/buildroot/output/host/usr/lib -Wl,-rpath,/home/student/Documents/SanntidssalPernambuco/ex8/buildroot/output/host/usr/lib conftest.c  >&5
configure:19497: $? = 0
configure:19501: test -z 
			 || test ! -s conftest.err
configure:19504: $? = 0
configure:19507: test -s conftest
configure:19510: $? = 0
configure:19522: result: yes
configure:19434: checking for ftello64
configure:19491: /usr/bin/gcc -o conftest -I/home/student/Documents/SanntidssalPernambuco/ex8/buildroot/output/host/include -I/home/student/Documents/SanntidssalPernambuco/ex8/buildroot/output/host/usr/include  -L/home/student/Documents/SanntidssalPernambuco/ex8/buildroot/output/host/lib -L/home/student/Documents/SanntidssalPernambuco/ex8/buildroot/output/host/usr/lib -Wl,-rpath,/home/student/Documents/SanntidssalPernambuco/ex8/buildroot/output/host/usr/lib conftest.c  >&5
configure:19497: $? = 0
configure:19501: test -z 
			 || test ! -s conftest.err
configure:19504: $? = 0
configure:19507: test -s conftest
configure:19510: $? = 0
configure:19522: result: yes
configure:19434: checking for fseeko
configure:19491: /usr/bin/gcc -o conftest -I/home/student/Documents/SanntidssalPernambuco/ex8/buildroot/output/host/include -I/home/student/Documents/SanntidssalPernambuco/ex8/buildroot/output/host/usr/include  -L/home/student/Documents/SanntidssalPernambuco/ex8/buildroot/output/host/lib -L/home/student/Documents/SanntidssalPernambuco/ex8/buildroot/output/host/usr/lib -Wl,-rpath,/home/student/Documents/SanntidssalPernambuco/ex8/buildroot/output/host/usr/lib conftest.c  >&5
configure:19497: $? = 0
configure:19501: test -z 
			 || test ! -s conftest.err
configure:19504: $? = 0
configure:19507: test -s conftest
configure:19510: $? = 0
configure:19522: result: yes
configure:19434: checking for fseeko64
configure:19491: /usr/bin/gcc -o conftest -I/home/student/Documents/SanntidssalPernambuco/ex8/buildroot/output/host/include -I/home/student/Documents/SanntidssalPernambuco/ex8/buildroot/output/host/usr/include  -L/home/student/Documents/SanntidssalPernambuco/ex8/buildroot/output/host/lib -L/home/student/Documents/SanntidssalPernambuco/ex8/buildroot/output/host/usr/lib -Wl,-rpath,/home/student/Documents/SanntidssalPernambuco/ex8/buildroot/output/host/usr/lib conftest.c  >&5
configure:19497: $? = 0
configure:19501: test -z 
			 || test ! -s conftest.err
configure:19504: $? = 0
configure:19507: test -s conftest
configure:19510: $? = 0
configure:19522: result: yes
configure:19434: checking for fopen64
configure:19491: /usr/bin/gcc -o conftest -I/home/student/Documents/SanntidssalPernambuco/ex8/buildroot/output/host/include -I/home/student/Documents/SanntidssalPernambuco/ex8/buildroot/output/host/usr/include  -L/home/student/Documents/SanntidssalPernambuco/ex8/buildroot/output/host/lib -L/home/student/Documents/SanntidssalPernambuco/ex8/buildroot/output/host/usr/lib -Wl,-rpath,/home/student/Documents/SanntidssalPernambuco/ex8/buildroot/output/host/usr/lib conftest.c  >&5
configure:19497: $? = 0
configure:19501: test -z 
			 || test ! -s conftest.err
configure:19504: $? = 0
configure:19507: test -s conftest
configure:19510: $? = 0
configure:19522: result: yes
configure:19533: checking for off_t
configure:19557: /usr/bin/gcc -c -I/home/student/Documents/SanntidssalPernambuco/ex8/buildroot/output/host/include -I/home/student/Documents/SanntidssalPernambuco/ex8/buildroot/output/host/usr/include  conftest.c >&5
configure:19563: $? = 0
configure:19567: test -z 
			 || test ! -s conftest.err
configure:19570: $? = 0
configure:19573: test -s conftest.o
configure:19576: $? = 0
configure:19587: result: yes
configure:19590: checking size of off_t
configure:19909: /usr/bin/gcc -o conftest -I/home/student/Documents/SanntidssalPernambuco/ex8/buildroot/output/host/include -I/home/student/Documents/SanntidssalPernambuco/ex8/buildroot/output/host/usr/include  -L/home/student/Documents/SanntidssalPernambuco/ex8/buildroot/output/host/lib -L/home/student/Documents/SanntidssalPernambuco/ex8/buildroot/output/host/usr/lib -Wl,-rpath,/home/student/Documents/SanntidssalPernambuco/ex8/buildroot/output/host/usr/lib conftest.c  >&5
configure:19912: $? = 0
configure:19914: ./conftest
configure:19917: $? = 0
configure:19940: result: 8
configure:19948: checking file_ptr type
configure:19957: result: BFD_HOST_64_BIT
configure:19977: checking for stdlib.h
configure:19982: result: yes
configure:19977: checking for unistd.h
configure:19982: result: yes
configure:20126: checking for getpagesize
configure:20214: result: yes
configure:20224: checking for working mmap
configure:20366: /usr/bin/gcc -o conftest -I/home/student/Documents/SanntidssalPernambuco/ex8/buildroot/output/host/include -I/home/student/Documents/SanntidssalPernambuco/ex8/buildroot/output/host/usr/include  -L/home/student/Documents/SanntidssalPernambuco/ex8/buildroot/output/host/lib -L/home/student/Documents/SanntidssalPernambuco/ex8/buildroot/output/host/usr/lib -Wl,-rpath,/home/student/Documents/SanntidssalPernambuco/ex8/buildroot/output/host/usr/lib conftest.c  >&5
configure:20369: $? = 0
configure:20371: ./conftest
configure:20374: $? = 0
configure:20388: result: yes
configure:20404: checking for madvise
configure:20461: /usr/bin/gcc -o conftest -I/home/student/Documents/SanntidssalPernambuco/ex8/buildroot/output/host/include -I/home/student/Documents/SanntidssalPernambuco/ex8/buildroot/output/host/usr/include  -L/home/student/Documents/SanntidssalPernambuco/ex8/buildroot/output/host/lib -L/home/student/Documents/SanntidssalPernambuco/ex8/buildroot/output/host/usr/lib -Wl,-rpath,/home/student/Documents/SanntidssalPernambuco/ex8/buildroot/output/host/usr/lib conftest.c  >&5
configure:20467: $? = 0
configure:20471: test -z 
			 || test ! -s conftest.err
configure:20474: $? = 0
configure:20477: test -s conftest
configure:20480: $? = 0
configure:20492: result: yes
configure:20404: checking for mprotect
configure:20461: /usr/bin/gcc -o conftest -I/home/student/Documents/SanntidssalPernambuco/ex8/buildroot/output/host/include -I/home/student/Documents/SanntidssalPernambuco/ex8/buildroot/output/host/usr/include  -L/home/student/Documents/SanntidssalPernambuco/ex8/buildroot/output/host/lib -L/home/student/Documents/SanntidssalPernambuco/ex8/buildroot/output/host/usr/lib -Wl,-rpath,/home/student/Documents/SanntidssalPernambuco/ex8/buildroot/output/host/usr/lib conftest.c  >&5
configure:20467: $? = 0
configure:20471: test -z 
			 || test ! -s conftest.err
configure:20474: $? = 0
configure:20477: test -s conftest
configure:20480: $? = 0
configure:20492: result: yes
configure:20651: creating ./config.status

## ---------------------- ##
## Running config.status. ##
## ---------------------- ##

This file was extended by config.status, which was
generated by GNU Autoconf 2.59.  Invocation command line was

  CONFIG_FILES    = 
  CONFIG_HEADERS  = 
  CONFIG_LINKS    = 
  CONFIG_COMMANDS = 
  $ ./config.status 

on Sanntid

config.status:984: creating Makefile
config.status:984: creating doc/Makefile
config.status:984: creating bfd-in3.h
config.status:984: creating po/Makefile.in
config.status:1081: creating config.h
config.status:1489: executing depfiles commands
config.status:1489: executing libtool commands
config.status:1489: executing default-1 commands
config.status:1489: executing bfd_stdint.h commands
config.status:1489: executing default commands

## ---------------- ##
## Cache variables. ##
## ---------------- ##

ac_cv_build=x86_64-unknown-linux-gnu
ac_cv_build_alias=x86_64-unknown-linux-gnu
ac_cv_c_compiler_gnu=yes
ac_cv_env_CC_set=set
ac_cv_env_CC_value=/usr/bin/gcc
ac_cv_env_CFLAGS_set=set
ac_cv_env_CFLAGS_value='-I/home/student/Documents/SanntidssalPernambuco/ex8/buildroot/output/host/include -I/home/student/Documents/SanntidssalPernambuco/ex8/buildroot/output/host/usr/include'
ac_cv_env_CPPFLAGS_set=
ac_cv_env_CPPFLAGS_value=
ac_cv_env_CPP_set=
ac_cv_env_CPP_value=
ac_cv_env_LDFLAGS_set=set
ac_cv_env_LDFLAGS_value='-L/home/student/Documents/SanntidssalPernambuco/ex8/buildroot/output/host/lib -L/home/student/Documents/SanntidssalPernambuco/ex8/buildroot/output/host/usr/lib -Wl,-rpath,/home/student/Documents/SanntidssalPernambuco/ex8/buildroot/output/host/usr/lib'
ac_cv_env_build_alias_set=set
ac_cv_env_build_alias_value=x86_64-unknown-linux-gnu
ac_cv_env_host_alias_set=set
ac_cv_env_host_alias_value=x86_64-unknown-linux-gnu
ac_cv_env_target_alias_set=set
ac_cv_env_target_alias_value=avr32-unknown-linux-uclibc
ac_cv_exeext=
ac_cv_func_fcntl=yes
ac_cv_func_fdopen=yes
ac_cv_func_fopen64=yes
ac_cv_func_fseeko=yes
ac_cv_func_fseeko64=yes
ac_cv_func_ftello=yes
ac_cv_func_ftello64=yes
ac_cv_func_getgid=yes
ac_cv_func_getpagesize=yes
ac_cv_func_getuid=yes
ac_cv_func_madvise=yes
ac_cv_func_mmap_fixed_mapped=yes
ac_cv_func_mprotect=yes
ac_cv_func_setitimer=yes
ac_cv_func_strtoull=yes
ac_cv_func_sysconf=yes
ac_cv_have_decl_basename=yes
ac_cv_have_decl_ffs=yes
ac_cv_have_decl_free=yes
ac_cv_have_decl_fseeko=yes
ac_cv_have_decl_fseeko64=yes
ac_cv_have_decl_ftello=yes
ac_cv_have_decl_ftello64=yes
ac_cv_have_decl_getenv=yes
ac_cv_have_decl_malloc=yes
ac_cv_have_decl_realloc=yes
ac_cv_have_decl_snprintf=yes
ac_cv_have_decl_stpcpy=yes
ac_cv_have_decl_strstr=yes
ac_cv_have_decl_vsnprintf=yes
ac_cv_header_dirent_dirent_h=yes
ac_cv_header_dlfcn_h=yes
ac_cv_header_fcntl_h=yes
ac_cv_header_inttypes_h=yes
ac_cv_header_memory_h=yes
ac_cv_header_stdc=yes
ac_cv_header_stddef_h=yes
ac_cv_header_stdint_h=yes
ac_cv_header_stdlib_h=yes
ac_cv_header_string_h=yes
ac_cv_header_strings_h=yes
ac_cv_header_sys_file_h=yes
ac_cv_header_sys_stat_h=yes
ac_cv_header_sys_time_h=yes
ac_cv_header_sys_types_h=yes
ac_cv_header_time=yes
ac_cv_header_time_h=yes
ac_cv_header_unistd_h=yes
ac_cv_host=x86_64-unknown-linux-gnu
ac_cv_host_alias=x86_64-unknown-linux-gnu
ac_cv_objext=o
ac_cv_path_GMSGFMT=/usr/bin/msgfmt
ac_cv_path_MSGFMT=/usr/bin/msgfmt
ac_cv_path_MSGMERGE=/usr/bin/msgmerge
ac_cv_path_XGETTEXT=/usr/bin/xgettext
ac_cv_prog_AR=/usr/bin/ar
ac_cv_prog_AWK=gawk
ac_cv_prog_CC=/usr/bin/gcc
ac_cv_prog_CPP='/usr/bin/gcc -E'
ac_cv_prog_RANLIB=ranlib
ac_cv_prog_ac_ct_STRIP=strip
ac_cv_prog_cc_g=yes
ac_cv_prog_cc_stdc=
ac_cv_prog_egrep='grep -E'
ac_cv_prog_fgrep='grep -F'
ac_cv_prog_make__usr_bin_make_set=yes
ac_cv_search_opendir='none required'
ac_cv_search_strerror='none required'
ac_cv_sizeof_long=8
ac_cv_sizeof_long_long=8
ac_cv_sizeof_off_t=8
ac_cv_sizeof_void_p=8
ac_cv_target=avr32-unknown-linux-uclibc
ac_cv_target_alias=avr32-unknown-linux-uclibc
ac_cv_type_int_fast32_t=yes
ac_cv_type_int_least32_t=yes
ac_cv_type_long=yes
ac_cv_type_long_long=yes
ac_cv_type_off_t=yes
ac_cv_type_u_int64_t=no
ac_cv_type_uint64_t=yes
ac_cv_type_uintmax_t=yes
ac_cv_type_uintptr_t=yes
ac_cv_type_void_p=yes
acx_cv_header_stdint=stdint.h
acx_cv_header_stdint_kind='(already complete)'
am_cv_CC_dependencies_compiler_type=none
bfd_cv_has_long_long=yes
gcc_cv_header_string=yes
lt_cv_deplibs_check_method=pass_all
lt_cv_file_magic_cmd='$MAGIC_CMD'
lt_cv_file_magic_test_file=
lt_cv_ld_reload_flag=-r
lt_cv_nm_interface='BSD nm'
lt_cv_objdir=.libs
lt_cv_path_LD=/usr/bin/ld
lt_cv_path_NM=/usr/bin/nm
lt_cv_path_SED=/bin/sed
lt_cv_prog_compiler_c_o=yes
lt_cv_prog_compiler_rtti_exceptions=no
lt_cv_prog_gnu_ld=yes
lt_cv_sys_global_symbol_pipe='sed -n -e '\''s/^.*[	 ]\([ABCDGIRSTW][ABCDGIRSTW]*\)[	 ][	 ]*\([_A-Za-z][_A-Za-z0-9]*\)$/\1 \2 \2/p'\'''
lt_cv_sys_global_symbol_to_c_name_address='sed -n -e '\''s/^: \([^ ]*\) $/  {\"\1\", (void *) 0},/p'\'' -e '\''s/^[ABCDGIRSTW]* \([^ ]*\) \([^ ]*\)$/  {"\2", (void *) \&\2},/p'\'''
lt_cv_sys_global_symbol_to_cdecl='sed -n -e '\''s/^T .* \(.*\)$/extern int \1();/p'\'' -e '\''s/^[ABCDGIRSTW]* .* \(.*\)$/extern char \1;/p'\'''
lt_cv_sys_max_cmd_len=3458764513820540925

## ----------------- ##
## Output variables. ##
## ----------------- ##

ACLOCAL='${SHELL} /home/student/Documents/SanntidssalPernambuco/ex8/buildroot/output/toolchain/binutils-2.18-avr32-1.0.1/missing --run aclocal-1.9'
AMDEPBACKSLASH='\'
AMDEP_FALSE='#'
AMDEP_TRUE=''
AMTAR='${SHELL} /home/student/Documents/SanntidssalPernambuco/ex8/buildroot/output/toolchain/binutils-2.18-avr32-1.0.1/missing --run tar'
AR='/usr/bin/ar'
AUTOCONF='${SHELL} /home/student/Documents/SanntidssalPernambuco/ex8/buildroot/output/toolchain/binutils-2.18-avr32-1.0.1/missing --run autoconf'
AUTOHEADER='${SHELL} /home/student/Documents/SanntidssalPernambuco/ex8/buildroot/output/toolchain/binutils-2.18-avr32-1.0.1/missing --run autoheader'
AUTOMAKE='${SHELL} /home/student/Documents/SanntidssalPernambuco/ex8/buildroot/output/toolchain/binutils-2.18-avr32-1.0.1/missing --run automake-1.9'
AWK='gawk'
BFD_HOSTPTR_T='unsigned long'
BFD_HOST_64BIT_LONG='1'
BFD_HOST_64BIT_LONG_LONG='0'
BFD_HOST_64_BIT='long'
BFD_HOST_64_BIT_DEFINED='1'
BFD_HOST_LONG_LONG='1'
BFD_HOST_U_64_BIT='unsigned long'
CATALOGS=''
CATOBJEXT=''
CC='/usr/bin/gcc'
CCDEPMODE='depmode=none'
CC_FOR_BUILD='/usr/bin/gcc'
CFLAGS='-I/home/student/Documents/SanntidssalPernambuco/ex8/buildroot/output/host/include -I/home/student/Documents/SanntidssalPernambuco/ex8/buildroot/output/host/usr/include'
COREFILE=''
COREFLAG=''
CPP='/usr/bin/gcc -E'
CPPFLAGS=''
CYGPATH_W='echo'
DATADIRNAME=''
DEBUGDIR='${exec_prefix}/lib/debug'
DEFS='-DHAVE_CONFIG_H'
DEPDIR='.deps'
DUMPBIN=''
ECHO_C=''
ECHO_N='-n'
ECHO_T=''
EGREP='grep -E'
EXEEXT=''
EXEEXT_FOR_BUILD='$(EXEEXT)'
FGREP='grep -F'
GENCAT=''
GENINSRC_NEVER_FALSE=''
GENINSRC_NEVER_TRUE='#'
GMSGFMT='/usr/bin/msgfmt'
GREP='grep'
HDEFINES=''
INCINTL=''
INSTALL_DATA='/usr/bin/install -c -m 644'
INSTALL_LIBBFD_FALSE=''
INSTALL_LIBBFD_TRUE='#'
INSTALL_PROGRAM='/usr/bin/install -c'
INSTALL_SCRIPT='/usr/bin/install -c'
INSTALL_STRIP_PROGRAM='${SHELL} $(install_sh) -c -s'
INSTOBJEXT=''
LD='/usr/bin/ld -m elf_x86_64'
LDFLAGS='-L/home/student/Documents/SanntidssalPernambuco/ex8/buildroot/output/host/lib -L/home/student/Documents/SanntidssalPernambuco/ex8/buildroot/output/host/usr/lib -Wl,-rpath,/home/student/Documents/SanntidssalPernambuco/ex8/buildroot/output/host/usr/lib'
LIBINTL=''
LIBINTL_DEP=''
LIBOBJS=''
LIBS=''
LIBTOOL='$(SHELL) $(top_builddir)/libtool'
LN_S='ln -s'
LTLIBOBJS=''
MAINT='#'
MAINTAINER_MODE_FALSE=''
MAINTAINER_MODE_TRUE='#'
MAKEINFO='makeinfo --split-size=5000000'
MKINSTALLDIRS='/home/student/Documents/SanntidssalPernambuco/ex8/buildroot/output/toolchain/binutils-2.18-avr32-1.0.1/bfd/../mkinstalldirs'
MSGFMT='/usr/bin/msgfmt'
MSGMERGE='/usr/bin/msgmerge'
NM='/usr/bin/nm'
NO_WERROR=''
OBJEXT='o'
PACKAGE='bfd'
PACKAGE_BUGREPORT=''
PACKAGE_NAME=''
PACKAGE_STRING=''
PACKAGE_TARNAME=''
PACKAGE_VERSION=''
PATH_SEPARATOR=':'
PKGVERSION='(GNU Binutils) '
POSUB=''
RANLIB='ranlib'
REPORT_BUGS_TEXI='@uref{http://www.sourceware.org/bugzilla/}'
REPORT_BUGS_TO='<http://www.sourceware.org/bugzilla/>'
SED='/bin/sed'
SET_MAKE=''
SHELL='/bin/bash'
STRIP='strip'
TDEFINES=' '
USE_NLS='no'
VERSION='2.18.atmel.1.0.1.avr32linux.1'
WARN_CFLAGS='-W -Wall -Wstrict-prototypes -Wmissing-prototypes'
WIN32LDFLAGS=''
WIN32LIBADD=''
XGETTEXT='/usr/bin/xgettext'
ac_ct_AR=''
ac_ct_CC=''
ac_ct_DUMPBIN=''
ac_ct_RANLIB=''
ac_ct_STRIP='strip'
all_backends='$(BFD64_BACKENDS) $(BFD32_BACKENDS)'
am__fastdepCC_FALSE=''
am__fastdepCC_TRUE='#'
am__include='include'
am__leading_dot='.'
am__quote=''
am__tar='${AMTAR} chof - "$$tardir"'
am__untar='${AMTAR} xf -'
bfd64_libs='$(BFD64_LIBS)'
bfd_backends=' elf32-avr32.lo elf32.lo elf.lo elflink.lo elf-attrs.lo elf-strtab.lo elf-eh-frame.lo dwarf1.lo elf32-gen.lo'
bfd_default_target_size='32'
bfd_file_ptr='BFD_HOST_64_BIT'
bfd_machines=' cpu-avr32.lo'
bfd_ufile_ptr='BFD_HOST_U_64_BIT'
bfdincludedir='$(exec_prefix)/$(host_noncanonical)/$(target_noncanonical)/include'
bfdlibdir='$(exec_prefix)/$(host_noncanonical)/$(target_noncanonical)/lib'
bindir='${exec_prefix}/bin'
build='x86_64-unknown-linux-gnu'
build_alias='x86_64-unknown-linux-gnu'
build_cpu='x86_64'
build_os='linux-gnu'
build_vendor='unknown'
datadir='${prefix}/share'
datarootdir='/home/student/Documents/SanntidssalPernambuco/ex8/buildroot/output/staging/usr/share'
docdir='/home/student/Documents/SanntidssalPernambuco/ex8/buildroot/output/staging/usr/share/doc'
exec_prefix='${prefix}'
host='x86_64-unknown-linux-gnu'
host_alias='x86_64-unknown-linux-gnu'
host_cpu='x86_64'
host_noncanonical='x86_64-unknown-linux-gnu'
host_os='linux-gnu'
host_vendor='unknown'
htmldir='/home/student/Documents/SanntidssalPernambuco/ex8/buildroot/output/staging/usr/share/doc'
includedir='${prefix}/include'
infodir='${prefix}/info'
install_sh='/home/student/Documents/SanntidssalPernambuco/ex8/buildroot/output/toolchain/binutils-2.18-avr32-1.0.1/install-sh'
libdir='${exec_prefix}/lib'
libexecdir='${exec_prefix}/libexec'
localstatedir='${prefix}/var'
lt_ECHO='echo'
mandir='${prefix}/man'
mkdir_p='mkdir -p --'
oldincludedir='/usr/include'
prefix='/home/student/Documents/SanntidssalPernambuco/ex8/buildroot/output/staging/usr'
program_transform_name='s,^,avr32-unknown-linux-uclibc-,'
sbindir='${exec_prefix}/sbin'
sharedstatedir='${prefix}/com'
sysconfdir='${prefix}/etc'
target='avr32-unknown-linux-uclibc'
target_alias='avr32-unknown-linux-uclibc'
target_cpu='avr32'
target_noncanonical='avr32-unknown-linux-uclibc'
target_os='linux-uclibc'
target_vendor='unknown'
tdefaults=' -DDEFAULT_VECTOR=bfd_elf32_avr32_vec -DSELECT_VECS='&bfd_elf32_avr32_vec,&bfd_elf32_little_generic_vec,&bfd_elf32_big_generic_vec' -DSELECT_ARCHITECTURES='&bfd_avr32_arch' -DHAVE_bfd_elf32_avr32_vec -DHAVE_bfd_elf32_little_generic_vec -DHAVE_bfd_elf32_big_generic_vec'
wordsize='64'

## ----------- ##
## confdefs.h. ##
## ----------- ##

#define HAVE_DECL_BASENAME 1
#define HAVE_DECL_FFS 1
#define HAVE_DECL_FREE 1
#define HAVE_DECL_FSEEKO 1
#define HAVE_DECL_FSEEKO64 1
#define HAVE_DECL_FTELLO 1
#define HAVE_DECL_FTELLO64 1
#define HAVE_DECL_GETENV 1
#define HAVE_DECL_MALLOC 1
#define HAVE_DECL_REALLOC 1
#define HAVE_DECL_SNPRINTF 1
#define HAVE_DECL_STPCPY 1
#define HAVE_DECL_STRSTR 1
#define HAVE_DECL_VSNPRINTF 1
#define HAVE_DIRENT_H 1
#define HAVE_DLFCN_H 1
#define HAVE_FCNTL 1
#define HAVE_FCNTL_H 1
#define HAVE_FDOPEN 1
#define HAVE_FOPEN64 1
#define HAVE_FSEEKO 1
#define HAVE_FSEEKO64 1
#define HAVE_FTELLO 1
#define HAVE_FTELLO64 1
#define HAVE_GETGID 1
#define HAVE_GETPAGESIZE 1
#define HAVE_GETPAGESIZE 1
#define HAVE_GETUID 1
#define HAVE_INTTYPES_H 1
#define HAVE_MADVISE 1
#define HAVE_MEMORY_H 1
#define HAVE_MMAP 1
#define HAVE_MPROTECT 1
#define HAVE_SETITIMER 1
#define HAVE_STDDEF_H 1
#define HAVE_STDINT_H 1
#define HAVE_STDLIB_H 1
#define HAVE_STDLIB_H 1
#define HAVE_STDLIB_H 1
#define HAVE_STRINGS_H 1
#define HAVE_STRINGS_H 1
#define HAVE_STRING_H 1
#define HAVE_STRING_H 1
#define HAVE_STRTOULL 1
#define HAVE_SYSCONF 1
#define HAVE_SYS_FILE_H 1
#define HAVE_SYS_STAT_H 1
#define HAVE_SYS_TIME_H 1
#define HAVE_SYS_TYPES_H 1
#define HAVE_TIME_H 1
#define HAVE_UNISTD_H 1
#define HAVE_UNISTD_H 1
#define HAVE_UNISTD_H 1
#define LT_OBJDIR ".libs/"
#define PACKAGE "bfd"
#define PACKAGE_BUGREPORT ""
#define PACKAGE_NAME ""
#define PACKAGE_STRING ""
#define PACKAGE_TARNAME ""
#define PACKAGE_VERSION ""
#define SIZEOF_LONG 8
#define SIZEOF_LONG_LONG 8
#define SIZEOF_OFF_T 8
#define SIZEOF_VOID_P 8
#define STDC_HEADERS 1
#define STRING_WITH_STRINGS 1
#define TIME_WITH_SYS_TIME 1
#define VERSION "2.18.atmel.1.0.1.avr32linux.1"
#define _GNU_SOURCE 1

configure: exit 0

## ---------------------- ##
## Running config.status. ##
## ---------------------- ##

This file was extended by config.status, which was
generated by GNU Autoconf 2.59.  Invocation command line was

  CONFIG_FILES    = po/Makefile.in:po/Make-in
  CONFIG_HEADERS  = 
  CONFIG_LINKS    = 
  CONFIG_COMMANDS = 
  $ ./config.status 

on Sanntid

config.status:984: creating po/Makefile.in
config.status:1489: executing depfiles commands
config.status:1489: executing libtool commands
config.status:1489: executing default-1 commands
config.status:1489: executing bfd_stdint.h commands
config.status:1489: executing default commands
