This file contains any messages produced by compilers while
running configure, to aid debugging if configure makes a mistake.

It was created by GNU Automake configure 1.10, which was
generated by GNU Autoconf 2.60.  Invocation command line was

  $ ./configure --prefix=/home/student/Documents/SanntidssalPernambuco/ex8/buildroot/output/host/usr --sysconfdir=/home/student/Documents/SanntidssalPernambuco/ex8/buildroot/output/host/etc

## --------- ##
## Platform. ##
## --------- ##

hostname = Sanntid
uname -m = x86_64
uname -r = 3.5.7-xenomai-2.6.2.1
uname -s = Linux
uname -v = #1 SMP Sat Feb 9 15:03:06 CST 2013

/usr/bin/uname -p = unknown
/bin/uname -X     = unknown

/bin/arch              = unknown
/usr/bin/arch -k       = unknown
/usr/convex/getsysinfo = unknown
/usr/bin/hostinfo      = unknown
/bin/machine           = unknown
/usr/bin/oslevel       = unknown
/bin/universe          = unknown

PATH: /home/student/Documents/SanntidssalPernambuco/ex8/buildroot/output/host/bin
PATH: /home/student/Documents/SanntidssalPernambuco/ex8/buildroot/output/host/usr/bin
PATH: /usr/local/sbin
PATH: /usr/local/bin
PATH: /usr/sbin
PATH: /usr/bin
PATH: /sbin
PATH: /bin
PATH: /usr/games
PATH: /usr/local/go/bin


## ----------- ##
## Core tests. ##
## ----------- ##

configure:1689: checking build system type
configure:1707: result: x86_64-unknown-linux-gnu
configure:1751: checking for a BSD-compatible install
configure:1807: result: /usr/bin/install -c
configure:1818: checking whether build environment is sane
configure:1861: result: yes
configure:1889: checking for a thread-safe mkdir -p
configure:1928: result: /bin/mkdir -p
configure:1941: checking for gawk
configure:1957: found /usr/bin/gawk
configure:1968: result: gawk
configure:1979: checking whether make sets $(MAKE)
configure:2000: result: yes
configure:2210: checking for perl
configure:2228: found /usr/bin/perl
configure:2240: result: /usr/bin/perl
configure:2268: checking for tex
configure:2298: result: no
configure:2310: checking whether autoconf is installed
configure:2315: eval autoconf --version
autoconf (GNU Autoconf) 2.65
Copyright (C) 2009 Free Software Foundation, Inc.
License GPLv3+/Autoconf: GNU GPL version 3 or later
<http://gnu.org/licenses/gpl.html>, <http://gnu.org/licenses/exceptions.html>
This is free software: you are free to change and redistribute it.
There is NO WARRANTY, to the extent permitted by law.

Written by David J. MacKenzie and Akim Demaille.
configure:2318: $? = 0
configure:2326: result: yes
configure:2336: checking whether autoconf works
configure:2343: cd conftest && eval autoconf -o /dev/null conftest.ac
configure:2346: $? = 0
configure:2355: result: yes
configure:2365: checking whether autoconf is recent enough
configure:2372: cd conftest && eval autoconf -o /dev/null conftest.ac
configure:2375: $? = 0
configure:2384: result: yes
configure:2393: checking whether ln works
configure:2413: result: yes
configure:2428: checking for grep that handles long lines and -e
configure:2502: result: /bin/grep
configure:2507: checking for egrep
configure:2585: result: /bin/grep -E
configure:2590: checking for fgrep
configure:2668: result: /bin/grep -F
configure:2811: creating ./config.status

## ---------------------- ##
## Running config.status. ##
## ---------------------- ##

This file was extended by GNU Automake config.status 1.10, which was
generated by GNU Autoconf 2.60.  Invocation command line was

  CONFIG_FILES    = 
  CONFIG_HEADERS  = 
  CONFIG_LINKS    = 
  CONFIG_COMMANDS = 
  $ ./config.status 

on Sanntid

config.status:3498: creating Makefile
config.status:3498: creating doc/Makefile
config.status:3498: creating lib/Automake/Makefile
config.status:3498: creating lib/Automake/tests/Makefile
config.status:3498: creating lib/Makefile
config.status:3498: creating lib/am/Makefile
config.status:3498: creating m4/Makefile
config.status:3498: creating tests/Makefile
config.status:3498: creating tests/defs
config.status:3498: creating tests/aclocal-1.10
config.status:3498: creating tests/automake-1.10

## ---------------- ##
## Cache variables. ##
## ---------------- ##

ac_cv_build='x86_64-unknown-linux-gnu'
ac_cv_env_build_alias_set=''
ac_cv_env_build_alias_value=''
ac_cv_env_host_alias_set=''
ac_cv_env_host_alias_value=''
ac_cv_env_target_alias_set=''
ac_cv_env_target_alias_value=''
ac_cv_path_EGREP='/bin/grep -E'
ac_cv_path_FGREP='/bin/grep -F'
ac_cv_path_GREP='/bin/grep'
ac_cv_path_PERL='/usr/bin/perl'
ac_cv_path_install='/usr/bin/install -c'
ac_cv_path_mkdir='/bin/mkdir'
ac_cv_prog_AWK='gawk'
ac_cv_prog_make_make_set='yes'
am_cv_autoconf_installed='yes'
am_cv_autoconf_version='yes'
am_cv_autoconf_works='yes'
am_cv_prog_ln='ln'

## ----------------- ##
## Output variables. ##
## ----------------- ##

ACLOCAL='perllibdir=/home/student/Documents/SanntidssalPernambuco/ex8/buildroot/output/build/host-automake-1.10"/lib:./lib" /home/student/Documents/SanntidssalPernambuco/ex8/buildroot/output/build/host-automake-1.10/aclocal --acdir=m4 -I m4'
AMTAR='${SHELL} /home/student/Documents/SanntidssalPernambuco/ex8/buildroot/output/build/host-automake-1.10/lib/missing --run tar'
APIVERSION='1.10'
AUTOCONF='${SHELL} /home/student/Documents/SanntidssalPernambuco/ex8/buildroot/output/build/host-automake-1.10/lib/missing --run autoconf'
AUTOHEADER='${SHELL} /home/student/Documents/SanntidssalPernambuco/ex8/buildroot/output/build/host-automake-1.10/lib/missing --run autoheader'
AUTOMAKE='perllibdir=/home/student/Documents/SanntidssalPernambuco/ex8/buildroot/output/build/host-automake-1.10"/lib:./lib" /home/student/Documents/SanntidssalPernambuco/ex8/buildroot/output/build/host-automake-1.10/automake --libdir=lib'
AWK='gawk'
CYGPATH_W='echo'
DEFS='-DPACKAGE_NAME=\"GNU\ Automake\" -DPACKAGE_TARNAME=\"automake\" -DPACKAGE_VERSION=\"1.10\" -DPACKAGE_STRING=\"GNU\ Automake\ 1.10\" -DPACKAGE_BUGREPORT=\"bug-automake@gnu.org\" -DPACKAGE=\"automake\" -DVERSION=\"1.10\"'
ECHO_C=''
ECHO_N='-n'
ECHO_T=''
EGREP='/bin/grep -E'
FGREP='/bin/grep -F'
GREP='/bin/grep'
INSTALL_DATA='${INSTALL} -m 644'
INSTALL_PROGRAM='${INSTALL}'
INSTALL_SCRIPT='${INSTALL}'
INSTALL_STRIP_PROGRAM='$(install_sh) -c -s'
LIBOBJS=''
LIBS=''
LN='ln'
LTLIBOBJS=''
MAKEINFO='${SHELL} /home/student/Documents/SanntidssalPernambuco/ex8/buildroot/output/build/host-automake-1.10/lib/missing --run makeinfo'
MODIFICATION_DELAY='2'
PACKAGE='automake'
PACKAGE_BUGREPORT='bug-automake@gnu.org'
PACKAGE_NAME='GNU Automake'
PACKAGE_STRING='GNU Automake 1.10'
PACKAGE_TARNAME='automake'
PACKAGE_VERSION='1.10'
PATH_SEPARATOR=':'
PERL='/usr/bin/perl'
SET_MAKE=''
SHELL='/bin/bash'
STRIP=''
TEX=''
VERSION='1.10'
am_AUTOCONF='autoconf'
am__isrc=''
am__leading_dot='.'
am__tar='${AMTAR} chof - "$$tardir"'
am__untar='${AMTAR} xf -'
bindir='${exec_prefix}/bin'
build='x86_64-unknown-linux-gnu'
build_alias=''
build_cpu='x86_64'
build_os='linux-gnu'
build_vendor='unknown'
datadir='${datarootdir}'
datarootdir='${prefix}/share'
docdir='${datarootdir}/doc/${PACKAGE_TARNAME}'
dvidir='${docdir}'
exec_prefix='${prefix}'
host_alias=''
htmldir='${docdir}'
includedir='${prefix}/include'
infodir='${datarootdir}/info'
install_sh='$(SHELL) /home/student/Documents/SanntidssalPernambuco/ex8/buildroot/output/build/host-automake-1.10/lib/install-sh'
libdir='${exec_prefix}/lib'
libexecdir='${exec_prefix}/libexec'
localedir='${datarootdir}/locale'
localstatedir='${prefix}/var'
mandir='${datarootdir}/man'
mkdir_p='/bin/mkdir -p'
oldincludedir='/usr/include'
pdfdir='${docdir}'
pkgvdatadir='${datadir}/automake-1.10'
prefix='/home/student/Documents/SanntidssalPernambuco/ex8/buildroot/output/host/usr'
program_transform_name='s,x,x,'
psdir='${docdir}'
sbindir='${exec_prefix}/sbin'
sharedstatedir='${prefix}/com'
sysconfdir='/home/student/Documents/SanntidssalPernambuco/ex8/buildroot/output/host/etc'
target_alias=''

## ----------- ##
## confdefs.h. ##
## ----------- ##

#define PACKAGE_NAME "GNU Automake"
#define PACKAGE_TARNAME "automake"
#define PACKAGE_VERSION "1.10"
#define PACKAGE_STRING "GNU Automake 1.10"
#define PACKAGE_BUGREPORT "bug-automake@gnu.org"
#define PACKAGE "automake"
#define VERSION "1.10"

configure: exit 0
