This file contains any messages produced by compilers while
running configure, to aid debugging if configure makes a mistake.

It was created by configure, which was
generated by GNU Autoconf 2.61.  Invocation command line was

  $ /home/student/Documents/SanntidssalPernambuco/ex8/buildroot/output/toolchain/gdb-6.7.1-avr32-2.1.5/bfd/configure --cache-file=./config.cache --prefix=/home/student/Documents/SanntidssalPernambuco/ex8/buildroot/output/staging --disable-nls --without-uiout --disable-tui --disable-gdbtk --without-x --without-included-gettext --enable-threads --disable-werror --program-transform-name=s&^&avr32-unknown-linux-uclibc-& --build=x86_64-unknown-linux-gnu --host=x86_64-unknown-linux-gnu --target=avr32-unknown-linux-uclibc --srcdir=/home/student/Documents/SanntidssalPernambuco/ex8/buildroot/output/toolchain/gdb-6.7.1-avr32-2.1.5/bfd

## --------- ##
## Platform. ##
## --------- ##

hostname = Sanntid
uname -m = x86_64
uname -r = 3.5.7-xenomai-2.6.2.1
uname -s = Linux
uname -v = #1 SMP Sat Feb 9 15:03:06 CST 2013

/usr/bin/uname -p = unknown
/bin/uname -X     = unknown

/bin/arch              = unknown
/usr/bin/arch -k       = unknown
/usr/convex/getsysinfo = unknown
/usr/bin/hostinfo      = unknown
/bin/machine           = unknown
/usr/bin/oslevel       = unknown
/bin/universe          = unknown

PATH: /usr/local/sbin
PATH: /usr/local/bin
PATH: /usr/sbin
PATH: /usr/bin
PATH: /sbin
PATH: /bin
PATH: /usr/games
PATH: /usr/local/go/bin


## ----------- ##
## Core tests. ##
## ----------- ##

configure:1899: creating cache ./config.cache
configure:2015: checking build system type
configure:2033: result: x86_64-unknown-linux-gnu
configure:2055: checking host system type
configure:2070: result: x86_64-unknown-linux-gnu
configure:2092: checking target system type
configure:2107: result: avr32-unknown-linux-uclibc
configure:2143: checking for x86_64-unknown-linux-gnu-gcc
configure:2170: result: gcc
configure:2448: checking for C compiler version
configure:2455: gcc --version >&5
gcc (Ubuntu/Linaro 4.6.3-1ubuntu5) 4.6.3
Copyright (C) 2011 Free Software Foundation, Inc.
This is free software; see the source for copying conditions.  There is NO
warranty; not even for MERCHANTABILITY or FITNESS FOR A PARTICULAR PURPOSE.

configure:2458: $? = 0
configure:2465: gcc -v >&5
Using built-in specs.
COLLECT_GCC=gcc
COLLECT_LTO_WRAPPER=/usr/lib/gcc/x86_64-linux-gnu/4.6/lto-wrapper
Target: x86_64-linux-gnu
Configured with: ../src/configure -v --with-pkgversion='Ubuntu/Linaro 4.6.3-1ubuntu5' --with-bugurl=file:///usr/share/doc/gcc-4.6/README.Bugs --enable-languages=c,c++,fortran,objc,obj-c++ --prefix=/usr --program-suffix=-4.6 --enable-shared --enable-linker-build-id --with-system-zlib --libexecdir=/usr/lib --without-included-gettext --enable-threads=posix --with-gxx-include-dir=/usr/include/c++/4.6 --libdir=/usr/lib --enable-nls --with-sysroot=/ --enable-clocale=gnu --enable-libstdcxx-debug --enable-libstdcxx-time=yes --enable-gnu-unique-object --enable-plugin --enable-objc-gc --disable-werror --with-arch-32=i686 --with-tune=generic --enable-checking=release --build=x86_64-linux-gnu --host=x86_64-linux-gnu --target=x86_64-linux-gnu
Thread model: posix
gcc version 4.6.3 (Ubuntu/Linaro 4.6.3-1ubuntu5) 
configure:2468: $? = 0
configure:2475: gcc -V >&5
gcc: error: unrecognized option '-V'
gcc: fatal error: no input files
compilation terminated.
configure:2478: $? = 4
configure:2501: checking for C compiler default output file name
configure:2528: gcc -g -O2   conftest.c  >&5
configure:2531: $? = 0
configure:2569: result: a.out
configure:2586: checking whether the C compiler works
configure:2596: ./a.out
configure:2599: $? = 0
configure:2616: result: yes
configure:2623: checking whether we are cross compiling
configure:2625: result: no
configure:2628: checking for suffix of executables
configure:2635: gcc -o conftest -g -O2   conftest.c  >&5
configure:2638: $? = 0
configure:2662: result: 
configure:2668: checking for suffix of object files
configure:2694: gcc -c -g -O2  conftest.c >&5
configure:2697: $? = 0
configure:2720: result: o
configure:2724: checking whether we are using the GNU C compiler
configure:2753: gcc -c -g -O2  conftest.c >&5
configure:2759: $? = 0
configure:2776: result: yes
configure:2781: checking whether gcc accepts -g
configure:2811: gcc -c -g  conftest.c >&5
configure:2817: $? = 0
configure:2916: result: yes
configure:2933: checking for gcc option to accept ISO C89
configure:3007: gcc  -c -g -O2  conftest.c >&5
configure:3013: $? = 0
configure:3036: result: none needed
configure:3055: checking for library containing strerror
configure:3096: gcc -o conftest -g -O2   conftest.c  >&5
configure:3102: $? = 0
configure:3130: result: none required
configure:3154: checking for a BSD-compatible install
configure:3210: result: /usr/bin/install -c
configure:3221: checking whether build environment is sane
configure:3264: result: yes
configure:3292: checking for a thread-safe mkdir -p
configure:3331: result: /bin/mkdir -p
configure:3344: checking for gawk
configure:3360: found /usr/bin/gawk
configure:3371: result: gawk
configure:3382: checking whether /usr/bin/make sets $(MAKE)
configure:3403: result: yes
configure:3433: checking for style of include used by /usr/bin/make
configure:3461: result: GNU
configure:3654: checking dependency style of gcc
configure:3745: result: none
configure:3765: checking for x86_64-unknown-linux-gnu-ar
configure:3792: result: ar
configure:3861: checking for x86_64-unknown-linux-gnu-ranlib
configure:3888: result: ranlib
configure:3995: checking for x86_64-unknown-linux-gnu-gcc
configure:4022: result: gcc
configure:4300: checking for C compiler version
configure:4307: gcc --version >&5
gcc (Ubuntu/Linaro 4.6.3-1ubuntu5) 4.6.3
Copyright (C) 2011 Free Software Foundation, Inc.
This is free software; see the source for copying conditions.  There is NO
warranty; not even for MERCHANTABILITY or FITNESS FOR A PARTICULAR PURPOSE.

configure:4310: $? = 0
configure:4317: gcc -v >&5
Using built-in specs.
COLLECT_GCC=gcc
COLLECT_LTO_WRAPPER=/usr/lib/gcc/x86_64-linux-gnu/4.6/lto-wrapper
Target: x86_64-linux-gnu
Configured with: ../src/configure -v --with-pkgversion='Ubuntu/Linaro 4.6.3-1ubuntu5' --with-bugurl=file:///usr/share/doc/gcc-4.6/README.Bugs --enable-languages=c,c++,fortran,objc,obj-c++ --prefix=/usr --program-suffix=-4.6 --enable-shared --enable-linker-build-id --with-system-zlib --libexecdir=/usr/lib --without-included-gettext --enable-threads=posix --with-gxx-include-dir=/usr/include/c++/4.6 --libdir=/usr/lib --enable-nls --with-sysroot=/ --enable-clocale=gnu --enable-libstdcxx-debug --enable-libstdcxx-time=yes --enable-gnu-unique-object --enable-plugin --enable-objc-gc --disable-werror --with-arch-32=i686 --with-tune=generic --enable-checking=release --build=x86_64-linux-gnu --host=x86_64-linux-gnu --target=x86_64-linux-gnu
Thread model: posix
gcc version 4.6.3 (Ubuntu/Linaro 4.6.3-1ubuntu5) 
configure:4320: $? = 0
configure:4327: gcc -V >&5
gcc: error: unrecognized option '-V'
gcc: fatal error: no input files
compilation terminated.
configure:4330: $? = 4
configure:4333: checking whether we are using the GNU C compiler
configure:4385: result: yes
configure:4390: checking whether gcc accepts -g
configure:4525: result: yes
configure:4542: checking for gcc option to accept ISO C89
configure:4645: result: none needed
configure:4776: checking for a sed that does not truncate output
configure:4855: result: /bin/sed
configure:4873: checking for grep that handles long lines and -e
configure:4947: result: /bin/grep
configure:4952: checking for egrep
configure:5030: result: /bin/grep -E
configure:5035: checking for fgrep
configure:5113: result: /bin/grep -F
configure:5148: checking for ld used by gcc
configure:5215: result: ld
configure:5224: checking if the linker (ld) is GNU ld
configure:5239: result: yes
configure:5252: checking for BSD- or MS-compatible name lister (nm)
configure:5301: result: nm
configure:5423: checking the name lister (nm) interface
configure:5430: gcc -c -g -O2  conftest.c >&5
configure:5433: nm "conftest.o"
configure:5436: output
0000000000000000 B some_variable
configure:5443: result: BSD nm
configure:5446: checking whether ln -s works
configure:5450: result: yes
configure:5458: checking the maximum length of command line arguments
configure:5578: result: 3458764513820540925
configure:5596: checking whether the shell understands some XSI constructs
configure:5604: result: yes
configure:5608: checking whether the shell understands "+="
configure:5614: result: yes
configure:5649: checking for ld option to reload object files
configure:5656: result: -r
configure:5683: checking how to recognize dependent libraries
configure:5873: result: pass_all
configure:5893: checking for x86_64-unknown-linux-gnu-ar
configure:5920: result: ar
configure:6002: checking for x86_64-unknown-linux-gnu-strip
configure:6032: result: no
configure:6042: checking for strip
configure:6058: found /usr/bin/strip
configure:6069: result: strip
configure:6105: checking for x86_64-unknown-linux-gnu-ranlib
configure:6132: result: ranlib
configure:6266: checking command to parse nm output from gcc object
configure:6383: gcc -c -g -O2  conftest.c >&5
configure:6386: $? = 0
configure:6390: nm conftest.o \| sed -n -e 's/^.*[	 ]\([ABCDGIRSTW][ABCDGIRSTW]*\)[	 ][	 ]*\([_A-Za-z][_A-Za-z0-9]*\)$/\1 \2 \2/p' \> conftest.nm
configure:6393: $? = 0
configure:6447: gcc -o conftest -g -O2   conftest.c conftstm.o >&5
configure:6450: $? = 0
configure:6488: result: ok
configure:6578: gcc -c -g -O2  conftest.c >&5
configure:6581: $? = 0
configure:6727: checking how to run the C preprocessor
configure:6767: gcc -E  conftest.c
configure:6773: $? = 0
configure:6804: gcc -E  conftest.c
conftest.c:11:28: fatal error: ac_nonexistent.h: No such file or directory
compilation terminated.
configure:6810: $? = 1
configure: failed program was:
| /* confdefs.h.  */
| #define PACKAGE_NAME ""
| #define PACKAGE_TARNAME ""
| #define PACKAGE_VERSION ""
| #define PACKAGE_STRING ""
| #define PACKAGE_BUGREPORT ""
| #define PACKAGE "bfd"
| #define VERSION "2.18.50"
| #define _GNU_SOURCE 1
| /* end confdefs.h.  */
| #include <ac_nonexistent.h>
configure:6843: result: gcc -E
configure:6872: gcc -E  conftest.c
configure:6878: $? = 0
configure:6909: gcc -E  conftest.c
conftest.c:11:28: fatal error: ac_nonexistent.h: No such file or directory
compilation terminated.
configure:6915: $? = 1
configure: failed program was:
| /* confdefs.h.  */
| #define PACKAGE_NAME ""
| #define PACKAGE_TARNAME ""
| #define PACKAGE_VERSION ""
| #define PACKAGE_STRING ""
| #define PACKAGE_BUGREPORT ""
| #define PACKAGE "bfd"
| #define VERSION "2.18.50"
| #define _GNU_SOURCE 1
| /* end confdefs.h.  */
| #include <ac_nonexistent.h>
configure:6953: checking for ANSI C header files
configure:6983: gcc -c -g -O2  conftest.c >&5
configure:6989: $? = 0
configure:7088: gcc -o conftest -g -O2   conftest.c  >&5
configure:7091: $? = 0
configure:7097: ./conftest
configure:7100: $? = 0
configure:7117: result: yes
configure:7141: checking for sys/types.h
configure:7162: gcc -c -g -O2  conftest.c >&5
configure:7168: $? = 0
configure:7184: result: yes
configure:7141: checking for sys/stat.h
configure:7162: gcc -c -g -O2  conftest.c >&5
configure:7168: $? = 0
configure:7184: result: yes
configure:7141: checking for stdlib.h
configure:7162: gcc -c -g -O2  conftest.c >&5
configure:7168: $? = 0
configure:7184: result: yes
configure:7141: checking for string.h
configure:7162: gcc -c -g -O2  conftest.c >&5
configure:7168: $? = 0
configure:7184: result: yes
configure:7141: checking for memory.h
configure:7162: gcc -c -g -O2  conftest.c >&5
configure:7168: $? = 0
configure:7184: result: yes
configure:7141: checking for strings.h
configure:7162: gcc -c -g -O2  conftest.c >&5
configure:7168: $? = 0
configure:7184: result: yes
configure:7141: checking for inttypes.h
configure:7162: gcc -c -g -O2  conftest.c >&5
configure:7168: $? = 0
configure:7184: result: yes
configure:7141: checking for stdint.h
configure:7162: gcc -c -g -O2  conftest.c >&5
configure:7168: $? = 0
configure:7184: result: yes
configure:7141: checking for unistd.h
configure:7162: gcc -c -g -O2  conftest.c >&5
configure:7168: $? = 0
configure:7184: result: yes
configure:7200: checking for dlfcn.h
configure:7221: gcc -c -g -O2  conftest.c >&5
configure:7227: $? = 0
configure:7243: result: yes
configure:7305: checking for objdir
configure:7320: result: .libs
configure:7616: checking if gcc supports -fno-rtti -fno-exceptions
configure:7634: gcc -c -g -O2  -fno-rtti -fno-exceptions conftest.c >&5
cc1: warning: command line option '-fno-rtti' is valid for C++/ObjC++ but not for C [enabled by default]
configure:7638: $? = 0
configure:7651: result: no
configure:7671: checking for gcc option to produce PIC
configure:7926: result: -fPIC -DPIC
configure:7938: checking if gcc PIC flag -fPIC -DPIC works
configure:7956: gcc -c -g -O2  -fPIC -DPIC -DPIC conftest.c >&5
configure:7960: $? = 0
configure:7973: result: yes
configure:7997: checking if gcc static flag -static works
configure:8025: result: yes
configure:8040: checking if gcc supports -c -o file.o
configure:8061: gcc -c -g -O2  -o out/conftest2.o conftest.c >&5
configure:8065: $? = 0
configure:8087: result: yes
configure:8095: checking if gcc supports -c -o file.o
configure:8142: result: yes
configure:8175: checking whether the gcc linker (ld -m elf_x86_64) supports shared libraries
configure:9249: result: yes
configure:9488: checking dynamic linker characteristics
configure:9926: gcc -o conftest -g -O2   -Wl,-rpath -Wl,/foo conftest.c  >&5
configure:9932: $? = 0
configure:10162: result: GNU/Linux ld.so
configure:10257: checking how to hardcode library paths into programs
configure:10282: result: immediate
configure:11095: checking whether stripping libraries is possible
configure:11100: result: yes
configure:11135: checking if libtool supports shared libraries
configure:11137: result: yes
configure:11140: checking whether to build shared libraries
configure:11161: result: no
configure:11164: checking whether to build static libraries
configure:11168: result: yes
configure:11394: checking whether to enable maintainer-specific portions of Makefiles
configure:11403: result: no
configure:11439: checking whether to install libbfd
configure:11452: result: no
configure:11500: checking whether NLS is requested
configure:11503: result: no
configure:11573: checking whether NLS is requested
configure:11582: result: no
configure:11620: checking for msgfmt
configure:11651: result: /usr/bin/msgfmt
configure:11660: checking for gmsgfmt
configure:11691: result: /usr/bin/msgfmt
configure:11731: checking for xgettext
configure:11762: result: /usr/bin/xgettext
configure:11802: checking for msgmerge
configure:11832: result: /usr/bin/msgmerge
configure:11885: checking for a BSD-compatible install
configure:11941: result: /usr/bin/install -c
configure:11961: checking for long long
configure:11987: gcc -c -g -O2  conftest.c >&5
configure:11993: $? = 0
configure:12009: result: yes
configure:12013: checking for long long
configure:12043: gcc -c -g -O2  conftest.c >&5
configure:12049: $? = 0
configure:12064: result: yes
configure:12071: checking size of long long
configure:12373: gcc -o conftest -g -O2   conftest.c  >&5
configure:12376: $? = 0
configure:12382: ./conftest
configure:12385: $? = 0
configure:12408: result: 8
configure:12420: checking for void *
configure:12450: gcc -c -g -O2  conftest.c >&5
configure:12456: $? = 0
configure:12471: result: yes
configure:12478: checking size of void *
configure:12780: gcc -o conftest -g -O2   conftest.c  >&5
configure:12783: $? = 0
configure:12789: ./conftest
configure:12792: $? = 0
configure:12815: result: 8
configure:12825: checking for long
configure:12855: gcc -c -g -O2  conftest.c >&5
configure:12861: $? = 0
configure:12876: result: yes
configure:12883: checking size of long
configure:13185: gcc -o conftest -g -O2   conftest.c  >&5
configure:13188: $? = 0
configure:13194: ./conftest
configure:13197: $? = 0
configure:13220: result: 8
configure:13320: checking stddef.h usability
configure:13337: gcc -c -g -O2  conftest.c >&5
configure:13343: $? = 0
configure:13357: result: yes
configure:13361: checking stddef.h presence
configure:13376: gcc -E  conftest.c
configure:13382: $? = 0
configure:13396: result: yes
configure:13424: checking for stddef.h
configure:13432: result: yes
configure:13310: checking for string.h
configure:13316: result: yes
configure:13310: checking for strings.h
configure:13316: result: yes
configure:13310: checking for stdlib.h
configure:13316: result: yes
configure:13320: checking time.h usability
configure:13337: gcc -c -g -O2  conftest.c >&5
configure:13343: $? = 0
configure:13357: result: yes
configure:13361: checking time.h presence
configure:13376: gcc -E  conftest.c
configure:13382: $? = 0
configure:13396: result: yes
configure:13424: checking for time.h
configure:13432: result: yes
configure:13310: checking for unistd.h
configure:13316: result: yes
configure:13462: checking fcntl.h usability
configure:13479: gcc -c -g -O2  conftest.c >&5
configure:13485: $? = 0
configure:13499: result: yes
configure:13503: checking fcntl.h presence
configure:13518: gcc -E  conftest.c
configure:13524: $? = 0
configure:13538: result: yes
configure:13566: checking for fcntl.h
configure:13574: result: yes
configure:13462: checking sys/file.h usability
configure:13479: gcc -c -g -O2  conftest.c >&5
configure:13485: $? = 0
configure:13499: result: yes
configure:13503: checking sys/file.h presence
configure:13518: gcc -E  conftest.c
configure:13524: $? = 0
configure:13538: result: yes
configure:13566: checking for sys/file.h
configure:13574: result: yes
configure:13462: checking sys/time.h usability
configure:13479: gcc -c -g -O2  conftest.c >&5
configure:13485: $? = 0
configure:13499: result: yes
configure:13503: checking sys/time.h presence
configure:13518: gcc -E  conftest.c
configure:13524: $? = 0
configure:13538: result: yes
configure:13566: checking for sys/time.h
configure:13574: result: yes
configure:13600: checking for uintmax_t
configure:13632: gcc -c -g -O2  conftest.c >&5
configure:13638: $? = 0
configure:13653: result: yes
configure:13661: checking for uintptr_t
configure:13693: gcc -c -g -O2  conftest.c >&5
configure:13699: $? = 0
configure:13714: result: yes
configure:13722: checking for int_least32_t
configure:13754: gcc -c -g -O2  conftest.c >&5
configure:13760: $? = 0
configure:13775: result: yes
configure:13783: checking for int_fast32_t
configure:13815: gcc -c -g -O2  conftest.c >&5
configure:13821: $? = 0
configure:13836: result: yes
configure:13844: checking for uint64_t
configure:13876: gcc -c -g -O2  conftest.c >&5
configure:13882: $? = 0
configure:13897: result: yes
configure:14228: checking what to include in bfd_stdint.h
configure:14256: result: stdint.h (already complete)
configure:16367: checking whether time.h and sys/time.h may both be included
configure:16397: gcc -c -g -O2  conftest.c >&5
configure:16403: $? = 0
configure:16418: result: yes
configure:16436: checking for dirent.h that defines DIR
configure:16465: gcc -c -g -O2  conftest.c >&5
configure:16471: $? = 0
configure:16487: result: yes
configure:16500: checking for library containing opendir
configure:16541: gcc -o conftest -g -O2   conftest.c  >&5
configure:16547: $? = 0
configure:16575: result: none required
configure:16669: checking whether string.h and strings.h may both be included
configure:16696: gcc -c -g -O2  conftest.c >&5
configure:16702: $? = 0
configure:16717: result: yes
configure:16737: checking for fcntl
configure:16793: gcc -o conftest -g -O2   conftest.c  >&5
configure:16799: $? = 0
configure:16817: result: yes
configure:16737: checking for getpagesize
configure:16793: gcc -o conftest -g -O2   conftest.c  >&5
configure:16799: $? = 0
configure:16817: result: yes
configure:16737: checking for setitimer
configure:16793: gcc -o conftest -g -O2   conftest.c  >&5
configure:16799: $? = 0
configure:16817: result: yes
configure:16737: checking for sysconf
configure:16793: gcc -o conftest -g -O2   conftest.c  >&5
configure:16799: $? = 0
configure:16817: result: yes
configure:16737: checking for fdopen
configure:16793: gcc -o conftest -g -O2   conftest.c  >&5
configure:16799: $? = 0
configure:16817: result: yes
configure:16737: checking for getuid
configure:16793: gcc -o conftest -g -O2   conftest.c  >&5
configure:16799: $? = 0
configure:16817: result: yes
configure:16737: checking for getgid
configure:16793: gcc -o conftest -g -O2   conftest.c  >&5
configure:16799: $? = 0
configure:16817: result: yes
configure:16831: checking for strtoull
configure:16887: gcc -o conftest -g -O2   conftest.c  >&5
configure:16893: $? = 0
configure:16911: result: yes
configure:16922: checking whether basename is declared
configure:16951: gcc -c -g -O2  conftest.c >&5
configure:16957: $? = 0
configure:16972: result: yes
configure:16990: checking whether ftello is declared
configure:17019: gcc -c -g -O2  conftest.c >&5
configure:17025: $? = 0
configure:17040: result: yes
configure:17058: checking whether ftello64 is declared
configure:17087: gcc -c -g -O2  conftest.c >&5
configure:17093: $? = 0
configure:17108: result: yes
configure:17126: checking whether fseeko is declared
configure:17155: gcc -c -g -O2  conftest.c >&5
configure:17161: $? = 0
configure:17176: result: yes
configure:17194: checking whether fseeko64 is declared
configure:17223: gcc -c -g -O2  conftest.c >&5
configure:17229: $? = 0
configure:17244: result: yes
configure:17273: checking whether ffs is declared
configure:17302: gcc -c -g -O2  conftest.c >&5
configure:17308: $? = 0
configure:17323: result: yes
configure:17341: checking whether free is declared
configure:17370: gcc -c -g -O2  conftest.c >&5
configure:17376: $? = 0
configure:17391: result: yes
configure:17409: checking whether getenv is declared
configure:17438: gcc -c -g -O2  conftest.c >&5
configure:17444: $? = 0
configure:17459: result: yes
configure:17477: checking whether malloc is declared
configure:17506: gcc -c -g -O2  conftest.c >&5
configure:17512: $? = 0
configure:17527: result: yes
configure:17545: checking whether realloc is declared
configure:17574: gcc -c -g -O2  conftest.c >&5
configure:17580: $? = 0
configure:17595: result: yes
configure:17613: checking whether stpcpy is declared
configure:17642: gcc -c -g -O2  conftest.c >&5
configure:17648: $? = 0
configure:17663: result: yes
configure:17681: checking whether strstr is declared
configure:17710: gcc -c -g -O2  conftest.c >&5
configure:17716: $? = 0
configure:17731: result: yes
configure:17749: checking whether snprintf is declared
configure:17778: gcc -c -g -O2  conftest.c >&5
configure:17784: $? = 0
configure:17799: result: yes
configure:17817: checking whether vsnprintf is declared
configure:17846: gcc -c -g -O2  conftest.c >&5
configure:17852: $? = 0
configure:17867: result: yes
configure:19774: checking for gcc version with buggy 64-bit support
configure:19791: result: no
configure:19829: checking for ftello
configure:19885: gcc -o conftest -g -O2   conftest.c  >&5
configure:19891: $? = 0
configure:19909: result: yes
configure:19829: checking for ftello64
configure:19885: gcc -o conftest -g -O2   conftest.c  >&5
configure:19891: $? = 0
configure:19909: result: yes
configure:19829: checking for fseeko
configure:19885: gcc -o conftest -g -O2   conftest.c  >&5
configure:19891: $? = 0
configure:19909: result: yes
configure:19829: checking for fseeko64
configure:19885: gcc -o conftest -g -O2   conftest.c  >&5
configure:19891: $? = 0
configure:19909: result: yes
configure:19829: checking for fopen64
configure:19885: gcc -o conftest -g -O2   conftest.c  >&5
configure:19891: $? = 0
configure:19909: result: yes
configure:19920: checking for off_t
configure:19950: gcc -c -g -O2  conftest.c >&5
configure:19956: $? = 0
configure:19971: result: yes
configure:19978: checking size of off_t
configure:20280: gcc -o conftest -g -O2   conftest.c  >&5
configure:20283: $? = 0
configure:20289: ./conftest
configure:20292: $? = 0
configure:20315: result: 8
configure:20326: checking file_ptr type
configure:20335: result: BFD_HOST_64_BIT
configure:20355: checking for stdlib.h
configure:20361: result: yes
configure:20355: checking for unistd.h
configure:20361: result: yes
configure:20494: checking for getpagesize
configure:20574: result: yes
configure:20584: checking for working mmap
configure:20731: gcc -o conftest -g -O2   conftest.c  >&5
configure:20734: $? = 0
configure:20740: ./conftest
configure:20743: $? = 0
configure:20759: result: yes
configure:20775: checking for madvise
configure:20831: gcc -o conftest -g -O2   conftest.c  >&5
configure:20837: $? = 0
configure:20855: result: yes
configure:20775: checking for mprotect
configure:20831: gcc -o conftest -g -O2   conftest.c  >&5
configure:20837: $? = 0
configure:20855: result: yes
configure:20948: updating cache ./config.cache
configure:21019: creating ./config.status

## ---------------------- ##
## Running config.status. ##
## ---------------------- ##

This file was extended by config.status, which was
generated by GNU Autoconf 2.61.  Invocation command line was

  CONFIG_FILES    = 
  CONFIG_HEADERS  = 
  CONFIG_LINKS    = 
  CONFIG_COMMANDS = 
  $ ./config.status 

on Sanntid

config.status:927: creating Makefile
config.status:927: creating doc/Makefile
config.status:927: creating bfd-in3.h
config.status:927: creating po/Makefile.in
config.status:927: creating config.h
config.status:1253: executing depfiles commands
config.status:1253: executing libtool commands
config.status:1253: executing default-1 commands
config.status:1253: executing bfd_stdint.h commands
config.status:1253: executing default commands

## ---------------- ##
## Cache variables. ##
## ---------------- ##

ac_cv_build=x86_64-unknown-linux-gnu
ac_cv_c_compiler_gnu=yes
ac_cv_env_CC_set=set
ac_cv_env_CC_value=gcc
ac_cv_env_CFLAGS_set=set
ac_cv_env_CFLAGS_value='-g -O2'
ac_cv_env_CPPFLAGS_set=
ac_cv_env_CPPFLAGS_value=
ac_cv_env_CPP_set=
ac_cv_env_CPP_value=
ac_cv_env_LDFLAGS_set=set
ac_cv_env_LDFLAGS_value=
ac_cv_env_LIBS_set=
ac_cv_env_LIBS_value=
ac_cv_env_build_alias_set=set
ac_cv_env_build_alias_value=x86_64-unknown-linux-gnu
ac_cv_env_host_alias_set=set
ac_cv_env_host_alias_value=x86_64-unknown-linux-gnu
ac_cv_env_target_alias_set=set
ac_cv_env_target_alias_value=avr32-unknown-linux-uclibc
ac_cv_func_fcntl=yes
ac_cv_func_fdopen=yes
ac_cv_func_fopen64=yes
ac_cv_func_fseeko64=yes
ac_cv_func_fseeko=yes
ac_cv_func_ftello64=yes
ac_cv_func_ftello=yes
ac_cv_func_getgid=yes
ac_cv_func_getpagesize=yes
ac_cv_func_getuid=yes
ac_cv_func_madvise=yes
ac_cv_func_mmap_fixed_mapped=yes
ac_cv_func_mprotect=yes
ac_cv_func_setitimer=yes
ac_cv_func_strtoull=yes
ac_cv_func_sysconf=yes
ac_cv_have_decl_basename=yes
ac_cv_have_decl_ffs=yes
ac_cv_have_decl_free=yes
ac_cv_have_decl_fseeko64=yes
ac_cv_have_decl_fseeko=yes
ac_cv_have_decl_ftello64=yes
ac_cv_have_decl_ftello=yes
ac_cv_have_decl_getenv=yes
ac_cv_have_decl_malloc=yes
ac_cv_have_decl_realloc=yes
ac_cv_have_decl_snprintf=yes
ac_cv_have_decl_stpcpy=yes
ac_cv_have_decl_strstr=yes
ac_cv_have_decl_vsnprintf=yes
ac_cv_header_dirent_dirent_h=yes
ac_cv_header_dlfcn_h=yes
ac_cv_header_fcntl_h=yes
ac_cv_header_inttypes_h=yes
ac_cv_header_memory_h=yes
ac_cv_header_stdc=yes
ac_cv_header_stddef_h=yes
ac_cv_header_stdint_h=yes
ac_cv_header_stdlib_h=yes
ac_cv_header_string_h=yes
ac_cv_header_strings_h=yes
ac_cv_header_sys_file_h=yes
ac_cv_header_sys_stat_h=yes
ac_cv_header_sys_time_h=yes
ac_cv_header_sys_types_h=yes
ac_cv_header_time=yes
ac_cv_header_time_h=yes
ac_cv_header_unistd_h=yes
ac_cv_host=x86_64-unknown-linux-gnu
ac_cv_objext=o
ac_cv_path_EGREP='/bin/grep -E'
ac_cv_path_FGREP='/bin/grep -F'
ac_cv_path_GMSGFMT=/usr/bin/msgfmt
ac_cv_path_GREP=/bin/grep
ac_cv_path_MSGFMT=/usr/bin/msgfmt
ac_cv_path_MSGMERGE=/usr/bin/msgmerge
ac_cv_path_SED=/bin/sed
ac_cv_path_XGETTEXT=/usr/bin/xgettext
ac_cv_path_mkdir=/bin/mkdir
ac_cv_prog_AR=ar
ac_cv_prog_AWK=gawk
ac_cv_prog_CC=gcc
ac_cv_prog_CPP='gcc -E'
ac_cv_prog_RANLIB=ranlib
ac_cv_prog_ac_ct_STRIP=strip
ac_cv_prog_cc_c89=
ac_cv_prog_cc_g=yes
ac_cv_prog_make__usr_bin_make_set=yes
ac_cv_search_opendir='none required'
ac_cv_search_strerror='none required'
ac_cv_sizeof_long=8
ac_cv_sizeof_long_long=8
ac_cv_sizeof_off_t=8
ac_cv_sizeof_void_p=8
ac_cv_target=avr32-unknown-linux-uclibc
ac_cv_type_int_fast32_t=yes
ac_cv_type_int_least32_t=yes
ac_cv_type_long=yes
ac_cv_type_long_long=yes
ac_cv_type_off_t=yes
ac_cv_type_u_int64_t=no
ac_cv_type_uint64_t=yes
ac_cv_type_uintmax_t=yes
ac_cv_type_uintptr_t=yes
ac_cv_type_void_p=yes
acx_cv_header_stdint=stdint.h
acx_cv_header_stdint_kind='(already complete)'
am_cv_CC_dependencies_compiler_type=none
bfd_cv_has_long_long=yes
gcc_cv_header_string=yes
lt_cv_deplibs_check_method=pass_all
lt_cv_file_magic_cmd='$MAGIC_CMD'
lt_cv_file_magic_test_file=
lt_cv_ld_reload_flag=-r
lt_cv_nm_interface='BSD nm'
lt_cv_objdir=.libs
lt_cv_path_LD=ld
lt_cv_path_NM=nm
lt_cv_prog_compiler_c_o=yes
lt_cv_prog_compiler_rtti_exceptions=no
lt_cv_prog_gnu_ld=yes
lt_cv_sys_global_symbol_pipe='sed -n -e '\''s/^.*[	 ]\([ABCDGIRSTW][ABCDGIRSTW]*\)[	 ][	 ]*\([_A-Za-z][_A-Za-z0-9]*\)$/\1 \2 \2/p'\'''
lt_cv_sys_global_symbol_to_c_name_address='sed -n -e '\''s/^: \([^ ]*\) $/  {\"\1\", (void *) 0},/p'\'' -e '\''s/^[ABCDGIRSTW]* \([^ ]*\) \([^ ]*\)$/  {"\2", (void *) \&\2},/p'\'''
lt_cv_sys_global_symbol_to_cdecl='sed -n -e '\''s/^T .* \(.*\)$/extern int \1();/p'\'' -e '\''s/^[ABCDGIRSTW]* .* \(.*\)$/extern char \1;/p'\'''
lt_cv_sys_max_cmd_len=3458764513820540925

## ----------------- ##
## Output variables. ##
## ----------------- ##

ACLOCAL='${SHELL} /home/student/Documents/SanntidssalPernambuco/ex8/buildroot/output/toolchain/gdb-6.7.1-avr32-2.1.5/missing --run aclocal-1.10'
AMDEPBACKSLASH='\'
AMDEP_FALSE='#'
AMDEP_TRUE=''
AMTAR='${SHELL} /home/student/Documents/SanntidssalPernambuco/ex8/buildroot/output/toolchain/gdb-6.7.1-avr32-2.1.5/missing --run tar'
AR='ar'
AUTOCONF='${SHELL} /home/student/Documents/SanntidssalPernambuco/ex8/buildroot/output/toolchain/gdb-6.7.1-avr32-2.1.5/missing --run autoconf'
AUTOHEADER='${SHELL} /home/student/Documents/SanntidssalPernambuco/ex8/buildroot/output/toolchain/gdb-6.7.1-avr32-2.1.5/missing --run autoheader'
AUTOMAKE='${SHELL} /home/student/Documents/SanntidssalPernambuco/ex8/buildroot/output/toolchain/gdb-6.7.1-avr32-2.1.5/missing --run automake-1.10'
AWK='gawk'
BFD_HOSTPTR_T='unsigned long'
BFD_HOST_64BIT_LONG='1'
BFD_HOST_64BIT_LONG_LONG='0'
BFD_HOST_64_BIT='long'
BFD_HOST_64_BIT_DEFINED='1'
BFD_HOST_LONG_LONG='1'
BFD_HOST_U_64_BIT='unsigned long'
CATALOGS=''
CATOBJEXT=''
CC='gcc'
CCDEPMODE='depmode=none'
CC_FOR_BUILD='gcc'
CFLAGS='-g -O2'
COREFILE=''
COREFLAG=''
CPP='gcc -E'
CPPFLAGS=''
CYGPATH_W='echo'
DATADIRNAME=''
DEBUGDIR='${exec_prefix}/lib/debug'
DEFS='-DHAVE_CONFIG_H'
DEPDIR='.deps'
DUMPBIN=''
ECHO_C=''
ECHO_N='-n'
ECHO_T=''
EGREP='/bin/grep -E'
EXEEXT=''
EXEEXT_FOR_BUILD='$(EXEEXT)'
FGREP='/bin/grep -F'
GENCAT=''
GENINSRC_NEVER_FALSE=''
GENINSRC_NEVER_TRUE='#'
GMSGFMT='/usr/bin/msgfmt'
GREP='/bin/grep'
HDEFINES=''
INCINTL=''
INSTALL_DATA='/usr/bin/install -c -m 644'
INSTALL_LIBBFD_FALSE=''
INSTALL_LIBBFD_TRUE='#'
INSTALL_PROGRAM='/usr/bin/install -c'
INSTALL_SCRIPT='/usr/bin/install -c'
INSTALL_STRIP_PROGRAM='$(install_sh) -c -s'
INSTOBJEXT=''
LD='ld -m elf_x86_64'
LDFLAGS=''
LIBINTL=''
LIBINTL_DEP=''
LIBOBJS=''
LIBS=''
LIBTOOL='$(SHELL) $(top_builddir)/libtool'
LN_S='ln -s'
LTLIBOBJS=''
MAINT='#'
MAINTAINER_MODE_FALSE=''
MAINTAINER_MODE_TRUE='#'
MAKEINFO='makeinfo --split-size=5000000'
MKINSTALLDIRS='/home/student/Documents/SanntidssalPernambuco/ex8/buildroot/output/toolchain/gdb-6.7.1-avr32-2.1.5/bfd/../mkinstalldirs'
MSGFMT='/usr/bin/msgfmt'
MSGMERGE='/usr/bin/msgmerge'
NM='nm'
NO_WERROR=''
OBJEXT='o'
PACKAGE='bfd'
PACKAGE_BUGREPORT=''
PACKAGE_NAME=''
PACKAGE_STRING=''
PACKAGE_TARNAME=''
PACKAGE_VERSION=''
PATH_SEPARATOR=':'
PKGVERSION='(GNU Binutils) '
POSUB=''
RANLIB='ranlib'
REPORT_BUGS_TEXI='@uref{http://www.sourceware.org/bugzilla/}'
REPORT_BUGS_TO='<http://www.sourceware.org/bugzilla/>'
SED='/bin/sed'
SET_MAKE=''
SHELL='/bin/bash'
STRIP='strip'
TDEFINES=' '
USE_NLS='no'
VERSION='2.18.50'
WARN_CFLAGS='-W -Wall -Wstrict-prototypes -Wmissing-prototypes'
WIN32LDFLAGS=''
WIN32LIBADD=''
XGETTEXT='/usr/bin/xgettext'
ac_ct_CC=''
ac_ct_DUMPBIN=''
all_backends='$(BFD64_BACKENDS) $(BFD32_BACKENDS)'
am__fastdepCC_FALSE=''
am__fastdepCC_TRUE='#'
am__include='include'
am__isrc=' -I$(srcdir)'
am__leading_dot='.'
am__quote=''
am__tar='${AMTAR} chof - "$$tardir"'
am__untar='${AMTAR} xf -'
bfd64_libs='$(BFD64_LIBS)'
bfd_backends=' elf32-avr32.lo elf32.lo elf.lo elflink.lo elf-attrs.lo elf-strtab.lo elf-eh-frame.lo dwarf1.lo elf32-gen.lo'
bfd_default_target_size='32'
bfd_file_ptr='BFD_HOST_64_BIT'
bfd_machines=' cpu-avr32.lo'
bfd_ufile_ptr='BFD_HOST_U_64_BIT'
bfdincludedir='$(exec_prefix)/$(host_noncanonical)/$(target_noncanonical)/include'
bfdlibdir='$(exec_prefix)/$(host_noncanonical)/$(target_noncanonical)/lib'
bindir='${exec_prefix}/bin'
build='x86_64-unknown-linux-gnu'
build_alias='x86_64-unknown-linux-gnu'
build_cpu='x86_64'
build_os='linux-gnu'
build_vendor='unknown'
datadir='${datarootdir}'
datarootdir='${prefix}/share'
docdir='${datarootdir}/doc/${PACKAGE}'
dvidir='${docdir}'
exec_prefix='${prefix}'
host='x86_64-unknown-linux-gnu'
host_alias='x86_64-unknown-linux-gnu'
host_cpu='x86_64'
host_noncanonical='x86_64-unknown-linux-gnu'
host_os='linux-gnu'
host_vendor='unknown'
htmldir='${docdir}'
includedir='${prefix}/include'
infodir='${datarootdir}/info'
install_sh='$(SHELL) /home/student/Documents/SanntidssalPernambuco/ex8/buildroot/output/toolchain/gdb-6.7.1-avr32-2.1.5/install-sh'
libdir='${exec_prefix}/lib'
libexecdir='${exec_prefix}/libexec'
localedir='${datarootdir}/locale'
localstatedir='${prefix}/var'
lt_ECHO='echo'
mandir='${datarootdir}/man'
mkdir_p='/bin/mkdir -p'
oldincludedir='/usr/include'
pdfdir='${docdir}'
prefix='/home/student/Documents/SanntidssalPernambuco/ex8/buildroot/output/staging'
program_transform_name='s&^&avr32-unknown-linux-uclibc-&'
psdir='${docdir}'
sbindir='${exec_prefix}/sbin'
sharedstatedir='${prefix}/com'
sysconfdir='${prefix}/etc'
target='avr32-unknown-linux-uclibc'
target_alias='avr32-unknown-linux-uclibc'
target_cpu='avr32'
target_noncanonical='avr32-unknown-linux-uclibc'
target_os='linux-uclibc'
target_vendor='unknown'
tdefaults=' -DDEFAULT_VECTOR=bfd_elf32_avr32_vec -DSELECT_VECS='\''&bfd_elf32_avr32_vec,&bfd_elf32_little_generic_vec,&bfd_elf32_big_generic_vec'\'' -DSELECT_ARCHITECTURES='\''&bfd_avr32_arch'\'' -DHAVE_bfd_elf32_avr32_vec -DHAVE_bfd_elf32_little_generic_vec -DHAVE_bfd_elf32_big_generic_vec'
wordsize='64'

## ----------- ##
## confdefs.h. ##
## ----------- ##

#define PACKAGE_NAME ""
#define PACKAGE_TARNAME ""
#define PACKAGE_VERSION ""
#define PACKAGE_STRING ""
#define PACKAGE_BUGREPORT ""
#define PACKAGE "bfd"
#define VERSION "2.18.50"
#define _GNU_SOURCE 1
#define STDC_HEADERS 1
#define HAVE_SYS_TYPES_H 1
#define HAVE_SYS_STAT_H 1
#define HAVE_STDLIB_H 1
#define HAVE_STRING_H 1
#define HAVE_MEMORY_H 1
#define HAVE_STRINGS_H 1
#define HAVE_INTTYPES_H 1
#define HAVE_STDINT_H 1
#define HAVE_UNISTD_H 1
#define HAVE_DLFCN_H 1
#define LT_OBJDIR ".libs/"
#define SIZEOF_LONG_LONG 8
#define SIZEOF_VOID_P 8
#define SIZEOF_LONG 8
#define HAVE_STDDEF_H 1
#define HAVE_STRING_H 1
#define HAVE_STRINGS_H 1
#define HAVE_STDLIB_H 1
#define HAVE_TIME_H 1
#define HAVE_UNISTD_H 1
#define HAVE_FCNTL_H 1
#define HAVE_SYS_FILE_H 1
#define HAVE_SYS_TIME_H 1
#define TIME_WITH_SYS_TIME 1
#define HAVE_DIRENT_H 1
#define STRING_WITH_STRINGS 1
#define HAVE_FCNTL 1
#define HAVE_GETPAGESIZE 1
#define HAVE_SETITIMER 1
#define HAVE_SYSCONF 1
#define HAVE_FDOPEN 1
#define HAVE_GETUID 1
#define HAVE_GETGID 1
#define HAVE_STRTOULL 1
#define HAVE_DECL_BASENAME 1
#define HAVE_DECL_FTELLO 1
#define HAVE_DECL_FTELLO64 1
#define HAVE_DECL_FSEEKO 1
#define HAVE_DECL_FSEEKO64 1
#define HAVE_DECL_FFS 1
#define HAVE_DECL_FREE 1
#define HAVE_DECL_GETENV 1
#define HAVE_DECL_MALLOC 1
#define HAVE_DECL_REALLOC 1
#define HAVE_DECL_STPCPY 1
#define HAVE_DECL_STRSTR 1
#define HAVE_DECL_SNPRINTF 1
#define HAVE_DECL_VSNPRINTF 1
#define HAVE_FTELLO 1
#define HAVE_FTELLO64 1
#define HAVE_FSEEKO 1
#define HAVE_FSEEKO64 1
#define HAVE_FOPEN64 1
#define SIZEOF_OFF_T 8
#define HAVE_STDLIB_H 1
#define HAVE_UNISTD_H 1
#define HAVE_GETPAGESIZE 1
#define HAVE_MMAP 1
#define HAVE_MADVISE 1
#define HAVE_MPROTECT 1

configure: exit 0
