This file contains any messages produced by compilers while
running configure, to aid debugging if configure makes a mistake.

configure:630: checking host system type
configure:651: checking target system type
configure:669: checking build system type
configure:724: checking for a BSD compatible install
configure:777: checking whether ln works
configure:801: checking whether ln -s works
configure:1866: checking for gcc
configure:1979: checking whether the C compiler (/usr/bin/gcc -I/home/student/Documents/SanntidssalPernambuco/ex8/buildroot/output/host/include -I/home/student/Documents/SanntidssalPernambuco/ex8/buildroot/output/host/usr/include -L/home/student/Documents/SanntidssalPernambuco/ex8/buildroot/output/host/lib -L/home/student/Documents/SanntidssalPernambuco/ex8/buildroot/output/host/usr/lib -Wl,-rpath,/home/student/Documents/SanntidssalPernambuco/ex8/buildroot/output/host/usr/lib) works
configure:1995: /usr/bin/gcc -o conftest -I/home/student/Documents/SanntidssalPernambuco/ex8/buildroot/output/host/include -I/home/student/Documents/SanntidssalPernambuco/ex8/buildroot/output/host/usr/include  -L/home/student/Documents/SanntidssalPernambuco/ex8/buildroot/output/host/lib -L/home/student/Documents/SanntidssalPernambuco/ex8/buildroot/output/host/usr/lib -Wl,-rpath,/home/student/Documents/SanntidssalPernambuco/ex8/buildroot/output/host/usr/lib conftest.c  1>&5
configure:2021: checking whether the C compiler (/usr/bin/gcc -I/home/student/Documents/SanntidssalPernambuco/ex8/buildroot/output/host/include -I/home/student/Documents/SanntidssalPernambuco/ex8/buildroot/output/host/usr/include -L/home/student/Documents/SanntidssalPernambuco/ex8/buildroot/output/host/lib -L/home/student/Documents/SanntidssalPernambuco/ex8/buildroot/output/host/usr/lib -Wl,-rpath,/home/student/Documents/SanntidssalPernambuco/ex8/buildroot/output/host/usr/lib) is a cross-compiler
configure:2026: checking whether we are using GNU C
configure:2035: /usr/bin/gcc -E conftest.c
configure:2054: checking whether /usr/bin/gcc accepts -g
configure:2121: checking for gnatbind
configure:2186: checking whether compiler driver understands Ada
configure:2218: checking how to compare bootstrapped objects
configure:2338: checking for correct version of gmp.h
configure:2351: /usr/bin/gcc -c -I/home/student/Documents/SanntidssalPernambuco/ex8/buildroot/output/host/include -I/home/student/Documents/SanntidssalPernambuco/ex8/buildroot/output/host/usr/include -I/home/student/Documents/SanntidssalPernambuco/ex8/buildroot/output/toolchain/gmp/include -I/home/student/Documents/SanntidssalPernambuco/ex8/buildroot/output/toolchain/mpfr/include  conftest.c 1>&5
configure:2364: checking for correct version of mpfr.h
configure:2378: /usr/bin/gcc -c -I/home/student/Documents/SanntidssalPernambuco/ex8/buildroot/output/host/include -I/home/student/Documents/SanntidssalPernambuco/ex8/buildroot/output/host/usr/include -I/home/student/Documents/SanntidssalPernambuco/ex8/buildroot/output/toolchain/gmp/include -I/home/student/Documents/SanntidssalPernambuco/ex8/buildroot/output/toolchain/mpfr/include  conftest.c 1>&5
configure:2392: checking for any version of mpfr.h
configure:2402: /usr/bin/gcc -o conftest -I/home/student/Documents/SanntidssalPernambuco/ex8/buildroot/output/host/include -I/home/student/Documents/SanntidssalPernambuco/ex8/buildroot/output/host/usr/include -I/home/student/Documents/SanntidssalPernambuco/ex8/buildroot/output/toolchain/gmp/include -I/home/student/Documents/SanntidssalPernambuco/ex8/buildroot/output/toolchain/mpfr/include  -L/home/student/Documents/SanntidssalPernambuco/ex8/buildroot/output/host/lib -L/home/student/Documents/SanntidssalPernambuco/ex8/buildroot/output/host/usr/lib -Wl,-rpath,/home/student/Documents/SanntidssalPernambuco/ex8/buildroot/output/host/usr/lib conftest.c  -L/home/student/Documents/SanntidssalPernambuco/ex8/buildroot/output/toolchain/gmp/lib -L/home/student/Documents/SanntidssalPernambuco/ex8/buildroot/output/toolchain/mpfr/lib -lmpfr -lgmp 1>&5
configure:3513: checking for bison
configure:3553: checking for bison
configure:3592: checking for gm4
configure:3592: checking for gnum4
configure:3592: checking for m4
configure:3631: checking for flex
configure:3671: checking for flex
configure:3710: checking for makeinfo
configure:3763: checking for expect
configure:3804: checking for runtest
configure:3852: checking for x86_64-unknown-linux-gnu-ar
configure:3927: checking for x86_64-unknown-linux-gnu-as
configure:4002: checking for x86_64-unknown-linux-gnu-dlltool
configure:4033: checking for dlltool
configure:4077: checking for x86_64-unknown-linux-gnu-ld
configure:4152: checking for x86_64-unknown-linux-gnu-lipo
configure:4183: checking for lipo
configure:4227: checking for x86_64-unknown-linux-gnu-nm
configure:4302: checking for x86_64-unknown-linux-gnu-ranlib
configure:4333: checking for ranlib
configure:4372: checking for x86_64-unknown-linux-gnu-strip
configure:4403: checking for strip
configure:4442: checking for x86_64-unknown-linux-gnu-windres
configure:4473: checking for windres
configure:4517: checking for x86_64-unknown-linux-gnu-objcopy
configure:4548: checking for objcopy
configure:4592: checking for x86_64-unknown-linux-gnu-objdump
configure:4623: checking for objdump
configure:4687: checking for cc in /home/student/Documents/SanntidssalPernambuco/ex8/buildroot/output/staging/usr/avr32-unknown-linux-uclibc/bin
configure:4687: checking for gcc in /home/student/Documents/SanntidssalPernambuco/ex8/buildroot/output/staging/usr/avr32-unknown-linux-uclibc/bin
configure:4780: checking for c++ in /home/student/Documents/SanntidssalPernambuco/ex8/buildroot/output/staging/usr/avr32-unknown-linux-uclibc/bin
configure:4780: checking for g++ in /home/student/Documents/SanntidssalPernambuco/ex8/buildroot/output/staging/usr/avr32-unknown-linux-uclibc/bin
configure:4780: checking for cxx in /home/student/Documents/SanntidssalPernambuco/ex8/buildroot/output/staging/usr/avr32-unknown-linux-uclibc/bin
configure:4780: checking for gxx in /home/student/Documents/SanntidssalPernambuco/ex8/buildroot/output/staging/usr/avr32-unknown-linux-uclibc/bin
configure:4797: checking for avr32-unknown-linux-uclibc-c++
configure:4797: checking for avr32-unknown-linux-uclibc-g++
configure:4797: checking for avr32-unknown-linux-uclibc-cxx
configure:4797: checking for avr32-unknown-linux-uclibc-gxx
configure:4873: checking for gcc in /home/student/Documents/SanntidssalPernambuco/ex8/buildroot/output/staging/usr/avr32-unknown-linux-uclibc/bin
configure:4961: checking for gcj in /home/student/Documents/SanntidssalPernambuco/ex8/buildroot/output/staging/usr/avr32-unknown-linux-uclibc/bin
configure:4978: checking for avr32-unknown-linux-uclibc-gcj
configure:5054: checking for gfortran in /home/student/Documents/SanntidssalPernambuco/ex8/buildroot/output/staging/usr/avr32-unknown-linux-uclibc/bin
configure:5071: checking for avr32-unknown-linux-uclibc-gfortran
configure:5211: checking for ar in /home/student/Documents/SanntidssalPernambuco/ex8/buildroot/output/staging/usr/avr32-unknown-linux-uclibc/bin
configure:5366: checking for as in /home/student/Documents/SanntidssalPernambuco/ex8/buildroot/output/staging/usr/avr32-unknown-linux-uclibc/bin
configure:5521: checking for dlltool in /home/student/Documents/SanntidssalPernambuco/ex8/buildroot/output/staging/usr/avr32-unknown-linux-uclibc/bin
configure:5539: checking for dlltool
configure:5576: checking for dlltool in /home/student/Documents/SanntidssalPernambuco/ex8/buildroot/output/staging/usr/avr32-unknown-linux-uclibc/bin
configure:5593: checking for avr32-unknown-linux-uclibc-dlltool
configure:5676: checking for ld in /home/student/Documents/SanntidssalPernambuco/ex8/buildroot/output/staging/usr/avr32-unknown-linux-uclibc/bin
configure:5831: checking for lipo in /home/student/Documents/SanntidssalPernambuco/ex8/buildroot/output/staging/usr/avr32-unknown-linux-uclibc/bin
configure:5849: checking for lipo
configure:5886: checking for lipo in /home/student/Documents/SanntidssalPernambuco/ex8/buildroot/output/staging/usr/avr32-unknown-linux-uclibc/bin
configure:5903: checking for avr32-unknown-linux-uclibc-lipo
configure:5986: checking for nm in /home/student/Documents/SanntidssalPernambuco/ex8/buildroot/output/staging/usr/avr32-unknown-linux-uclibc/bin
configure:6141: checking for objdump in /home/student/Documents/SanntidssalPernambuco/ex8/buildroot/output/staging/usr/avr32-unknown-linux-uclibc/bin
configure:6296: checking for ranlib in /home/student/Documents/SanntidssalPernambuco/ex8/buildroot/output/staging/usr/avr32-unknown-linux-uclibc/bin
configure:6451: checking for strip in /home/student/Documents/SanntidssalPernambuco/ex8/buildroot/output/staging/usr/avr32-unknown-linux-uclibc/bin
configure:6606: checking for windres in /home/student/Documents/SanntidssalPernambuco/ex8/buildroot/output/staging/usr/avr32-unknown-linux-uclibc/bin
configure:6624: checking for windres
configure:6661: checking for windres in /home/student/Documents/SanntidssalPernambuco/ex8/buildroot/output/staging/usr/avr32-unknown-linux-uclibc/bin
configure:6678: checking for avr32-unknown-linux-uclibc-windres
configure:6759: checking where to find the target ar
configure:6792: checking where to find the target as
configure:6825: checking where to find the target cc
configure:6858: checking where to find the target c++
configure:6894: checking where to find the target c++ for libstdc++
configure:6930: checking where to find the target dlltool
configure:6963: checking where to find the target gcc
configure:6996: checking where to find the target gcj
configure:7032: checking where to find the target gfortran
configure:7068: checking where to find the target ld
configure:7101: checking where to find the target lipo
configure:7124: checking where to find the target nm
configure:7157: checking where to find the target objdump
configure:7190: checking where to find the target ranlib
configure:7223: checking where to find the target strip
configure:7256: checking where to find the target windres
configure:7317: checking whether to enable maintainer-specific portions of Makefiles
configure:7366: checking whether -fkeep-inline-functions is supported
configure:7381: /usr/bin/gcc -c -I/home/student/Documents/SanntidssalPernambuco/ex8/buildroot/output/host/include -I/home/student/Documents/SanntidssalPernambuco/ex8/buildroot/output/host/usr/include -fkeep-inline-functions  conftest.c 1>&5
